<?xml version="1.0" encoding="UTF-8"?>
<testsuite name="cuenta_ventasV2-20241024133246" tests="2" file=".py" time="109.333" timestamp="2024-10-24T13:34:35" failures="0" errors="2" skipped="0">
	<testcase classname="cuenta_ventasV2" name="test_cuenta_ventas" time="0.000" timestamp="0001-01-01T00:00:00" file="VentaV2.py" line="23">
		<error type="AttributeError" message="'NoneType' object has no attribute 'is_displayed'"><![CDATA[Traceback (most recent call last):
  File "c:\Users\luist\repos\Automatizaciones_M-dulos-\VentaV2.py", line 102, in test_cuenta_ventas
    find_elements(self.driver, select_product_list_3 )
  File "c:\Users\luist\repos\Automatizaciones_M-dulos-\Elements.py", line 19, in find_elements
    select_nex_button = WebDriverWait(driver, 10).until(
  File "C:\Users\luist\AppData\Roaming\Python\Python310\site-packages\selenium\webdriver\support\wait.py", line 96, in until
    value = method(self._driver)
  File "C:\Users\luist\AppData\Roaming\Python\Python310\site-packages\selenium\webdriver\support\expected_conditions.py", line 364, in _predicate
    element = visibility_of(target)(driver)
  File "C:\Users\luist\AppData\Roaming\Python\Python310\site-packages\selenium\webdriver\support\expected_conditions.py", line 173, in _predicate
    return _element_if_visible(element)
  File "C:\Users\luist\AppData\Roaming\Python\Python310\site-packages\selenium\webdriver\support\expected_conditions.py", line 179, in _element_if_visible
    return element if element.is_displayed() == visibility else False
AttributeError: 'NoneType' object has no attribute 'is_displayed'
]]></error>
		<system-out><![CDATA[El texto es visible para el usuario
El texto fue validado correctamente: Mis Ventas
Tiempo de espera agotado. El elemento no est치 presente o no es clickeable.
Tiempo de espera agotado. El elemento no est치 presente o no es clickeable.
]]></system-out>
	</testcase>
	<testcase classname="cuenta_ventasV2" name="test_cuenta_ventas" time="109.333" timestamp="2024-10-24T13:34:35" file="VentaV2.py" line="23">
		<error type="NoSuchWindowException" message="Message: no such window: target window already closed
from unknown error: web view not found
  (Session info: chrome=130.0.6723.59)
Stacktrace:
	GetHandleVerifier [0x00007FF605823AB5+28005]
	(No symbol) [0x00007FF6057883B0]
	(No symbol) [0x00007FF60562580A]
	(No symbol) [0x00007FF6055FFA85]
	(No symbol) [0x00007FF6056A2AD7]
	(No symbol) [0x00007FF6056A9D48]
	(No symbol) [0x00007FF60569BA00]
	(No symbol) [0x00007FF6056675C8]
	(No symbol) [0x00007FF605668731]
	GetHandleVerifier [0x00007FF605B1643D+3118829]
	GetHandleVerifier [0x00007FF605B66C90+3448640]
	GetHandleVerifier [0x00007FF605B5CF0D+3408317]
	GetHandleVerifier [0x00007FF6058EA40B+841403]
	(No symbol) [0x00007FF60579340F]
	(No symbol) [0x00007FF60578F484]
	(No symbol) [0x00007FF60578F61D]
	(No symbol) [0x00007FF60577EB79]
	BaseThreadInitThunk [0x00007FF8AAC1257D+29]
	RtlUserThreadStart [0x00007FF8ABB0AF08+40]
"><![CDATA[Traceback (most recent call last):
  File "c:\Users\luist\repos\Automatizaciones_M-dulos-\VentaV2.py", line 169, in tearDown
    self.driver.close()
  File "C:\Users\luist\AppData\Roaming\Python\Python310\site-packages\selenium\webdriver\remote\webdriver.py", line 465, in close
    self.execute(Command.CLOSE)
  File "C:\Users\luist\AppData\Roaming\Python\Python310\site-packages\selenium\webdriver\remote\webdriver.py", line 354, in execute
    self.error_handler.check_response(response)
  File "C:\Users\luist\AppData\Roaming\Python\Python310\site-packages\selenium\webdriver\remote\errorhandler.py", line 229, in check_response
    raise exception_class(message, screen, stacktrace)
selenium.common.exceptions.NoSuchWindowException: Message: no such window: target window already closed
from unknown error: web view not found
  (Session info: chrome=130.0.6723.59)
Stacktrace:
	GetHandleVerifier [0x00007FF605823AB5+28005]
	(No symbol) [0x00007FF6057883B0]
	(No symbol) [0x00007FF60562580A]
	(No symbol) [0x00007FF6055FFA85]
	(No symbol) [0x00007FF6056A2AD7]
	(No symbol) [0x00007FF6056A9D48]
	(No symbol) [0x00007FF60569BA00]
	(No symbol) [0x00007FF6056675C8]
	(No symbol) [0x00007FF605668731]
	GetHandleVerifier [0x00007FF605B1643D+3118829]
	GetHandleVerifier [0x00007FF605B66C90+3448640]
	GetHandleVerifier [0x00007FF605B5CF0D+3408317]
	GetHandleVerifier [0x00007FF6058EA40B+841403]
	(No symbol) [0x00007FF60579340F]
	(No symbol) [0x00007FF60578F484]
	(No symbol) [0x00007FF60578F61D]
	(No symbol) [0x00007FF60577EB79]
	BaseThreadInitThunk [0x00007FF8AAC1257D+29]
	RtlUserThreadStart [0x00007FF8ABB0AF08+40]

]]></error>
		<system-out><![CDATA[El texto es visible para el usuario
El texto fue validado correctamente: Mis Ventas
Tiempo de espera agotado. El elemento no est치 presente o no es clickeable.
Tiempo de espera agotado. El elemento no est치 presente o no es clickeable.
]]></system-out>
	</testcase>
</testsuite>
