<?xml version="1.0" encoding="UTF-8"?>
<testsuite name="precio_granos-20240515152129" tests="1" file=".py" time="90.779" timestamp="2024-05-15T15:23:00" failures="0" errors="1" skipped="0">
	<testcase classname="precio_granos" name="test_granos_contratos" time="90.779" timestamp="2024-05-15T15:23:00" file="Precio_Disponible.py" line="23">
		<error type="JavascriptException" message="Message: javascript error: {&quot;status&quot;:32,&quot;value&quot;:&quot;An invalid or illegal selector was specified&quot;}
  (Session info: chrome=124.0.6367.202)
Stacktrace:
	GetHandleVerifier [0x00007FF66DF01522+60802]
	(No symbol) [0x00007FF66DE7AC22]
	(No symbol) [0x00007FF66DD37CE4]
	(No symbol) [0x00007FF66DD3DE26]
	(No symbol) [0x00007FF66DD401DB]
	(No symbol) [0x00007FF66DD40280]
	(No symbol) [0x00007FF66DD86A11]
	(No symbol) [0x00007FF66DD86E1C]
	(No symbol) [0x00007FF66DDCCE37]
	(No symbol) [0x00007FF66DDAABBF]
	(No symbol) [0x00007FF66DDCA224]
	(No symbol) [0x00007FF66DDAA923]
	(No symbol) [0x00007FF66DD78FEC]
	(No symbol) [0x00007FF66DD79C21]
	GetHandleVerifier [0x00007FF66E2041BD+3217949]
	GetHandleVerifier [0x00007FF66E246157+3488183]
	GetHandleVerifier [0x00007FF66E23F0DF+3459391]
	GetHandleVerifier [0x00007FF66DFBB8E6+823622]
	(No symbol) [0x00007FF66DE85FBF]
	(No symbol) [0x00007FF66DE80EE4]
	(No symbol) [0x00007FF66DE81072]
	(No symbol) [0x00007FF66DE718C4]
	BaseThreadInitThunk [0x00007FFA24B4257D+29]
	RtlUserThreadStart [0x00007FFA2654AA48+40]
"><![CDATA[Traceback (most recent call last):
  File "c:\Users\luist\repos\Automatizaciones-SILOHUB-\Precio_Disponible.py", line 138, in test_granos_contratos
    find_elements_id(self.driver, select_icon_hand)
  File "c:\Users\luist\repos\Automatizaciones-SILOHUB-\Elements.py", line 44, in find_elements_id
    select_nex_button = WebDriverWait(driver, 10).until(
  File "C:\Users\luist\AppData\Roaming\Python\Python310\site-packages\selenium\webdriver\support\wait.py", line 96, in until
    value = method(self._driver)
  File "C:\Users\luist\AppData\Roaming\Python\Python310\site-packages\selenium\webdriver\support\expected_conditions.py", line 363, in _predicate
    target = driver.find_element(*target)  # grab element at locator
  File "C:\Users\luist\AppData\Roaming\Python\Python310\site-packages\selenium\webdriver\remote\webdriver.py", line 742, in find_element
    return self.execute(Command.FIND_ELEMENT, {"using": by, "value": value})["value"]
  File "C:\Users\luist\AppData\Roaming\Python\Python310\site-packages\selenium\webdriver\remote\webdriver.py", line 348, in execute
    self.error_handler.check_response(response)
  File "C:\Users\luist\AppData\Roaming\Python\Python310\site-packages\selenium\webdriver\remote\errorhandler.py", line 229, in check_response
    raise exception_class(message, screen, stacktrace)
selenium.common.exceptions.JavascriptException: Message: javascript error: {"status":32,"value":"An invalid or illegal selector was specified"}
  (Session info: chrome=124.0.6367.202)
Stacktrace:
	GetHandleVerifier [0x00007FF66DF01522+60802]
	(No symbol) [0x00007FF66DE7AC22]
	(No symbol) [0x00007FF66DD37CE4]
	(No symbol) [0x00007FF66DD3DE26]
	(No symbol) [0x00007FF66DD401DB]
	(No symbol) [0x00007FF66DD40280]
	(No symbol) [0x00007FF66DD86A11]
	(No symbol) [0x00007FF66DD86E1C]
	(No symbol) [0x00007FF66DDCCE37]
	(No symbol) [0x00007FF66DDAABBF]
	(No symbol) [0x00007FF66DDCA224]
	(No symbol) [0x00007FF66DDAA923]
	(No symbol) [0x00007FF66DD78FEC]
	(No symbol) [0x00007FF66DD79C21]
	GetHandleVerifier [0x00007FF66E2041BD+3217949]
	GetHandleVerifier [0x00007FF66E246157+3488183]
	GetHandleVerifier [0x00007FF66E23F0DF+3459391]
	GetHandleVerifier [0x00007FF66DFBB8E6+823622]
	(No symbol) [0x00007FF66DE85FBF]
	(No symbol) [0x00007FF66DE80EE4]
	(No symbol) [0x00007FF66DE81072]
	(No symbol) [0x00007FF66DE718C4]
	BaseThreadInitThunk [0x00007FFA24B4257D+29]
	RtlUserThreadStart [0x00007FFA2654AA48+40]

]]></error>
		<system-out><![CDATA[El texto encontrado es  MERCADOS
Se hizo clic en un icono de borrar.
No se encontraron más movimientos para borrar.
¡Input encontrado y enviado con éxito!
¡Elemento encontrado y clickeado 7 veces con éxito!
Tiempo de espera agotado. El elemento no está presente o no es clickeable.
¡Input encontrado y enviado con éxito!
]]></system-out>
	</testcase>
</testsuite>
