<?xml version="1.0" encoding="UTF-8"?>
<testsuite name="precio_granos-20240409150311" tests="2" file=".py" time="115.019" timestamp="2024-04-09T15:05:06" failures="0" errors="2" skipped="0">
	<testcase classname="precio_granos" name="test_granos_contratos" time="0.000" timestamp="0001-01-01T00:00:00" file="Precio_Granos.py" line="23">
		<error type="AttributeError" message="'NoneType' object has no attribute 'is_displayed'"><![CDATA[Traceback (most recent call last):
  File "c:\Users\luist\repos\Automatizaciones-SILOHUB-\Precio_Granos.py", line 147, in test_granos_contratos
    find_send_element(self.driver, insert_amount2, send_amount )
  File "c:\Users\luist\repos\Automatizaciones-SILOHUB-\Elements.py", line 294, in find_send_element
    input_element = WebDriverWait(driver, 10).until(
  File "C:\Users\luist\AppData\Roaming\Python\Python310\site-packages\selenium\webdriver\support\wait.py", line 96, in until
    value = method(self._driver)
  File "C:\Users\luist\AppData\Roaming\Python\Python310\site-packages\selenium\webdriver\support\expected_conditions.py", line 364, in _predicate
    element = visibility_of(target)(driver)
  File "C:\Users\luist\AppData\Roaming\Python\Python310\site-packages\selenium\webdriver\support\expected_conditions.py", line 173, in _predicate
    return _element_if_visible(element)
  File "C:\Users\luist\AppData\Roaming\Python\Python310\site-packages\selenium\webdriver\support\expected_conditions.py", line 179, in _element_if_visible
    return element if element.is_displayed() == visibility else False
AttributeError: 'NoneType' object has no attribute 'is_displayed'
]]></error>
		<system-out><![CDATA[El texto encontrado es  MERCADOS
Se hizo clic en un icono de borrar.
Se hizo clic en un icono de borrar.
No se encontraron más movimientos para borrar.
¡Input encontrado y enviado con éxito!
¡Elemento encontrado y clickeado 1 veces con éxito!
¡Input encontrado y enviado con éxito!
Tiempo de espera agotado. El elemento no está presente o no es clickeable.
]]></system-out>
	</testcase>
	<testcase classname="precio_granos" name="test_granos_contratos" time="115.019" timestamp="2024-04-09T15:05:06" file="Precio_Granos.py" line="23">
		<error type="NoSuchWindowException" message="Message: no such window: target window already closed
from unknown error: web view not found
  (Session info: chrome=123.0.6312.106)
Stacktrace:
	GetHandleVerifier [0x00007FF724867072+63090]
	(No symbol) [0x00007FF7247D2CC2]
	(No symbol) [0x00007FF72466EC65]
	(No symbol) [0x00007FF72464CA7C]
	(No symbol) [0x00007FF7246DD687]
	(No symbol) [0x00007FF7246E3CD2]
	(No symbol) [0x00007FF7246D6FA0]
	(No symbol) [0x00007FF7246A83A8]
	(No symbol) [0x00007FF7246A9441]
	GetHandleVerifier [0x00007FF724C625CD+4238285]
	GetHandleVerifier [0x00007FF724C9F72D+4488493]
	GetHandleVerifier [0x00007FF724C97A0F+4456463]
	GetHandleVerifier [0x00007FF7249405B6+953270]
	(No symbol) [0x00007FF7247DE58F]
	(No symbol) [0x00007FF7247D9264]
	(No symbol) [0x00007FF7247D939B]
	(No symbol) [0x00007FF7247C9BD4]
	BaseThreadInitThunk [0x00007FFF9727257D+29]
	RtlUserThreadStart [0x00007FFF9922AA58+40]
"><![CDATA[Traceback (most recent call last):
  File "c:\Users\luist\repos\Automatizaciones-SILOHUB-\Precio_Granos.py", line 161, in tearDown
    self.driver.close()
  File "C:\Users\luist\AppData\Roaming\Python\Python310\site-packages\selenium\webdriver\remote\webdriver.py", line 459, in close
    self.execute(Command.CLOSE)
  File "C:\Users\luist\AppData\Roaming\Python\Python310\site-packages\selenium\webdriver\remote\webdriver.py", line 348, in execute
    self.error_handler.check_response(response)
  File "C:\Users\luist\AppData\Roaming\Python\Python310\site-packages\selenium\webdriver\remote\errorhandler.py", line 229, in check_response
    raise exception_class(message, screen, stacktrace)
selenium.common.exceptions.NoSuchWindowException: Message: no such window: target window already closed
from unknown error: web view not found
  (Session info: chrome=123.0.6312.106)
Stacktrace:
	GetHandleVerifier [0x00007FF724867072+63090]
	(No symbol) [0x00007FF7247D2CC2]
	(No symbol) [0x00007FF72466EC65]
	(No symbol) [0x00007FF72464CA7C]
	(No symbol) [0x00007FF7246DD687]
	(No symbol) [0x00007FF7246E3CD2]
	(No symbol) [0x00007FF7246D6FA0]
	(No symbol) [0x00007FF7246A83A8]
	(No symbol) [0x00007FF7246A9441]
	GetHandleVerifier [0x00007FF724C625CD+4238285]
	GetHandleVerifier [0x00007FF724C9F72D+4488493]
	GetHandleVerifier [0x00007FF724C97A0F+4456463]
	GetHandleVerifier [0x00007FF7249405B6+953270]
	(No symbol) [0x00007FF7247DE58F]
	(No symbol) [0x00007FF7247D9264]
	(No symbol) [0x00007FF7247D939B]
	(No symbol) [0x00007FF7247C9BD4]
	BaseThreadInitThunk [0x00007FFF9727257D+29]
	RtlUserThreadStart [0x00007FFF9922AA58+40]

]]></error>
		<system-out><![CDATA[El texto encontrado es  MERCADOS
Se hizo clic en un icono de borrar.
Se hizo clic en un icono de borrar.
No se encontraron más movimientos para borrar.
¡Input encontrado y enviado con éxito!
¡Elemento encontrado y clickeado 1 veces con éxito!
¡Input encontrado y enviado con éxito!
Tiempo de espera agotado. El elemento no está presente o no es clickeable.
]]></system-out>
	</testcase>
</testsuite>
