<?xml version="1.0" encoding="UTF-8"?>
<testsuite name="dashboard_granos-20241015110626" tests="2" file=".py" time="125.022" timestamp="2024-10-15T11:08:31" failures="0" errors="2" skipped="0">
	<testcase classname="dashboard_granos" name="test_dashboard_grain" time="0.000" timestamp="0001-01-01T00:00:00" file="Dashboar.py" line="23">
		<error type="AttributeError" message="'NoneType' object has no attribute 'is_displayed'"><![CDATA[Traceback (most recent call last):
  File "c:\Users\luist\repos\Automatizaciones_M-dulos-\Dashboar.py", line 89, in test_dashboard_grain
    find_elements(self.driver,select_button_accept)
  File "c:\Users\luist\repos\Automatizaciones_M-dulos-\Elements.py", line 19, in find_elements
    select_nex_button = WebDriverWait(driver, 10).until(
  File "C:\Users\luist\AppData\Roaming\Python\Python310\site-packages\selenium\webdriver\support\wait.py", line 96, in until
    value = method(self._driver)
  File "C:\Users\luist\AppData\Roaming\Python\Python310\site-packages\selenium\webdriver\support\expected_conditions.py", line 364, in _predicate
    element = visibility_of(target)(driver)
  File "C:\Users\luist\AppData\Roaming\Python\Python310\site-packages\selenium\webdriver\support\expected_conditions.py", line 173, in _predicate
    return _element_if_visible(element)
  File "C:\Users\luist\AppData\Roaming\Python\Python310\site-packages\selenium\webdriver\support\expected_conditions.py", line 179, in _element_if_visible
    return element if element.is_displayed() == visibility else False
AttributeError: 'NoneType' object has no attribute 'is_displayed'
]]></error>
	</testcase>
	<testcase classname="dashboard_granos" name="test_dashboard_grain" time="125.022" timestamp="2024-10-15T11:08:31" file="Dashboar.py" line="23">
		<error type="NoSuchWindowException" message="Message: no such window: target window already closed
from unknown error: web view not found
  (Session info: chrome=129.0.6668.100)
Stacktrace:
	GetHandleVerifier [0x00007FF705EBB095+29557]
	(No symbol) [0x00007FF705E2FA50]
	(No symbol) [0x00007FF705CEB56A]
	(No symbol) [0x00007FF705CBFCC5]
	(No symbol) [0x00007FF705D6EE07]
	(No symbol) [0x00007FF705D76398]
	(No symbol) [0x00007FF705D67150]
	(No symbol) [0x00007FF705D3116F]
	(No symbol) [0x00007FF705D322D1]
	GetHandleVerifier [0x00007FF7061EC96D+3378253]
	GetHandleVerifier [0x00007FF706238497+3688311]
	GetHandleVerifier [0x00007FF70622D1CB+3642539]
	GetHandleVerifier [0x00007FF705F7A6B6+813462]
	(No symbol) [0x00007FF705E3AB5F]
	(No symbol) [0x00007FF705E36B74]
	(No symbol) [0x00007FF705E36D10]
	(No symbol) [0x00007FF705E25C1F]
	BaseThreadInitThunk [0x00007FF92EF0257D+29]
	RtlUserThreadStart [0x00007FF93006AF08+40]
"><![CDATA[Traceback (most recent call last):
  File "c:\Users\luist\repos\Automatizaciones_M-dulos-\Dashboar.py", line 97, in tearDown
    self.driver.close()
  File "C:\Users\luist\AppData\Roaming\Python\Python310\site-packages\selenium\webdriver\remote\webdriver.py", line 465, in close
    self.execute(Command.CLOSE)
  File "C:\Users\luist\AppData\Roaming\Python\Python310\site-packages\selenium\webdriver\remote\webdriver.py", line 354, in execute
    self.error_handler.check_response(response)
  File "C:\Users\luist\AppData\Roaming\Python\Python310\site-packages\selenium\webdriver\remote\errorhandler.py", line 229, in check_response
    raise exception_class(message, screen, stacktrace)
selenium.common.exceptions.NoSuchWindowException: Message: no such window: target window already closed
from unknown error: web view not found
  (Session info: chrome=129.0.6668.100)
Stacktrace:
	GetHandleVerifier [0x00007FF705EBB095+29557]
	(No symbol) [0x00007FF705E2FA50]
	(No symbol) [0x00007FF705CEB56A]
	(No symbol) [0x00007FF705CBFCC5]
	(No symbol) [0x00007FF705D6EE07]
	(No symbol) [0x00007FF705D76398]
	(No symbol) [0x00007FF705D67150]
	(No symbol) [0x00007FF705D3116F]
	(No symbol) [0x00007FF705D322D1]
	GetHandleVerifier [0x00007FF7061EC96D+3378253]
	GetHandleVerifier [0x00007FF706238497+3688311]
	GetHandleVerifier [0x00007FF70622D1CB+3642539]
	GetHandleVerifier [0x00007FF705F7A6B6+813462]
	(No symbol) [0x00007FF705E3AB5F]
	(No symbol) [0x00007FF705E36B74]
	(No symbol) [0x00007FF705E36D10]
	(No symbol) [0x00007FF705E25C1F]
	BaseThreadInitThunk [0x00007FF92EF0257D+29]
	RtlUserThreadStart [0x00007FF93006AF08+40]

]]></error>
	</testcase>
</testsuite>
