<?xml version="1.0" encoding="UTF-8"?>
<testsuite name="dashboard_granos-20240917180506" tests="2" file=".py" time="62.177" timestamp="2024-09-17T18:06:08" failures="0" errors="2" skipped="0">
	<testcase classname="dashboard_granos" name="test_dashboard_grain" time="0.000" timestamp="0001-01-01T00:00:00" file="Dashboar.py" line="23">
		<error type="NoSuchWindowException" message="Message: no such window: target window already closed
from unknown error: web view not found
  (Session info: chrome=128.0.6613.138)
Stacktrace:
	GetHandleVerifier [0x00007FF7460A9412+29090]
	(No symbol) [0x00007FF74601E239]
	(No symbol) [0x00007FF745EDB1DA]
	(No symbol) [0x00007FF745EAFAF5]
	(No symbol) [0x00007FF745F5E2C7]
	(No symbol) [0x00007FF745F75EB1]
	(No symbol) [0x00007FF745F56493]
	(No symbol) [0x00007FF745F209D1]
	(No symbol) [0x00007FF745F21B31]
	GetHandleVerifier [0x00007FF7463C871D+3302573]
	GetHandleVerifier [0x00007FF746414243+3612627]
	GetHandleVerifier [0x00007FF74640A417+3572135]
	GetHandleVerifier [0x00007FF746165EB6+801862]
	(No symbol) [0x00007FF74602945F]
	(No symbol) [0x00007FF746024FB4]
	(No symbol) [0x00007FF746025140]
	(No symbol) [0x00007FF74601461F]
	BaseThreadInitThunk [0x00007FFBBDF4257D+29]
	RtlUserThreadStart [0x00007FFBBFE2AF28+40]
"><![CDATA[Traceback (most recent call last):
  File "c:\Users\luist\repos\Automatizaciones_M-dulos-\Dashboar.py", line 89, in test_dashboard_grain
    find_elements(self.driver,select_button_accept)
  File "c:\Users\luist\repos\Automatizaciones_M-dulos-\Elements.py", line 19, in find_elements
    select_nex_button = WebDriverWait(driver, 10).until(
  File "C:\Users\luist\AppData\Roaming\Python\Python310\site-packages\selenium\webdriver\support\wait.py", line 96, in until
    value = method(self._driver)
  File "C:\Users\luist\AppData\Roaming\Python\Python310\site-packages\selenium\webdriver\support\expected_conditions.py", line 363, in _predicate
    target = driver.find_element(*target)  # grab element at locator
  File "C:\Users\luist\AppData\Roaming\Python\Python310\site-packages\selenium\webdriver\remote\webdriver.py", line 748, in find_element
    return self.execute(Command.FIND_ELEMENT, {"using": by, "value": value})["value"]
  File "C:\Users\luist\AppData\Roaming\Python\Python310\site-packages\selenium\webdriver\remote\webdriver.py", line 354, in execute
    self.error_handler.check_response(response)
  File "C:\Users\luist\AppData\Roaming\Python\Python310\site-packages\selenium\webdriver\remote\errorhandler.py", line 229, in check_response
    raise exception_class(message, screen, stacktrace)
selenium.common.exceptions.NoSuchWindowException: Message: no such window: target window already closed
from unknown error: web view not found
  (Session info: chrome=128.0.6613.138)
Stacktrace:
	GetHandleVerifier [0x00007FF7460A9412+29090]
	(No symbol) [0x00007FF74601E239]
	(No symbol) [0x00007FF745EDB1DA]
	(No symbol) [0x00007FF745EAFAF5]
	(No symbol) [0x00007FF745F5E2C7]
	(No symbol) [0x00007FF745F75EB1]
	(No symbol) [0x00007FF745F56493]
	(No symbol) [0x00007FF745F209D1]
	(No symbol) [0x00007FF745F21B31]
	GetHandleVerifier [0x00007FF7463C871D+3302573]
	GetHandleVerifier [0x00007FF746414243+3612627]
	GetHandleVerifier [0x00007FF74640A417+3572135]
	GetHandleVerifier [0x00007FF746165EB6+801862]
	(No symbol) [0x00007FF74602945F]
	(No symbol) [0x00007FF746024FB4]
	(No symbol) [0x00007FF746025140]
	(No symbol) [0x00007FF74601461F]
	BaseThreadInitThunk [0x00007FFBBDF4257D+29]
	RtlUserThreadStart [0x00007FFBBFE2AF28+40]

]]></error>
	</testcase>
	<testcase classname="dashboard_granos" name="test_dashboard_grain" time="62.177" timestamp="2024-09-17T18:06:08" file="Dashboar.py" line="23">
		<error type="WebDriverException" message="Message: disconnected: not connected to DevTools
  (failed to check if window was closed: disconnected: not connected to DevTools)
  (Session info: chrome=128.0.6613.138)
Stacktrace:
	GetHandleVerifier [0x00007FF7460A9412+29090]
	(No symbol) [0x00007FF74601E239]
	(No symbol) [0x00007FF745EDB1DA]
	(No symbol) [0x00007FF745EC1292]
	(No symbol) [0x00007FF745EC231F]
	(No symbol) [0x00007FF745EDB7F3]
	(No symbol) [0x00007FF745EAF5ED]
	(No symbol) [0x00007FF745F65349]
	(No symbol) [0x00007FF745F566B0]
	(No symbol) [0x00007FF745F209D1]
	(No symbol) [0x00007FF745F21B31]
	GetHandleVerifier [0x00007FF7463C871D+3302573]
	GetHandleVerifier [0x00007FF746414243+3612627]
	GetHandleVerifier [0x00007FF74640A417+3572135]
	GetHandleVerifier [0x00007FF746165EB6+801862]
	(No symbol) [0x00007FF74602945F]
	(No symbol) [0x00007FF746024FB4]
	(No symbol) [0x00007FF746025140]
	(No symbol) [0x00007FF74601461F]
	BaseThreadInitThunk [0x00007FFBBDF4257D+29]
	RtlUserThreadStart [0x00007FFBBFE2AF28+40]
"><![CDATA[Traceback (most recent call last):
  File "c:\Users\luist\repos\Automatizaciones_M-dulos-\Dashboar.py", line 95, in tearDown
    self.driver.close()
  File "C:\Users\luist\AppData\Roaming\Python\Python310\site-packages\selenium\webdriver\remote\webdriver.py", line 465, in close
    self.execute(Command.CLOSE)
  File "C:\Users\luist\AppData\Roaming\Python\Python310\site-packages\selenium\webdriver\remote\webdriver.py", line 354, in execute
    self.error_handler.check_response(response)
  File "C:\Users\luist\AppData\Roaming\Python\Python310\site-packages\selenium\webdriver\remote\errorhandler.py", line 229, in check_response
    raise exception_class(message, screen, stacktrace)
selenium.common.exceptions.WebDriverException: Message: disconnected: not connected to DevTools
  (failed to check if window was closed: disconnected: not connected to DevTools)
  (Session info: chrome=128.0.6613.138)
Stacktrace:
	GetHandleVerifier [0x00007FF7460A9412+29090]
	(No symbol) [0x00007FF74601E239]
	(No symbol) [0x00007FF745EDB1DA]
	(No symbol) [0x00007FF745EC1292]
	(No symbol) [0x00007FF745EC231F]
	(No symbol) [0x00007FF745EDB7F3]
	(No symbol) [0x00007FF745EAF5ED]
	(No symbol) [0x00007FF745F65349]
	(No symbol) [0x00007FF745F566B0]
	(No symbol) [0x00007FF745F209D1]
	(No symbol) [0x00007FF745F21B31]
	GetHandleVerifier [0x00007FF7463C871D+3302573]
	GetHandleVerifier [0x00007FF746414243+3612627]
	GetHandleVerifier [0x00007FF74640A417+3572135]
	GetHandleVerifier [0x00007FF746165EB6+801862]
	(No symbol) [0x00007FF74602945F]
	(No symbol) [0x00007FF746024FB4]
	(No symbol) [0x00007FF746025140]
	(No symbol) [0x00007FF74601461F]
	BaseThreadInitThunk [0x00007FFBBDF4257D+29]
	RtlUserThreadStart [0x00007FFBBFE2AF28+40]

]]></error>
	</testcase>
</testsuite>
