<?xml version="1.0" encoding="UTF-8"?>
<testsuite name="cuenta_ctacte_histAcobrar-20241014095356" tests="2" file=".py" time="58.651" timestamp="2024-10-14T09:54:55" failures="0" errors="2" skipped="0">
	<testcase classname="cuenta_ctacte_histAcobrar" name="test_ctacte_historica" time="0.000" timestamp="0001-01-01T00:00:00" file="ctacte_histoAcobrar.py" line="18">
		<error type="NoSuchWindowException" message="Message: no such window: target window already closed
from unknown error: web view not found
  (Session info: chrome=129.0.6668.100)
Stacktrace:
	GetHandleVerifier [0x00007FF7C74BB095+29557]
	(No symbol) [0x00007FF7C742FA50]
	(No symbol) [0x00007FF7C72EB56A]
	(No symbol) [0x00007FF7C72BFCC5]
	(No symbol) [0x00007FF7C736EE07]
	(No symbol) [0x00007FF7C7387E21]
	(No symbol) [0x00007FF7C7366F33]
	(No symbol) [0x00007FF7C733116F]
	(No symbol) [0x00007FF7C73322D1]
	GetHandleVerifier [0x00007FF7C77EC96D+3378253]
	GetHandleVerifier [0x00007FF7C7838497+3688311]
	GetHandleVerifier [0x00007FF7C782D1CB+3642539]
	GetHandleVerifier [0x00007FF7C757A6B6+813462]
	(No symbol) [0x00007FF7C743AB5F]
	(No symbol) [0x00007FF7C7436B74]
	(No symbol) [0x00007FF7C7436D10]
	(No symbol) [0x00007FF7C7425C1F]
	BaseThreadInitThunk [0x00007FF92EF0257D+29]
	RtlUserThreadStart [0x00007FF93006AF08+40]
"><![CDATA[Traceback (most recent call last):
  File "c:\Users\luist\repos\Automatizaciones_M-dulos-\ctacte_histoAcobrar.py", line 87, in test_ctacte_historica
    validate_character_numeric_element(self.driver, balance_ars)
  File "c:\Users\luist\repos\Automatizaciones_M-dulos-\Elements.py", line 1159, in validate_character_numeric_element
    elemento = driver.find_element(By.XPATH, xpath)
  File "C:\Users\luist\AppData\Roaming\Python\Python310\site-packages\selenium\webdriver\remote\webdriver.py", line 748, in find_element
    return self.execute(Command.FIND_ELEMENT, {"using": by, "value": value})["value"]
  File "C:\Users\luist\AppData\Roaming\Python\Python310\site-packages\selenium\webdriver\remote\webdriver.py", line 354, in execute
    self.error_handler.check_response(response)
  File "C:\Users\luist\AppData\Roaming\Python\Python310\site-packages\selenium\webdriver\remote\errorhandler.py", line 229, in check_response
    raise exception_class(message, screen, stacktrace)
selenium.common.exceptions.NoSuchWindowException: Message: no such window: target window already closed
from unknown error: web view not found
  (Session info: chrome=129.0.6668.100)
Stacktrace:
	GetHandleVerifier [0x00007FF7C74BB095+29557]
	(No symbol) [0x00007FF7C742FA50]
	(No symbol) [0x00007FF7C72EB56A]
	(No symbol) [0x00007FF7C72BFCC5]
	(No symbol) [0x00007FF7C736EE07]
	(No symbol) [0x00007FF7C7387E21]
	(No symbol) [0x00007FF7C7366F33]
	(No symbol) [0x00007FF7C733116F]
	(No symbol) [0x00007FF7C73322D1]
	GetHandleVerifier [0x00007FF7C77EC96D+3378253]
	GetHandleVerifier [0x00007FF7C7838497+3688311]
	GetHandleVerifier [0x00007FF7C782D1CB+3642539]
	GetHandleVerifier [0x00007FF7C757A6B6+813462]
	(No symbol) [0x00007FF7C743AB5F]
	(No symbol) [0x00007FF7C7436B74]
	(No symbol) [0x00007FF7C7436D10]
	(No symbol) [0x00007FF7C7425C1F]
	BaseThreadInitThunk [0x00007FF92EF0257D+29]
	RtlUserThreadStart [0x00007FF93006AF08+40]

]]></error>
		<system-out><![CDATA[Tiempo de espera agotado. El texto por xpaht no está presente.
]]></system-out>
	</testcase>
	<testcase classname="cuenta_ctacte_histAcobrar" name="test_ctacte_historica" time="58.651" timestamp="2024-10-14T09:54:55" file="ctacte_histoAcobrar.py" line="18">
		<error type="WebDriverException" message="Message: disconnected: not connected to DevTools
  (failed to check if window was closed: disconnected: not connected to DevTools)
  (Session info: chrome=129.0.6668.100)
Stacktrace:
	GetHandleVerifier [0x00007FF7C74BB095+29557]
	(No symbol) [0x00007FF7C742FA50]
	(No symbol) [0x00007FF7C72EB56A]
	(No symbol) [0x00007FF7C72D1528]
	(No symbol) [0x00007FF7C72D25BF]
	(No symbol) [0x00007FF7C72EBB83]
	(No symbol) [0x00007FF7C72BF7AD]
	(No symbol) [0x00007FF7C7376339]
	(No symbol) [0x00007FF7C7367150]
	(No symbol) [0x00007FF7C733116F]
	(No symbol) [0x00007FF7C73322D1]
	GetHandleVerifier [0x00007FF7C77EC96D+3378253]
	GetHandleVerifier [0x00007FF7C7838497+3688311]
	GetHandleVerifier [0x00007FF7C782D1CB+3642539]
	GetHandleVerifier [0x00007FF7C757A6B6+813462]
	(No symbol) [0x00007FF7C743AB5F]
	(No symbol) [0x00007FF7C7436B74]
	(No symbol) [0x00007FF7C7436D10]
	(No symbol) [0x00007FF7C7425C1F]
	BaseThreadInitThunk [0x00007FF92EF0257D+29]
	RtlUserThreadStart [0x00007FF93006AF08+40]
"><![CDATA[Traceback (most recent call last):
  File "c:\Users\luist\repos\Automatizaciones_M-dulos-\ctacte_histoAcobrar.py", line 163, in tearDown
    self.driver.close()
  File "C:\Users\luist\AppData\Roaming\Python\Python310\site-packages\selenium\webdriver\remote\webdriver.py", line 465, in close
    self.execute(Command.CLOSE)
  File "C:\Users\luist\AppData\Roaming\Python\Python310\site-packages\selenium\webdriver\remote\webdriver.py", line 354, in execute
    self.error_handler.check_response(response)
  File "C:\Users\luist\AppData\Roaming\Python\Python310\site-packages\selenium\webdriver\remote\errorhandler.py", line 229, in check_response
    raise exception_class(message, screen, stacktrace)
selenium.common.exceptions.WebDriverException: Message: disconnected: not connected to DevTools
  (failed to check if window was closed: disconnected: not connected to DevTools)
  (Session info: chrome=129.0.6668.100)
Stacktrace:
	GetHandleVerifier [0x00007FF7C74BB095+29557]
	(No symbol) [0x00007FF7C742FA50]
	(No symbol) [0x00007FF7C72EB56A]
	(No symbol) [0x00007FF7C72D1528]
	(No symbol) [0x00007FF7C72D25BF]
	(No symbol) [0x00007FF7C72EBB83]
	(No symbol) [0x00007FF7C72BF7AD]
	(No symbol) [0x00007FF7C7376339]
	(No symbol) [0x00007FF7C7367150]
	(No symbol) [0x00007FF7C733116F]
	(No symbol) [0x00007FF7C73322D1]
	GetHandleVerifier [0x00007FF7C77EC96D+3378253]
	GetHandleVerifier [0x00007FF7C7838497+3688311]
	GetHandleVerifier [0x00007FF7C782D1CB+3642539]
	GetHandleVerifier [0x00007FF7C757A6B6+813462]
	(No symbol) [0x00007FF7C743AB5F]
	(No symbol) [0x00007FF7C7436B74]
	(No symbol) [0x00007FF7C7436D10]
	(No symbol) [0x00007FF7C7425C1F]
	BaseThreadInitThunk [0x00007FF92EF0257D+29]
	RtlUserThreadStart [0x00007FF93006AF08+40]

]]></error>
		<system-out><![CDATA[Tiempo de espera agotado. El texto por xpaht no está presente.
]]></system-out>
	</testcase>
</testsuite>
