<?xml version="1.0" encoding="UTF-8"?>
<testsuite name="entregas_facturadosV2-20241024115209" tests="2" file=".py" time="75.897" timestamp="2024-10-24T11:53:25" failures="0" errors="2" skipped="0">
	<testcase classname="entregas_facturadosV2" name="test_delivery_applied" time="0.000" timestamp="0001-01-01T00:00:00" file="EntregasFactV2.py" line="23">
		<error type="AttributeError" message="'NoneType' object has no attribute 'is_displayed'"><![CDATA[Traceback (most recent call last):
  File "c:\Users\luist\repos\Automatizaciones_M-dulos-\EntregasFactV2.py", line 122, in test_delivery_applied
    find_elements(self.driver, apply_download_excel )
  File "c:\Users\luist\repos\Automatizaciones_M-dulos-\Elements.py", line 19, in find_elements
    select_nex_button = WebDriverWait(driver, 10).until(
  File "C:\Users\luist\AppData\Roaming\Python\Python310\site-packages\selenium\webdriver\support\wait.py", line 96, in until
    value = method(self._driver)
  File "C:\Users\luist\AppData\Roaming\Python\Python310\site-packages\selenium\webdriver\support\expected_conditions.py", line 364, in _predicate
    element = visibility_of(target)(driver)
  File "C:\Users\luist\AppData\Roaming\Python\Python310\site-packages\selenium\webdriver\support\expected_conditions.py", line 173, in _predicate
    return _element_if_visible(element)
  File "C:\Users\luist\AppData\Roaming\Python\Python310\site-packages\selenium\webdriver\support\expected_conditions.py", line 179, in _element_if_visible
    return element if element.is_displayed() == visibility else False
AttributeError: 'NoneType' object has no attribute 'is_displayed'
]]></error>
		<system-out><![CDATA[El texto encontrado es  MIS ENTREGAS
El valor es un carácter numérico. Valor: 2.899,34
El valor es un carácter numérico. Valor: 2.878,90
]]></system-out>
	</testcase>
	<testcase classname="entregas_facturadosV2" name="test_delivery_applied" time="75.897" timestamp="2024-10-24T11:53:25" file="EntregasFactV2.py" line="23">
		<error type="WebDriverException" message="Message: disconnected: Unable to receive message from renderer
  (failed to check if window was closed: disconnected: not connected to DevTools)
  (Session info: chrome=130.0.6723.59)
Stacktrace:
	GetHandleVerifier [0x00007FF775E23AB5+28005]
	(No symbol) [0x00007FF775D883B0]
	(No symbol) [0x00007FF775C2580A]
	(No symbol) [0x00007FF775C13BD7]
	(No symbol) [0x00007FF775C1151E]
	(No symbol) [0x00007FF775C11FCF]
	(No symbol) [0x00007FF775C25E23]
	(No symbol) [0x00007FF775BFF55D]
	(No symbol) [0x00007FF775CA9CE9]
	(No symbol) [0x00007FF775C9BA00]
	(No symbol) [0x00007FF775C675C8]
	(No symbol) [0x00007FF775C68731]
	GetHandleVerifier [0x00007FF77611643D+3118829]
	GetHandleVerifier [0x00007FF776166C90+3448640]
	GetHandleVerifier [0x00007FF77615CF0D+3408317]
	GetHandleVerifier [0x00007FF775EEA40B+841403]
	(No symbol) [0x00007FF775D9340F]
	(No symbol) [0x00007FF775D8F484]
	(No symbol) [0x00007FF775D8F61D]
	(No symbol) [0x00007FF775D7EB79]
	BaseThreadInitThunk [0x00007FF8AAC1257D+29]
	RtlUserThreadStart [0x00007FF8ABB0AF08+40]
"><![CDATA[Traceback (most recent call last):
  File "c:\Users\luist\repos\Automatizaciones_M-dulos-\EntregasFactV2.py", line 211, in tearDown
    self.driver.close()
  File "C:\Users\luist\AppData\Roaming\Python\Python310\site-packages\selenium\webdriver\remote\webdriver.py", line 465, in close
    self.execute(Command.CLOSE)
  File "C:\Users\luist\AppData\Roaming\Python\Python310\site-packages\selenium\webdriver\remote\webdriver.py", line 354, in execute
    self.error_handler.check_response(response)
  File "C:\Users\luist\AppData\Roaming\Python\Python310\site-packages\selenium\webdriver\remote\errorhandler.py", line 229, in check_response
    raise exception_class(message, screen, stacktrace)
selenium.common.exceptions.WebDriverException: Message: disconnected: Unable to receive message from renderer
  (failed to check if window was closed: disconnected: not connected to DevTools)
  (Session info: chrome=130.0.6723.59)
Stacktrace:
	GetHandleVerifier [0x00007FF775E23AB5+28005]
	(No symbol) [0x00007FF775D883B0]
	(No symbol) [0x00007FF775C2580A]
	(No symbol) [0x00007FF775C13BD7]
	(No symbol) [0x00007FF775C1151E]
	(No symbol) [0x00007FF775C11FCF]
	(No symbol) [0x00007FF775C25E23]
	(No symbol) [0x00007FF775BFF55D]
	(No symbol) [0x00007FF775CA9CE9]
	(No symbol) [0x00007FF775C9BA00]
	(No symbol) [0x00007FF775C675C8]
	(No symbol) [0x00007FF775C68731]
	GetHandleVerifier [0x00007FF77611643D+3118829]
	GetHandleVerifier [0x00007FF776166C90+3448640]
	GetHandleVerifier [0x00007FF77615CF0D+3408317]
	GetHandleVerifier [0x00007FF775EEA40B+841403]
	(No symbol) [0x00007FF775D9340F]
	(No symbol) [0x00007FF775D8F484]
	(No symbol) [0x00007FF775D8F61D]
	(No symbol) [0x00007FF775D7EB79]
	BaseThreadInitThunk [0x00007FF8AAC1257D+29]
	RtlUserThreadStart [0x00007FF8ABB0AF08+40]

]]></error>
		<system-out><![CDATA[El texto encontrado es  MIS ENTREGAS
El valor es un carácter numérico. Valor: 2.899,34
El valor es un carácter numérico. Valor: 2.878,90
]]></system-out>
	</testcase>
</testsuite>
