<?xml version="1.0" encoding="UTF-8"?>
<testsuite name="precio_granos_fijaciones-20240520174149" tests="1" file=".py" time="167.450" timestamp="2024-05-20T17:44:37" failures="0" errors="1" skipped="0">
	<testcase classname="precio_granos_fijaciones" name="test_price_fixings" time="167.450" timestamp="2024-05-20T17:44:37" file="Precio_Fijacion.py" line="21">
		<error type="ElementClickInterceptedException" message="Message: element click intercepted: Element is not clickable at point (517, 782)
  (Session info: chrome=125.0.6422.60)
Stacktrace:
	GetHandleVerifier [0x00007FF691C622C2+60002]
	(No symbol) [0x00007FF691BDCA59]
	(No symbol) [0x00007FF691A97EDA]
	(No symbol) [0x00007FF691AEF39E]
	(No symbol) [0x00007FF691AECD62]
	(No symbol) [0x00007FF691AEA1FB]
	(No symbol) [0x00007FF691AE93C6]
	(No symbol) [0x00007FF691ADB4D1]
	(No symbol) [0x00007FF691B0C28A]
	(No symbol) [0x00007FF691ADADF6]
	(No symbol) [0x00007FF691B0C4A0]
	(No symbol) [0x00007FF691B2BCC7]
	(No symbol) [0x00007FF691B0C033]
	(No symbol) [0x00007FF691AD9657]
	(No symbol) [0x00007FF691ADA251]
	GetHandleVerifier [0x00007FF691F73E2D+3278285]
	GetHandleVerifier [0x00007FF691FC0190+3590448]
	GetHandleVerifier [0x00007FF691FB61D0+3549552]
	GetHandleVerifier [0x00007FF691D11DE6+779654]
	(No symbol) [0x00007FF691BE7ACF]
	(No symbol) [0x00007FF691BE2EE4]
	(No symbol) [0x00007FF691BE3072]
	(No symbol) [0x00007FF691BD2C4F]
	BaseThreadInitThunk [0x00007FF9E1C0257D+29]
	RtlUserThreadStart [0x00007FF9E37CAA48+40]
"><![CDATA[Traceback (most recent call last):
  File "c:\Users\luist\repos\Automatizaciones-SILOHUB-\Precio_Fijacion.py", line 118, in test_price_fixings
    find_elements(self.driver, select_post)
  File "c:\Users\luist\repos\Automatizaciones-SILOHUB-\Elements.py", line 22, in find_elements
    select_nex_button.click()
  File "C:\Users\luist\AppData\Roaming\Python\Python310\site-packages\selenium\webdriver\remote\webelement.py", line 94, in click
    self._execute(Command.CLICK_ELEMENT)
  File "C:\Users\luist\AppData\Roaming\Python\Python310\site-packages\selenium\webdriver\remote\webelement.py", line 395, in _execute
    return self._parent.execute(command, params)
  File "C:\Users\luist\AppData\Roaming\Python\Python310\site-packages\selenium\webdriver\remote\webdriver.py", line 348, in execute
    self.error_handler.check_response(response)
  File "C:\Users\luist\AppData\Roaming\Python\Python310\site-packages\selenium\webdriver\remote\errorhandler.py", line 229, in check_response
    raise exception_class(message, screen, stacktrace)
selenium.common.exceptions.ElementClickInterceptedException: Message: element click intercepted: Element is not clickable at point (517, 782)
  (Session info: chrome=125.0.6422.60)
Stacktrace:
	GetHandleVerifier [0x00007FF691C622C2+60002]
	(No symbol) [0x00007FF691BDCA59]
	(No symbol) [0x00007FF691A97EDA]
	(No symbol) [0x00007FF691AEF39E]
	(No symbol) [0x00007FF691AECD62]
	(No symbol) [0x00007FF691AEA1FB]
	(No symbol) [0x00007FF691AE93C6]
	(No symbol) [0x00007FF691ADB4D1]
	(No symbol) [0x00007FF691B0C28A]
	(No symbol) [0x00007FF691ADADF6]
	(No symbol) [0x00007FF691B0C4A0]
	(No symbol) [0x00007FF691B2BCC7]
	(No symbol) [0x00007FF691B0C033]
	(No symbol) [0x00007FF691AD9657]
	(No symbol) [0x00007FF691ADA251]
	GetHandleVerifier [0x00007FF691F73E2D+3278285]
	GetHandleVerifier [0x00007FF691FC0190+3590448]
	GetHandleVerifier [0x00007FF691FB61D0+3549552]
	GetHandleVerifier [0x00007FF691D11DE6+779654]
	(No symbol) [0x00007FF691BE7ACF]
	(No symbol) [0x00007FF691BE2EE4]
	(No symbol) [0x00007FF691BE3072]
	(No symbol) [0x00007FF691BD2C4F]
	BaseThreadInitThunk [0x00007FF9E1C0257D+29]
	RtlUserThreadStart [0x00007FF9E37CAA48+40]

]]></error>
		<system-out><![CDATA[El texto encontrado es  MERCADOS
Se hizo clic en un icono de borrar.
No se encontraron más movimientos para borrar.
¡Input encontrado y enviado con éxito!
Tiempo de espera agotado. El elemento no está presente o no es clickeable.
Tiempo de espera agotado. El elemento no está presente o no es clickeable.
Tiempo de espera agotado. El elemento no está presente o no es clickeable.
¡Input encontrado y enviado con éxito!
]]></system-out>
	</testcase>
</testsuite>
