<?xml version="1.0" encoding="UTF-8"?>
<testsuite name="precio_granos_fijaciones-20240515110935" tests="2" file=".py" time="107.397" timestamp="2024-05-15T11:11:23" failures="0" errors="2" skipped="0">
	<testcase classname="precio_granos_fijaciones" name="test_price_fixings" time="0.000" timestamp="0001-01-01T00:00:00" file="PrecioFijaciones.py" line="23">
		<error type="AttributeError" message="'NoneType' object has no attribute 'is_displayed'"><![CDATA[Traceback (most recent call last):
  File "c:\Users\luist\repos\Automatizaciones-SILOHUB-\PrecioFijaciones.py", line 126, in test_price_fixings
    find_elements(self.driver, select_button_accept)
  File "c:\Users\luist\repos\Automatizaciones-SILOHUB-\Elements.py", line 19, in find_elements
    select_nex_button = WebDriverWait(driver, 10).until(
  File "C:\Users\luist\AppData\Roaming\Python\Python310\site-packages\selenium\webdriver\support\wait.py", line 96, in until
    value = method(self._driver)
  File "C:\Users\luist\AppData\Roaming\Python\Python310\site-packages\selenium\webdriver\support\expected_conditions.py", line 364, in _predicate
    element = visibility_of(target)(driver)
  File "C:\Users\luist\AppData\Roaming\Python\Python310\site-packages\selenium\webdriver\support\expected_conditions.py", line 173, in _predicate
    return _element_if_visible(element)
  File "C:\Users\luist\AppData\Roaming\Python\Python310\site-packages\selenium\webdriver\support\expected_conditions.py", line 179, in _element_if_visible
    return element if element.is_displayed() == visibility else False
AttributeError: 'NoneType' object has no attribute 'is_displayed'
]]></error>
		<system-out><![CDATA[El texto encontrado es  MERCADOS
Se hizo clic en un icono de borrar.
No se encontraron más movimientos para borrar.
¡Input encontrado y enviado con éxito!
¡Elemento encontrado y clickeado 6 veces con éxito!
¡Input encontrado y enviado con éxito!
]]></system-out>
	</testcase>
	<testcase classname="precio_granos_fijaciones" name="test_price_fixings" time="107.397" timestamp="2024-05-15T11:11:23" file="PrecioFijaciones.py" line="23">
		<error type="NoSuchWindowException" message="Message: no such window: target window already closed
from unknown error: web view not found
  (Session info: chrome=124.0.6367.202)
Stacktrace:
	GetHandleVerifier [0x00007FF62EF31522+60802]
	(No symbol) [0x00007FF62EEAAC22]
	(No symbol) [0x00007FF62ED67CE4]
	(No symbol) [0x00007FF62ED3DFDF]
	(No symbol) [0x00007FF62EDE1E57]
	(No symbol) [0x00007FF62EDE8FD2]
	(No symbol) [0x00007FF62EDDAB40]
	(No symbol) [0x00007FF62EDA8FEC]
	(No symbol) [0x00007FF62EDA9C21]
	GetHandleVerifier [0x00007FF62F2341BD+3217949]
	GetHandleVerifier [0x00007FF62F276157+3488183]
	GetHandleVerifier [0x00007FF62F26F0DF+3459391]
	GetHandleVerifier [0x00007FF62EFEB8E6+823622]
	(No symbol) [0x00007FF62EEB5FBF]
	(No symbol) [0x00007FF62EEB0EE4]
	(No symbol) [0x00007FF62EEB1072]
	(No symbol) [0x00007FF62EEA18C4]
	BaseThreadInitThunk [0x00007FFA24B4257D+29]
	RtlUserThreadStart [0x00007FFA2654AA48+40]
"><![CDATA[Traceback (most recent call last):
  File "c:\Users\luist\repos\Automatizaciones-SILOHUB-\PrecioFijaciones.py", line 177, in tearDown
    self.driver.close()
  File "C:\Users\luist\AppData\Roaming\Python\Python310\site-packages\selenium\webdriver\remote\webdriver.py", line 459, in close
    self.execute(Command.CLOSE)
  File "C:\Users\luist\AppData\Roaming\Python\Python310\site-packages\selenium\webdriver\remote\webdriver.py", line 348, in execute
    self.error_handler.check_response(response)
  File "C:\Users\luist\AppData\Roaming\Python\Python310\site-packages\selenium\webdriver\remote\errorhandler.py", line 229, in check_response
    raise exception_class(message, screen, stacktrace)
selenium.common.exceptions.NoSuchWindowException: Message: no such window: target window already closed
from unknown error: web view not found
  (Session info: chrome=124.0.6367.202)
Stacktrace:
	GetHandleVerifier [0x00007FF62EF31522+60802]
	(No symbol) [0x00007FF62EEAAC22]
	(No symbol) [0x00007FF62ED67CE4]
	(No symbol) [0x00007FF62ED3DFDF]
	(No symbol) [0x00007FF62EDE1E57]
	(No symbol) [0x00007FF62EDE8FD2]
	(No symbol) [0x00007FF62EDDAB40]
	(No symbol) [0x00007FF62EDA8FEC]
	(No symbol) [0x00007FF62EDA9C21]
	GetHandleVerifier [0x00007FF62F2341BD+3217949]
	GetHandleVerifier [0x00007FF62F276157+3488183]
	GetHandleVerifier [0x00007FF62F26F0DF+3459391]
	GetHandleVerifier [0x00007FF62EFEB8E6+823622]
	(No symbol) [0x00007FF62EEB5FBF]
	(No symbol) [0x00007FF62EEB0EE4]
	(No symbol) [0x00007FF62EEB1072]
	(No symbol) [0x00007FF62EEA18C4]
	BaseThreadInitThunk [0x00007FFA24B4257D+29]
	RtlUserThreadStart [0x00007FFA2654AA48+40]

]]></error>
		<system-out><![CDATA[El texto encontrado es  MERCADOS
Se hizo clic en un icono de borrar.
No se encontraron más movimientos para borrar.
¡Input encontrado y enviado con éxito!
¡Elemento encontrado y clickeado 6 veces con éxito!
¡Input encontrado y enviado con éxito!
]]></system-out>
	</testcase>
</testsuite>
