<?xml version="1.0" encoding="UTF-8"?>
<testsuite name="precio_granos_fijaciones-20240520181021" tests="1" file=".py" time="124.454" timestamp="2024-05-20T18:12:25" failures="0" errors="1" skipped="0">
	<testcase classname="precio_granos_fijaciones" name="test_price_fixings" time="124.454" timestamp="2024-05-20T18:12:25" file="Precio_Fijacion.py" line="21">
		<error type="NoSuchElementException" message="Message: no such element: Unable to locate element: {&quot;method&quot;:&quot;xpath&quot;,&quot;selector&quot;:&quot;./ancestor::div[contains(@class, 'class_del_contenedor_del_texto')]&quot;}
  (Session info: chrome=125.0.6422.60); For documentation on this error, please visit: https://www.selenium.dev/documentation/webdriver/troubleshooting/errors#no-such-element-exception
Stacktrace:
	GetHandleVerifier [0x00007FF6BDB522C2+60002]
	(No symbol) [0x00007FF6BDACCA59]
	(No symbol) [0x00007FF6BD987EDA]
	(No symbol) [0x00007FF6BD9D76E6]
	(No symbol) [0x00007FF6BD9D77AC]
	(No symbol) [0x00007FF6BD9CAF2C]
	(No symbol) [0x00007FF6BD9FC2CF]
	(No symbol) [0x00007FF6BD9CADF6]
	(No symbol) [0x00007FF6BD9FC4A0]
	(No symbol) [0x00007FF6BDA1BCC7]
	(No symbol) [0x00007FF6BD9FC033]
	(No symbol) [0x00007FF6BD9C9657]
	(No symbol) [0x00007FF6BD9CA251]
	GetHandleVerifier [0x00007FF6BDE63E2D+3278285]
	GetHandleVerifier [0x00007FF6BDEB0190+3590448]
	GetHandleVerifier [0x00007FF6BDEA61D0+3549552]
	GetHandleVerifier [0x00007FF6BDC01DE6+779654]
	(No symbol) [0x00007FF6BDAD7ACF]
	(No symbol) [0x00007FF6BDAD2EE4]
	(No symbol) [0x00007FF6BDAD3072]
	(No symbol) [0x00007FF6BDAC2C4F]
	BaseThreadInitThunk [0x00007FF9E1C0257D+29]
	RtlUserThreadStart [0x00007FF9E37CAA48+40]
"><![CDATA[Traceback (most recent call last):
  File "c:\Users\luist\repos\Automatizaciones-SILOHUB-\Precio_Fijacion.py", line 142, in test_price_fixings
    verify_and_click(self.driver, number_generate)
  File "c:\Users\luist\repos\Automatizaciones-SILOHUB-\Elements.py", line 1515, in verify_and_click
    campo_texto = numero_elemento.find_element(By.XPATH, "./ancestor::div[contains(@class, 'class_del_contenedor_del_texto')]")
  File "C:\Users\luist\AppData\Roaming\Python\Python310\site-packages\selenium\webdriver\remote\webelement.py", line 417, in find_element
    return self._execute(Command.FIND_CHILD_ELEMENT, {"using": by, "value": value})["value"]
  File "C:\Users\luist\AppData\Roaming\Python\Python310\site-packages\selenium\webdriver\remote\webelement.py", line 395, in _execute
    return self._parent.execute(command, params)
  File "C:\Users\luist\AppData\Roaming\Python\Python310\site-packages\selenium\webdriver\remote\webdriver.py", line 348, in execute
    self.error_handler.check_response(response)
  File "C:\Users\luist\AppData\Roaming\Python\Python310\site-packages\selenium\webdriver\remote\errorhandler.py", line 229, in check_response
    raise exception_class(message, screen, stacktrace)
selenium.common.exceptions.NoSuchElementException: Message: no such element: Unable to locate element: {"method":"xpath","selector":"./ancestor::div[contains(@class, 'class_del_contenedor_del_texto')]"}
  (Session info: chrome=125.0.6422.60); For documentation on this error, please visit: https://www.selenium.dev/documentation/webdriver/troubleshooting/errors#no-such-element-exception
Stacktrace:
	GetHandleVerifier [0x00007FF6BDB522C2+60002]
	(No symbol) [0x00007FF6BDACCA59]
	(No symbol) [0x00007FF6BD987EDA]
	(No symbol) [0x00007FF6BD9D76E6]
	(No symbol) [0x00007FF6BD9D77AC]
	(No symbol) [0x00007FF6BD9CAF2C]
	(No symbol) [0x00007FF6BD9FC2CF]
	(No symbol) [0x00007FF6BD9CADF6]
	(No symbol) [0x00007FF6BD9FC4A0]
	(No symbol) [0x00007FF6BDA1BCC7]
	(No symbol) [0x00007FF6BD9FC033]
	(No symbol) [0x00007FF6BD9C9657]
	(No symbol) [0x00007FF6BD9CA251]
	GetHandleVerifier [0x00007FF6BDE63E2D+3278285]
	GetHandleVerifier [0x00007FF6BDEB0190+3590448]
	GetHandleVerifier [0x00007FF6BDEA61D0+3549552]
	GetHandleVerifier [0x00007FF6BDC01DE6+779654]
	(No symbol) [0x00007FF6BDAD7ACF]
	(No symbol) [0x00007FF6BDAD2EE4]
	(No symbol) [0x00007FF6BDAD3072]
	(No symbol) [0x00007FF6BDAC2C4F]
	BaseThreadInitThunk [0x00007FF9E1C0257D+29]
	RtlUserThreadStart [0x00007FF9E37CAA48+40]

]]></error>
		<system-out><![CDATA[El texto encontrado es  MERCADOS
Se hizo clic en un icono de borrar.
No se encontraron más movimientos para borrar.
¡Input encontrado y enviado con éxito!
¡Elemento encontrado y clickeado 7 veces con éxito!
¡Input encontrado y enviado con éxito!
Buscando el número: 3960
Elemento localizado para el número: 3960
]]></system-out>
	</testcase>
</testsuite>
