<?xml version="1.0" encoding="UTF-8"?>
<testsuite name="precio_granos_fijaciones-20240531120732" tests="1" file=".py" time="91.759" timestamp="2024-05-31T12:09:04" failures="0" errors="1" skipped="0">
	<testcase classname="precio_granos_fijaciones" name="test_price_fixings" time="91.759" timestamp="2024-05-31T12:09:04" file="Precio_Fijacion.py" line="21">
		<error type="JavascriptException" message="Message: javascript error: {&quot;status&quot;:32,&quot;value&quot;:&quot;Unable to locate an element with the xpath expression //svg[@id='Grupo_10473'])[2] because of the following error:\nSyntaxError: Failed to execute 'evaluate' on 'Document': The string '//svg[@id='Grupo_10473'])[2]' is not a valid XPath expression.&quot;}
  (Session info: chrome=125.0.6422.113)
Stacktrace:
	GetHandleVerifier [0x00007FF752621F52+60322]
	(No symbol) [0x00007FF75259CEC9]
	(No symbol) [0x00007FF752457EBA]
	(No symbol) [0x00007FF75245DCEE]
	(No symbol) [0x00007FF752460641]
	(No symbol) [0x00007FF7524606E0]
	(No symbol) [0x00007FF7524A733B]
	(No symbol) [0x00007FF7524A773C]
	(No symbol) [0x00007FF7524EE967]
	(No symbol) [0x00007FF7524CC25F]
	(No symbol) [0x00007FF7524EBC80]
	(No symbol) [0x00007FF7524CBFC3]
	(No symbol) [0x00007FF752499617]
	(No symbol) [0x00007FF75249A211]
	GetHandleVerifier [0x00007FF7529394AD+3301629]
	GetHandleVerifier [0x00007FF7529836D3+3605283]
	GetHandleVerifier [0x00007FF752979450+3563680]
	GetHandleVerifier [0x00007FF7526D4326+790390]
	(No symbol) [0x00007FF7525A750F]
	(No symbol) [0x00007FF7525A3404]
	(No symbol) [0x00007FF7525A3592]
	(No symbol) [0x00007FF752592F9F]
	BaseThreadInitThunk [0x00007FF89C91257D+29]
	RtlUserThreadStart [0x00007FF89EBCAA48+40]
"><![CDATA[Traceback (most recent call last):
  File "c:\Users\luist\repos\Automatizaciones-SILOHUB-\Precio_Fijacion.py", line 145, in test_price_fixings
    find_elements(self.driver, button_hand)
  File "c:\Users\luist\repos\Automatizaciones-SILOHUB-\Elements.py", line 19, in find_elements
    select_nex_button = WebDriverWait(driver, 10).until(
  File "C:\Users\luist\AppData\Roaming\Python\Python310\site-packages\selenium\webdriver\support\wait.py", line 96, in until
    value = method(self._driver)
  File "C:\Users\luist\AppData\Roaming\Python\Python310\site-packages\selenium\webdriver\support\expected_conditions.py", line 363, in _predicate
    target = driver.find_element(*target)  # grab element at locator
  File "C:\Users\luist\AppData\Roaming\Python\Python310\site-packages\selenium\webdriver\remote\webdriver.py", line 742, in find_element
    return self.execute(Command.FIND_ELEMENT, {"using": by, "value": value})["value"]
  File "C:\Users\luist\AppData\Roaming\Python\Python310\site-packages\selenium\webdriver\remote\webdriver.py", line 348, in execute
    self.error_handler.check_response(response)
  File "C:\Users\luist\AppData\Roaming\Python\Python310\site-packages\selenium\webdriver\remote\errorhandler.py", line 229, in check_response
    raise exception_class(message, screen, stacktrace)
selenium.common.exceptions.JavascriptException: Message: javascript error: {"status":32,"value":"Unable to locate an element with the xpath expression //svg[@id='Grupo_10473'])[2] because of the following error:\nSyntaxError: Failed to execute 'evaluate' on 'Document': The string '//svg[@id='Grupo_10473'])[2]' is not a valid XPath expression."}
  (Session info: chrome=125.0.6422.113)
Stacktrace:
	GetHandleVerifier [0x00007FF752621F52+60322]
	(No symbol) [0x00007FF75259CEC9]
	(No symbol) [0x00007FF752457EBA]
	(No symbol) [0x00007FF75245DCEE]
	(No symbol) [0x00007FF752460641]
	(No symbol) [0x00007FF7524606E0]
	(No symbol) [0x00007FF7524A733B]
	(No symbol) [0x00007FF7524A773C]
	(No symbol) [0x00007FF7524EE967]
	(No symbol) [0x00007FF7524CC25F]
	(No symbol) [0x00007FF7524EBC80]
	(No symbol) [0x00007FF7524CBFC3]
	(No symbol) [0x00007FF752499617]
	(No symbol) [0x00007FF75249A211]
	GetHandleVerifier [0x00007FF7529394AD+3301629]
	GetHandleVerifier [0x00007FF7529836D3+3605283]
	GetHandleVerifier [0x00007FF752979450+3563680]
	GetHandleVerifier [0x00007FF7526D4326+790390]
	(No symbol) [0x00007FF7525A750F]
	(No symbol) [0x00007FF7525A3404]
	(No symbol) [0x00007FF7525A3592]
	(No symbol) [0x00007FF752592F9F]
	BaseThreadInitThunk [0x00007FF89C91257D+29]
	RtlUserThreadStart [0x00007FF89EBCAA48+40]

]]></error>
		<system-out><![CDATA[El texto encontrado es  MERCADOS
Se hizo clic en un icono de borrar.
No se encontraron más movimientos para borrar.
¡Input encontrado y enviado con éxito!
¡Elemento encontrado y clickeado 7 veces con éxito!
¡Input encontrado y enviado con éxito!
]]></system-out>
	</testcase>
</testsuite>
