<?xml version="1.0" encoding="UTF-8"?>
<testsuite name="precio_granos_fijaciones-20240531120457" tests="2" file=".py" time="151.647" timestamp="2024-05-31T12:07:28" failures="0" errors="2" skipped="0">
	<testcase classname="precio_granos_fijaciones" name="test_price_fixings" time="0.000" timestamp="0001-01-01T00:00:00" file="Precio_Fijacion.py" line="21">
		<error type="NoSuchWindowException" message="Message: no such window: target window already closed
from unknown error: web view not found
  (Session info: chrome=125.0.6422.113)
Stacktrace:
	GetHandleVerifier [0x00007FF752621F52+60322]
	(No symbol) [0x00007FF75259CEC9]
	(No symbol) [0x00007FF752457EBA]
	(No symbol) [0x00007FF75242D5A5]
	(No symbol) [0x00007FF7524D36B7]
	(No symbol) [0x00007FF7524EB331]
	(No symbol) [0x00007FF7524CBFC3]
	(No symbol) [0x00007FF752499617]
	(No symbol) [0x00007FF75249A211]
	GetHandleVerifier [0x00007FF7529394AD+3301629]
	GetHandleVerifier [0x00007FF7529836D3+3605283]
	GetHandleVerifier [0x00007FF752979450+3563680]
	GetHandleVerifier [0x00007FF7526D4326+790390]
	(No symbol) [0x00007FF7525A750F]
	(No symbol) [0x00007FF7525A3404]
	(No symbol) [0x00007FF7525A3592]
	(No symbol) [0x00007FF752592F9F]
	BaseThreadInitThunk [0x00007FF89C91257D+29]
	RtlUserThreadStart [0x00007FF89EBCAA48+40]
"><![CDATA[Traceback (most recent call last):
  File "c:\Users\luist\repos\Automatizaciones-SILOHUB-\Precio_Fijacion.py", line 155, in test_price_fixings
    find_elements(self.driver, select_account)
  File "c:\Users\luist\repos\Automatizaciones-SILOHUB-\Elements.py", line 19, in find_elements
    select_nex_button = WebDriverWait(driver, 10).until(
  File "C:\Users\luist\AppData\Roaming\Python\Python310\site-packages\selenium\webdriver\support\wait.py", line 96, in until
    value = method(self._driver)
  File "C:\Users\luist\AppData\Roaming\Python\Python310\site-packages\selenium\webdriver\support\expected_conditions.py", line 363, in _predicate
    target = driver.find_element(*target)  # grab element at locator
  File "C:\Users\luist\AppData\Roaming\Python\Python310\site-packages\selenium\webdriver\remote\webdriver.py", line 742, in find_element
    return self.execute(Command.FIND_ELEMENT, {"using": by, "value": value})["value"]
  File "C:\Users\luist\AppData\Roaming\Python\Python310\site-packages\selenium\webdriver\remote\webdriver.py", line 348, in execute
    self.error_handler.check_response(response)
  File "C:\Users\luist\AppData\Roaming\Python\Python310\site-packages\selenium\webdriver\remote\errorhandler.py", line 229, in check_response
    raise exception_class(message, screen, stacktrace)
selenium.common.exceptions.NoSuchWindowException: Message: no such window: target window already closed
from unknown error: web view not found
  (Session info: chrome=125.0.6422.113)
Stacktrace:
	GetHandleVerifier [0x00007FF752621F52+60322]
	(No symbol) [0x00007FF75259CEC9]
	(No symbol) [0x00007FF752457EBA]
	(No symbol) [0x00007FF75242D5A5]
	(No symbol) [0x00007FF7524D36B7]
	(No symbol) [0x00007FF7524EB331]
	(No symbol) [0x00007FF7524CBFC3]
	(No symbol) [0x00007FF752499617]
	(No symbol) [0x00007FF75249A211]
	GetHandleVerifier [0x00007FF7529394AD+3301629]
	GetHandleVerifier [0x00007FF7529836D3+3605283]
	GetHandleVerifier [0x00007FF752979450+3563680]
	GetHandleVerifier [0x00007FF7526D4326+790390]
	(No symbol) [0x00007FF7525A750F]
	(No symbol) [0x00007FF7525A3404]
	(No symbol) [0x00007FF7525A3592]
	(No symbol) [0x00007FF752592F9F]
	BaseThreadInitThunk [0x00007FF89C91257D+29]
	RtlUserThreadStart [0x00007FF89EBCAA48+40]

]]></error>
		<system-out><![CDATA[El texto encontrado es  MERCADOS
Se hizo clic en un icono de borrar.
No se encontraron más movimientos para borrar.
¡Input encontrado y enviado con éxito!
¡Elemento encontrado y clickeado 7 veces con éxito!
¡Input encontrado y enviado con éxito!
Tiempo de espera agotado. El elemento no está presente o no es clickeable.
Tiempo de espera agotado. El elemento no está presente o no es clickeable.
]]></system-out>
	</testcase>
	<testcase classname="precio_granos_fijaciones" name="test_price_fixings" time="151.647" timestamp="2024-05-31T12:07:28" file="Precio_Fijacion.py" line="21">
		<error type="WebDriverException" message="Message: disconnected: not connected to DevTools
  (failed to check if window was closed: disconnected: not connected to DevTools)
  (Session info: chrome=125.0.6422.113)
Stacktrace:
	GetHandleVerifier [0x00007FF752621F52+60322]
	(No symbol) [0x00007FF75259CEC9]
	(No symbol) [0x00007FF752457EBA]
	(No symbol) [0x00007FF75243E03F]
	(No symbol) [0x00007FF75243EBAF]
	(No symbol) [0x00007FF7524584E3]
	(No symbol) [0x00007FF75242D08C]
	(No symbol) [0x00007FF7524DA7B4]
	(No symbol) [0x00007FF7524CC1E0]
	(No symbol) [0x00007FF752499617]
	(No symbol) [0x00007FF75249A211]
	GetHandleVerifier [0x00007FF7529394AD+3301629]
	GetHandleVerifier [0x00007FF7529836D3+3605283]
	GetHandleVerifier [0x00007FF752979450+3563680]
	GetHandleVerifier [0x00007FF7526D4326+790390]
	(No symbol) [0x00007FF7525A750F]
	(No symbol) [0x00007FF7525A3404]
	(No symbol) [0x00007FF7525A3592]
	(No symbol) [0x00007FF752592F9F]
	BaseThreadInitThunk [0x00007FF89C91257D+29]
	RtlUserThreadStart [0x00007FF89EBCAA48+40]
"><![CDATA[Traceback (most recent call last):
  File "c:\Users\luist\repos\Automatizaciones-SILOHUB-\Precio_Fijacion.py", line 177, in tearDown
    self.driver.close()
  File "C:\Users\luist\AppData\Roaming\Python\Python310\site-packages\selenium\webdriver\remote\webdriver.py", line 459, in close
    self.execute(Command.CLOSE)
  File "C:\Users\luist\AppData\Roaming\Python\Python310\site-packages\selenium\webdriver\remote\webdriver.py", line 348, in execute
    self.error_handler.check_response(response)
  File "C:\Users\luist\AppData\Roaming\Python\Python310\site-packages\selenium\webdriver\remote\errorhandler.py", line 229, in check_response
    raise exception_class(message, screen, stacktrace)
selenium.common.exceptions.WebDriverException: Message: disconnected: not connected to DevTools
  (failed to check if window was closed: disconnected: not connected to DevTools)
  (Session info: chrome=125.0.6422.113)
Stacktrace:
	GetHandleVerifier [0x00007FF752621F52+60322]
	(No symbol) [0x00007FF75259CEC9]
	(No symbol) [0x00007FF752457EBA]
	(No symbol) [0x00007FF75243E03F]
	(No symbol) [0x00007FF75243EBAF]
	(No symbol) [0x00007FF7524584E3]
	(No symbol) [0x00007FF75242D08C]
	(No symbol) [0x00007FF7524DA7B4]
	(No symbol) [0x00007FF7524CC1E0]
	(No symbol) [0x00007FF752499617]
	(No symbol) [0x00007FF75249A211]
	GetHandleVerifier [0x00007FF7529394AD+3301629]
	GetHandleVerifier [0x00007FF7529836D3+3605283]
	GetHandleVerifier [0x00007FF752979450+3563680]
	GetHandleVerifier [0x00007FF7526D4326+790390]
	(No symbol) [0x00007FF7525A750F]
	(No symbol) [0x00007FF7525A3404]
	(No symbol) [0x00007FF7525A3592]
	(No symbol) [0x00007FF752592F9F]
	BaseThreadInitThunk [0x00007FF89C91257D+29]
	RtlUserThreadStart [0x00007FF89EBCAA48+40]

]]></error>
		<system-out><![CDATA[El texto encontrado es  MERCADOS
Se hizo clic en un icono de borrar.
No se encontraron más movimientos para borrar.
¡Input encontrado y enviado con éxito!
¡Elemento encontrado y clickeado 7 veces con éxito!
¡Input encontrado y enviado con éxito!
Tiempo de espera agotado. El elemento no está presente o no es clickeable.
Tiempo de espera agotado. El elemento no está presente o no es clickeable.
]]></system-out>
	</testcase>
</testsuite>
