<?xml version="1.0" encoding="UTF-8"?>
<testsuite name="entregas_pend_Aplicadas-20240612155715" tests="1" file=".py" time="134.506" timestamp="2024-06-12T15:59:29" failures="0" errors="1" skipped="0">
	<testcase classname="entregas_pend_Aplicadas" name="test_delivery_earrings" time="134.506" timestamp="2024-06-12T15:59:29" file="EntregasPendApli.py" line="22">
		<error type="NoSuchElementException" message="Message: no such element: Unable to locate element: {&quot;method&quot;:&quot;xpath&quot;,&quot;selector&quot;:&quot;/html/body/app-root/app-layout/app-vertical/div/div/div/div/app-detail-deliveries/div/app-header-for-detail/div[1]/div&quot;}
  (Session info: chrome=125.0.6422.144); For documentation on this error, please visit: https://www.selenium.dev/documentation/webdriver/troubleshooting/errors#no-such-element-exception
Stacktrace:
	GetHandleVerifier [0x00007FF7E6B31F52+60322]
	(No symbol) [0x00007FF7E6AACEC9]
	(No symbol) [0x00007FF7E6967EBA]
	(No symbol) [0x00007FF7E69B7676]
	(No symbol) [0x00007FF7E69B773C]
	(No symbol) [0x00007FF7E69FE967]
	(No symbol) [0x00007FF7E69DC25F]
	(No symbol) [0x00007FF7E69FBC80]
	(No symbol) [0x00007FF7E69DBFC3]
	(No symbol) [0x00007FF7E69A9617]
	(No symbol) [0x00007FF7E69AA211]
	GetHandleVerifier [0x00007FF7E6E494AD+3301629]
	GetHandleVerifier [0x00007FF7E6E936D3+3605283]
	GetHandleVerifier [0x00007FF7E6E89450+3563680]
	GetHandleVerifier [0x00007FF7E6BE4326+790390]
	(No symbol) [0x00007FF7E6AB750F]
	(No symbol) [0x00007FF7E6AB3404]
	(No symbol) [0x00007FF7E6AB3592]
	(No symbol) [0x00007FF7E6AA2F9F]
	BaseThreadInitThunk [0x00007FFBED37257D+29]
	RtlUserThreadStart [0x00007FFBEECEAA48+40]
"><![CDATA[Traceback (most recent call last):
  File "c:\Users\luist\repos\Automatizaciones-SILOHUB-\EntregasPendApli.py", line 151, in test_delivery_earrings
    validate_text_visible(self.driver, number_TK, number_TK_expected )
  File "c:\Users\luist\repos\Automatizaciones-SILOHUB-\Elements.py", line 1136, in validate_text_visible
    element = driver.find_element(By.XPATH, xpath)
  File "C:\Users\luist\AppData\Roaming\Python\Python310\site-packages\selenium\webdriver\remote\webdriver.py", line 742, in find_element
    return self.execute(Command.FIND_ELEMENT, {"using": by, "value": value})["value"]
  File "C:\Users\luist\AppData\Roaming\Python\Python310\site-packages\selenium\webdriver\remote\webdriver.py", line 348, in execute
    self.error_handler.check_response(response)
  File "C:\Users\luist\AppData\Roaming\Python\Python310\site-packages\selenium\webdriver\remote\errorhandler.py", line 229, in check_response
    raise exception_class(message, screen, stacktrace)
selenium.common.exceptions.NoSuchElementException: Message: no such element: Unable to locate element: {"method":"xpath","selector":"/html/body/app-root/app-layout/app-vertical/div/div/div/div/app-detail-deliveries/div/app-header-for-detail/div[1]/div"}
  (Session info: chrome=125.0.6422.144); For documentation on this error, please visit: https://www.selenium.dev/documentation/webdriver/troubleshooting/errors#no-such-element-exception
Stacktrace:
	GetHandleVerifier [0x00007FF7E6B31F52+60322]
	(No symbol) [0x00007FF7E6AACEC9]
	(No symbol) [0x00007FF7E6967EBA]
	(No symbol) [0x00007FF7E69B7676]
	(No symbol) [0x00007FF7E69B773C]
	(No symbol) [0x00007FF7E69FE967]
	(No symbol) [0x00007FF7E69DC25F]
	(No symbol) [0x00007FF7E69FBC80]
	(No symbol) [0x00007FF7E69DBFC3]
	(No symbol) [0x00007FF7E69A9617]
	(No symbol) [0x00007FF7E69AA211]
	GetHandleVerifier [0x00007FF7E6E494AD+3301629]
	GetHandleVerifier [0x00007FF7E6E936D3+3605283]
	GetHandleVerifier [0x00007FF7E6E89450+3563680]
	GetHandleVerifier [0x00007FF7E6BE4326+790390]
	(No symbol) [0x00007FF7E6AB750F]
	(No symbol) [0x00007FF7E6AB3404]
	(No symbol) [0x00007FF7E6AB3592]
	(No symbol) [0x00007FF7E6AA2F9F]
	BaseThreadInitThunk [0x00007FFBED37257D+29]
	RtlUserThreadStart [0x00007FFBEECEAA48+40]

]]></error>
		<system-out><![CDATA[El texto encontrado es  MIS ENTREGAS
¡Elemento encontrado y clickeado 1 veces con éxito!
¡Elemento encontrado y clickeado 11 veces con éxito!
El texto es visible para el usuario: '431.360,00'
El texto es visible para el usuario: '417.677,00'
Tiempo de espera agotado. El elemento no está presente o no es clickeable.
]]></system-out>
	</testcase>
</testsuite>
