<?xml version="1.0" encoding="UTF-8"?>
<testsuite name="entregas_pend_Aplicadas-20240612155422" tests="2" file=".py" time="170.244" timestamp="2024-06-12T15:57:12" failures="0" errors="2" skipped="0">
	<testcase classname="entregas_pend_Aplicadas" name="test_delivery_earrings" time="0.000" timestamp="0001-01-01T00:00:00" file="EntregasPendApli.py" line="22">
		<error type="AttributeError" message="'NoneType' object has no attribute 'is_displayed'"><![CDATA[Traceback (most recent call last):
  File "c:\Users\luist\repos\Automatizaciones-SILOHUB-\EntregasPendApli.py", line 144, in test_delivery_earrings
    find_elements(self.driver, insert_movemenst )
  File "c:\Users\luist\repos\Automatizaciones-SILOHUB-\Elements.py", line 19, in find_elements
    select_nex_button = WebDriverWait(driver, 10).until(
  File "C:\Users\luist\AppData\Roaming\Python\Python310\site-packages\selenium\webdriver\support\wait.py", line 96, in until
    value = method(self._driver)
  File "C:\Users\luist\AppData\Roaming\Python\Python310\site-packages\selenium\webdriver\support\expected_conditions.py", line 364, in _predicate
    element = visibility_of(target)(driver)
  File "C:\Users\luist\AppData\Roaming\Python\Python310\site-packages\selenium\webdriver\support\expected_conditions.py", line 173, in _predicate
    return _element_if_visible(element)
  File "C:\Users\luist\AppData\Roaming\Python\Python310\site-packages\selenium\webdriver\support\expected_conditions.py", line 179, in _element_if_visible
    return element if element.is_displayed() == visibility else False
AttributeError: 'NoneType' object has no attribute 'is_displayed'
]]></error>
		<system-out><![CDATA[El texto encontrado es  MIS ENTREGAS
¡Elemento encontrado y clickeado 1 veces con éxito!
¡Elemento encontrado y clickeado 10 veces con éxito!
El texto no coincide con los valores esperados. Texto actual: ''
El texto no coincide con los valores esperados. Texto actual: ''
Tiempo de espera agotado. El elemento no está presente o no es clickeable.
Tiempo de espera agotado. El elemento no está presente o no es clickeable.
Tiempo de espera agotado. El elemento no está presente o no es clickeable.
]]></system-out>
	</testcase>
	<testcase classname="entregas_pend_Aplicadas" name="test_delivery_earrings" time="170.244" timestamp="2024-06-12T15:57:12" file="EntregasPendApli.py" line="22">
		<error type="NoSuchWindowException" message="Message: no such window: target window already closed
from unknown error: web view not found
  (Session info: chrome=125.0.6422.144)
Stacktrace:
	GetHandleVerifier [0x00007FF7E6B31F52+60322]
	(No symbol) [0x00007FF7E6AACEC9]
	(No symbol) [0x00007FF7E6967EBA]
	(No symbol) [0x00007FF7E693D5A5]
	(No symbol) [0x00007FF7E69E36B7]
	(No symbol) [0x00007FF7E69EA812]
	(No symbol) [0x00007FF7E69DC1E0]
	(No symbol) [0x00007FF7E69A9617]
	(No symbol) [0x00007FF7E69AA211]
	GetHandleVerifier [0x00007FF7E6E494AD+3301629]
	GetHandleVerifier [0x00007FF7E6E936D3+3605283]
	GetHandleVerifier [0x00007FF7E6E89450+3563680]
	GetHandleVerifier [0x00007FF7E6BE4326+790390]
	(No symbol) [0x00007FF7E6AB750F]
	(No symbol) [0x00007FF7E6AB3404]
	(No symbol) [0x00007FF7E6AB3592]
	(No symbol) [0x00007FF7E6AA2F9F]
	BaseThreadInitThunk [0x00007FFBED37257D+29]
	RtlUserThreadStart [0x00007FFBEECEAA48+40]
"><![CDATA[Traceback (most recent call last):
  File "c:\Users\luist\repos\Automatizaciones-SILOHUB-\EntregasPendApli.py", line 226, in tearDown
    self.driver.close()
  File "C:\Users\luist\AppData\Roaming\Python\Python310\site-packages\selenium\webdriver\remote\webdriver.py", line 459, in close
    self.execute(Command.CLOSE)
  File "C:\Users\luist\AppData\Roaming\Python\Python310\site-packages\selenium\webdriver\remote\webdriver.py", line 348, in execute
    self.error_handler.check_response(response)
  File "C:\Users\luist\AppData\Roaming\Python\Python310\site-packages\selenium\webdriver\remote\errorhandler.py", line 229, in check_response
    raise exception_class(message, screen, stacktrace)
selenium.common.exceptions.NoSuchWindowException: Message: no such window: target window already closed
from unknown error: web view not found
  (Session info: chrome=125.0.6422.144)
Stacktrace:
	GetHandleVerifier [0x00007FF7E6B31F52+60322]
	(No symbol) [0x00007FF7E6AACEC9]
	(No symbol) [0x00007FF7E6967EBA]
	(No symbol) [0x00007FF7E693D5A5]
	(No symbol) [0x00007FF7E69E36B7]
	(No symbol) [0x00007FF7E69EA812]
	(No symbol) [0x00007FF7E69DC1E0]
	(No symbol) [0x00007FF7E69A9617]
	(No symbol) [0x00007FF7E69AA211]
	GetHandleVerifier [0x00007FF7E6E494AD+3301629]
	GetHandleVerifier [0x00007FF7E6E936D3+3605283]
	GetHandleVerifier [0x00007FF7E6E89450+3563680]
	GetHandleVerifier [0x00007FF7E6BE4326+790390]
	(No symbol) [0x00007FF7E6AB750F]
	(No symbol) [0x00007FF7E6AB3404]
	(No symbol) [0x00007FF7E6AB3592]
	(No symbol) [0x00007FF7E6AA2F9F]
	BaseThreadInitThunk [0x00007FFBED37257D+29]
	RtlUserThreadStart [0x00007FFBEECEAA48+40]

]]></error>
		<system-out><![CDATA[El texto encontrado es  MIS ENTREGAS
¡Elemento encontrado y clickeado 1 veces con éxito!
¡Elemento encontrado y clickeado 10 veces con éxito!
El texto no coincide con los valores esperados. Texto actual: ''
El texto no coincide con los valores esperados. Texto actual: ''
Tiempo de espera agotado. El elemento no está presente o no es clickeable.
Tiempo de espera agotado. El elemento no está presente o no es clickeable.
Tiempo de espera agotado. El elemento no está presente o no es clickeable.
]]></system-out>
	</testcase>
</testsuite>
