<?xml version="1.0" encoding="UTF-8"?>
<testsuite name="reportUsuarios-20241101152244" tests="2" file=".py" time="27.807" timestamp="2024-11-01T15:23:12" failures="0" errors="2" skipped="0">
	<testcase classname="reportUsuarios" name="test_Report_user" time="0.000" timestamp="0001-01-01T00:00:00" file="ReportUsuario.py" line="16">
		<error type="NoSuchWindowException" message="Message: no such window: target window already closed
from unknown error: web view not found
  (Session info: chrome=130.0.6723.92)
Stacktrace:
	GetHandleVerifier [0x00007FF62F593AF5+28005]
	(No symbol) [0x00007FF62F4F83F0]
	(No symbol) [0x00007FF62F39580A]
	(No symbol) [0x00007FF62F36FA85]
	(No symbol) [0x00007FF62F412AD7]
	(No symbol) [0x00007FF62F42B1B1]
	(No symbol) [0x00007FF62F40B7E3]
	(No symbol) [0x00007FF62F3D75C8]
	(No symbol) [0x00007FF62F3D8731]
	GetHandleVerifier [0x00007FF62F88646D+3118813]
	GetHandleVerifier [0x00007FF62F8D6CC0+3448624]
	GetHandleVerifier [0x00007FF62F8CCF3D+3408301]
	GetHandleVerifier [0x00007FF62F65A44B+841403]
	(No symbol) [0x00007FF62F50344F]
	(No symbol) [0x00007FF62F4FF4C4]
	(No symbol) [0x00007FF62F4FF65D]
	(No symbol) [0x00007FF62F4EEBB9]
	BaseThreadInitThunk [0x00007FF8AAC1257D+29]
	RtlUserThreadStart [0x00007FF8ABB0AF08+40]
"><![CDATA[Traceback (most recent call last):
  File "c:\Users\luist\repos\Automatizaciones_M-dulos-\ReportUsuario.py", line 20, in test_Report_user
    self.login_helper.search_and_select_account("1023")
  File "c:\Users\luist\repos\Automatizaciones_M-dulos-\loginhelper.py", line 24, in search_and_select_account
    input_element = find_element_by_id(self.driver, "search-options")
  File "c:\Users\luist\repos\Automatizaciones_M-dulos-\findElements.py", line 10, in find_element_by_id
    return WebDriverWait(driver, 10).until(EC.presence_of_element_located((By.ID, id)))
  File "C:\Users\luist\AppData\Roaming\Python\Python310\site-packages\selenium\webdriver\support\wait.py", line 96, in until
    value = method(self._driver)
  File "C:\Users\luist\AppData\Roaming\Python\Python310\site-packages\selenium\webdriver\support\expected_conditions.py", line 84, in _predicate
    return driver.find_element(*locator)
  File "C:\Users\luist\AppData\Roaming\Python\Python310\site-packages\selenium\webdriver\remote\webdriver.py", line 748, in find_element
    return self.execute(Command.FIND_ELEMENT, {"using": by, "value": value})["value"]
  File "C:\Users\luist\AppData\Roaming\Python\Python310\site-packages\selenium\webdriver\remote\webdriver.py", line 354, in execute
    self.error_handler.check_response(response)
  File "C:\Users\luist\AppData\Roaming\Python\Python310\site-packages\selenium\webdriver\remote\errorhandler.py", line 229, in check_response
    raise exception_class(message, screen, stacktrace)
selenium.common.exceptions.NoSuchWindowException: Message: no such window: target window already closed
from unknown error: web view not found
  (Session info: chrome=130.0.6723.92)
Stacktrace:
	GetHandleVerifier [0x00007FF62F593AF5+28005]
	(No symbol) [0x00007FF62F4F83F0]
	(No symbol) [0x00007FF62F39580A]
	(No symbol) [0x00007FF62F36FA85]
	(No symbol) [0x00007FF62F412AD7]
	(No symbol) [0x00007FF62F42B1B1]
	(No symbol) [0x00007FF62F40B7E3]
	(No symbol) [0x00007FF62F3D75C8]
	(No symbol) [0x00007FF62F3D8731]
	GetHandleVerifier [0x00007FF62F88646D+3118813]
	GetHandleVerifier [0x00007FF62F8D6CC0+3448624]
	GetHandleVerifier [0x00007FF62F8CCF3D+3408301]
	GetHandleVerifier [0x00007FF62F65A44B+841403]
	(No symbol) [0x00007FF62F50344F]
	(No symbol) [0x00007FF62F4FF4C4]
	(No symbol) [0x00007FF62F4FF65D]
	(No symbol) [0x00007FF62F4EEBB9]
	BaseThreadInitThunk [0x00007FF8AAC1257D+29]
	RtlUserThreadStart [0x00007FF8ABB0AF08+40]

]]></error>
	</testcase>
	<testcase classname="reportUsuarios" name="test_Report_user" time="27.807" timestamp="2024-11-01T15:23:12" file="ReportUsuario.py" line="16">
		<error type="WebDriverException" message="Message: disconnected: not connected to DevTools
  (failed to check if window was closed: disconnected: not connected to DevTools)
  (Session info: chrome=130.0.6723.92)
Stacktrace:
	GetHandleVerifier [0x00007FF62F593AF5+28005]
	(No symbol) [0x00007FF62F4F83F0]
	(No symbol) [0x00007FF62F39580A]
	(No symbol) [0x00007FF62F380B06]
	(No symbol) [0x00007FF62F381FCF]
	(No symbol) [0x00007FF62F395E23]
	(No symbol) [0x00007FF62F36F55D]
	(No symbol) [0x00007FF62F419CE9]
	(No symbol) [0x00007FF62F40BA00]
	(No symbol) [0x00007FF62F3D75C8]
	(No symbol) [0x00007FF62F3D8731]
	GetHandleVerifier [0x00007FF62F88646D+3118813]
	GetHandleVerifier [0x00007FF62F8D6CC0+3448624]
	GetHandleVerifier [0x00007FF62F8CCF3D+3408301]
	GetHandleVerifier [0x00007FF62F65A44B+841403]
	(No symbol) [0x00007FF62F50344F]
	(No symbol) [0x00007FF62F4FF4C4]
	(No symbol) [0x00007FF62F4FF65D]
	(No symbol) [0x00007FF62F4EEBB9]
	BaseThreadInitThunk [0x00007FF8AAC1257D+29]
	RtlUserThreadStart [0x00007FF8ABB0AF08+40]
"><![CDATA[Traceback (most recent call last):
  File "c:\Users\luist\repos\Automatizaciones_M-dulos-\ReportUsuario.py", line 124, in tearDown
    self.driver.close()
  File "C:\Users\luist\AppData\Roaming\Python\Python310\site-packages\selenium\webdriver\remote\webdriver.py", line 465, in close
    self.execute(Command.CLOSE)
  File "C:\Users\luist\AppData\Roaming\Python\Python310\site-packages\selenium\webdriver\remote\webdriver.py", line 354, in execute
    self.error_handler.check_response(response)
  File "C:\Users\luist\AppData\Roaming\Python\Python310\site-packages\selenium\webdriver\remote\errorhandler.py", line 229, in check_response
    raise exception_class(message, screen, stacktrace)
selenium.common.exceptions.WebDriverException: Message: disconnected: not connected to DevTools
  (failed to check if window was closed: disconnected: not connected to DevTools)
  (Session info: chrome=130.0.6723.92)
Stacktrace:
	GetHandleVerifier [0x00007FF62F593AF5+28005]
	(No symbol) [0x00007FF62F4F83F0]
	(No symbol) [0x00007FF62F39580A]
	(No symbol) [0x00007FF62F380B06]
	(No symbol) [0x00007FF62F381FCF]
	(No symbol) [0x00007FF62F395E23]
	(No symbol) [0x00007FF62F36F55D]
	(No symbol) [0x00007FF62F419CE9]
	(No symbol) [0x00007FF62F40BA00]
	(No symbol) [0x00007FF62F3D75C8]
	(No symbol) [0x00007FF62F3D8731]
	GetHandleVerifier [0x00007FF62F88646D+3118813]
	GetHandleVerifier [0x00007FF62F8D6CC0+3448624]
	GetHandleVerifier [0x00007FF62F8CCF3D+3408301]
	GetHandleVerifier [0x00007FF62F65A44B+841403]
	(No symbol) [0x00007FF62F50344F]
	(No symbol) [0x00007FF62F4FF4C4]
	(No symbol) [0x00007FF62F4FF65D]
	(No symbol) [0x00007FF62F4EEBB9]
	BaseThreadInitThunk [0x00007FF8AAC1257D+29]
	RtlUserThreadStart [0x00007FF8ABB0AF08+40]

]]></error>
	</testcase>
</testsuite>
