<?xml version="1.0" encoding="UTF-8"?>
<testsuite name="logistOperPrimarias-20240710112932" tests="1" file=".py" time="24.157" timestamp="2024-07-10T11:29:56" failures="0" errors="1" skipped="0">
	<testcase classname="logistOperPrimarias" name="test_Logistics_primary" time="24.157" timestamp="2024-07-10T11:29:56" file="logistOperPrimarias.py" line="20">
		<error type="AttributeError" message="'NoneType' object has no attribute 'is_displayed'"><![CDATA[Traceback (most recent call last):
  File "c:\Users\luist\repos\Automatizaciones-SILOHUB-\logistOperPrimarias.py", line 35, in test_Logistics_primary
    find_elements(self.driver, quota_request )
  File "c:\Users\luist\repos\Automatizaciones-SILOHUB-\Elements.py", line 19, in find_elements
    select_nex_button = WebDriverWait(driver, 10).until(
  File "C:\Users\luist\AppData\Roaming\Python\Python310\site-packages\selenium\webdriver\support\wait.py", line 96, in until
    value = method(self._driver)
  File "C:\Users\luist\AppData\Roaming\Python\Python310\site-packages\selenium\webdriver\support\expected_conditions.py", line 364, in _predicate
    element = visibility_of(target)(driver)
  File "C:\Users\luist\AppData\Roaming\Python\Python310\site-packages\selenium\webdriver\support\expected_conditions.py", line 173, in _predicate
    return _element_if_visible(element)
  File "C:\Users\luist\AppData\Roaming\Python\Python310\site-packages\selenium\webdriver\support\expected_conditions.py", line 179, in _element_if_visible
    return element if element.is_displayed() == visibility else False
AttributeError: 'NoneType' object has no attribute 'is_displayed'
]]></error>
	</testcase>
</testsuite>
