<?xml version="1.0" encoding="UTF-8"?>
<testsuite name="comprobanteContrato-20240405095703" tests="1" file=".py" time="50.331" timestamp="2024-04-05T09:57:54" failures="0" errors="1" skipped="0">
	<testcase classname="comprobanteContrato" name="test_comprobante_contrato" time="50.331" timestamp="2024-04-05T09:57:54" file="ComproContratos.py" line="22">
		<error type="StaleElementReferenceException" message="Message: stale element reference: stale element not found in the current frame
  (Session info: chrome=123.0.6312.105); For documentation on this error, please visit: https://www.selenium.dev/documentation/webdriver/troubleshooting/errors#stale-element-reference-exception
Stacktrace:
	GetHandleVerifier [0x00007FF7D06B7072+63090]
	(No symbol) [0x00007FF7D0622CC2]
	(No symbol) [0x00007FF7D04BEC65]
	(No symbol) [0x00007FF7D04C3D21]
	(No symbol) [0x00007FF7D04C6159]
	(No symbol) [0x00007FF7D04C6200]
	(No symbol) [0x00007FF7D04FFE1B]
	(No symbol) [0x00007FF7D0526FDA]
	(No symbol) [0x00007FF7D04FA00A]
	(No symbol) [0x00007FF7D05271F0]
	(No symbol) [0x00007FF7D0543412]
	(No symbol) [0x00007FF7D0526D83]
	(No symbol) [0x00007FF7D04F83A8]
	(No symbol) [0x00007FF7D04F9441]
	GetHandleVerifier [0x00007FF7D0AB25CD+4238285]
	GetHandleVerifier [0x00007FF7D0AEF72D+4488493]
	GetHandleVerifier [0x00007FF7D0AE7A0F+4456463]
	GetHandleVerifier [0x00007FF7D07905B6+953270]
	(No symbol) [0x00007FF7D062E58F]
	(No symbol) [0x00007FF7D0629264]
	(No symbol) [0x00007FF7D062939B]
	(No symbol) [0x00007FF7D0619BD4]
	BaseThreadInitThunk [0x00007FF9A544257D+29]
	RtlUserThreadStart [0x00007FF9A6D0AA58+40]
"><![CDATA[Traceback (most recent call last):
  File "c:\Users\luist\repos\Automatizaciones-SILOHUB-\ComproContratos.py", line 126, in test_comprobante_contrato
    validate_text(self.driver, messager_popup,  messager_popup_expected )
  File "c:\Users\luist\repos\Automatizaciones-SILOHUB-\Elements.py", line 455, in validate_text
    valor = elemento.text
  File "C:\Users\luist\AppData\Roaming\Python\Python310\site-packages\selenium\webdriver\remote\webelement.py", line 90, in text
    return self._execute(Command.GET_ELEMENT_TEXT)["value"]
  File "C:\Users\luist\AppData\Roaming\Python\Python310\site-packages\selenium\webdriver\remote\webelement.py", line 395, in _execute
    return self._parent.execute(command, params)
  File "C:\Users\luist\AppData\Roaming\Python\Python310\site-packages\selenium\webdriver\remote\webdriver.py", line 348, in execute
    self.error_handler.check_response(response)
  File "C:\Users\luist\AppData\Roaming\Python\Python310\site-packages\selenium\webdriver\remote\errorhandler.py", line 229, in check_response
    raise exception_class(message, screen, stacktrace)
selenium.common.exceptions.StaleElementReferenceException: Message: stale element reference: stale element not found in the current frame
  (Session info: chrome=123.0.6312.105); For documentation on this error, please visit: https://www.selenium.dev/documentation/webdriver/troubleshooting/errors#stale-element-reference-exception
Stacktrace:
	GetHandleVerifier [0x00007FF7D06B7072+63090]
	(No symbol) [0x00007FF7D0622CC2]
	(No symbol) [0x00007FF7D04BEC65]
	(No symbol) [0x00007FF7D04C3D21]
	(No symbol) [0x00007FF7D04C6159]
	(No symbol) [0x00007FF7D04C6200]
	(No symbol) [0x00007FF7D04FFE1B]
	(No symbol) [0x00007FF7D0526FDA]
	(No symbol) [0x00007FF7D04FA00A]
	(No symbol) [0x00007FF7D05271F0]
	(No symbol) [0x00007FF7D0543412]
	(No symbol) [0x00007FF7D0526D83]
	(No symbol) [0x00007FF7D04F83A8]
	(No symbol) [0x00007FF7D04F9441]
	GetHandleVerifier [0x00007FF7D0AB25CD+4238285]
	GetHandleVerifier [0x00007FF7D0AEF72D+4488493]
	GetHandleVerifier [0x00007FF7D0AE7A0F+4456463]
	GetHandleVerifier [0x00007FF7D07905B6+953270]
	(No symbol) [0x00007FF7D062E58F]
	(No symbol) [0x00007FF7D0629264]
	(No symbol) [0x00007FF7D062939B]
	(No symbol) [0x00007FF7D0619BD4]
	BaseThreadInitThunk [0x00007FF9A544257D+29]
	RtlUserThreadStart [0x00007FF9A6D0AA58+40]

]]></error>
		<system-out><![CDATA[¡Elemento encontrado y clickeado con éxito!
¡Elemento encontrado y clickeado con éxito!
El texto encontrado es  COMPROBANTES
¡Elemento encontrado y clickeado con éxito!
¡Elemento encontrado y clickeado con éxito!
¡Elemento encontrado y clickeado con éxito!
¡Elemento encontrado y clickeado 3 veces con éxito!
¡Elemento encontrado y clickeado con éxito!
¡Elemento encontrado y clickeado 1 veces con éxito!
¡Elemento encontrado y clickeado con éxito!
¡Elemento encontrado y clickeado con éxito!
El texto encontrado es  Mis Comprobantes
¡Elemento encontrado y clickeado con éxito!
El texto no fue encontrado VC 0001 00125165
El texto no fue encontrado VT 0001 00125179
¡Elemento encontrado y clickeado con éxito!
¡Elemento encontrado y clickeado con éxito!
]]></system-out>
	</testcase>
</testsuite>
