<?xml version="1.0" encoding="UTF-8"?>
<testsuite name="comprobanteContrato-20240209122423" tests="2" file=".py" time="80.023" timestamp="2024-02-09T12:25:43" failures="0" errors="2" skipped="0">
	<testcase classname="comprobanteContrato" name="test_vouchers_contract" time="0.000" timestamp="0001-01-01T00:00:00" file="comproContratos.py" line="16">
		<error type="AttributeError" message="'NoneType' object has no attribute 'is_displayed'"><![CDATA[Traceback (most recent call last):
  File "c:\Users\luist\repos\Automatizaciones-SILOHUB-\comproContratos.py", line 88, in test_vouchers_contract
    find_elements_css_selector(self.driver, select_contract_list1)
  File "c:\Users\luist\repos\Automatizaciones-SILOHUB-\Elements.py", line 25, in find_elements_css_selector
    select_nex_button = WebDriverWait(driver, 10).until(
  File "C:\Users\luist\AppData\Roaming\Python\Python310\site-packages\selenium\webdriver\support\wait.py", line 96, in until
    value = method(self._driver)
  File "C:\Users\luist\AppData\Roaming\Python\Python310\site-packages\selenium\webdriver\support\expected_conditions.py", line 364, in _predicate
    element = visibility_of(target)(driver)
  File "C:\Users\luist\AppData\Roaming\Python\Python310\site-packages\selenium\webdriver\support\expected_conditions.py", line 173, in _predicate
    return _element_if_visible(element)
  File "C:\Users\luist\AppData\Roaming\Python\Python310\site-packages\selenium\webdriver\support\expected_conditions.py", line 179, in _element_if_visible
    return element if element.is_displayed() == visibility else False
AttributeError: 'NoneType' object has no attribute 'is_displayed'
]]></error>
		<system-out><![CDATA[¡Elemento encontrado y clickeado con éxito!
¡Elemento encontrado y clickeado con éxito!
El texto encontrado es  COMPROBANTES
¡Elemento encontrado y clickeado con éxito!
¡Elemento encontrado y clickeado con éxito!
¡Elemento encontrado y clickeado con éxito!
¡Elemento encontrado y clickeado 1 veces con éxito!
¡Elemento encontrado y clickeado con éxito!
¡Elemento encontrado y clickeado 1 veces con éxito!
¡Elemento encontrado y clickeado con éxito!
¡Elemento encontrado y clickeado con éxito!
Tiempo de espera agotado. El texto por xpaht no está presente.
]]></system-out>
	</testcase>
	<testcase classname="comprobanteContrato" name="test_vouchers_contract" time="80.023" timestamp="2024-02-09T12:25:43" file="comproContratos.py" line="16">
		<error type="WebDriverException" message="Message: disconnected: Unable to receive message from renderer
  (failed to check if window was closed: disconnected: not connected to DevTools)
  (Session info: chrome=121.0.6167.161)
Stacktrace:
	GetHandleVerifier [0x00007FF6CCC95E42+3538674]
	(No symbol) [0x00007FF6CC8B4C02]
	(No symbol) [0x00007FF6CC765AEB]
	(No symbol) [0x00007FF6CC752FE8]
	(No symbol) [0x00007FF6CC7513A5]
	(No symbol) [0x00007FF6CC751E5F]
	(No symbol) [0x00007FF6CC766075]
	(No symbol) [0x00007FF6CC74234F]
	(No symbol) [0x00007FF6CC7DC451]
	(No symbol) [0x00007FF6CC7CF070]
	(No symbol) [0x00007FF6CC79F514]
	(No symbol) [0x00007FF6CC7A0631]
	GetHandleVerifier [0x00007FF6CCCC6CAD+3738973]
	GetHandleVerifier [0x00007FF6CCD1C506+4089270]
	GetHandleVerifier [0x00007FF6CCD14823+4057299]
	GetHandleVerifier [0x00007FF6CC9E5C49+720121]
	(No symbol) [0x00007FF6CC8C126F]
	(No symbol) [0x00007FF6CC8BC304]
	(No symbol) [0x00007FF6CC8BC432]
	(No symbol) [0x00007FF6CC8ABD04]
	BaseThreadInitThunk [0x00007FF95784257D+29]
	RtlUserThreadStart [0x00007FF95830AA58+40]
"><![CDATA[Traceback (most recent call last):
  File "c:\Users\luist\repos\Automatizaciones-SILOHUB-\comproContratos.py", line 135, in tearDown
    self.driver.close()
  File "C:\Users\luist\AppData\Roaming\Python\Python310\site-packages\selenium\webdriver\remote\webdriver.py", line 459, in close
    self.execute(Command.CLOSE)
  File "C:\Users\luist\AppData\Roaming\Python\Python310\site-packages\selenium\webdriver\remote\webdriver.py", line 348, in execute
    self.error_handler.check_response(response)
  File "C:\Users\luist\AppData\Roaming\Python\Python310\site-packages\selenium\webdriver\remote\errorhandler.py", line 229, in check_response
    raise exception_class(message, screen, stacktrace)
selenium.common.exceptions.WebDriverException: Message: disconnected: Unable to receive message from renderer
  (failed to check if window was closed: disconnected: not connected to DevTools)
  (Session info: chrome=121.0.6167.161)
Stacktrace:
	GetHandleVerifier [0x00007FF6CCC95E42+3538674]
	(No symbol) [0x00007FF6CC8B4C02]
	(No symbol) [0x00007FF6CC765AEB]
	(No symbol) [0x00007FF6CC752FE8]
	(No symbol) [0x00007FF6CC7513A5]
	(No symbol) [0x00007FF6CC751E5F]
	(No symbol) [0x00007FF6CC766075]
	(No symbol) [0x00007FF6CC74234F]
	(No symbol) [0x00007FF6CC7DC451]
	(No symbol) [0x00007FF6CC7CF070]
	(No symbol) [0x00007FF6CC79F514]
	(No symbol) [0x00007FF6CC7A0631]
	GetHandleVerifier [0x00007FF6CCCC6CAD+3738973]
	GetHandleVerifier [0x00007FF6CCD1C506+4089270]
	GetHandleVerifier [0x00007FF6CCD14823+4057299]
	GetHandleVerifier [0x00007FF6CC9E5C49+720121]
	(No symbol) [0x00007FF6CC8C126F]
	(No symbol) [0x00007FF6CC8BC304]
	(No symbol) [0x00007FF6CC8BC432]
	(No symbol) [0x00007FF6CC8ABD04]
	BaseThreadInitThunk [0x00007FF95784257D+29]
	RtlUserThreadStart [0x00007FF95830AA58+40]

]]></error>
		<system-out><![CDATA[¡Elemento encontrado y clickeado con éxito!
¡Elemento encontrado y clickeado con éxito!
El texto encontrado es  COMPROBANTES
¡Elemento encontrado y clickeado con éxito!
¡Elemento encontrado y clickeado con éxito!
¡Elemento encontrado y clickeado con éxito!
¡Elemento encontrado y clickeado 1 veces con éxito!
¡Elemento encontrado y clickeado con éxito!
¡Elemento encontrado y clickeado 1 veces con éxito!
¡Elemento encontrado y clickeado con éxito!
¡Elemento encontrado y clickeado con éxito!
Tiempo de espera agotado. El texto por xpaht no está presente.
]]></system-out>
	</testcase>
</testsuite>
