<?xml version="1.0" encoding="UTF-8"?>
<testsuite name="cuenta_mercaderia_facturarV2-20241030125546" tests="2" file=".py" time="58.500" timestamp="2024-10-30T12:56:45" failures="0" errors="2" skipped="0">
	<testcase classname="cuenta_mercaderia_facturarV2" name="test_mercaderia_facturarV2" time="0.000" timestamp="0001-01-01T00:00:00" file="ReportMerFactV2.py" line="20">
		<error type="AttributeError" message="'NoneType' object has no attribute 'is_displayed'"><![CDATA[Traceback (most recent call last):
  File "c:\Users\luist\repos\Automatizaciones_M-dulos-\ReportMerFactV2.py", line 59, in test_mercaderia_facturarV2
    find_elements(self.driver, select_date2 )
  File "c:\Users\luist\repos\Automatizaciones_M-dulos-\Elements.py", line 19, in find_elements
    select_nex_button = WebDriverWait(driver, 10).until(
  File "C:\Users\luist\AppData\Roaming\Python\Python310\site-packages\selenium\webdriver\support\wait.py", line 96, in until
    value = method(self._driver)
  File "C:\Users\luist\AppData\Roaming\Python\Python310\site-packages\selenium\webdriver\support\expected_conditions.py", line 364, in _predicate
    element = visibility_of(target)(driver)
  File "C:\Users\luist\AppData\Roaming\Python\Python310\site-packages\selenium\webdriver\support\expected_conditions.py", line 173, in _predicate
    return _element_if_visible(element)
  File "C:\Users\luist\AppData\Roaming\Python\Python310\site-packages\selenium\webdriver\support\expected_conditions.py", line 179, in _element_if_visible
    return element if element.is_displayed() == visibility else False
AttributeError: 'NoneType' object has no attribute 'is_displayed'
]]></error>
		<system-out><![CDATA[Tiempo de espera agotado. El elemento no está presente o no es clickeable.
Tiempo de espera agotado. El elemento no está presente o no es clickeable.
Tiempo de espera agotado. El elemento no está presente o no es clickeable.
]]></system-out>
	</testcase>
	<testcase classname="cuenta_mercaderia_facturarV2" name="test_mercaderia_facturarV2" time="58.500" timestamp="2024-10-30T12:56:45" file="ReportMerFactV2.py" line="20">
		<error type="NoSuchWindowException" message="Message: no such window: target window already closed
from unknown error: web view not found
  (Session info: chrome=130.0.6723.91)
Stacktrace:
	GetHandleVerifier [0x00007FF7F5BA3AF5+28005]
	(No symbol) [0x00007FF7F5B083F0]
	(No symbol) [0x00007FF7F59A580A]
	(No symbol) [0x00007FF7F597FA85]
	(No symbol) [0x00007FF7F5A22AD7]
	(No symbol) [0x00007FF7F5A29D48]
	(No symbol) [0x00007FF7F5A1BA00]
	(No symbol) [0x00007FF7F59E75C8]
	(No symbol) [0x00007FF7F59E8731]
	GetHandleVerifier [0x00007FF7F5E9646D+3118813]
	GetHandleVerifier [0x00007FF7F5EE6CC0+3448624]
	GetHandleVerifier [0x00007FF7F5EDCF3D+3408301]
	GetHandleVerifier [0x00007FF7F5C6A44B+841403]
	(No symbol) [0x00007FF7F5B1344F]
	(No symbol) [0x00007FF7F5B0F4C4]
	(No symbol) [0x00007FF7F5B0F65D]
	(No symbol) [0x00007FF7F5AFEBB9]
	BaseThreadInitThunk [0x00007FF8AAC1257D+29]
	RtlUserThreadStart [0x00007FF8ABB0AF08+40]
"><![CDATA[Traceback (most recent call last):
  File "c:\Users\luist\repos\Automatizaciones_M-dulos-\ReportMerFactV2.py", line 209, in tearDown
    self.driver.close()
  File "C:\Users\luist\AppData\Roaming\Python\Python310\site-packages\selenium\webdriver\remote\webdriver.py", line 465, in close
    self.execute(Command.CLOSE)
  File "C:\Users\luist\AppData\Roaming\Python\Python310\site-packages\selenium\webdriver\remote\webdriver.py", line 354, in execute
    self.error_handler.check_response(response)
  File "C:\Users\luist\AppData\Roaming\Python\Python310\site-packages\selenium\webdriver\remote\errorhandler.py", line 229, in check_response
    raise exception_class(message, screen, stacktrace)
selenium.common.exceptions.NoSuchWindowException: Message: no such window: target window already closed
from unknown error: web view not found
  (Session info: chrome=130.0.6723.91)
Stacktrace:
	GetHandleVerifier [0x00007FF7F5BA3AF5+28005]
	(No symbol) [0x00007FF7F5B083F0]
	(No symbol) [0x00007FF7F59A580A]
	(No symbol) [0x00007FF7F597FA85]
	(No symbol) [0x00007FF7F5A22AD7]
	(No symbol) [0x00007FF7F5A29D48]
	(No symbol) [0x00007FF7F5A1BA00]
	(No symbol) [0x00007FF7F59E75C8]
	(No symbol) [0x00007FF7F59E8731]
	GetHandleVerifier [0x00007FF7F5E9646D+3118813]
	GetHandleVerifier [0x00007FF7F5EE6CC0+3448624]
	GetHandleVerifier [0x00007FF7F5EDCF3D+3408301]
	GetHandleVerifier [0x00007FF7F5C6A44B+841403]
	(No symbol) [0x00007FF7F5B1344F]
	(No symbol) [0x00007FF7F5B0F4C4]
	(No symbol) [0x00007FF7F5B0F65D]
	(No symbol) [0x00007FF7F5AFEBB9]
	BaseThreadInitThunk [0x00007FF8AAC1257D+29]
	RtlUserThreadStart [0x00007FF8ABB0AF08+40]

]]></error>
		<system-out><![CDATA[Tiempo de espera agotado. El elemento no está presente o no es clickeable.
Tiempo de espera agotado. El elemento no está presente o no es clickeable.
Tiempo de espera agotado. El elemento no está presente o no es clickeable.
]]></system-out>
	</testcase>
</testsuite>
