<?xml version="1.0" encoding="UTF-8"?>
<testsuite name="entregas_pend_AplicadasV2-20241024125412" tests="1" file=".py" time="78.013" timestamp="2024-10-24T12:55:30" failures="0" errors="1" skipped="0">
	<testcase classname="entregas_pend_AplicadasV2" name="test_delivery_earrings" time="78.013" timestamp="2024-10-24T12:55:30" file="EntregasPendApliV2.py" line="23">
		<error type="NoSuchElementException" message="Message: no such element: Unable to locate element: {&quot;method&quot;:&quot;xpath&quot;,&quot;selector&quot;:&quot;/html/body/app-root/app-layout/app-vertical/div/div/div/div/app-deliveries/app-deliveries-shared/app-header-for-responsive-table/div/div/div[1]/div/div[1]/app-totalizer/div/div/div[2]/div[2]/span[1]&quot;}
  (Session info: chrome=130.0.6723.59); For documentation on this error, please visit: https://www.selenium.dev/documentation/webdriver/troubleshooting/errors#no-such-element-exception
Stacktrace:
	GetHandleVerifier [0x00007FF72DB63AB5+28005]
	(No symbol) [0x00007FF72DAC83B0]
	(No symbol) [0x00007FF72D96580A]
	(No symbol) [0x00007FF72D9B5A3E]
	(No symbol) [0x00007FF72D9B5D2C]
	(No symbol) [0x00007FF72D9FEA97]
	(No symbol) [0x00007FF72D9DBA7F]
	(No symbol) [0x00007FF72D9FB8B3]
	(No symbol) [0x00007FF72D9DB7E3]
	(No symbol) [0x00007FF72D9A75C8]
	(No symbol) [0x00007FF72D9A8731]
	GetHandleVerifier [0x00007FF72DE5643D+3118829]
	GetHandleVerifier [0x00007FF72DEA6C90+3448640]
	GetHandleVerifier [0x00007FF72DE9CF0D+3408317]
	GetHandleVerifier [0x00007FF72DC2A40B+841403]
	(No symbol) [0x00007FF72DAD340F]
	(No symbol) [0x00007FF72DACF484]
	(No symbol) [0x00007FF72DACF61D]
	(No symbol) [0x00007FF72DABEB79]
	BaseThreadInitThunk [0x00007FF8AAC1257D+29]
	RtlUserThreadStart [0x00007FF8ABB0AF08+40]
"><![CDATA[Traceback (most recent call last):
  File "c:\Users\luist\repos\Automatizaciones_M-dulos-\EntregasPendApliV2.py", line 105, in test_delivery_earrings
    validate_character_numeric_element(self.driver, tn_bruto)
  File "c:\Users\luist\repos\Automatizaciones_M-dulos-\Elements.py", line 1159, in validate_character_numeric_element
    elemento = driver.find_element(By.XPATH, xpath)
  File "C:\Users\luist\AppData\Roaming\Python\Python310\site-packages\selenium\webdriver\remote\webdriver.py", line 748, in find_element
    return self.execute(Command.FIND_ELEMENT, {"using": by, "value": value})["value"]
  File "C:\Users\luist\AppData\Roaming\Python\Python310\site-packages\selenium\webdriver\remote\webdriver.py", line 354, in execute
    self.error_handler.check_response(response)
  File "C:\Users\luist\AppData\Roaming\Python\Python310\site-packages\selenium\webdriver\remote\errorhandler.py", line 229, in check_response
    raise exception_class(message, screen, stacktrace)
selenium.common.exceptions.NoSuchElementException: Message: no such element: Unable to locate element: {"method":"xpath","selector":"/html/body/app-root/app-layout/app-vertical/div/div/div/div/app-deliveries/app-deliveries-shared/app-header-for-responsive-table/div/div/div[1]/div/div[1]/app-totalizer/div/div/div[2]/div[2]/span[1]"}
  (Session info: chrome=130.0.6723.59); For documentation on this error, please visit: https://www.selenium.dev/documentation/webdriver/troubleshooting/errors#no-such-element-exception
Stacktrace:
	GetHandleVerifier [0x00007FF72DB63AB5+28005]
	(No symbol) [0x00007FF72DAC83B0]
	(No symbol) [0x00007FF72D96580A]
	(No symbol) [0x00007FF72D9B5A3E]
	(No symbol) [0x00007FF72D9B5D2C]
	(No symbol) [0x00007FF72D9FEA97]
	(No symbol) [0x00007FF72D9DBA7F]
	(No symbol) [0x00007FF72D9FB8B3]
	(No symbol) [0x00007FF72D9DB7E3]
	(No symbol) [0x00007FF72D9A75C8]
	(No symbol) [0x00007FF72D9A8731]
	GetHandleVerifier [0x00007FF72DE5643D+3118829]
	GetHandleVerifier [0x00007FF72DEA6C90+3448640]
	GetHandleVerifier [0x00007FF72DE9CF0D+3408317]
	GetHandleVerifier [0x00007FF72DC2A40B+841403]
	(No symbol) [0x00007FF72DAD340F]
	(No symbol) [0x00007FF72DACF484]
	(No symbol) [0x00007FF72DACF61D]
	(No symbol) [0x00007FF72DABEB79]
	BaseThreadInitThunk [0x00007FF8AAC1257D+29]
	RtlUserThreadStart [0x00007FF8ABB0AF08+40]

]]></error>
		<system-out><![CDATA[El texto encontrado es  MIS ENTREGAS
¡Elemento encontrado y clickeado 2 veces con éxito!
¡Elemento encontrado y clickeado 3 veces con éxito!
]]></system-out>
	</testcase>
</testsuite>
