<?xml version="1.0" encoding="UTF-8"?>
<testsuite name="cta_cte_pesiFechaCompro-20241014112742" tests="1" file=".py" time="123.021" timestamp="2024-10-14T11:29:45" failures="0" errors="1" skipped="0">
	<testcase classname="cta_cte_pesiFechaCompro" name="test_ctacte_date_voucher" time="123.021" timestamp="2024-10-14T11:29:45" file="ctacte_pesifechacompro.py" line="18">
		<error type="NoSuchElementException" message="Message: Unable to locate element: /html/body/app-root/app-layout/app-vertical/div/div/div/div/app-current-account-detail/app-header-for-detail/div[1]/div; For documentation on this error, please visit: https://www.selenium.dev/documentation/webdriver/troubleshooting/errors#no-such-element-exception
Stacktrace:
RemoteError@chrome://remote/content/shared/RemoteError.sys.mjs:8:8
WebDriverError@chrome://remote/content/shared/webdriver/Errors.sys.mjs:193:5
NoSuchElementError@chrome://remote/content/shared/webdriver/Errors.sys.mjs:511:5
dom.find/&lt;/&lt;@chrome://remote/content/shared/DOM.sys.mjs:136:16
"><![CDATA[Traceback (most recent call last):
  File "c:\Users\luist\repos\Automatizaciones_M-dulos-\ctacte_pesifechacompro.py", line 127, in test_ctacte_date_voucher
    validate_character_string_element(self.driver,number_movements )
  File "c:\Users\luist\repos\Automatizaciones_M-dulos-\Elements2.py", line 28, in validate_character_string_element
    elemento = driver.find_element(By.XPATH, xpath)
  File "C:\Users\luist\AppData\Roaming\Python\Python310\site-packages\selenium\webdriver\remote\webdriver.py", line 748, in find_element
    return self.execute(Command.FIND_ELEMENT, {"using": by, "value": value})["value"]
  File "C:\Users\luist\AppData\Roaming\Python\Python310\site-packages\selenium\webdriver\remote\webdriver.py", line 354, in execute
    self.error_handler.check_response(response)
  File "C:\Users\luist\AppData\Roaming\Python\Python310\site-packages\selenium\webdriver\remote\errorhandler.py", line 229, in check_response
    raise exception_class(message, screen, stacktrace)
selenium.common.exceptions.NoSuchElementException: Message: Unable to locate element: /html/body/app-root/app-layout/app-vertical/div/div/div/div/app-current-account-detail/app-header-for-detail/div[1]/div; For documentation on this error, please visit: https://www.selenium.dev/documentation/webdriver/troubleshooting/errors#no-such-element-exception
Stacktrace:
RemoteError@chrome://remote/content/shared/RemoteError.sys.mjs:8:8
WebDriverError@chrome://remote/content/shared/webdriver/Errors.sys.mjs:193:5
NoSuchElementError@chrome://remote/content/shared/webdriver/Errors.sys.mjs:511:5
dom.find/</<@chrome://remote/content/shared/DOM.sys.mjs:136:16

]]></error>
		<system-out><![CDATA[El texto encontrado es  CUENTA PESIFICADA
El valor es un carácter numérico. Valor: -1.314.931.346,55
Tiempo de espera agotado. El elemento no está presente o no es clickeable.
El texto no fue encontrado CUENTA CORRIENTE
]]></system-out>
	</testcase>
</testsuite>
