<?xml version="1.0" encoding="UTF-8"?>
<testsuite name="cta_cte_apliApagar-20241009125848" tests="1" file=".py" time="40.026" timestamp="2024-10-09T12:59:28" failures="0" errors="1" skipped="0">
	<testcase classname="cta_cte_apliApagar" name="test_ctacte_apliApagar" time="40.026" timestamp="2024-10-09T12:59:28" file="ctacte_ApliApagar.py" line="18">
		<error type="TimeoutException" message="Message: 
Stacktrace:
	GetHandleVerifier [0x00007FF6B8A8B675+29573]
	(No symbol) [0x00007FF6B8A004A0]
	(No symbol) [0x00007FF6B88BB6EA]
	(No symbol) [0x00007FF6B890F815]
	(No symbol) [0x00007FF6B890FA6C]
	(No symbol) [0x00007FF6B895B917]
	(No symbol) [0x00007FF6B893733F]
	(No symbol) [0x00007FF6B89586BC]
	(No symbol) [0x00007FF6B89370A3]
	(No symbol) [0x00007FF6B89012DF]
	(No symbol) [0x00007FF6B8902441]
	GetHandleVerifier [0x00007FF6B8DBC5BD+3375821]
	GetHandleVerifier [0x00007FF6B8E079B7+3684039]
	GetHandleVerifier [0x00007FF6B8DFCDDB+3640043]
	GetHandleVerifier [0x00007FF6B8B4B7F6+816390]
	(No symbol) [0x00007FF6B8A0B7AF]
	(No symbol) [0x00007FF6B8A075D4]
	(No symbol) [0x00007FF6B8A07770]
	(No symbol) [0x00007FF6B89F65CF]
	BaseThreadInitThunk [0x00007FFFD2F3257D+29]
	RtlUserThreadStart [0x00007FFFD420AF08+40]
"><![CDATA[Traceback (most recent call last):
  File "c:\Users\luist\repos\Automatizaciones_M-dulos-\ctacte_ApliApagar.py", line 21, in test_ctacte_apliApagar
    self.login_helper.select_tenant()
  File "c:\Users\luist\repos\Automatizaciones_M-dulos-\loginhelper.py", line 18, in select_tenant
    select_tenant = find_element_by_xpath(self.driver, "/html/body/app-root/app-layout/app-vertical/div/div/div/div/app-home-main/div/div[1]/app-tenant-main/app-tenant[8]/div/div/img")
  File "c:\Users\luist\repos\Automatizaciones_M-dulos-\findElements.py", line 14, in find_element_by_xpath
    return WebDriverWait(driver, 10).until(EC.presence_of_element_located((By.XPATH, xpath)))
  File "C:\Users\luist\AppData\Roaming\Python\Python310\site-packages\selenium\webdriver\support\wait.py", line 105, in until
    raise TimeoutException(message, screen, stacktrace)
selenium.common.exceptions.TimeoutException: Message: 
Stacktrace:
	GetHandleVerifier [0x00007FF6B8A8B675+29573]
	(No symbol) [0x00007FF6B8A004A0]
	(No symbol) [0x00007FF6B88BB6EA]
	(No symbol) [0x00007FF6B890F815]
	(No symbol) [0x00007FF6B890FA6C]
	(No symbol) [0x00007FF6B895B917]
	(No symbol) [0x00007FF6B893733F]
	(No symbol) [0x00007FF6B89586BC]
	(No symbol) [0x00007FF6B89370A3]
	(No symbol) [0x00007FF6B89012DF]
	(No symbol) [0x00007FF6B8902441]
	GetHandleVerifier [0x00007FF6B8DBC5BD+3375821]
	GetHandleVerifier [0x00007FF6B8E079B7+3684039]
	GetHandleVerifier [0x00007FF6B8DFCDDB+3640043]
	GetHandleVerifier [0x00007FF6B8B4B7F6+816390]
	(No symbol) [0x00007FF6B8A0B7AF]
	(No symbol) [0x00007FF6B8A075D4]
	(No symbol) [0x00007FF6B8A07770]
	(No symbol) [0x00007FF6B89F65CF]
	BaseThreadInitThunk [0x00007FFFD2F3257D+29]
	RtlUserThreadStart [0x00007FFFD420AF08+40]

]]></error>
	</testcase>
</testsuite>
