<?xml version="1.0" encoding="UTF-8"?>
<testsuite name="reportMerRemitida-20241015102241" tests="1" file=".py" time="69.258" timestamp="2024-10-15T10:23:50" failures="0" errors="1" skipped="0">
	<testcase classname="reportMerRemitida" name="test_Report_MerFacturada" time="69.258" timestamp="2024-10-15T10:23:50" file="ReportMerRemitida.py" line="19">
		<error type="NoSuchElementException" message="Message: no such element: Unable to locate element: {&quot;method&quot;:&quot;xpath&quot;,&quot;selector&quot;:&quot;/html/body/app-root/app-layout/app-vertical/div/div/div/div/app-remitted-merchandise/app-responsive-table/div/div[2]/table/tbody/tr[1]/td[1]/span/span&quot;}
  (Session info: chrome=129.0.6668.100); For documentation on this error, please visit: https://www.selenium.dev/documentation/webdriver/troubleshooting/errors#no-such-element-exception
Stacktrace:
	GetHandleVerifier [0x00007FF7236FB095+29557]
	(No symbol) [0x00007FF72366FA50]
	(No symbol) [0x00007FF72352B56A]
	(No symbol) [0x00007FF72357F695]
	(No symbol) [0x00007FF72357F8EC]
	(No symbol) [0x00007FF7235CB777]
	(No symbol) [0x00007FF7235A71CF]
	(No symbol) [0x00007FF7235C851C]
	(No symbol) [0x00007FF7235A6F33]
	(No symbol) [0x00007FF72357116F]
	(No symbol) [0x00007FF7235722D1]
	GetHandleVerifier [0x00007FF723A2C96D+3378253]
	GetHandleVerifier [0x00007FF723A78497+3688311]
	GetHandleVerifier [0x00007FF723A6D1CB+3642539]
	GetHandleVerifier [0x00007FF7237BA6B6+813462]
	(No symbol) [0x00007FF72367AB5F]
	(No symbol) [0x00007FF723676B74]
	(No symbol) [0x00007FF723676D10]
	(No symbol) [0x00007FF723665C1F]
	BaseThreadInitThunk [0x00007FF92EF0257D+29]
	RtlUserThreadStart [0x00007FF93006AF08+40]
"><![CDATA[Traceback (most recent call last):
  File "c:\Users\luist\repos\Automatizaciones_M-dulos-\ReportMerRemitida.py", line 82, in test_Report_MerFacturada
    validate_character_string_element(self.driver,date_movements)
  File "c:\Users\luist\repos\Automatizaciones_M-dulos-\Elements2.py", line 30, in validate_character_string_element
    elemento = driver.find_element(By.XPATH, xpath)
  File "C:\Users\luist\AppData\Roaming\Python\Python310\site-packages\selenium\webdriver\remote\webdriver.py", line 748, in find_element
    return self.execute(Command.FIND_ELEMENT, {"using": by, "value": value})["value"]
  File "C:\Users\luist\AppData\Roaming\Python\Python310\site-packages\selenium\webdriver\remote\webdriver.py", line 354, in execute
    self.error_handler.check_response(response)
  File "C:\Users\luist\AppData\Roaming\Python\Python310\site-packages\selenium\webdriver\remote\errorhandler.py", line 229, in check_response
    raise exception_class(message, screen, stacktrace)
selenium.common.exceptions.NoSuchElementException: Message: no such element: Unable to locate element: {"method":"xpath","selector":"/html/body/app-root/app-layout/app-vertical/div/div/div/div/app-remitted-merchandise/app-responsive-table/div/div[2]/table/tbody/tr[1]/td[1]/span/span"}
  (Session info: chrome=129.0.6668.100); For documentation on this error, please visit: https://www.selenium.dev/documentation/webdriver/troubleshooting/errors#no-such-element-exception
Stacktrace:
	GetHandleVerifier [0x00007FF7236FB095+29557]
	(No symbol) [0x00007FF72366FA50]
	(No symbol) [0x00007FF72352B56A]
	(No symbol) [0x00007FF72357F695]
	(No symbol) [0x00007FF72357F8EC]
	(No symbol) [0x00007FF7235CB777]
	(No symbol) [0x00007FF7235A71CF]
	(No symbol) [0x00007FF7235C851C]
	(No symbol) [0x00007FF7235A6F33]
	(No symbol) [0x00007FF72357116F]
	(No symbol) [0x00007FF7235722D1]
	GetHandleVerifier [0x00007FF723A2C96D+3378253]
	GetHandleVerifier [0x00007FF723A78497+3688311]
	GetHandleVerifier [0x00007FF723A6D1CB+3642539]
	GetHandleVerifier [0x00007FF7237BA6B6+813462]
	(No symbol) [0x00007FF72367AB5F]
	(No symbol) [0x00007FF723676B74]
	(No symbol) [0x00007FF723676D10]
	(No symbol) [0x00007FF723665C1F]
	BaseThreadInitThunk [0x00007FF92EF0257D+29]
	RtlUserThreadStart [0x00007FF93006AF08+40]

]]></error>
		<system-out><![CDATA[El valor es un carácter numérico. Valor: 0,00
El valor es un carácter numérico. Valor: 575.692,71
El texto encontrado es  Mercadería Remitida
El texto encontrado es  Fecha
]]></system-out>
	</testcase>
</testsuite>
