<?xml version="1.0" encoding="UTF-8"?>
<testsuite name="ReportinsumosPendRetirar-20240613164130" tests="1" file=".py" time="28.229" timestamp="2024-06-13T16:41:58" failures="0" errors="1" skipped="0">
	<testcase classname="ReportinsumosPendRetirar" name="test_Report_suppliesWithdrawal" time="28.229" timestamp="2024-06-13T16:41:58" file="reportInsuRetirar.py" line="17">
		<error type="InvalidArgumentException" message="Message: invalid argument: 'value' must be a string
  (Session info: chrome=125.0.6422.144)
Stacktrace:
	GetHandleVerifier [0x00007FF615661F52+60322]
	(No symbol) [0x00007FF6155DCEC9]
	(No symbol) [0x00007FF615497EBA]
	(No symbol) [0x00007FF6154E6CEE]
	(No symbol) [0x00007FF6154E773C]
	(No symbol) [0x00007FF61552E967]
	(No symbol) [0x00007FF61550C25F]
	(No symbol) [0x00007FF61552BC80]
	(No symbol) [0x00007FF61550BFC3]
	(No symbol) [0x00007FF6154D9617]
	(No symbol) [0x00007FF6154DA211]
	GetHandleVerifier [0x00007FF6159794AD+3301629]
	GetHandleVerifier [0x00007FF6159C36D3+3605283]
	GetHandleVerifier [0x00007FF6159B9450+3563680]
	GetHandleVerifier [0x00007FF615714326+790390]
	(No symbol) [0x00007FF6155E750F]
	(No symbol) [0x00007FF6155E3404]
	(No symbol) [0x00007FF6155E3592]
	(No symbol) [0x00007FF6155D2F9F]
	BaseThreadInitThunk [0x00007FFBED37257D+29]
	RtlUserThreadStart [0x00007FFBEECEAA48+40]
"><![CDATA[Traceback (most recent call last):
  File "c:\Users\luist\repos\Automatizaciones-SILOHUB-\reportInsuRetirar.py", line 52, in test_Report_suppliesWithdrawal
    calendar_todate_retro(self.driver,select_calendar,select_chevron, click_chevron, popup_xpath, current_date_xpath)
  File "c:\Users\luist\repos\Automatizaciones-SILOHUB-\Elements.py", line 1507, in calendar_todate_retro
    element = WebDriverWait(driver, 10).until(
  File "C:\Users\luist\AppData\Roaming\Python\Python310\site-packages\selenium\webdriver\support\wait.py", line 96, in until
    value = method(self._driver)
  File "C:\Users\luist\AppData\Roaming\Python\Python310\site-packages\selenium\webdriver\support\expected_conditions.py", line 363, in _predicate
    target = driver.find_element(*target)  # grab element at locator
  File "C:\Users\luist\AppData\Roaming\Python\Python310\site-packages\selenium\webdriver\remote\webdriver.py", line 742, in find_element
    return self.execute(Command.FIND_ELEMENT, {"using": by, "value": value})["value"]
  File "C:\Users\luist\AppData\Roaming\Python\Python310\site-packages\selenium\webdriver\remote\webdriver.py", line 348, in execute
    self.error_handler.check_response(response)
  File "C:\Users\luist\AppData\Roaming\Python\Python310\site-packages\selenium\webdriver\remote\errorhandler.py", line 229, in check_response
    raise exception_class(message, screen, stacktrace)
selenium.common.exceptions.InvalidArgumentException: Message: invalid argument: 'value' must be a string
  (Session info: chrome=125.0.6422.144)
Stacktrace:
	GetHandleVerifier [0x00007FF615661F52+60322]
	(No symbol) [0x00007FF6155DCEC9]
	(No symbol) [0x00007FF615497EBA]
	(No symbol) [0x00007FF6154E6CEE]
	(No symbol) [0x00007FF6154E773C]
	(No symbol) [0x00007FF61552E967]
	(No symbol) [0x00007FF61550C25F]
	(No symbol) [0x00007FF61552BC80]
	(No symbol) [0x00007FF61550BFC3]
	(No symbol) [0x00007FF6154D9617]
	(No symbol) [0x00007FF6154DA211]
	GetHandleVerifier [0x00007FF6159794AD+3301629]
	GetHandleVerifier [0x00007FF6159C36D3+3605283]
	GetHandleVerifier [0x00007FF6159B9450+3563680]
	GetHandleVerifier [0x00007FF615714326+790390]
	(No symbol) [0x00007FF6155E750F]
	(No symbol) [0x00007FF6155E3404]
	(No symbol) [0x00007FF6155E3592]
	(No symbol) [0x00007FF6155D2F9F]
	BaseThreadInitThunk [0x00007FFBED37257D+29]
	RtlUserThreadStart [0x00007FFBEECEAA48+40]

]]></error>
	</testcase>
</testsuite>
