<?xml version="1.0" encoding="UTF-8"?>
<testsuite name="confi_registro_cliente-20240403153411" tests="1" file=".py" time="21.042" timestamp="2024-04-03T15:34:32" failures="0" errors="1" skipped="0">
	<testcase classname="confi_registro_cliente" name="test_record_client" time="21.042" timestamp="2024-04-03T15:34:32" file="ConfiClientes.py" line="19">
		<error type="NoSuchWindowException" message="Message: no such window: target window already closed
from unknown error: web view not found
  (Session info: chrome=123.0.6312.86)
Stacktrace:
	GetHandleVerifier [0x00007FF69EDD70C2+63090]
	(No symbol) [0x00007FF69ED42D12]
	(No symbol) [0x00007FF69EBDEC65]
	(No symbol) [0x00007FF69EBBCA7C]
	(No symbol) [0x00007FF69EC4D687]
	(No symbol) [0x00007FF69EC62AC1]
	(No symbol) [0x00007FF69EC46D83]
	(No symbol) [0x00007FF69EC183A8]
	(No symbol) [0x00007FF69EC19441]
	GetHandleVerifier [0x00007FF69F1D262D+4238301]
	GetHandleVerifier [0x00007FF69F20F78D+4488509]
	GetHandleVerifier [0x00007FF69F207A6F+4456479]
	GetHandleVerifier [0x00007FF69EEB0606+953270]
	(No symbol) [0x00007FF69ED4E5DF]
	(No symbol) [0x00007FF69ED492B4]
	(No symbol) [0x00007FF69ED493EB]
	(No symbol) [0x00007FF69ED39C24]
	BaseThreadInitThunk [0x00007FF9A544257D+29]
	RtlUserThreadStart [0x00007FF9A6D0AA58+40]
"><![CDATA[Traceback (most recent call last):
  File "c:\Users\luist\repos\Automatizaciones-SILOHUB-\ConfiClientes.py", line 40, in test_record_client
    validate_text(self.driver, title_page, value_expected  )
  File "c:\Users\luist\repos\Automatizaciones-SILOHUB-\Elements.py", line 452, in validate_text
    elemento = WebDriverWait(driver, 10).until(
  File "C:\Users\luist\AppData\Roaming\Python\Python310\site-packages\selenium\webdriver\support\wait.py", line 96, in until
    value = method(self._driver)
  File "C:\Users\luist\AppData\Roaming\Python\Python310\site-packages\selenium\webdriver\support\expected_conditions.py", line 84, in _predicate
    return driver.find_element(*locator)
  File "C:\Users\luist\AppData\Roaming\Python\Python310\site-packages\selenium\webdriver\remote\webdriver.py", line 742, in find_element
    return self.execute(Command.FIND_ELEMENT, {"using": by, "value": value})["value"]
  File "C:\Users\luist\AppData\Roaming\Python\Python310\site-packages\selenium\webdriver\remote\webdriver.py", line 348, in execute
    self.error_handler.check_response(response)
  File "C:\Users\luist\AppData\Roaming\Python\Python310\site-packages\selenium\webdriver\remote\errorhandler.py", line 229, in check_response
    raise exception_class(message, screen, stacktrace)
selenium.common.exceptions.NoSuchWindowException: Message: no such window: target window already closed
from unknown error: web view not found
  (Session info: chrome=123.0.6312.86)
Stacktrace:
	GetHandleVerifier [0x00007FF69EDD70C2+63090]
	(No symbol) [0x00007FF69ED42D12]
	(No symbol) [0x00007FF69EBDEC65]
	(No symbol) [0x00007FF69EBBCA7C]
	(No symbol) [0x00007FF69EC4D687]
	(No symbol) [0x00007FF69EC62AC1]
	(No symbol) [0x00007FF69EC46D83]
	(No symbol) [0x00007FF69EC183A8]
	(No symbol) [0x00007FF69EC19441]
	GetHandleVerifier [0x00007FF69F1D262D+4238301]
	GetHandleVerifier [0x00007FF69F20F78D+4488509]
	GetHandleVerifier [0x00007FF69F207A6F+4456479]
	GetHandleVerifier [0x00007FF69EEB0606+953270]
	(No symbol) [0x00007FF69ED4E5DF]
	(No symbol) [0x00007FF69ED492B4]
	(No symbol) [0x00007FF69ED493EB]
	(No symbol) [0x00007FF69ED39C24]
	BaseThreadInitThunk [0x00007FF9A544257D+29]
	RtlUserThreadStart [0x00007FF9A6D0AA58+40]

]]></error>
		<system-out><![CDATA[¡Elemento encontrado y clickeado con éxito!
Error al desplazar y hacer clic: Message: no such window: target window already closed
from unknown error: web view not found
  (Session info: chrome=123.0.6312.86)
Stacktrace:
	GetHandleVerifier [0x00007FF69EDD70C2+63090]
	(No symbol) [0x00007FF69ED42D12]
	(No symbol) [0x00007FF69EBDEC65]
	(No symbol) [0x00007FF69EBBCA7C]
	(No symbol) [0x00007FF69EC4D687]
	(No symbol) [0x00007FF69EC62AC1]
	(No symbol) [0x00007FF69EC46D83]
	(No symbol) [0x00007FF69EC183A8]
	(No symbol) [0x00007FF69EC19441]
	GetHandleVerifier [0x00007FF69F1D262D+4238301]
	GetHandleVerifier [0x00007FF69F20F78D+4488509]
	GetHandleVerifier [0x00007FF69F207A6F+4456479]
	GetHandleVerifier [0x00007FF69EEB0606+953270]
	(No symbol) [0x00007FF69ED4E5DF]
	(No symbol) [0x00007FF69ED492B4]
	(No symbol) [0x00007FF69ED493EB]
	(No symbol) [0x00007FF69ED39C24]
	BaseThreadInitThunk [0x00007FF9A544257D+29]
	RtlUserThreadStart [0x00007FF9A6D0AA58+40]

]]></system-out>
	</testcase>
</testsuite>
