<?xml version="1.0" encoding="UTF-8"?>
<testsuite name="confi_registro_cliente-20240321163351" tests="1" file=".py" time="81.503" timestamp="2024-03-21T16:35:12" failures="0" errors="1" skipped="0">
	<testcase classname="confi_registro_cliente" name="test_record_client" time="81.503" timestamp="2024-03-21T16:35:12" file="ConfiClientes.py" line="19">
		<error type="TimeoutException" message="Message: 
Stacktrace:
	GetHandleVerifier [0x00007FF7C3FF7062+63090]
	(No symbol) [0x00007FF7C3F62CB2]
	(No symbol) [0x00007FF7C3DFEC65]
	(No symbol) [0x00007FF7C3E4499D]
	(No symbol) [0x00007FF7C3E44ADC]
	(No symbol) [0x00007FF7C3E85B37]
	(No symbol) [0x00007FF7C3E6701F]
	(No symbol) [0x00007FF7C3E83412]
	(No symbol) [0x00007FF7C3E66D83]
	(No symbol) [0x00007FF7C3E383A8]
	(No symbol) [0x00007FF7C3E39441]
	GetHandleVerifier [0x00007FF7C43F25CD+4238301]
	GetHandleVerifier [0x00007FF7C442F72D+4488509]
	GetHandleVerifier [0x00007FF7C4427A0F+4456479]
	GetHandleVerifier [0x00007FF7C40D05A6+953270]
	(No symbol) [0x00007FF7C3F6E57F]
	(No symbol) [0x00007FF7C3F69254]
	(No symbol) [0x00007FF7C3F6938B]
	(No symbol) [0x00007FF7C3F59BC4]
	BaseThreadInitThunk [0x00007FFFC94E257D+29]
	RtlUserThreadStart [0x00007FFFCA1AAA58+40]
"><![CDATA[Traceback (most recent call last):
  File "c:\Users\luist\repos\Automatizaciones-SILOHUB-\ConfiClientes.py", line 22, in test_record_client
    self.login_sample.select_tenant()
  File "c:\Users\luist\repos\Automatizaciones-SILOHUB-\LoginSample.py", line 19, in select_tenant
    select_tenant = find_element_by_xpath(self.driver, "/html/body/app-root/app-layout/app-vertical/div/div/div/div/app-home-main/div/div[1]/app-tenant-main/app-tenant[8]/div/div/img")
  File "c:\Users\luist\repos\Automatizaciones-SILOHUB-\FindElements.py", line 14, in find_element_by_xpath
    return WebDriverWait(driver, 10).until(EC.presence_of_element_located((By.XPATH, xpath)))
  File "C:\Users\luist\AppData\Roaming\Python\Python310\site-packages\selenium\webdriver\support\wait.py", line 105, in until
    raise TimeoutException(message, screen, stacktrace)
selenium.common.exceptions.TimeoutException: Message: 
Stacktrace:
	GetHandleVerifier [0x00007FF7C3FF7062+63090]
	(No symbol) [0x00007FF7C3F62CB2]
	(No symbol) [0x00007FF7C3DFEC65]
	(No symbol) [0x00007FF7C3E4499D]
	(No symbol) [0x00007FF7C3E44ADC]
	(No symbol) [0x00007FF7C3E85B37]
	(No symbol) [0x00007FF7C3E6701F]
	(No symbol) [0x00007FF7C3E83412]
	(No symbol) [0x00007FF7C3E66D83]
	(No symbol) [0x00007FF7C3E383A8]
	(No symbol) [0x00007FF7C3E39441]
	GetHandleVerifier [0x00007FF7C43F25CD+4238301]
	GetHandleVerifier [0x00007FF7C442F72D+4488509]
	GetHandleVerifier [0x00007FF7C4427A0F+4456479]
	GetHandleVerifier [0x00007FF7C40D05A6+953270]
	(No symbol) [0x00007FF7C3F6E57F]
	(No symbol) [0x00007FF7C3F69254]
	(No symbol) [0x00007FF7C3F6938B]
	(No symbol) [0x00007FF7C3F59BC4]
	BaseThreadInitThunk [0x00007FFFC94E257D+29]
	RtlUserThreadStart [0x00007FFFCA1AAA58+40]

]]></error>
	</testcase>
</testsuite>
