<?xml version="1.0" encoding="UTF-8"?>
<testsuite name="HomeTenant-20241014162501" tests="1" file=".py" time="112.908" timestamp="2024-10-14T16:26:54" failures="0" errors="1" skipped="0">
	<testcase classname="HomeTenant" name="test_start_tenant" time="112.908" timestamp="2024-10-14T16:26:54" file="Home.py" line="19">
		<error type="NoSuchElementException" message="Message: no such element: Unable to locate element: {&quot;method&quot;:&quot;xpath&quot;,&quot;selector&quot;:&quot;/html/body/app-root/app-layout/app-vertical/div/div/div/div/app-home/div/div[1]/app-balances/div/swiper/div/div[1]/div[1]/app-number-values-card/div/div/div/div[3]/div/h4/span&quot;}
  (Session info: chrome=129.0.6668.100); For documentation on this error, please visit: https://www.selenium.dev/documentation/webdriver/troubleshooting/errors#no-such-element-exception
Stacktrace:
	GetHandleVerifier [0x00007FF78236B095+29557]
	(No symbol) [0x00007FF7822DFA50]
	(No symbol) [0x00007FF78219B56A]
	(No symbol) [0x00007FF7821EF695]
	(No symbol) [0x00007FF7821EF8EC]
	(No symbol) [0x00007FF78223B777]
	(No symbol) [0x00007FF7822171CF]
	(No symbol) [0x00007FF78223851C]
	(No symbol) [0x00007FF782216F33]
	(No symbol) [0x00007FF7821E116F]
	(No symbol) [0x00007FF7821E22D1]
	GetHandleVerifier [0x00007FF78269C96D+3378253]
	GetHandleVerifier [0x00007FF7826E8497+3688311]
	GetHandleVerifier [0x00007FF7826DD1CB+3642539]
	GetHandleVerifier [0x00007FF78242A6B6+813462]
	(No symbol) [0x00007FF7822EAB5F]
	(No symbol) [0x00007FF7822E6B74]
	(No symbol) [0x00007FF7822E6D10]
	(No symbol) [0x00007FF7822D5C1F]
	BaseThreadInitThunk [0x00007FF92EF0257D+29]
	RtlUserThreadStart [0x00007FF93006AF08+40]
"><![CDATA[Traceback (most recent call last):
  File "c:\Users\luist\repos\Automatizaciones_M-dulos-\Home.py", line 45, in test_start_tenant
    validate_character_numeric_element(self.driver, element1  )
  File "c:\Users\luist\repos\Automatizaciones_M-dulos-\Elements.py", line 1159, in validate_character_numeric_element
    elemento = driver.find_element(By.XPATH, xpath)
  File "C:\Users\luist\AppData\Roaming\Python\Python310\site-packages\selenium\webdriver\remote\webdriver.py", line 748, in find_element
    return self.execute(Command.FIND_ELEMENT, {"using": by, "value": value})["value"]
  File "C:\Users\luist\AppData\Roaming\Python\Python310\site-packages\selenium\webdriver\remote\webdriver.py", line 354, in execute
    self.error_handler.check_response(response)
  File "C:\Users\luist\AppData\Roaming\Python\Python310\site-packages\selenium\webdriver\remote\errorhandler.py", line 229, in check_response
    raise exception_class(message, screen, stacktrace)
selenium.common.exceptions.NoSuchElementException: Message: no such element: Unable to locate element: {"method":"xpath","selector":"/html/body/app-root/app-layout/app-vertical/div/div/div/div/app-home/div/div[1]/app-balances/div/swiper/div/div[1]/div[1]/app-number-values-card/div/div/div/div[3]/div/h4/span"}
  (Session info: chrome=129.0.6668.100); For documentation on this error, please visit: https://www.selenium.dev/documentation/webdriver/troubleshooting/errors#no-such-element-exception
Stacktrace:
	GetHandleVerifier [0x00007FF78236B095+29557]
	(No symbol) [0x00007FF7822DFA50]
	(No symbol) [0x00007FF78219B56A]
	(No symbol) [0x00007FF7821EF695]
	(No symbol) [0x00007FF7821EF8EC]
	(No symbol) [0x00007FF78223B777]
	(No symbol) [0x00007FF7822171CF]
	(No symbol) [0x00007FF78223851C]
	(No symbol) [0x00007FF782216F33]
	(No symbol) [0x00007FF7821E116F]
	(No symbol) [0x00007FF7821E22D1]
	GetHandleVerifier [0x00007FF78269C96D+3378253]
	GetHandleVerifier [0x00007FF7826E8497+3688311]
	GetHandleVerifier [0x00007FF7826DD1CB+3642539]
	GetHandleVerifier [0x00007FF78242A6B6+813462]
	(No symbol) [0x00007FF7822EAB5F]
	(No symbol) [0x00007FF7822E6B74]
	(No symbol) [0x00007FF7822E6D10]
	(No symbol) [0x00007FF7822D5C1F]
	BaseThreadInitThunk [0x00007FF92EF0257D+29]
	RtlUserThreadStart [0x00007FF93006AF08+40]

]]></error>
		<system-out><![CDATA[El texto encontrado es  Buen día JUAN DEMO!
Tiempo de espera agotado. El texto por xpaht no está presente.
Tiempo de espera agotado. El texto por xpaht no está presente.
]]></system-out>
	</testcase>
</testsuite>
