<?xml version="1.0" encoding="UTF-8"?>
<testsuite name="HomeTenant-20240514130313" tests="1" file=".py" time="39.800" timestamp="2024-05-14T13:03:53" failures="0" errors="1" skipped="0">
	<testcase classname="HomeTenant" name="test_start_tenant" time="39.800" timestamp="2024-05-14T13:03:53" file="Home.py" line="19">
		<error type="NoSuchWindowException" message="Message: no such window: target window already closed
from unknown error: web view not found
  (Session info: chrome=124.0.6367.202)
Stacktrace:
	GetHandleVerifier [0x00007FF6996D1522+60802]
	(No symbol) [0x00007FF69964AC22]
	(No symbol) [0x00007FF699507CE4]
	(No symbol) [0x00007FF6994DDFDF]
	(No symbol) [0x00007FF699581E57]
	(No symbol) [0x00007FF6995998D1]
	(No symbol) [0x00007FF69957A923]
	(No symbol) [0x00007FF699548FEC]
	(No symbol) [0x00007FF699549C21]
	GetHandleVerifier [0x00007FF6999D41BD+3217949]
	GetHandleVerifier [0x00007FF699A16157+3488183]
	GetHandleVerifier [0x00007FF699A0F0DF+3459391]
	GetHandleVerifier [0x00007FF69978B8E6+823622]
	(No symbol) [0x00007FF699655FBF]
	(No symbol) [0x00007FF699650EE4]
	(No symbol) [0x00007FF699651072]
	(No symbol) [0x00007FF6996418C4]
	BaseThreadInitThunk [0x00007FFCF149257D+29]
	RtlUserThreadStart [0x00007FFCF2C2AA48+40]
"><![CDATA[Traceback (most recent call last):
  File "c:\Users\luist\repos\Automatizaciones-SILOHUB-\Home.py", line 48, in test_start_tenant
    validate_text(self.driver, page_hello, text_expected  )
  File "c:\Users\luist\repos\Automatizaciones-SILOHUB-\Elements.py", line 452, in validate_text
    elemento = WebDriverWait(driver, 10).until(
  File "C:\Users\luist\AppData\Roaming\Python\Python310\site-packages\selenium\webdriver\support\wait.py", line 96, in until
    value = method(self._driver)
  File "C:\Users\luist\AppData\Roaming\Python\Python310\site-packages\selenium\webdriver\support\expected_conditions.py", line 84, in _predicate
    return driver.find_element(*locator)
  File "C:\Users\luist\AppData\Roaming\Python\Python310\site-packages\selenium\webdriver\remote\webdriver.py", line 742, in find_element
    return self.execute(Command.FIND_ELEMENT, {"using": by, "value": value})["value"]
  File "C:\Users\luist\AppData\Roaming\Python\Python310\site-packages\selenium\webdriver\remote\webdriver.py", line 348, in execute
    self.error_handler.check_response(response)
  File "C:\Users\luist\AppData\Roaming\Python\Python310\site-packages\selenium\webdriver\remote\errorhandler.py", line 229, in check_response
    raise exception_class(message, screen, stacktrace)
selenium.common.exceptions.NoSuchWindowException: Message: no such window: target window already closed
from unknown error: web view not found
  (Session info: chrome=124.0.6367.202)
Stacktrace:
	GetHandleVerifier [0x00007FF6996D1522+60802]
	(No symbol) [0x00007FF69964AC22]
	(No symbol) [0x00007FF699507CE4]
	(No symbol) [0x00007FF6994DDFDF]
	(No symbol) [0x00007FF699581E57]
	(No symbol) [0x00007FF6995998D1]
	(No symbol) [0x00007FF69957A923]
	(No symbol) [0x00007FF699548FEC]
	(No symbol) [0x00007FF699549C21]
	GetHandleVerifier [0x00007FF6999D41BD+3217949]
	GetHandleVerifier [0x00007FF699A16157+3488183]
	GetHandleVerifier [0x00007FF699A0F0DF+3459391]
	GetHandleVerifier [0x00007FF69978B8E6+823622]
	(No symbol) [0x00007FF699655FBF]
	(No symbol) [0x00007FF699650EE4]
	(No symbol) [0x00007FF699651072]
	(No symbol) [0x00007FF6996418C4]
	BaseThreadInitThunk [0x00007FFCF149257D+29]
	RtlUserThreadStart [0x00007FFCF2C2AA48+40]

]]></error>
	</testcase>
</testsuite>
