<?xml version="1.0" encoding="UTF-8"?>
<testsuite name="HomeTenant-20240514155040" tests="2" file=".py" time="204.930" timestamp="2024-05-14T15:54:05" failures="0" errors="2" skipped="0">
	<testcase classname="HomeTenant" name="test_start_tenant" time="0.000" timestamp="0001-01-01T00:00:00" file="Home.py" line="18">
		<error type="NoSuchWindowException" message="Message: no such window: target window already closed
from unknown error: web view not found
  (Session info: chrome=124.0.6367.202)
Stacktrace:
	GetHandleVerifier [0x00007FF7D3E61522+60802]
	(No symbol) [0x00007FF7D3DDAC22]
	(No symbol) [0x00007FF7D3C97CE4]
	(No symbol) [0x00007FF7D3C6DFDF]
	(No symbol) [0x00007FF7D3D11E57]
	(No symbol) [0x00007FF7D3D298D1]
	(No symbol) [0x00007FF7D3D0A923]
	(No symbol) [0x00007FF7D3CD8FEC]
	(No symbol) [0x00007FF7D3CD9C21]
	GetHandleVerifier [0x00007FF7D41641BD+3217949]
	GetHandleVerifier [0x00007FF7D41A6157+3488183]
	GetHandleVerifier [0x00007FF7D419F0DF+3459391]
	GetHandleVerifier [0x00007FF7D3F1B8E6+823622]
	(No symbol) [0x00007FF7D3DE5FBF]
	(No symbol) [0x00007FF7D3DE0EE4]
	(No symbol) [0x00007FF7D3DE1072]
	(No symbol) [0x00007FF7D3DD18C4]
	BaseThreadInitThunk [0x00007FFCF149257D+29]
	RtlUserThreadStart [0x00007FFCF2C2AA48+40]
"><![CDATA[Traceback (most recent call last):
  File "c:\Users\luist\repos\Automatizaciones-SILOHUB-\Home.py", line 36, in test_start_tenant
    validate_text(self.driver, titlle_value1, value_expected1)
  File "c:\Users\luist\repos\Automatizaciones-SILOHUB-\Elements.py", line 452, in validate_text
    elemento = WebDriverWait(driver, 10).until(
  File "C:\Users\luist\AppData\Roaming\Python\Python310\site-packages\selenium\webdriver\support\wait.py", line 96, in until
    value = method(self._driver)
  File "C:\Users\luist\AppData\Roaming\Python\Python310\site-packages\selenium\webdriver\support\expected_conditions.py", line 84, in _predicate
    return driver.find_element(*locator)
  File "C:\Users\luist\AppData\Roaming\Python\Python310\site-packages\selenium\webdriver\remote\webdriver.py", line 742, in find_element
    return self.execute(Command.FIND_ELEMENT, {"using": by, "value": value})["value"]
  File "C:\Users\luist\AppData\Roaming\Python\Python310\site-packages\selenium\webdriver\remote\webdriver.py", line 348, in execute
    self.error_handler.check_response(response)
  File "C:\Users\luist\AppData\Roaming\Python\Python310\site-packages\selenium\webdriver\remote\errorhandler.py", line 229, in check_response
    raise exception_class(message, screen, stacktrace)
selenium.common.exceptions.NoSuchWindowException: Message: no such window: target window already closed
from unknown error: web view not found
  (Session info: chrome=124.0.6367.202)
Stacktrace:
	GetHandleVerifier [0x00007FF7D3E61522+60802]
	(No symbol) [0x00007FF7D3DDAC22]
	(No symbol) [0x00007FF7D3C97CE4]
	(No symbol) [0x00007FF7D3C6DFDF]
	(No symbol) [0x00007FF7D3D11E57]
	(No symbol) [0x00007FF7D3D298D1]
	(No symbol) [0x00007FF7D3D0A923]
	(No symbol) [0x00007FF7D3CD8FEC]
	(No symbol) [0x00007FF7D3CD9C21]
	GetHandleVerifier [0x00007FF7D41641BD+3217949]
	GetHandleVerifier [0x00007FF7D41A6157+3488183]
	GetHandleVerifier [0x00007FF7D419F0DF+3459391]
	GetHandleVerifier [0x00007FF7D3F1B8E6+823622]
	(No symbol) [0x00007FF7D3DE5FBF]
	(No symbol) [0x00007FF7D3DE0EE4]
	(No symbol) [0x00007FF7D3DE1072]
	(No symbol) [0x00007FF7D3DD18C4]
	BaseThreadInitThunk [0x00007FFCF149257D+29]
	RtlUserThreadStart [0x00007FFCF2C2AA48+40]

]]></error>
		<system-out><![CDATA[El texto no fue encontrado Buen día JUAN DEMO!
]]></system-out>
	</testcase>
	<testcase classname="HomeTenant" name="test_start_tenant" time="204.930" timestamp="2024-05-14T15:54:05" file="Home.py" line="18">
		<error type="NoSuchWindowException" message="Message: no such window: target window already closed
from unknown error: web view not found
  (Session info: chrome=124.0.6367.202)
Stacktrace:
	GetHandleVerifier [0x00007FF7D3E61522+60802]
	(No symbol) [0x00007FF7D3DDAC22]
	(No symbol) [0x00007FF7D3C97CE4]
	(No symbol) [0x00007FF7D3C6DFDF]
	(No symbol) [0x00007FF7D3D11E57]
	(No symbol) [0x00007FF7D3D18FD2]
	(No symbol) [0x00007FF7D3D0AB40]
	(No symbol) [0x00007FF7D3CD8FEC]
	(No symbol) [0x00007FF7D3CD9C21]
	GetHandleVerifier [0x00007FF7D41641BD+3217949]
	GetHandleVerifier [0x00007FF7D41A6157+3488183]
	GetHandleVerifier [0x00007FF7D419F0DF+3459391]
	GetHandleVerifier [0x00007FF7D3F1B8E6+823622]
	(No symbol) [0x00007FF7D3DE5FBF]
	(No symbol) [0x00007FF7D3DE0EE4]
	(No symbol) [0x00007FF7D3DE1072]
	(No symbol) [0x00007FF7D3DD18C4]
	BaseThreadInitThunk [0x00007FFCF149257D+29]
	RtlUserThreadStart [0x00007FFCF2C2AA48+40]
"><![CDATA[Traceback (most recent call last):
  File "c:\Users\luist\repos\Automatizaciones-SILOHUB-\Home.py", line 83, in tearDown
    self.driver.close()
  File "C:\Users\luist\AppData\Roaming\Python\Python310\site-packages\selenium\webdriver\remote\webdriver.py", line 459, in close
    self.execute(Command.CLOSE)
  File "C:\Users\luist\AppData\Roaming\Python\Python310\site-packages\selenium\webdriver\remote\webdriver.py", line 348, in execute
    self.error_handler.check_response(response)
  File "C:\Users\luist\AppData\Roaming\Python\Python310\site-packages\selenium\webdriver\remote\errorhandler.py", line 229, in check_response
    raise exception_class(message, screen, stacktrace)
selenium.common.exceptions.NoSuchWindowException: Message: no such window: target window already closed
from unknown error: web view not found
  (Session info: chrome=124.0.6367.202)
Stacktrace:
	GetHandleVerifier [0x00007FF7D3E61522+60802]
	(No symbol) [0x00007FF7D3DDAC22]
	(No symbol) [0x00007FF7D3C97CE4]
	(No symbol) [0x00007FF7D3C6DFDF]
	(No symbol) [0x00007FF7D3D11E57]
	(No symbol) [0x00007FF7D3D18FD2]
	(No symbol) [0x00007FF7D3D0AB40]
	(No symbol) [0x00007FF7D3CD8FEC]
	(No symbol) [0x00007FF7D3CD9C21]
	GetHandleVerifier [0x00007FF7D41641BD+3217949]
	GetHandleVerifier [0x00007FF7D41A6157+3488183]
	GetHandleVerifier [0x00007FF7D419F0DF+3459391]
	GetHandleVerifier [0x00007FF7D3F1B8E6+823622]
	(No symbol) [0x00007FF7D3DE5FBF]
	(No symbol) [0x00007FF7D3DE0EE4]
	(No symbol) [0x00007FF7D3DE1072]
	(No symbol) [0x00007FF7D3DD18C4]
	BaseThreadInitThunk [0x00007FFCF149257D+29]
	RtlUserThreadStart [0x00007FFCF2C2AA48+40]

]]></error>
		<system-out><![CDATA[El texto no fue encontrado Buen día JUAN DEMO!
]]></system-out>
	</testcase>
</testsuite>
