<?xml version="1.0" encoding="UTF-8"?>
<testsuite name="IndicaInsumosHome-20241014171232" tests="1" file=".py" time="146.885" timestamp="2024-10-14T17:14:59" failures="0" errors="1" skipped="0">
	<testcase classname="IndicaInsumosHome" name="test__indicators_home" time="146.885" timestamp="2024-10-14T17:14:59" file="indicaInsumosHome.py" line="18">
		<error type="NoSuchElementException" message="Message: no such element: Unable to locate element: {&quot;method&quot;:&quot;xpath&quot;,&quot;selector&quot;:&quot;/html/body/app-root/app-layout/app-vertical/div/div/div/div/app-home/div/div[4]/app-supplies-goods-indicators/div/swiper/div/div[1]/div[1]/app-supplies-indicator/div/div[3]/div[1]/div[3]&quot;}
  (Session info: chrome=129.0.6668.100); For documentation on this error, please visit: https://www.selenium.dev/documentation/webdriver/troubleshooting/errors#no-such-element-exception
Stacktrace:
	GetHandleVerifier [0x00007FF714E2B095+29557]
	(No symbol) [0x00007FF714D9FA50]
	(No symbol) [0x00007FF714C5B56A]
	(No symbol) [0x00007FF714CAF695]
	(No symbol) [0x00007FF714CAF8EC]
	(No symbol) [0x00007FF714CFB777]
	(No symbol) [0x00007FF714CD71CF]
	(No symbol) [0x00007FF714CF851C]
	(No symbol) [0x00007FF714CD6F33]
	(No symbol) [0x00007FF714CA116F]
	(No symbol) [0x00007FF714CA22D1]
	GetHandleVerifier [0x00007FF71515C96D+3378253]
	GetHandleVerifier [0x00007FF7151A8497+3688311]
	GetHandleVerifier [0x00007FF71519D1CB+3642539]
	GetHandleVerifier [0x00007FF714EEA6B6+813462]
	(No symbol) [0x00007FF714DAAB5F]
	(No symbol) [0x00007FF714DA6B74]
	(No symbol) [0x00007FF714DA6D10]
	(No symbol) [0x00007FF714D95C1F]
	BaseThreadInitThunk [0x00007FF92EF0257D+29]
	RtlUserThreadStart [0x00007FF93006AF08+40]
"><![CDATA[Traceback (most recent call last):
  File "c:\Users\luist\repos\Automatizaciones_M-dulos-\indicaInsumosHome.py", line 49, in test__indicators_home
    validate_character_numeric_element(self.driver,product_quantity1)
  File "c:\Users\luist\repos\Automatizaciones_M-dulos-\Elements.py", line 1159, in validate_character_numeric_element
    elemento = driver.find_element(By.XPATH, xpath)
  File "C:\Users\luist\AppData\Roaming\Python\Python310\site-packages\selenium\webdriver\remote\webdriver.py", line 748, in find_element
    return self.execute(Command.FIND_ELEMENT, {"using": by, "value": value})["value"]
  File "C:\Users\luist\AppData\Roaming\Python\Python310\site-packages\selenium\webdriver\remote\webdriver.py", line 354, in execute
    self.error_handler.check_response(response)
  File "C:\Users\luist\AppData\Roaming\Python\Python310\site-packages\selenium\webdriver\remote\errorhandler.py", line 229, in check_response
    raise exception_class(message, screen, stacktrace)
selenium.common.exceptions.NoSuchElementException: Message: no such element: Unable to locate element: {"method":"xpath","selector":"/html/body/app-root/app-layout/app-vertical/div/div/div/div/app-home/div/div[4]/app-supplies-goods-indicators/div/swiper/div/div[1]/div[1]/app-supplies-indicator/div/div[3]/div[1]/div[3]"}
  (Session info: chrome=129.0.6668.100); For documentation on this error, please visit: https://www.selenium.dev/documentation/webdriver/troubleshooting/errors#no-such-element-exception
Stacktrace:
	GetHandleVerifier [0x00007FF714E2B095+29557]
	(No symbol) [0x00007FF714D9FA50]
	(No symbol) [0x00007FF714C5B56A]
	(No symbol) [0x00007FF714CAF695]
	(No symbol) [0x00007FF714CAF8EC]
	(No symbol) [0x00007FF714CFB777]
	(No symbol) [0x00007FF714CD71CF]
	(No symbol) [0x00007FF714CF851C]
	(No symbol) [0x00007FF714CD6F33]
	(No symbol) [0x00007FF714CA116F]
	(No symbol) [0x00007FF714CA22D1]
	GetHandleVerifier [0x00007FF71515C96D+3378253]
	GetHandleVerifier [0x00007FF7151A8497+3688311]
	GetHandleVerifier [0x00007FF71519D1CB+3642539]
	GetHandleVerifier [0x00007FF714EEA6B6+813462]
	(No symbol) [0x00007FF714DAAB5F]
	(No symbol) [0x00007FF714DA6B74]
	(No symbol) [0x00007FF714DA6D10]
	(No symbol) [0x00007FF714D95C1F]
	BaseThreadInitThunk [0x00007FF92EF0257D+29]
	RtlUserThreadStart [0x00007FF93006AF08+40]

]]></error>
		<system-out><![CDATA[Tiempo de espera agotado. El elemento no se ha vuelto visible.
Tiempo de espera agotado. El texto por xpaht no estÃ¡ presente.
Tiempo de espera agotado. El elemento no se ha vuelto visible.
]]></system-out>
	</testcase>
</testsuite>
