<?xml version="1.0" encoding="UTF-8"?>
<testsuite name="granos_contratos-20240308131431" tests="2" file=".py" time="3.881" timestamp="2024-03-08T13:14:34" failures="0" errors="2" skipped="0">
	<testcase classname="granos_contratos" name="test_granos_contratos" time="0.000" timestamp="0001-01-01T00:00:00" file="GranosContratos.py" line="22">
		<error type="NoSuchWindowException" message="Message: no such window: target window already closed
from unknown error: web view not found
  (Session info: chrome=122.0.6261.112)
Stacktrace:
	GetHandleVerifier [0x00007FF6A3F7AD32+56930]
	(No symbol) [0x00007FF6A3EEF632]
	(No symbol) [0x00007FF6A3DA42E5]
	(No symbol) [0x00007FF6A3D81D4C]
	(No symbol) [0x00007FF6A3E123F7]
	(No symbol) [0x00007FF6A3E27891]
	(No symbol) [0x00007FF6A3E0BA43]
	(No symbol) [0x00007FF6A3DDD438]
	(No symbol) [0x00007FF6A3DDE4D1]
	GetHandleVerifier [0x00007FF6A42F6ABD+3709933]
	GetHandleVerifier [0x00007FF6A434FFFD+4075821]
	GetHandleVerifier [0x00007FF6A434818F+4043455]
	GetHandleVerifier [0x00007FF6A4019766+706710]
	(No symbol) [0x00007FF6A3EFB90F]
	(No symbol) [0x00007FF6A3EF6AF4]
	(No symbol) [0x00007FF6A3EF6C4C]
	(No symbol) [0x00007FF6A3EE6904]
	BaseThreadInitThunk [0x00007FFAF18A257D+29]
	RtlUserThreadStart [0x00007FFAF310AA58+40]
"><![CDATA[Traceback (most recent call last):
  File "c:\Users\luist\repos\Automatizaciones-SILOHUB-\GranosContratos.py", line 24, in test_granos_contratos
    self.login_sample.login("admingd@silohub.ag", "G@viglio123")
  File "c:\Users\luist\repos\Automatizaciones-SILOHUB-\LoginSample.py", line 10, in login
    user = find_element_by_id(self.driver, "email")  # asegÃºrate de pasar self.driver
  File "c:\Users\luist\repos\Automatizaciones-SILOHUB-\findElements.py", line 10, in find_element_by_id
    return WebDriverWait(driver, 10).until(EC.presence_of_element_located((By.ID, id)))
  File "C:\Users\luist\AppData\Roaming\Python\Python310\site-packages\selenium\webdriver\support\wait.py", line 96, in until
    value = method(self._driver)
  File "C:\Users\luist\AppData\Roaming\Python\Python310\site-packages\selenium\webdriver\support\expected_conditions.py", line 84, in _predicate
    return driver.find_element(*locator)
  File "C:\Users\luist\AppData\Roaming\Python\Python310\site-packages\selenium\webdriver\remote\webdriver.py", line 742, in find_element
    return self.execute(Command.FIND_ELEMENT, {"using": by, "value": value})["value"]
  File "C:\Users\luist\AppData\Roaming\Python\Python310\site-packages\selenium\webdriver\remote\webdriver.py", line 348, in execute
    self.error_handler.check_response(response)
  File "C:\Users\luist\AppData\Roaming\Python\Python310\site-packages\selenium\webdriver\remote\errorhandler.py", line 229, in check_response
    raise exception_class(message, screen, stacktrace)
selenium.common.exceptions.NoSuchWindowException: Message: no such window: target window already closed
from unknown error: web view not found
  (Session info: chrome=122.0.6261.112)
Stacktrace:
	GetHandleVerifier [0x00007FF6A3F7AD32+56930]
	(No symbol) [0x00007FF6A3EEF632]
	(No symbol) [0x00007FF6A3DA42E5]
	(No symbol) [0x00007FF6A3D81D4C]
	(No symbol) [0x00007FF6A3E123F7]
	(No symbol) [0x00007FF6A3E27891]
	(No symbol) [0x00007FF6A3E0BA43]
	(No symbol) [0x00007FF6A3DDD438]
	(No symbol) [0x00007FF6A3DDE4D1]
	GetHandleVerifier [0x00007FF6A42F6ABD+3709933]
	GetHandleVerifier [0x00007FF6A434FFFD+4075821]
	GetHandleVerifier [0x00007FF6A434818F+4043455]
	GetHandleVerifier [0x00007FF6A4019766+706710]
	(No symbol) [0x00007FF6A3EFB90F]
	(No symbol) [0x00007FF6A3EF6AF4]
	(No symbol) [0x00007FF6A3EF6C4C]
	(No symbol) [0x00007FF6A3EE6904]
	BaseThreadInitThunk [0x00007FFAF18A257D+29]
	RtlUserThreadStart [0x00007FFAF310AA58+40]

]]></error>
	</testcase>
	<testcase classname="granos_contratos" name="test_granos_contratos" time="3.881" timestamp="2024-03-08T13:14:34" file="GranosContratos.py" line="22">
		<error type="NoSuchWindowException" message="Message: no such window: target window already closed
from unknown error: web view not found
  (Session info: chrome=122.0.6261.112)
Stacktrace:
	GetHandleVerifier [0x00007FF6A3F7AD32+56930]
	(No symbol) [0x00007FF6A3EEF632]
	(No symbol) [0x00007FF6A3DA42E5]
	(No symbol) [0x00007FF6A3D81D4C]
	(No symbol) [0x00007FF6A3E123F7]
	(No symbol) [0x00007FF6A3E18942]
	(No symbol) [0x00007FF6A3E0BC60]
	(No symbol) [0x00007FF6A3DDD438]
	(No symbol) [0x00007FF6A3DDE4D1]
	GetHandleVerifier [0x00007FF6A42F6ABD+3709933]
	GetHandleVerifier [0x00007FF6A434FFFD+4075821]
	GetHandleVerifier [0x00007FF6A434818F+4043455]
	GetHandleVerifier [0x00007FF6A4019766+706710]
	(No symbol) [0x00007FF6A3EFB90F]
	(No symbol) [0x00007FF6A3EF6AF4]
	(No symbol) [0x00007FF6A3EF6C4C]
	(No symbol) [0x00007FF6A3EE6904]
	BaseThreadInitThunk [0x00007FFAF18A257D+29]
	RtlUserThreadStart [0x00007FFAF310AA58+40]
"><![CDATA[Traceback (most recent call last):
  File "c:\Users\luist\repos\Automatizaciones-SILOHUB-\GranosContratos.py", line 285, in tearDown
    self.driver.close()
  File "C:\Users\luist\AppData\Roaming\Python\Python310\site-packages\selenium\webdriver\remote\webdriver.py", line 459, in close
    self.execute(Command.CLOSE)
  File "C:\Users\luist\AppData\Roaming\Python\Python310\site-packages\selenium\webdriver\remote\webdriver.py", line 348, in execute
    self.error_handler.check_response(response)
  File "C:\Users\luist\AppData\Roaming\Python\Python310\site-packages\selenium\webdriver\remote\errorhandler.py", line 229, in check_response
    raise exception_class(message, screen, stacktrace)
selenium.common.exceptions.NoSuchWindowException: Message: no such window: target window already closed
from unknown error: web view not found
  (Session info: chrome=122.0.6261.112)
Stacktrace:
	GetHandleVerifier [0x00007FF6A3F7AD32+56930]
	(No symbol) [0x00007FF6A3EEF632]
	(No symbol) [0x00007FF6A3DA42E5]
	(No symbol) [0x00007FF6A3D81D4C]
	(No symbol) [0x00007FF6A3E123F7]
	(No symbol) [0x00007FF6A3E18942]
	(No symbol) [0x00007FF6A3E0BC60]
	(No symbol) [0x00007FF6A3DDD438]
	(No symbol) [0x00007FF6A3DDE4D1]
	GetHandleVerifier [0x00007FF6A42F6ABD+3709933]
	GetHandleVerifier [0x00007FF6A434FFFD+4075821]
	GetHandleVerifier [0x00007FF6A434818F+4043455]
	GetHandleVerifier [0x00007FF6A4019766+706710]
	(No symbol) [0x00007FF6A3EFB90F]
	(No symbol) [0x00007FF6A3EF6AF4]
	(No symbol) [0x00007FF6A3EF6C4C]
	(No symbol) [0x00007FF6A3EE6904]
	BaseThreadInitThunk [0x00007FFAF18A257D+29]
	RtlUserThreadStart [0x00007FFAF310AA58+40]

]]></error>
	</testcase>
</testsuite>
