<?xml version="1.0" encoding="UTF-8"?>
<testsuite name="granos_contratos-20240311134146" tests="2" file=".py" time="95.458" timestamp="2024-03-11T13:43:21" failures="0" errors="2" skipped="0">
	<testcase classname="granos_contratos" name="test_granos_contratos" time="0.000" timestamp="0001-01-01T00:00:00" file="GranosContratos.py" line="23">
		<error type="AttributeError" message="'NoneType' object has no attribute 'is_displayed'"><![CDATA[Traceback (most recent call last):
  File "c:\Users\luist\repos\Automatizaciones-SILOHUB-\GranosContratos.py", line 68, in test_granos_contratos
    select_option_dropdown(self.driver, button_dopdown2, option_desired2, value_to_search2  )
  File "c:\Users\luist\repos\Automatizaciones-SILOHUB-\Elements.py", line 827, in select_option_dropdown
    search_input_element = WebDriverWait(driver, 10).until(
  File "C:\Users\luist\AppData\Roaming\Python\Python310\site-packages\selenium\webdriver\support\wait.py", line 96, in until
    value = method(self._driver)
  File "C:\Users\luist\AppData\Roaming\Python\Python310\site-packages\selenium\webdriver\support\expected_conditions.py", line 364, in _predicate
    element = visibility_of(target)(driver)
  File "C:\Users\luist\AppData\Roaming\Python\Python310\site-packages\selenium\webdriver\support\expected_conditions.py", line 173, in _predicate
    return _element_if_visible(element)
  File "C:\Users\luist\AppData\Roaming\Python\Python310\site-packages\selenium\webdriver\support\expected_conditions.py", line 179, in _element_if_visible
    return element if element.is_displayed() == visibility else False
AttributeError: 'NoneType' object has no attribute 'is_displayed'
]]></error>
		<system-out><![CDATA[¡Elemento encontrado y clickeado con éxito!
¡Elemento encontrado y clickeado con éxito!
El texto encontrado es  CONTRATOS
La opcion fue seleccionada con éxito después de hacer clic en el chevron!
Tiempo de espera agotado. El texto por xpaht no está presente.
¡Elemento encontrado y clickeado con éxito!
Tiempo de espera agotado. El elemento no está presente o no es clickeable.
]]></system-out>
	</testcase>
	<testcase classname="granos_contratos" name="test_granos_contratos" time="95.458" timestamp="2024-03-11T13:43:21" file="GranosContratos.py" line="23">
		<error type="NoSuchWindowException" message="Message: no such window: target window already closed
from unknown error: web view not found
  (Session info: chrome=122.0.6261.112)
Stacktrace:
	GetHandleVerifier [0x00007FF6FA2BAD32+56930]
	(No symbol) [0x00007FF6FA22F632]
	(No symbol) [0x00007FF6FA0E42E5]
	(No symbol) [0x00007FF6FA0C1D4C]
	(No symbol) [0x00007FF6FA1523F7]
	(No symbol) [0x00007FF6FA158942]
	(No symbol) [0x00007FF6FA14BC60]
	(No symbol) [0x00007FF6FA11D438]
	(No symbol) [0x00007FF6FA11E4D1]
	GetHandleVerifier [0x00007FF6FA636ABD+3709933]
	GetHandleVerifier [0x00007FF6FA68FFFD+4075821]
	GetHandleVerifier [0x00007FF6FA68818F+4043455]
	GetHandleVerifier [0x00007FF6FA359766+706710]
	(No symbol) [0x00007FF6FA23B90F]
	(No symbol) [0x00007FF6FA236AF4]
	(No symbol) [0x00007FF6FA236C4C]
	(No symbol) [0x00007FF6FA226904]
	BaseThreadInitThunk [0x00007FFAF18A257D+29]
	RtlUserThreadStart [0x00007FFAF310AA58+40]
"><![CDATA[Traceback (most recent call last):
  File "c:\Users\luist\repos\Automatizaciones-SILOHUB-\GranosContratos.py", line 288, in tearDown
    self.driver.close()
  File "C:\Users\luist\AppData\Roaming\Python\Python310\site-packages\selenium\webdriver\remote\webdriver.py", line 459, in close
    self.execute(Command.CLOSE)
  File "C:\Users\luist\AppData\Roaming\Python\Python310\site-packages\selenium\webdriver\remote\webdriver.py", line 348, in execute
    self.error_handler.check_response(response)
  File "C:\Users\luist\AppData\Roaming\Python\Python310\site-packages\selenium\webdriver\remote\errorhandler.py", line 229, in check_response
    raise exception_class(message, screen, stacktrace)
selenium.common.exceptions.NoSuchWindowException: Message: no such window: target window already closed
from unknown error: web view not found
  (Session info: chrome=122.0.6261.112)
Stacktrace:
	GetHandleVerifier [0x00007FF6FA2BAD32+56930]
	(No symbol) [0x00007FF6FA22F632]
	(No symbol) [0x00007FF6FA0E42E5]
	(No symbol) [0x00007FF6FA0C1D4C]
	(No symbol) [0x00007FF6FA1523F7]
	(No symbol) [0x00007FF6FA158942]
	(No symbol) [0x00007FF6FA14BC60]
	(No symbol) [0x00007FF6FA11D438]
	(No symbol) [0x00007FF6FA11E4D1]
	GetHandleVerifier [0x00007FF6FA636ABD+3709933]
	GetHandleVerifier [0x00007FF6FA68FFFD+4075821]
	GetHandleVerifier [0x00007FF6FA68818F+4043455]
	GetHandleVerifier [0x00007FF6FA359766+706710]
	(No symbol) [0x00007FF6FA23B90F]
	(No symbol) [0x00007FF6FA236AF4]
	(No symbol) [0x00007FF6FA236C4C]
	(No symbol) [0x00007FF6FA226904]
	BaseThreadInitThunk [0x00007FFAF18A257D+29]
	RtlUserThreadStart [0x00007FFAF310AA58+40]

]]></error>
		<system-out><![CDATA[¡Elemento encontrado y clickeado con éxito!
¡Elemento encontrado y clickeado con éxito!
El texto encontrado es  CONTRATOS
La opcion fue seleccionada con éxito después de hacer clic en el chevron!
Tiempo de espera agotado. El texto por xpaht no está presente.
¡Elemento encontrado y clickeado con éxito!
Tiempo de espera agotado. El elemento no está presente o no es clickeable.
]]></system-out>
	</testcase>
</testsuite>
