<?xml version="1.0" encoding="UTF-8"?>
<testsuite name="granos_contratos-20240807131408" tests="2" file=".py" time="154.494" timestamp="2024-08-07T13:16:43" failures="0" errors="2" skipped="0">
	<testcase classname="granos_contratos" name="test_granos_contratos" time="0.000" timestamp="0001-01-01T00:00:00" file="GranosContratos.py" line="23">
		<error type="AttributeError" message="'NoneType' object has no attribute 'is_displayed'"><![CDATA[Traceback (most recent call last):
  File "c:\Users\luist\repos\Automatizaciones-SILOHUB-\GranosContratos.py", line 228, in test_granos_contratos
    find_elements(self.driver, select_finish)
  File "c:\Users\luist\repos\Automatizaciones-SILOHUB-\Elements.py", line 19, in find_elements
    select_nex_button = WebDriverWait(driver, 10).until(
  File "C:\Users\luist\AppData\Roaming\Python\Python310\site-packages\selenium\webdriver\support\wait.py", line 96, in until
    value = method(self._driver)
  File "C:\Users\luist\AppData\Roaming\Python\Python310\site-packages\selenium\webdriver\support\expected_conditions.py", line 364, in _predicate
    element = visibility_of(target)(driver)
  File "C:\Users\luist\AppData\Roaming\Python\Python310\site-packages\selenium\webdriver\support\expected_conditions.py", line 173, in _predicate
    return _element_if_visible(element)
  File "C:\Users\luist\AppData\Roaming\Python\Python310\site-packages\selenium\webdriver\support\expected_conditions.py", line 179, in _element_if_visible
    return element if element.is_displayed() == visibility else False
AttributeError: 'NoneType' object has no attribute 'is_displayed'
]]></error>
		<system-out><![CDATA[El texto encontrado es  CONTRATOS
¡Cuenta encontrada y seleccionada 1023  con éxito!
¡Input encontrado y enviado con éxito!
¡Input encontrado y enviado con éxito!
El clic en el chevron fue interceptado por otro elemento en la página.
El clic en el chevron fue interceptado por otro elemento en la página.
¡Elemento encontrado y clickeado 1 veces con éxito!
¡Elemento encontrado y clickeado 6 veces con éxito!
¡Elemento encontrado y clickeado 1 veces con éxito!
Tiempo de espera agotado. El elemento no está presente o no es clickeable.
Tiempo de espera agotado. El elemento no está presente o no es clickeable.
Tiempo de espera agotado. El texto por xpaht no está presente.
]]></system-out>
	</testcase>
	<testcase classname="granos_contratos" name="test_granos_contratos" time="154.494" timestamp="2024-08-07T13:16:43" file="GranosContratos.py" line="23">
		<error type="NoSuchWindowException" message="Message: no such window: target window already closed
from unknown error: web view not found
  (Session info: chrome=127.0.6533.89)
Stacktrace:
	GetHandleVerifier [0x00007FF6C3649632+30946]
	(No symbol) [0x00007FF6C35FE3C9]
	(No symbol) [0x00007FF6C34F6FDA]
	(No symbol) [0x00007FF6C34CCB85]
	(No symbol) [0x00007FF6C35737A7]
	(No symbol) [0x00007FF6C357A8C7]
	(No symbol) [0x00007FF6C356CA30]
	(No symbol) [0x00007FF6C353A6E5]
	(No symbol) [0x00007FF6C353B021]
	GetHandleVerifier [0x00007FF6C377F83D+1301229]
	GetHandleVerifier [0x00007FF6C378BDB7+1351783]
	GetHandleVerifier [0x00007FF6C3782A03+1313971]
	GetHandleVerifier [0x00007FF6C367DD06+245686]
	(No symbol) [0x00007FF6C360758F]
	(No symbol) [0x00007FF6C3603804]
	(No symbol) [0x00007FF6C3603992]
	(No symbol) [0x00007FF6C35FA3EF]
	BaseThreadInitThunk [0x00007FFADFA8257D+29]
	RtlUserThreadStart [0x00007FFAE082AF28+40]
"><![CDATA[Traceback (most recent call last):
  File "c:\Users\luist\repos\Automatizaciones-SILOHUB-\GranosContratos.py", line 232, in tearDown
    self.driver.close()
  File "C:\Users\luist\AppData\Roaming\Python\Python310\site-packages\selenium\webdriver\remote\webdriver.py", line 465, in close
    self.execute(Command.CLOSE)
  File "C:\Users\luist\AppData\Roaming\Python\Python310\site-packages\selenium\webdriver\remote\webdriver.py", line 354, in execute
    self.error_handler.check_response(response)
  File "C:\Users\luist\AppData\Roaming\Python\Python310\site-packages\selenium\webdriver\remote\errorhandler.py", line 229, in check_response
    raise exception_class(message, screen, stacktrace)
selenium.common.exceptions.NoSuchWindowException: Message: no such window: target window already closed
from unknown error: web view not found
  (Session info: chrome=127.0.6533.89)
Stacktrace:
	GetHandleVerifier [0x00007FF6C3649632+30946]
	(No symbol) [0x00007FF6C35FE3C9]
	(No symbol) [0x00007FF6C34F6FDA]
	(No symbol) [0x00007FF6C34CCB85]
	(No symbol) [0x00007FF6C35737A7]
	(No symbol) [0x00007FF6C357A8C7]
	(No symbol) [0x00007FF6C356CA30]
	(No symbol) [0x00007FF6C353A6E5]
	(No symbol) [0x00007FF6C353B021]
	GetHandleVerifier [0x00007FF6C377F83D+1301229]
	GetHandleVerifier [0x00007FF6C378BDB7+1351783]
	GetHandleVerifier [0x00007FF6C3782A03+1313971]
	GetHandleVerifier [0x00007FF6C367DD06+245686]
	(No symbol) [0x00007FF6C360758F]
	(No symbol) [0x00007FF6C3603804]
	(No symbol) [0x00007FF6C3603992]
	(No symbol) [0x00007FF6C35FA3EF]
	BaseThreadInitThunk [0x00007FFADFA8257D+29]
	RtlUserThreadStart [0x00007FFAE082AF28+40]

]]></error>
		<system-out><![CDATA[El texto encontrado es  CONTRATOS
¡Cuenta encontrada y seleccionada 1023  con éxito!
¡Input encontrado y enviado con éxito!
¡Input encontrado y enviado con éxito!
El clic en el chevron fue interceptado por otro elemento en la página.
El clic en el chevron fue interceptado por otro elemento en la página.
¡Elemento encontrado y clickeado 1 veces con éxito!
¡Elemento encontrado y clickeado 6 veces con éxito!
¡Elemento encontrado y clickeado 1 veces con éxito!
Tiempo de espera agotado. El elemento no está presente o no es clickeable.
Tiempo de espera agotado. El elemento no está presente o no es clickeable.
Tiempo de espera agotado. El texto por xpaht no está presente.
]]></system-out>
	</testcase>
</testsuite>
