<?xml version="1.0" encoding="UTF-8"?>
<testsuite name="insumosProductos-20240405165013" tests="2" file=".py" time="28.437" timestamp="2024-04-05T16:50:42" failures="0" errors="2" skipped="0">
	<testcase classname="insumosProductos" name="test_supplies_products" time="0.000" timestamp="0001-01-01T00:00:00" file="insumos_producto.py" line="19">
		<error type="NoSuchWindowException" message="Message: no such window: target window already closed
from unknown error: web view not found
  (Session info: chrome=123.0.6312.105)
Stacktrace:
	GetHandleVerifier [0x00007FF616B67072+63090]
	(No symbol) [0x00007FF616AD2CC2]
	(No symbol) [0x00007FF61696EC65]
	(No symbol) [0x00007FF61694CA7C]
	(No symbol) [0x00007FF6169DD687]
	(No symbol) [0x00007FF6169F2AC1]
	(No symbol) [0x00007FF6169D6D83]
	(No symbol) [0x00007FF6169A83A8]
	(No symbol) [0x00007FF6169A9441]
	GetHandleVerifier [0x00007FF616F625CD+4238285]
	GetHandleVerifier [0x00007FF616F9F72D+4488493]
	GetHandleVerifier [0x00007FF616F97A0F+4456463]
	GetHandleVerifier [0x00007FF616C405B6+953270]
	(No symbol) [0x00007FF616ADE58F]
	(No symbol) [0x00007FF616AD9264]
	(No symbol) [0x00007FF616AD939B]
	(No symbol) [0x00007FF616AC9BD4]
	BaseThreadInitThunk [0x00007FF89FEF257D+29]
	RtlUserThreadStart [0x00007FF8A17AAA58+40]
"><![CDATA[Traceback (most recent call last):
  File "c:\Users\luist\repos\Automatizaciones-SILOHUB-\insumos_producto.py", line 38, in test_supplies_products
    validate_text_by_text(self.driver, title_page_product_obtained)
  File "c:\Users\luist\repos\Automatizaciones-SILOHUB-\Elements.py", line 478, in validate_text_by_text
    elemento = WebDriverWait(driver, 10).until(
  File "C:\Users\luist\AppData\Roaming\Python\Python310\site-packages\selenium\webdriver\support\wait.py", line 96, in until
    value = method(self._driver)
  File "C:\Users\luist\AppData\Roaming\Python\Python310\site-packages\selenium\webdriver\support\expected_conditions.py", line 84, in _predicate
    return driver.find_element(*locator)
  File "C:\Users\luist\AppData\Roaming\Python\Python310\site-packages\selenium\webdriver\remote\webdriver.py", line 742, in find_element
    return self.execute(Command.FIND_ELEMENT, {"using": by, "value": value})["value"]
  File "C:\Users\luist\AppData\Roaming\Python\Python310\site-packages\selenium\webdriver\remote\webdriver.py", line 348, in execute
    self.error_handler.check_response(response)
  File "C:\Users\luist\AppData\Roaming\Python\Python310\site-packages\selenium\webdriver\remote\errorhandler.py", line 229, in check_response
    raise exception_class(message, screen, stacktrace)
selenium.common.exceptions.NoSuchWindowException: Message: no such window: target window already closed
from unknown error: web view not found
  (Session info: chrome=123.0.6312.105)
Stacktrace:
	GetHandleVerifier [0x00007FF616B67072+63090]
	(No symbol) [0x00007FF616AD2CC2]
	(No symbol) [0x00007FF61696EC65]
	(No symbol) [0x00007FF61694CA7C]
	(No symbol) [0x00007FF6169DD687]
	(No symbol) [0x00007FF6169F2AC1]
	(No symbol) [0x00007FF6169D6D83]
	(No symbol) [0x00007FF6169A83A8]
	(No symbol) [0x00007FF6169A9441]
	GetHandleVerifier [0x00007FF616F625CD+4238285]
	GetHandleVerifier [0x00007FF616F9F72D+4488493]
	GetHandleVerifier [0x00007FF616F97A0F+4456463]
	GetHandleVerifier [0x00007FF616C405B6+953270]
	(No symbol) [0x00007FF616ADE58F]
	(No symbol) [0x00007FF616AD9264]
	(No symbol) [0x00007FF616AD939B]
	(No symbol) [0x00007FF616AC9BD4]
	BaseThreadInitThunk [0x00007FF89FEF257D+29]
	RtlUserThreadStart [0x00007FF8A17AAA58+40]

]]></error>
		<system-out><![CDATA[Tiempo de espera agotado. El elemento no está presente o no es clickeable.
]]></system-out>
	</testcase>
	<testcase classname="insumosProductos" name="test_supplies_products" time="28.437" timestamp="2024-04-05T16:50:42" file="insumos_producto.py" line="19">
		<error type="WebDriverException" message="Message: disconnected: not connected to DevTools
  (failed to check if window was closed: disconnected: not connected to DevTools)
  (Session info: chrome=123.0.6312.105)
Stacktrace:
	GetHandleVerifier [0x00007FF616B67072+63090]
	(No symbol) [0x00007FF616AD2CC2]
	(No symbol) [0x00007FF61696EC65]
	(No symbol) [0x00007FF61695B1A5]
	(No symbol) [0x00007FF61695BA8F]
	(No symbol) [0x00007FF61696F1C5]
	(No symbol) [0x00007FF61694C65C]
	(No symbol) [0x00007FF6169E3C74]
	(No symbol) [0x00007FF6169D6FA0]
	(No symbol) [0x00007FF6169A83A8]
	(No symbol) [0x00007FF6169A9441]
	GetHandleVerifier [0x00007FF616F625CD+4238285]
	GetHandleVerifier [0x00007FF616F9F72D+4488493]
	GetHandleVerifier [0x00007FF616F97A0F+4456463]
	GetHandleVerifier [0x00007FF616C405B6+953270]
	(No symbol) [0x00007FF616ADE58F]
	(No symbol) [0x00007FF616AD9264]
	(No symbol) [0x00007FF616AD939B]
	(No symbol) [0x00007FF616AC9BD4]
	BaseThreadInitThunk [0x00007FF89FEF257D+29]
	RtlUserThreadStart [0x00007FF8A17AAA58+40]
"><![CDATA[Traceback (most recent call last):
  File "c:\Users\luist\repos\Automatizaciones-SILOHUB-\insumos_producto.py", line 204, in tearDown
    self.driver.close()
  File "C:\Users\luist\AppData\Roaming\Python\Python310\site-packages\selenium\webdriver\remote\webdriver.py", line 459, in close
    self.execute(Command.CLOSE)
  File "C:\Users\luist\AppData\Roaming\Python\Python310\site-packages\selenium\webdriver\remote\webdriver.py", line 348, in execute
    self.error_handler.check_response(response)
  File "C:\Users\luist\AppData\Roaming\Python\Python310\site-packages\selenium\webdriver\remote\errorhandler.py", line 229, in check_response
    raise exception_class(message, screen, stacktrace)
selenium.common.exceptions.WebDriverException: Message: disconnected: not connected to DevTools
  (failed to check if window was closed: disconnected: not connected to DevTools)
  (Session info: chrome=123.0.6312.105)
Stacktrace:
	GetHandleVerifier [0x00007FF616B67072+63090]
	(No symbol) [0x00007FF616AD2CC2]
	(No symbol) [0x00007FF61696EC65]
	(No symbol) [0x00007FF61695B1A5]
	(No symbol) [0x00007FF61695BA8F]
	(No symbol) [0x00007FF61696F1C5]
	(No symbol) [0x00007FF61694C65C]
	(No symbol) [0x00007FF6169E3C74]
	(No symbol) [0x00007FF6169D6FA0]
	(No symbol) [0x00007FF6169A83A8]
	(No symbol) [0x00007FF6169A9441]
	GetHandleVerifier [0x00007FF616F625CD+4238285]
	GetHandleVerifier [0x00007FF616F9F72D+4488493]
	GetHandleVerifier [0x00007FF616F97A0F+4456463]
	GetHandleVerifier [0x00007FF616C405B6+953270]
	(No symbol) [0x00007FF616ADE58F]
	(No symbol) [0x00007FF616AD9264]
	(No symbol) [0x00007FF616AD939B]
	(No symbol) [0x00007FF616AC9BD4]
	BaseThreadInitThunk [0x00007FF89FEF257D+29]
	RtlUserThreadStart [0x00007FF8A17AAA58+40]

]]></error>
		<system-out><![CDATA[Tiempo de espera agotado. El elemento no está presente o no es clickeable.
]]></system-out>
	</testcase>
</testsuite>
