<?xml version="1.0" encoding="UTF-8"?>
<testsuite name="detalle_ctro_entregaVentasV2-20241106122020" tests="1" file=".py" time="89.590" timestamp="2024-11-06T12:21:50" failures="0" errors="1" skipped="0">
	<testcase classname="detalle_ctro_entregaVentasV2" name="test_detail_deriverySales" time="89.590" timestamp="2024-11-06T12:21:50" file="CtaCtoDtaEntVent2.py" line="22">
		<error type="NoSuchElementException" message="Message: no such element: Unable to locate element: {&quot;method&quot;:&quot;xpath&quot;,&quot;selector&quot;:&quot;/html/body/app-root/app-layout/app-vertical/div/div/div/div/app-detail-contract/app-contract-detail-tabs/div/div[1]/app-deliveries-applied/app-deliveries-shared/app-responsive-table/div/div[1]/span&quot;}
  (Session info: chrome=130.0.6723.116); For documentation on this error, please visit: https://www.selenium.dev/documentation/webdriver/troubleshooting/errors#no-such-element-exception
Stacktrace:
	GetHandleVerifier [0x00007FF75B123B05+28005]
	(No symbol) [0x00007FF75B088400]
	(No symbol) [0x00007FF75AF2580A]
	(No symbol) [0x00007FF75AF75A3E]
	(No symbol) [0x00007FF75AF75D2C]
	(No symbol) [0x00007FF75AFBEA97]
	(No symbol) [0x00007FF75AF9BA7F]
	(No symbol) [0x00007FF75AFBB8B3]
	(No symbol) [0x00007FF75AF9B7E3]
	(No symbol) [0x00007FF75AF675C8]
	(No symbol) [0x00007FF75AF68731]
	GetHandleVerifier [0x00007FF75B41647D+3118813]
	GetHandleVerifier [0x00007FF75B466CD0+3448624]
	GetHandleVerifier [0x00007FF75B45CF4D+3408301]
	GetHandleVerifier [0x00007FF75B1EA45B+841403]
	(No symbol) [0x00007FF75B09345F]
	(No symbol) [0x00007FF75B08F4D4]
	(No symbol) [0x00007FF75B08F66D]
	(No symbol) [0x00007FF75B07EBC9]
	BaseThreadInitThunk [0x00007FFF3E62257D+29]
	RtlUserThreadStart [0x00007FFF4022AF08+40]
"><![CDATA[Traceback (most recent call last):
  File "c:\Users\luist\repos\Automatizaciones_M-dulos-\CtaCtoDtaEntVent2.py", line 131, in test_detail_deriverySales
    validate_text_visible(self.driver, element3, text_expected)
  File "c:\Users\luist\repos\Automatizaciones_M-dulos-\Elements.py", line 1177, in validate_text_visible
    element = driver.find_element(By.XPATH, xpath)
  File "C:\Users\luist\AppData\Roaming\Python\Python310\site-packages\selenium\webdriver\remote\webdriver.py", line 748, in find_element
    return self.execute(Command.FIND_ELEMENT, {"using": by, "value": value})["value"]
  File "C:\Users\luist\AppData\Roaming\Python\Python310\site-packages\selenium\webdriver\remote\webdriver.py", line 354, in execute
    self.error_handler.check_response(response)
  File "C:\Users\luist\AppData\Roaming\Python\Python310\site-packages\selenium\webdriver\remote\errorhandler.py", line 229, in check_response
    raise exception_class(message, screen, stacktrace)
selenium.common.exceptions.NoSuchElementException: Message: no such element: Unable to locate element: {"method":"xpath","selector":"/html/body/app-root/app-layout/app-vertical/div/div/div/div/app-detail-contract/app-contract-detail-tabs/div/div[1]/app-deliveries-applied/app-deliveries-shared/app-responsive-table/div/div[1]/span"}
  (Session info: chrome=130.0.6723.116); For documentation on this error, please visit: https://www.selenium.dev/documentation/webdriver/troubleshooting/errors#no-such-element-exception
Stacktrace:
	GetHandleVerifier [0x00007FF75B123B05+28005]
	(No symbol) [0x00007FF75B088400]
	(No symbol) [0x00007FF75AF2580A]
	(No symbol) [0x00007FF75AF75A3E]
	(No symbol) [0x00007FF75AF75D2C]
	(No symbol) [0x00007FF75AFBEA97]
	(No symbol) [0x00007FF75AF9BA7F]
	(No symbol) [0x00007FF75AFBB8B3]
	(No symbol) [0x00007FF75AF9B7E3]
	(No symbol) [0x00007FF75AF675C8]
	(No symbol) [0x00007FF75AF68731]
	GetHandleVerifier [0x00007FF75B41647D+3118813]
	GetHandleVerifier [0x00007FF75B466CD0+3448624]
	GetHandleVerifier [0x00007FF75B45CF4D+3408301]
	GetHandleVerifier [0x00007FF75B1EA45B+841403]
	(No symbol) [0x00007FF75B09345F]
	(No symbol) [0x00007FF75B08F4D4]
	(No symbol) [0x00007FF75B08F66D]
	(No symbol) [0x00007FF75B07EBC9]
	BaseThreadInitThunk [0x00007FFF3E62257D+29]
	RtlUserThreadStart [0x00007FFF4022AF08+40]

]]></error>
		<system-out><![CDATA[¡Elemento encontrado y clickeado 3 veces con éxito!
¡Elemento encontrado y clickeado 8 veces con éxito!
¡Elemento encontrado y clickeado 3 veces con éxito!
El texto encontrado es  Estado De Mis Contratos
El texto es visible para el usuario
El texto fue validado correctamente: Contrato 108169
El texto es visible para el usuario
El texto fue validado correctamente: De Maiz
El texto es visible para el usuario: 'De 500.000,00 Kg Pactados'
]]></system-out>
	</testcase>
</testsuite>
