<?xml version="1.0" encoding="UTF-8"?>
<testsuite name="detalle_ctro_fijacionesV2-20241024110415" tests="1" file=".py" time="53.408" timestamp="2024-10-24T11:05:09" failures="0" errors="1" skipped="0">
	<testcase classname="detalle_ctro_fijacionesV2" name="test_detail_fixings" time="53.408" timestamp="2024-10-24T11:05:09" file="CtaCtoDtaFijaV2.py" line="22">
		<error type="ElementClickInterceptedException" message="Message: element click intercepted: Element is not clickable at point (506, 709)
  (Session info: chrome=130.0.6723.59)
Stacktrace:
	GetHandleVerifier [0x00007FF608B03AB5+28005]
	(No symbol) [0x00007FF608A683B0]
	(No symbol) [0x00007FF60890580A]
	(No symbol) [0x00007FF60895D6CE]
	(No symbol) [0x00007FF60895B16C]
	(No symbol) [0x00007FF608958628]
	(No symbol) [0x00007FF60895785D]
	(No symbol) [0x00007FF60894990E]
	(No symbol) [0x00007FF60897BA3A]
	(No symbol) [0x00007FF608949246]
	(No symbol) [0x00007FF60897BC50]
	(No symbol) [0x00007FF60899B8B3]
	(No symbol) [0x00007FF60897B7E3]
	(No symbol) [0x00007FF6089475C8]
	(No symbol) [0x00007FF608948731]
	GetHandleVerifier [0x00007FF608DF643D+3118829]
	GetHandleVerifier [0x00007FF608E46C90+3448640]
	GetHandleVerifier [0x00007FF608E3CF0D+3408317]
	GetHandleVerifier [0x00007FF608BCA40B+841403]
	(No symbol) [0x00007FF608A7340F]
	(No symbol) [0x00007FF608A6F484]
	(No symbol) [0x00007FF608A6F61D]
	(No symbol) [0x00007FF608A5EB79]
	BaseThreadInitThunk [0x00007FF8AAC1257D+29]
	RtlUserThreadStart [0x00007FF8ABB0AF08+40]
"><![CDATA[Traceback (most recent call last):
  File "c:\Users\luist\repos\Automatizaciones_M-dulos-\CtaCtoDtaFijaV2.py", line 101, in test_detail_fixings
    find_elements(self.driver, selet_list_contract )
  File "c:\Users\luist\repos\Automatizaciones_M-dulos-\Elements.py", line 22, in find_elements
    select_nex_button.click()
  File "C:\Users\luist\AppData\Roaming\Python\Python310\site-packages\selenium\webdriver\remote\webelement.py", line 94, in click
    self._execute(Command.CLICK_ELEMENT)
  File "C:\Users\luist\AppData\Roaming\Python\Python310\site-packages\selenium\webdriver\remote\webelement.py", line 395, in _execute
    return self._parent.execute(command, params)
  File "C:\Users\luist\AppData\Roaming\Python\Python310\site-packages\selenium\webdriver\remote\webdriver.py", line 354, in execute
    self.error_handler.check_response(response)
  File "C:\Users\luist\AppData\Roaming\Python\Python310\site-packages\selenium\webdriver\remote\errorhandler.py", line 229, in check_response
    raise exception_class(message, screen, stacktrace)
selenium.common.exceptions.ElementClickInterceptedException: Message: element click intercepted: Element is not clickable at point (506, 709)
  (Session info: chrome=130.0.6723.59)
Stacktrace:
	GetHandleVerifier [0x00007FF608B03AB5+28005]
	(No symbol) [0x00007FF608A683B0]
	(No symbol) [0x00007FF60890580A]
	(No symbol) [0x00007FF60895D6CE]
	(No symbol) [0x00007FF60895B16C]
	(No symbol) [0x00007FF608958628]
	(No symbol) [0x00007FF60895785D]
	(No symbol) [0x00007FF60894990E]
	(No symbol) [0x00007FF60897BA3A]
	(No symbol) [0x00007FF608949246]
	(No symbol) [0x00007FF60897BC50]
	(No symbol) [0x00007FF60899B8B3]
	(No symbol) [0x00007FF60897B7E3]
	(No symbol) [0x00007FF6089475C8]
	(No symbol) [0x00007FF608948731]
	GetHandleVerifier [0x00007FF608DF643D+3118829]
	GetHandleVerifier [0x00007FF608E46C90+3448640]
	GetHandleVerifier [0x00007FF608E3CF0D+3408317]
	GetHandleVerifier [0x00007FF608BCA40B+841403]
	(No symbol) [0x00007FF608A7340F]
	(No symbol) [0x00007FF608A6F484]
	(No symbol) [0x00007FF608A6F61D]
	(No symbol) [0x00007FF608A5EB79]
	BaseThreadInitThunk [0x00007FF8AAC1257D+29]
	RtlUserThreadStart [0x00007FF8ABB0AF08+40]

]]></error>
		<system-out><![CDATA[¡Elemento encontrado y clickeado 3 veces con éxito!
¡Elemento encontrado y clickeado 8 veces con éxito!
¡Elemento encontrado y clickeado 3 veces con éxito!
El texto encontrado es  Estado De Mis Contratos
]]></system-out>
	</testcase>
</testsuite>
