<?xml version="1.0" encoding="UTF-8"?>
<testsuite name="detalle_ctro_entregaVentasV2-20241024102716" tests="1" file=".py" time="41.751" timestamp="2024-10-24T10:27:57" failures="0" errors="1" skipped="0">
	<testcase classname="detalle_ctro_entregaVentasV2" name="test_detail_deriverySales" time="41.751" timestamp="2024-10-24T10:27:57" file="CtaCtoDtaEntVent2.py" line="22">
		<error type="NoSuchWindowException" message="Message: no such window: target window already closed
from unknown error: web view not found
  (Session info: chrome=130.0.6723.59)
Stacktrace:
	GetHandleVerifier [0x00007FF712FE3AB5+28005]
	(No symbol) [0x00007FF712F483B0]
	(No symbol) [0x00007FF712DE580A]
	(No symbol) [0x00007FF712DBFA85]
	(No symbol) [0x00007FF712E62AD7]
	(No symbol) [0x00007FF712E7B1B1]
	(No symbol) [0x00007FF712E5B7E3]
	(No symbol) [0x00007FF712E275C8]
	(No symbol) [0x00007FF712E28731]
	GetHandleVerifier [0x00007FF7132D643D+3118829]
	GetHandleVerifier [0x00007FF713326C90+3448640]
	GetHandleVerifier [0x00007FF71331CF0D+3408317]
	GetHandleVerifier [0x00007FF7130AA40B+841403]
	(No symbol) [0x00007FF712F5340F]
	(No symbol) [0x00007FF712F4F484]
	(No symbol) [0x00007FF712F4F61D]
	(No symbol) [0x00007FF712F3EB79]
	BaseThreadInitThunk [0x00007FF8AAC1257D+29]
	RtlUserThreadStart [0x00007FF8ABB0AF08+40]
"><![CDATA[Traceback (most recent call last):
  File "c:\Users\luist\repos\Automatizaciones_M-dulos-\CtaCtoDtaEntVent2.py", line 74, in test_detail_deriverySales
    find_and_click_element_selector(self.driver, arrow_filter1, amount_click1)
  File "c:\Users\luist\repos\Automatizaciones_M-dulos-\Elements.py", line 391, in find_and_click_element_selector
    element = WebDriverWait(driver, 10).until(
  File "C:\Users\luist\AppData\Roaming\Python\Python310\site-packages\selenium\webdriver\support\wait.py", line 96, in until
    value = method(self._driver)
  File "C:\Users\luist\AppData\Roaming\Python\Python310\site-packages\selenium\webdriver\support\expected_conditions.py", line 84, in _predicate
    return driver.find_element(*locator)
  File "C:\Users\luist\AppData\Roaming\Python\Python310\site-packages\selenium\webdriver\remote\webdriver.py", line 748, in find_element
    return self.execute(Command.FIND_ELEMENT, {"using": by, "value": value})["value"]
  File "C:\Users\luist\AppData\Roaming\Python\Python310\site-packages\selenium\webdriver\remote\webdriver.py", line 354, in execute
    self.error_handler.check_response(response)
  File "C:\Users\luist\AppData\Roaming\Python\Python310\site-packages\selenium\webdriver\remote\errorhandler.py", line 229, in check_response
    raise exception_class(message, screen, stacktrace)
selenium.common.exceptions.NoSuchWindowException: Message: no such window: target window already closed
from unknown error: web view not found
  (Session info: chrome=130.0.6723.59)
Stacktrace:
	GetHandleVerifier [0x00007FF712FE3AB5+28005]
	(No symbol) [0x00007FF712F483B0]
	(No symbol) [0x00007FF712DE580A]
	(No symbol) [0x00007FF712DBFA85]
	(No symbol) [0x00007FF712E62AD7]
	(No symbol) [0x00007FF712E7B1B1]
	(No symbol) [0x00007FF712E5B7E3]
	(No symbol) [0x00007FF712E275C8]
	(No symbol) [0x00007FF712E28731]
	GetHandleVerifier [0x00007FF7132D643D+3118829]
	GetHandleVerifier [0x00007FF713326C90+3448640]
	GetHandleVerifier [0x00007FF71331CF0D+3408317]
	GetHandleVerifier [0x00007FF7130AA40B+841403]
	(No symbol) [0x00007FF712F5340F]
	(No symbol) [0x00007FF712F4F484]
	(No symbol) [0x00007FF712F4F61D]
	(No symbol) [0x00007FF712F3EB79]
	BaseThreadInitThunk [0x00007FF8AAC1257D+29]
	RtlUserThreadStart [0x00007FF8ABB0AF08+40]

]]></error>
	</testcase>
</testsuite>
