<?xml version="1.0" encoding="UTF-8"?>
<testsuite name="cuenta_ctacte_histApagar-20240712154101" tests="2" file=".py" time="6.340" timestamp="2024-07-12T15:41:07" failures="0" errors="2" skipped="0">
	<testcase classname="cuenta_ctacte_histApagar" name="test_ctacte_historica" time="0.000" timestamp="0001-01-01T00:00:00" file="CtaCte_HistoApagar.py" line="17">
		<error type="NoSuchWindowException" message="Message: no such window: target window already closed
from unknown error: web view not found
  (Session info: chrome=126.0.6478.127)
Stacktrace:
	GetHandleVerifier [0x00007FF79ADEEEA2+31554]
	(No symbol) [0x00007FF79AD67ED9]
	(No symbol) [0x00007FF79AC2872A]
	(No symbol) [0x00007FF79ABFD995]
	(No symbol) [0x00007FF79ACA44D7]
	(No symbol) [0x00007FF79ACBC051]
	(No symbol) [0x00007FF79AC9CDD3]
	(No symbol) [0x00007FF79AC6A33B]
	(No symbol) [0x00007FF79AC6AED1]
	GetHandleVerifier [0x00007FF79B0F8B1D+3217341]
	GetHandleVerifier [0x00007FF79B145AE3+3532675]
	GetHandleVerifier [0x00007FF79B13B0E0+3489152]
	GetHandleVerifier [0x00007FF79AE9E776+750614]
	(No symbol) [0x00007FF79AD7375F]
	(No symbol) [0x00007FF79AD6EB14]
	(No symbol) [0x00007FF79AD6ECA2]
	(No symbol) [0x00007FF79AD5E16F]
	BaseThreadInitThunk [0x00007FFBD5F8257D+29]
	RtlUserThreadStart [0x00007FFBD704AF28+40]
"><![CDATA[Traceback (most recent call last):
  File "c:\Users\luist\repos\Automatizaciones-SILOHUB-\CtaCte_HistoApagar.py", line 19, in test_ctacte_historica
    self.login_helper.login("admingd@silohub.ag", "G@viglio123")
  File "c:\Users\luist\repos\Automatizaciones-SILOHUB-\loginhelper.py", line 9, in login
    user = find_element_by_id(self.driver, "email")  # asegÃºrate de pasar self.driver
  File "c:\Users\luist\repos\Automatizaciones-SILOHUB-\findElements.py", line 10, in find_element_by_id
    return WebDriverWait(driver, 10).until(EC.presence_of_element_located((By.ID, id)))
  File "C:\Users\luist\AppData\Roaming\Python\Python310\site-packages\selenium\webdriver\support\wait.py", line 96, in until
    value = method(self._driver)
  File "C:\Users\luist\AppData\Roaming\Python\Python310\site-packages\selenium\webdriver\support\expected_conditions.py", line 84, in _predicate
    return driver.find_element(*locator)
  File "C:\Users\luist\AppData\Roaming\Python\Python310\site-packages\selenium\webdriver\remote\webdriver.py", line 742, in find_element
    return self.execute(Command.FIND_ELEMENT, {"using": by, "value": value})["value"]
  File "C:\Users\luist\AppData\Roaming\Python\Python310\site-packages\selenium\webdriver\remote\webdriver.py", line 348, in execute
    self.error_handler.check_response(response)
  File "C:\Users\luist\AppData\Roaming\Python\Python310\site-packages\selenium\webdriver\remote\errorhandler.py", line 229, in check_response
    raise exception_class(message, screen, stacktrace)
selenium.common.exceptions.NoSuchWindowException: Message: no such window: target window already closed
from unknown error: web view not found
  (Session info: chrome=126.0.6478.127)
Stacktrace:
	GetHandleVerifier [0x00007FF79ADEEEA2+31554]
	(No symbol) [0x00007FF79AD67ED9]
	(No symbol) [0x00007FF79AC2872A]
	(No symbol) [0x00007FF79ABFD995]
	(No symbol) [0x00007FF79ACA44D7]
	(No symbol) [0x00007FF79ACBC051]
	(No symbol) [0x00007FF79AC9CDD3]
	(No symbol) [0x00007FF79AC6A33B]
	(No symbol) [0x00007FF79AC6AED1]
	GetHandleVerifier [0x00007FF79B0F8B1D+3217341]
	GetHandleVerifier [0x00007FF79B145AE3+3532675]
	GetHandleVerifier [0x00007FF79B13B0E0+3489152]
	GetHandleVerifier [0x00007FF79AE9E776+750614]
	(No symbol) [0x00007FF79AD7375F]
	(No symbol) [0x00007FF79AD6EB14]
	(No symbol) [0x00007FF79AD6ECA2]
	(No symbol) [0x00007FF79AD5E16F]
	BaseThreadInitThunk [0x00007FFBD5F8257D+29]
	RtlUserThreadStart [0x00007FFBD704AF28+40]

]]></error>
	</testcase>
	<testcase classname="cuenta_ctacte_histApagar" name="test_ctacte_historica" time="6.340" timestamp="2024-07-12T15:41:07" file="CtaCte_HistoApagar.py" line="17">
		<error type="WebDriverException" message="Message: disconnected: not connected to DevTools
  (failed to check if window was closed: disconnected: not connected to DevTools)
  (Session info: chrome=126.0.6478.127)
Stacktrace:
	GetHandleVerifier [0x00007FF79ADEEEA2+31554]
	(No symbol) [0x00007FF79AD67ED9]
	(No symbol) [0x00007FF79AC2872A]
	(No symbol) [0x00007FF79AC0E90F]
	(No symbol) [0x00007FF79AC0F47F]
	(No symbol) [0x00007FF79AC28D53]
	(No symbol) [0x00007FF79ABFD47C]
	(No symbol) [0x00007FF79ACAB614]
	(No symbol) [0x00007FF79AC9CFF0]
	(No symbol) [0x00007FF79AC6A33B]
	(No symbol) [0x00007FF79AC6AED1]
	GetHandleVerifier [0x00007FF79B0F8B1D+3217341]
	GetHandleVerifier [0x00007FF79B145AE3+3532675]
	GetHandleVerifier [0x00007FF79B13B0E0+3489152]
	GetHandleVerifier [0x00007FF79AE9E776+750614]
	(No symbol) [0x00007FF79AD7375F]
	(No symbol) [0x00007FF79AD6EB14]
	(No symbol) [0x00007FF79AD6ECA2]
	(No symbol) [0x00007FF79AD5E16F]
	BaseThreadInitThunk [0x00007FFBD5F8257D+29]
	RtlUserThreadStart [0x00007FFBD704AF28+40]
"><![CDATA[Traceback (most recent call last):
  File "c:\Users\luist\repos\Automatizaciones-SILOHUB-\CtaCte_HistoApagar.py", line 196, in tearDown
    self.driver.close()
  File "C:\Users\luist\AppData\Roaming\Python\Python310\site-packages\selenium\webdriver\remote\webdriver.py", line 459, in close
    self.execute(Command.CLOSE)
  File "C:\Users\luist\AppData\Roaming\Python\Python310\site-packages\selenium\webdriver\remote\webdriver.py", line 348, in execute
    self.error_handler.check_response(response)
  File "C:\Users\luist\AppData\Roaming\Python\Python310\site-packages\selenium\webdriver\remote\errorhandler.py", line 229, in check_response
    raise exception_class(message, screen, stacktrace)
selenium.common.exceptions.WebDriverException: Message: disconnected: not connected to DevTools
  (failed to check if window was closed: disconnected: not connected to DevTools)
  (Session info: chrome=126.0.6478.127)
Stacktrace:
	GetHandleVerifier [0x00007FF79ADEEEA2+31554]
	(No symbol) [0x00007FF79AD67ED9]
	(No symbol) [0x00007FF79AC2872A]
	(No symbol) [0x00007FF79AC0E90F]
	(No symbol) [0x00007FF79AC0F47F]
	(No symbol) [0x00007FF79AC28D53]
	(No symbol) [0x00007FF79ABFD47C]
	(No symbol) [0x00007FF79ACAB614]
	(No symbol) [0x00007FF79AC9CFF0]
	(No symbol) [0x00007FF79AC6A33B]
	(No symbol) [0x00007FF79AC6AED1]
	GetHandleVerifier [0x00007FF79B0F8B1D+3217341]
	GetHandleVerifier [0x00007FF79B145AE3+3532675]
	GetHandleVerifier [0x00007FF79B13B0E0+3489152]
	GetHandleVerifier [0x00007FF79AE9E776+750614]
	(No symbol) [0x00007FF79AD7375F]
	(No symbol) [0x00007FF79AD6EB14]
	(No symbol) [0x00007FF79AD6ECA2]
	(No symbol) [0x00007FF79AD5E16F]
	BaseThreadInitThunk [0x00007FFBD5F8257D+29]
	RtlUserThreadStart [0x00007FFBD704AF28+40]

]]></error>
	</testcase>
</testsuite>
