<?xml version="1.0" encoding="UTF-8"?>
<testsuite name="logistOperPrimarias.logistOperPrimarias-failed" tests="1" file="logistOperPrimarias.py" time="72.529" timestamp="2024-11-06T15:15:06" failures="0" errors="1" skipped="0">
	<testcase classname="logistOperPrimarias.logistOperPrimarias" name="test_Logistics_primary" time="72.529" timestamp="2024-11-06T15:15:06" file="logistOperPrimarias.py" line="22">
		<error type="ElementClickInterceptedException" message="Message: element click intercepted: Element is not clickable at point (412, 973)
  (Session info: chrome=130.0.6723.116)
Stacktrace:
	GetHandleVerifier [0x00007FF73B703B05+28005]
	(No symbol) [0x00007FF73B668400]
	(No symbol) [0x00007FF73B50580A]
	(No symbol) [0x00007FF73B55D6CE]
	(No symbol) [0x00007FF73B55B16C]
	(No symbol) [0x00007FF73B558628]
	(No symbol) [0x00007FF73B55785D]
	(No symbol) [0x00007FF73B54990E]
	(No symbol) [0x00007FF73B57BA3A]
	(No symbol) [0x00007FF73B549246]
	(No symbol) [0x00007FF73B57BC50]
	(No symbol) [0x00007FF73B59B8B3]
	(No symbol) [0x00007FF73B57B7E3]
	(No symbol) [0x00007FF73B5475C8]
	(No symbol) [0x00007FF73B548731]
	GetHandleVerifier [0x00007FF73B9F647D+3118813]
	GetHandleVerifier [0x00007FF73BA46CD0+3448624]
	GetHandleVerifier [0x00007FF73BA3CF4D+3408301]
	GetHandleVerifier [0x00007FF73B7CA45B+841403]
	(No symbol) [0x00007FF73B67345F]
	(No symbol) [0x00007FF73B66F4D4]
	(No symbol) [0x00007FF73B66F66D]
	(No symbol) [0x00007FF73B65EBC9]
	BaseThreadInitThunk [0x00007FFF3E62257D+29]
	RtlUserThreadStart [0x00007FFF4022AF08+40]
"><![CDATA[Traceback (most recent call last):
  File "c:\Users\luist\repos\Automatizaciones_M-dulos-\logistOperPrimarias.py", line 83, in test_Logistics_primary
    find_elements(self.driver, select_button_confirm)
  File "c:\Users\luist\repos\Automatizaciones_M-dulos-\Elements.py", line 22, in find_elements
    select_nex_button.click()
  File "C:\Users\luist\AppData\Roaming\Python\Python310\site-packages\selenium\webdriver\remote\webelement.py", line 94, in click
    self._execute(Command.CLICK_ELEMENT)
  File "C:\Users\luist\AppData\Roaming\Python\Python310\site-packages\selenium\webdriver\remote\webelement.py", line 395, in _execute
    return self._parent.execute(command, params)
  File "C:\Users\luist\AppData\Roaming\Python\Python310\site-packages\selenium\webdriver\remote\webdriver.py", line 354, in execute
    self.error_handler.check_response(response)
  File "C:\Users\luist\AppData\Roaming\Python\Python310\site-packages\selenium\webdriver\remote\errorhandler.py", line 229, in check_response
    raise exception_class(message, screen, stacktrace)
selenium.common.exceptions.ElementClickInterceptedException: Message: element click intercepted: Element is not clickable at point (412, 973)
  (Session info: chrome=130.0.6723.116)
Stacktrace:
	GetHandleVerifier [0x00007FF73B703B05+28005]
	(No symbol) [0x00007FF73B668400]
	(No symbol) [0x00007FF73B50580A]
	(No symbol) [0x00007FF73B55D6CE]
	(No symbol) [0x00007FF73B55B16C]
	(No symbol) [0x00007FF73B558628]
	(No symbol) [0x00007FF73B55785D]
	(No symbol) [0x00007FF73B54990E]
	(No symbol) [0x00007FF73B57BA3A]
	(No symbol) [0x00007FF73B549246]
	(No symbol) [0x00007FF73B57BC50]
	(No symbol) [0x00007FF73B59B8B3]
	(No symbol) [0x00007FF73B57B7E3]
	(No symbol) [0x00007FF73B5475C8]
	(No symbol) [0x00007FF73B548731]
	GetHandleVerifier [0x00007FF73B9F647D+3118813]
	GetHandleVerifier [0x00007FF73BA46CD0+3448624]
	GetHandleVerifier [0x00007FF73BA3CF4D+3408301]
	GetHandleVerifier [0x00007FF73B7CA45B+841403]
	(No symbol) [0x00007FF73B67345F]
	(No symbol) [0x00007FF73B66F4D4]
	(No symbol) [0x00007FF73B66F66D]
	(No symbol) [0x00007FF73B65EBC9]
	BaseThreadInitThunk [0x00007FFF3E62257D+29]
	RtlUserThreadStart [0x00007FFF4022AF08+40]

]]></error>
		<system-out><![CDATA[¡Input encontrado y enviado con éxito!
Tiempo de espera agotado. El chevron no están presentes o no son clickeables.
¡Input encontrado y enviado con éxito!
¡Input encontrado y enviado con éxito!
]]></system-out>
	</testcase>
</testsuite>
