<?xml version="1.0" encoding="UTF-8"?>
<testsuite name="ctacte_aplicada.cuenta_ctacte_aplicada-failed" tests="2" file="ctacte_aplicada.py" time="75.386" timestamp="2024-10-07T11:57:02" failures="0" errors="2" skipped="0">
	<testcase classname="ctacte_aplicada.cuenta_ctacte_aplicada" name="test_ctacte_aplicada" time="0.000" timestamp="0001-01-01T00:00:00" file="ctacte_aplicada.py" line="17">
		<error type="AttributeError" message="'NoneType' object has no attribute 'is_displayed'"><![CDATA[Traceback (most recent call last):
  File "c:\Users\luist\repos\Automatizaciones_M-dulos-\ctacte_aplicada.py", line 42, in test_ctacte_aplicada
    find_elements(self.driver, apply_filter_1)
  File "c:\Users\luist\repos\Automatizaciones_M-dulos-\Elements.py", line 19, in find_elements
    select_nex_button = WebDriverWait(driver, 10).until(
  File "C:\Users\luist\AppData\Roaming\Python\Python310\site-packages\selenium\webdriver\support\wait.py", line 96, in until
    value = method(self._driver)
  File "C:\Users\luist\AppData\Roaming\Python\Python310\site-packages\selenium\webdriver\support\expected_conditions.py", line 364, in _predicate
    element = visibility_of(target)(driver)
  File "C:\Users\luist\AppData\Roaming\Python\Python310\site-packages\selenium\webdriver\support\expected_conditions.py", line 173, in _predicate
    return _element_if_visible(element)
  File "C:\Users\luist\AppData\Roaming\Python\Python310\site-packages\selenium\webdriver\support\expected_conditions.py", line 179, in _element_if_visible
    return element if element.is_displayed() == visibility else False
AttributeError: 'NoneType' object has no attribute 'is_displayed'
]]></error>
		<system-out><![CDATA[Tiempo de espera agotado. El elemento no está presente o no es clickeable.
]]></system-out>
	</testcase>
	<testcase classname="ctacte_aplicada.cuenta_ctacte_aplicada" name="test_ctacte_aplicada" time="75.386" timestamp="2024-10-07T11:57:02" file="ctacte_aplicada.py" line="17">
		<error type="NoSuchWindowException" message="Message: no such window: target window already closed
from unknown error: web view not found
  (Session info: chrome=129.0.6668.90)
Stacktrace:
	GetHandleVerifier [0x00007FF62F9EB645+29573]
	(No symbol) [0x00007FF62F960470]
	(No symbol) [0x00007FF62F81B6EA]
	(No symbol) [0x00007FF62F7EFCD5]
	(No symbol) [0x00007FF62F89EF67]
	(No symbol) [0x00007FF62F8A64F8]
	(No symbol) [0x00007FF62F8972C0]
	(No symbol) [0x00007FF62F8612DF]
	(No symbol) [0x00007FF62F862441]
	GetHandleVerifier [0x00007FF62FD1C58D+3375821]
	GetHandleVerifier [0x00007FF62FD67987+3684039]
	GetHandleVerifier [0x00007FF62FD5CDAB+3640043]
	GetHandleVerifier [0x00007FF62FAAB7C6+816390]
	(No symbol) [0x00007FF62F96B77F]
	(No symbol) [0x00007FF62F9675A4]
	(No symbol) [0x00007FF62F967740]
	(No symbol) [0x00007FF62F95659F]
	BaseThreadInitThunk [0x00007FFA55AA257D+29]
	RtlUserThreadStart [0x00007FFA5662AF08+40]
"><![CDATA[Traceback (most recent call last):
  File "c:\Users\luist\repos\Automatizaciones_M-dulos-\ctacte_aplicada.py", line 164, in tearDown
    self.driver.close()
  File "C:\Users\luist\AppData\Roaming\Python\Python310\site-packages\selenium\webdriver\remote\webdriver.py", line 465, in close
    self.execute(Command.CLOSE)
  File "C:\Users\luist\AppData\Roaming\Python\Python310\site-packages\selenium\webdriver\remote\webdriver.py", line 354, in execute
    self.error_handler.check_response(response)
  File "C:\Users\luist\AppData\Roaming\Python\Python310\site-packages\selenium\webdriver\remote\errorhandler.py", line 229, in check_response
    raise exception_class(message, screen, stacktrace)
selenium.common.exceptions.NoSuchWindowException: Message: no such window: target window already closed
from unknown error: web view not found
  (Session info: chrome=129.0.6668.90)
Stacktrace:
	GetHandleVerifier [0x00007FF62F9EB645+29573]
	(No symbol) [0x00007FF62F960470]
	(No symbol) [0x00007FF62F81B6EA]
	(No symbol) [0x00007FF62F7EFCD5]
	(No symbol) [0x00007FF62F89EF67]
	(No symbol) [0x00007FF62F8A64F8]
	(No symbol) [0x00007FF62F8972C0]
	(No symbol) [0x00007FF62F8612DF]
	(No symbol) [0x00007FF62F862441]
	GetHandleVerifier [0x00007FF62FD1C58D+3375821]
	GetHandleVerifier [0x00007FF62FD67987+3684039]
	GetHandleVerifier [0x00007FF62FD5CDAB+3640043]
	GetHandleVerifier [0x00007FF62FAAB7C6+816390]
	(No symbol) [0x00007FF62F96B77F]
	(No symbol) [0x00007FF62F9675A4]
	(No symbol) [0x00007FF62F967740]
	(No symbol) [0x00007FF62F95659F]
	BaseThreadInitThunk [0x00007FFA55AA257D+29]
	RtlUserThreadStart [0x00007FFA5662AF08+40]

]]></error>
		<system-out><![CDATA[Tiempo de espera agotado. El elemento no está presente o no es clickeable.
]]></system-out>
	</testcase>
</testsuite>
