<?xml version="1.0" encoding="UTF-8"?>
<testsuite name="ctacte_aplicada15diasV.cta_cte_aplicada_15_Vencer-failed" tests="2" file="ctacte_aplicada15diasV.py" time="49.641" timestamp="2024-11-06T14:35:25" failures="0" errors="2" skipped="0">
	<testcase classname="ctacte_aplicada15diasV.cta_cte_aplicada_15_Vencer" name="test_ctacte_aplicada" time="0.000" timestamp="0001-01-01T00:00:00" file="ctacte_aplicada15diasV.py" line="18">
		<error type="AttributeError" message="'NoneType' object has no attribute 'is_displayed'"><![CDATA[Traceback (most recent call last):
  File "c:\Users\luist\repos\Automatizaciones_M-dulos-\ctacte_aplicada15diasV.py", line 37, in test_ctacte_aplicada
    find_elements(self.driver, select_filter)
  File "c:\Users\luist\repos\Automatizaciones_M-dulos-\Elements.py", line 19, in find_elements
    select_nex_button = WebDriverWait(driver, 10).until(
  File "C:\Users\luist\AppData\Roaming\Python\Python310\site-packages\selenium\webdriver\support\wait.py", line 96, in until
    value = method(self._driver)
  File "C:\Users\luist\AppData\Roaming\Python\Python310\site-packages\selenium\webdriver\support\expected_conditions.py", line 364, in _predicate
    element = visibility_of(target)(driver)
  File "C:\Users\luist\AppData\Roaming\Python\Python310\site-packages\selenium\webdriver\support\expected_conditions.py", line 173, in _predicate
    return _element_if_visible(element)
  File "C:\Users\luist\AppData\Roaming\Python\Python310\site-packages\selenium\webdriver\support\expected_conditions.py", line 179, in _element_if_visible
    return element if element.is_displayed() == visibility else False
AttributeError: 'NoneType' object has no attribute 'is_displayed'
]]></error>
	</testcase>
	<testcase classname="ctacte_aplicada15diasV.cta_cte_aplicada_15_Vencer" name="test_ctacte_aplicada" time="49.641" timestamp="2024-11-06T14:35:25" file="ctacte_aplicada15diasV.py" line="18">
		<error type="WebDriverException" message="Message: disconnected: Unable to receive message from renderer
  (failed to check if window was closed: disconnected: not connected to DevTools)
  (Session info: chrome=130.0.6723.116)
Stacktrace:
	GetHandleVerifier [0x00007FF60C883B05+28005]
	(No symbol) [0x00007FF60C7E8400]
	(No symbol) [0x00007FF60C68580A]
	(No symbol) [0x00007FF60C673BD7]
	(No symbol) [0x00007FF60C67151E]
	(No symbol) [0x00007FF60C671FCF]
	(No symbol) [0x00007FF60C685E23]
	(No symbol) [0x00007FF60C65F55D]
	(No symbol) [0x00007FF60C709CE9]
	(No symbol) [0x00007FF60C6FBA00]
	(No symbol) [0x00007FF60C6C75C8]
	(No symbol) [0x00007FF60C6C8731]
	GetHandleVerifier [0x00007FF60CB7647D+3118813]
	GetHandleVerifier [0x00007FF60CBC6CD0+3448624]
	GetHandleVerifier [0x00007FF60CBBCF4D+3408301]
	GetHandleVerifier [0x00007FF60C94A45B+841403]
	(No symbol) [0x00007FF60C7F345F]
	(No symbol) [0x00007FF60C7EF4D4]
	(No symbol) [0x00007FF60C7EF66D]
	(No symbol) [0x00007FF60C7DEBC9]
	BaseThreadInitThunk [0x00007FFF3E62257D+29]
	RtlUserThreadStart [0x00007FFF4022AF08+40]
"><![CDATA[Traceback (most recent call last):
  File "c:\Users\luist\repos\Automatizaciones_M-dulos-\ctacte_aplicada15diasV.py", line 155, in tearDown
    self.driver.close()
  File "C:\Users\luist\AppData\Roaming\Python\Python310\site-packages\selenium\webdriver\remote\webdriver.py", line 465, in close
    self.execute(Command.CLOSE)
  File "C:\Users\luist\AppData\Roaming\Python\Python310\site-packages\selenium\webdriver\remote\webdriver.py", line 354, in execute
    self.error_handler.check_response(response)
  File "C:\Users\luist\AppData\Roaming\Python\Python310\site-packages\selenium\webdriver\remote\errorhandler.py", line 229, in check_response
    raise exception_class(message, screen, stacktrace)
selenium.common.exceptions.WebDriverException: Message: disconnected: Unable to receive message from renderer
  (failed to check if window was closed: disconnected: not connected to DevTools)
  (Session info: chrome=130.0.6723.116)
Stacktrace:
	GetHandleVerifier [0x00007FF60C883B05+28005]
	(No symbol) [0x00007FF60C7E8400]
	(No symbol) [0x00007FF60C68580A]
	(No symbol) [0x00007FF60C673BD7]
	(No symbol) [0x00007FF60C67151E]
	(No symbol) [0x00007FF60C671FCF]
	(No symbol) [0x00007FF60C685E23]
	(No symbol) [0x00007FF60C65F55D]
	(No symbol) [0x00007FF60C709CE9]
	(No symbol) [0x00007FF60C6FBA00]
	(No symbol) [0x00007FF60C6C75C8]
	(No symbol) [0x00007FF60C6C8731]
	GetHandleVerifier [0x00007FF60CB7647D+3118813]
	GetHandleVerifier [0x00007FF60CBC6CD0+3448624]
	GetHandleVerifier [0x00007FF60CBBCF4D+3408301]
	GetHandleVerifier [0x00007FF60C94A45B+841403]
	(No symbol) [0x00007FF60C7F345F]
	(No symbol) [0x00007FF60C7EF4D4]
	(No symbol) [0x00007FF60C7EF66D]
	(No symbol) [0x00007FF60C7DEBC9]
	BaseThreadInitThunk [0x00007FFF3E62257D+29]
	RtlUserThreadStart [0x00007FFF4022AF08+40]

]]></error>
	</testcase>
</testsuite>
