<?xml version="1.0" encoding="UTF-8"?>
<testsuite name="EntVentaV2.EntregasVentasV2-failed" tests="1" file="EntVentaV2.py" time="85.311" timestamp="2024-11-06T14:44:40" failures="0" errors="1" skipped="0">
	<testcase classname="EntVentaV2.EntregasVentasV2" name="test_Report_deliverySales" time="85.311" timestamp="2024-11-06T14:44:40" file="EntVentaV2.py" line="18">
		<error type="AttributeError" message="'NoneType' object has no attribute 'is_displayed'"><![CDATA[Traceback (most recent call last):
  File "c:\Users\luist\repos\Automatizaciones_M-dulos-\EntVentaV2.py", line 49, in test_Report_deliverySales
    select_option_click(self.driver, button_dropdown2, option_desired2)
  File "c:\Users\luist\repos\Automatizaciones_M-dulos-\Elements.py", line 952, in select_option_click
    xpath_chevron = WebDriverWait(driver, 10).until(
  File "C:\Users\luist\AppData\Roaming\Python\Python310\site-packages\selenium\webdriver\support\wait.py", line 96, in until
    value = method(self._driver)
  File "C:\Users\luist\AppData\Roaming\Python\Python310\site-packages\selenium\webdriver\support\expected_conditions.py", line 364, in _predicate
    element = visibility_of(target)(driver)
  File "C:\Users\luist\AppData\Roaming\Python\Python310\site-packages\selenium\webdriver\support\expected_conditions.py", line 173, in _predicate
    return _element_if_visible(element)
  File "C:\Users\luist\AppData\Roaming\Python\Python310\site-packages\selenium\webdriver\support\expected_conditions.py", line 179, in _element_if_visible
    return element if element.is_displayed() == visibility else False
AttributeError: 'NoneType' object has no attribute 'is_displayed'
]]></error>
		<system-out><![CDATA[Tiempo de espera agotado. El chevron no estÃ¡n presentes o no son clickeables.
]]></system-out>
	</testcase>
</testsuite>
