<?xml version="1.0" encoding="UTF-8"?>
<testsuite name="cuenta_ctacte_historica-20241021163937" tests="2" file=".py" time="8.725" timestamp="2024-10-21T16:39:45" failures="0" errors="2" skipped="0">
	<testcase classname="cuenta_ctacte_historica" name="test_ctacte_historica" time="0.000" timestamp="0001-01-01T00:00:00" file="ctacte_hist贸rica.py" line="18">
		<error type="NoSuchWindowException" message="Message: no such window: target window already closed
from unknown error: web view not found
  (Session info: chrome=130.0.6723.58)
Stacktrace:
	GetHandleVerifier [0x00007FF75D9AE1F5+2972373]
	(No symbol) [0x00007FF75D6455F0]
	(No symbol) [0x00007FF75D4E57FA]
	(No symbol) [0x00007FF75D4BFA85]
	(No symbol) [0x00007FF75D562B17]
	(No symbol) [0x00007FF75D57B1D1]
	(No symbol) [0x00007FF75D55B823]
	(No symbol) [0x00007FF75D5275E8]
	(No symbol) [0x00007FF75D528751]
	GetHandleVerifier [0x00007FF75D9D47BD+3129501]
	GetHandleVerifier [0x00007FF75DA24D00+3458528]
	GetHandleVerifier [0x00007FF75DA1B05D+3418429]
	GetHandleVerifier [0x00007FF75D7A687B+844123]
	(No symbol) [0x00007FF75D650AFF]
	(No symbol) [0x00007FF75D64C6D4]
	(No symbol) [0x00007FF75D64C86D]
	(No symbol) [0x00007FF75D63BD79]
	BaseThreadInitThunk [0x00007FF92EF0257D+29]
	RtlUserThreadStart [0x00007FF93006AF08+40]
"><![CDATA[Traceback (most recent call last):
  File "c:\Users\luist\repos\Automatizaciones_M-dulos-\ctacte_hist贸rica.py", line 21, in test_ctacte_historica
    self.login_helper.select_tenant()
  File "c:\Users\luist\repos\Automatizaciones_M-dulos-\loginhelper.py", line 18, in select_tenant
    select_tenant = find_element_by_xpath(self.driver, "/html/body/app-root/app-layout/app-vertical/div/div/div/div/app-home-main/div/div[1]/app-tenant-main/app-tenant[8]/div/div/img")
  File "c:\Users\luist\repos\Automatizaciones_M-dulos-\findElements.py", line 14, in find_element_by_xpath
    return WebDriverWait(driver, 10).until(EC.presence_of_element_located((By.XPATH, xpath)))
  File "C:\Users\luist\AppData\Roaming\Python\Python310\site-packages\selenium\webdriver\support\wait.py", line 96, in until
    value = method(self._driver)
  File "C:\Users\luist\AppData\Roaming\Python\Python310\site-packages\selenium\webdriver\support\expected_conditions.py", line 84, in _predicate
    return driver.find_element(*locator)
  File "C:\Users\luist\AppData\Roaming\Python\Python310\site-packages\selenium\webdriver\remote\webdriver.py", line 748, in find_element
    return self.execute(Command.FIND_ELEMENT, {"using": by, "value": value})["value"]
  File "C:\Users\luist\AppData\Roaming\Python\Python310\site-packages\selenium\webdriver\remote\webdriver.py", line 354, in execute
    self.error_handler.check_response(response)
  File "C:\Users\luist\AppData\Roaming\Python\Python310\site-packages\selenium\webdriver\remote\errorhandler.py", line 229, in check_response
    raise exception_class(message, screen, stacktrace)
selenium.common.exceptions.NoSuchWindowException: Message: no such window: target window already closed
from unknown error: web view not found
  (Session info: chrome=130.0.6723.58)
Stacktrace:
	GetHandleVerifier [0x00007FF75D9AE1F5+2972373]
	(No symbol) [0x00007FF75D6455F0]
	(No symbol) [0x00007FF75D4E57FA]
	(No symbol) [0x00007FF75D4BFA85]
	(No symbol) [0x00007FF75D562B17]
	(No symbol) [0x00007FF75D57B1D1]
	(No symbol) [0x00007FF75D55B823]
	(No symbol) [0x00007FF75D5275E8]
	(No symbol) [0x00007FF75D528751]
	GetHandleVerifier [0x00007FF75D9D47BD+3129501]
	GetHandleVerifier [0x00007FF75DA24D00+3458528]
	GetHandleVerifier [0x00007FF75DA1B05D+3418429]
	GetHandleVerifier [0x00007FF75D7A687B+844123]
	(No symbol) [0x00007FF75D650AFF]
	(No symbol) [0x00007FF75D64C6D4]
	(No symbol) [0x00007FF75D64C86D]
	(No symbol) [0x00007FF75D63BD79]
	BaseThreadInitThunk [0x00007FF92EF0257D+29]
	RtlUserThreadStart [0x00007FF93006AF08+40]

]]></error>
	</testcase>
	<testcase classname="cuenta_ctacte_historica" name="test_ctacte_historica" time="8.725" timestamp="2024-10-21T16:39:45" file="ctacte_hist贸rica.py" line="18">
		<error type="WebDriverException" message="Message: disconnected: not connected to DevTools
  (failed to check if window was closed: disconnected: not connected to DevTools)
  (Session info: chrome=130.0.6723.58)
Stacktrace:
	GetHandleVerifier [0x00007FF75D9AE1F5+2972373]
	(No symbol) [0x00007FF75D6455F0]
	(No symbol) [0x00007FF75D4E57FA]
	(No symbol) [0x00007FF75D4D0B06]
	(No symbol) [0x00007FF75D4D1FCF]
	(No symbol) [0x00007FF75D4E5E13]
	(No symbol) [0x00007FF75D4BF55D]
	(No symbol) [0x00007FF75D569D19]
	(No symbol) [0x00007FF75D55BA40]
	(No symbol) [0x00007FF75D5275E8]
	(No symbol) [0x00007FF75D528751]
	GetHandleVerifier [0x00007FF75D9D47BD+3129501]
	GetHandleVerifier [0x00007FF75DA24D00+3458528]
	GetHandleVerifier [0x00007FF75DA1B05D+3418429]
	GetHandleVerifier [0x00007FF75D7A687B+844123]
	(No symbol) [0x00007FF75D650AFF]
	(No symbol) [0x00007FF75D64C6D4]
	(No symbol) [0x00007FF75D64C86D]
	(No symbol) [0x00007FF75D63BD79]
	BaseThreadInitThunk [0x00007FF92EF0257D+29]
	RtlUserThreadStart [0x00007FF93006AF08+40]
"><![CDATA[Traceback (most recent call last):
  File "c:\Users\luist\repos\Automatizaciones_M-dulos-\ctacte_hist贸rica.py", line 168, in tearDown
    self.driver.close()
  File "C:\Users\luist\AppData\Roaming\Python\Python310\site-packages\selenium\webdriver\remote\webdriver.py", line 465, in close
    self.execute(Command.CLOSE)
  File "C:\Users\luist\AppData\Roaming\Python\Python310\site-packages\selenium\webdriver\remote\webdriver.py", line 354, in execute
    self.error_handler.check_response(response)
  File "C:\Users\luist\AppData\Roaming\Python\Python310\site-packages\selenium\webdriver\remote\errorhandler.py", line 229, in check_response
    raise exception_class(message, screen, stacktrace)
selenium.common.exceptions.WebDriverException: Message: disconnected: not connected to DevTools
  (failed to check if window was closed: disconnected: not connected to DevTools)
  (Session info: chrome=130.0.6723.58)
Stacktrace:
	GetHandleVerifier [0x00007FF75D9AE1F5+2972373]
	(No symbol) [0x00007FF75D6455F0]
	(No symbol) [0x00007FF75D4E57FA]
	(No symbol) [0x00007FF75D4D0B06]
	(No symbol) [0x00007FF75D4D1FCF]
	(No symbol) [0x00007FF75D4E5E13]
	(No symbol) [0x00007FF75D4BF55D]
	(No symbol) [0x00007FF75D569D19]
	(No symbol) [0x00007FF75D55BA40]
	(No symbol) [0x00007FF75D5275E8]
	(No symbol) [0x00007FF75D528751]
	GetHandleVerifier [0x00007FF75D9D47BD+3129501]
	GetHandleVerifier [0x00007FF75DA24D00+3458528]
	GetHandleVerifier [0x00007FF75DA1B05D+3418429]
	GetHandleVerifier [0x00007FF75D7A687B+844123]
	(No symbol) [0x00007FF75D650AFF]
	(No symbol) [0x00007FF75D64C6D4]
	(No symbol) [0x00007FF75D64C86D]
	(No symbol) [0x00007FF75D63BD79]
	BaseThreadInitThunk [0x00007FF92EF0257D+29]
	RtlUserThreadStart [0x00007FF93006AF08+40]

]]></error>
	</testcase>
</testsuite>
