<?xml version="1.0" encoding="UTF-8"?>
<testsuite name="cuenta_ctacte_historica-20240612170257" tests="2" file=".py" time="81.281" timestamp="2024-06-12T17:04:18" failures="0" errors="2" skipped="0">
	<testcase classname="cuenta_ctacte_historica" name="test_ctacte_historica" time="0.000" timestamp="0001-01-01T00:00:00" file="CtaCte_Histórica.py" line="17">
		<error type="AttributeError" message="'NoneType' object has no attribute 'is_displayed'"><![CDATA[Traceback (most recent call last):
  File "c:\Users\luist\repos\Automatizaciones-SILOHUB-\CtaCte_Histórica.py", line 121, in test_ctacte_historica
    find_elements(self.driver, movements_list_2)
  File "c:\Users\luist\repos\Automatizaciones-SILOHUB-\Elements.py", line 19, in find_elements
    select_nex_button = WebDriverWait(driver, 10).until(
  File "C:\Users\luist\AppData\Roaming\Python\Python310\site-packages\selenium\webdriver\support\wait.py", line 96, in until
    value = method(self._driver)
  File "C:\Users\luist\AppData\Roaming\Python\Python310\site-packages\selenium\webdriver\support\expected_conditions.py", line 364, in _predicate
    element = visibility_of(target)(driver)
  File "C:\Users\luist\AppData\Roaming\Python\Python310\site-packages\selenium\webdriver\support\expected_conditions.py", line 173, in _predicate
    return _element_if_visible(element)
  File "C:\Users\luist\AppData\Roaming\Python\Python310\site-packages\selenium\webdriver\support\expected_conditions.py", line 179, in _element_if_visible
    return element if element.is_displayed() == visibility else False
AttributeError: 'NoneType' object has no attribute 'is_displayed'
]]></error>
		<system-out><![CDATA[¡Elemento encontrado y clickeado 12 veces con éxito!
¡Elemento encontrado y clickeado 1 veces con éxito!
El texto encontrado es  CUENTA CORRIENTE
El valor es un carácter numérico. Valor: 145.869.433,96
El valor es un carácter numérico. Valor: 897.440,38
Tiempo de espera agotado. El elemento no está presente o no es clickeable.
]]></system-out>
	</testcase>
	<testcase classname="cuenta_ctacte_historica" name="test_ctacte_historica" time="81.281" timestamp="2024-06-12T17:04:18" file="CtaCte_Histórica.py" line="17">
		<error type="NoSuchWindowException" message="Message: no such window: target window already closed
from unknown error: web view not found
  (Session info: chrome=125.0.6422.144)
Stacktrace:
	GetHandleVerifier [0x00007FF76A1A1F52+60322]
	(No symbol) [0x00007FF76A11CEC9]
	(No symbol) [0x00007FF769FD7EBA]
	(No symbol) [0x00007FF769FAD5A5]
	(No symbol) [0x00007FF76A0536B7]
	(No symbol) [0x00007FF76A05A812]
	(No symbol) [0x00007FF76A04C1E0]
	(No symbol) [0x00007FF76A019617]
	(No symbol) [0x00007FF76A01A211]
	GetHandleVerifier [0x00007FF76A4B94AD+3301629]
	GetHandleVerifier [0x00007FF76A5036D3+3605283]
	GetHandleVerifier [0x00007FF76A4F9450+3563680]
	GetHandleVerifier [0x00007FF76A254326+790390]
	(No symbol) [0x00007FF76A12750F]
	(No symbol) [0x00007FF76A123404]
	(No symbol) [0x00007FF76A123592]
	(No symbol) [0x00007FF76A112F9F]
	BaseThreadInitThunk [0x00007FFBED37257D+29]
	RtlUserThreadStart [0x00007FFBEECEAA48+40]
"><![CDATA[Traceback (most recent call last):
  File "c:\Users\luist\repos\Automatizaciones-SILOHUB-\CtaCte_Histórica.py", line 189, in tearDown
    self.driver.close()
  File "C:\Users\luist\AppData\Roaming\Python\Python310\site-packages\selenium\webdriver\remote\webdriver.py", line 459, in close
    self.execute(Command.CLOSE)
  File "C:\Users\luist\AppData\Roaming\Python\Python310\site-packages\selenium\webdriver\remote\webdriver.py", line 348, in execute
    self.error_handler.check_response(response)
  File "C:\Users\luist\AppData\Roaming\Python\Python310\site-packages\selenium\webdriver\remote\errorhandler.py", line 229, in check_response
    raise exception_class(message, screen, stacktrace)
selenium.common.exceptions.NoSuchWindowException: Message: no such window: target window already closed
from unknown error: web view not found
  (Session info: chrome=125.0.6422.144)
Stacktrace:
	GetHandleVerifier [0x00007FF76A1A1F52+60322]
	(No symbol) [0x00007FF76A11CEC9]
	(No symbol) [0x00007FF769FD7EBA]
	(No symbol) [0x00007FF769FAD5A5]
	(No symbol) [0x00007FF76A0536B7]
	(No symbol) [0x00007FF76A05A812]
	(No symbol) [0x00007FF76A04C1E0]
	(No symbol) [0x00007FF76A019617]
	(No symbol) [0x00007FF76A01A211]
	GetHandleVerifier [0x00007FF76A4B94AD+3301629]
	GetHandleVerifier [0x00007FF76A5036D3+3605283]
	GetHandleVerifier [0x00007FF76A4F9450+3563680]
	GetHandleVerifier [0x00007FF76A254326+790390]
	(No symbol) [0x00007FF76A12750F]
	(No symbol) [0x00007FF76A123404]
	(No symbol) [0x00007FF76A123592]
	(No symbol) [0x00007FF76A112F9F]
	BaseThreadInitThunk [0x00007FFBED37257D+29]
	RtlUserThreadStart [0x00007FFBEECEAA48+40]

]]></error>
		<system-out><![CDATA[¡Elemento encontrado y clickeado 12 veces con éxito!
¡Elemento encontrado y clickeado 1 veces con éxito!
El texto encontrado es  CUENTA CORRIENTE
El valor es un carácter numérico. Valor: 145.869.433,96
El valor es un carácter numérico. Valor: 897.440,38
Tiempo de espera agotado. El elemento no está presente o no es clickeable.
]]></system-out>
	</testcase>
</testsuite>
