<?xml version="1.0" encoding="UTF-8"?>
<testsuite name="comprobanteContratoV2-20241030180116" tests="2" file=".py" time="157.417" timestamp="2024-10-30T18:03:53" failures="0" errors="2" skipped="0">
	<testcase classname="comprobanteContratoV2" name="test_comprobante_contrato" time="0.000" timestamp="0001-01-01T00:00:00" file="ComproContractV2.py" line="22">
		<error type="NoSuchWindowException" message="Message: no such window: target window already closed
from unknown error: web view not found
  (Session info: chrome=130.0.6723.91)
Stacktrace:
	GetHandleVerifier [0x00007FF7784A3AF5+28005]
	(No symbol) [0x00007FF7784083F0]
	(No symbol) [0x00007FF7782A580A]
	(No symbol) [0x00007FF77827FA85]
	(No symbol) [0x00007FF778322AD7]
	(No symbol) [0x00007FF77833B1B1]
	(No symbol) [0x00007FF77831B7E3]
	(No symbol) [0x00007FF7782E75C8]
	(No symbol) [0x00007FF7782E8731]
	GetHandleVerifier [0x00007FF77879646D+3118813]
	GetHandleVerifier [0x00007FF7787E6CC0+3448624]
	GetHandleVerifier [0x00007FF7787DCF3D+3408301]
	GetHandleVerifier [0x00007FF77856A44B+841403]
	(No symbol) [0x00007FF77841344F]
	(No symbol) [0x00007FF77840F4C4]
	(No symbol) [0x00007FF77840F65D]
	(No symbol) [0x00007FF7783FEBB9]
	BaseThreadInitThunk [0x00007FF8AAC1257D+29]
	RtlUserThreadStart [0x00007FF8ABB0AF08+40]
"><![CDATA[Traceback (most recent call last):
  File "c:\Users\luist\repos\Automatizaciones_M-dulos-\ComproContractV2.py", line 111, in test_comprobante_contrato
    download_button1 = "/html/body/app-root/app-layout/app-vertical/div/div/div/div/app-others/div/div/app-tab-receipts/app-receipts/app-header-for-responsive-table/div/div/div[2]/div/div[1]/app-download-button/div/button[2]"
  File "c:\Users\luist\repos\Automatizaciones_M-dulos-\Elements.py", line 1000, in validate_text
    elemento = WebDriverWait(driver, 10).until(
  File "C:\Users\luist\AppData\Roaming\Python\Python310\site-packages\selenium\webdriver\support\wait.py", line 96, in until
    value = method(self._driver)
  File "C:\Users\luist\AppData\Roaming\Python\Python310\site-packages\selenium\webdriver\support\expected_conditions.py", line 84, in _predicate
    return driver.find_element(*locator)
  File "C:\Users\luist\AppData\Roaming\Python\Python310\site-packages\selenium\webdriver\remote\webdriver.py", line 748, in find_element
    return self.execute(Command.FIND_ELEMENT, {"using": by, "value": value})["value"]
  File "C:\Users\luist\AppData\Roaming\Python\Python310\site-packages\selenium\webdriver\remote\webdriver.py", line 354, in execute
    self.error_handler.check_response(response)
  File "C:\Users\luist\AppData\Roaming\Python\Python310\site-packages\selenium\webdriver\remote\errorhandler.py", line 229, in check_response
    raise exception_class(message, screen, stacktrace)
selenium.common.exceptions.NoSuchWindowException: Message: no such window: target window already closed
from unknown error: web view not found
  (Session info: chrome=130.0.6723.91)
Stacktrace:
	GetHandleVerifier [0x00007FF7784A3AF5+28005]
	(No symbol) [0x00007FF7784083F0]
	(No symbol) [0x00007FF7782A580A]
	(No symbol) [0x00007FF77827FA85]
	(No symbol) [0x00007FF778322AD7]
	(No symbol) [0x00007FF77833B1B1]
	(No symbol) [0x00007FF77831B7E3]
	(No symbol) [0x00007FF7782E75C8]
	(No symbol) [0x00007FF7782E8731]
	GetHandleVerifier [0x00007FF77879646D+3118813]
	GetHandleVerifier [0x00007FF7787E6CC0+3448624]
	GetHandleVerifier [0x00007FF7787DCF3D+3408301]
	GetHandleVerifier [0x00007FF77856A44B+841403]
	(No symbol) [0x00007FF77841344F]
	(No symbol) [0x00007FF77840F4C4]
	(No symbol) [0x00007FF77840F65D]
	(No symbol) [0x00007FF7783FEBB9]
	BaseThreadInitThunk [0x00007FF8AAC1257D+29]
	RtlUserThreadStart [0x00007FF8ABB0AF08+40]

]]></error>
		<system-out><![CDATA[El texto encontrado es  Mis Comprobantes
¡Elemento encontrado y clickeado 10 veces con éxito!
¡Elemento encontrado y clickeado 1 veces con éxito!
Tiempo de espera agotado. El texto por xpaht no está presente.
Tiempo de espera agotado. El elemento no está presente o no es clickeable.
Tiempo de espera agotado. El texto por xpaht no está presente.
Tiempo de espera agotado. El elemento no está presente o no es visible.
]]></system-out>
	</testcase>
	<testcase classname="comprobanteContratoV2" name="test_comprobante_contrato" time="157.417" timestamp="2024-10-30T18:03:53" file="ComproContractV2.py" line="22">
		<error type="WebDriverException" message="Message: disconnected: not connected to DevTools
  (failed to check if window was closed: disconnected: not connected to DevTools)
  (Session info: chrome=130.0.6723.91)
Stacktrace:
	GetHandleVerifier [0x00007FF7784A3AF5+28005]
	(No symbol) [0x00007FF7784083F0]
	(No symbol) [0x00007FF7782A580A]
	(No symbol) [0x00007FF778290B06]
	(No symbol) [0x00007FF778291FCF]
	(No symbol) [0x00007FF7782A5E23]
	(No symbol) [0x00007FF77827F55D]
	(No symbol) [0x00007FF778329CE9]
	(No symbol) [0x00007FF77831BA00]
	(No symbol) [0x00007FF7782E75C8]
	(No symbol) [0x00007FF7782E8731]
	GetHandleVerifier [0x00007FF77879646D+3118813]
	GetHandleVerifier [0x00007FF7787E6CC0+3448624]
	GetHandleVerifier [0x00007FF7787DCF3D+3408301]
	GetHandleVerifier [0x00007FF77856A44B+841403]
	(No symbol) [0x00007FF77841344F]
	(No symbol) [0x00007FF77840F4C4]
	(No symbol) [0x00007FF77840F65D]
	(No symbol) [0x00007FF7783FEBB9]
	BaseThreadInitThunk [0x00007FF8AAC1257D+29]
	RtlUserThreadStart [0x00007FF8ABB0AF08+40]
"><![CDATA[Traceback (most recent call last):
  File "c:\Users\luist\repos\Automatizaciones_M-dulos-\ComproContractV2.py", line 143, in tearDown
  File "C:\Users\luist\AppData\Roaming\Python\Python310\site-packages\selenium\webdriver\remote\webdriver.py", line 465, in close
    self.execute(Command.CLOSE)
  File "C:\Users\luist\AppData\Roaming\Python\Python310\site-packages\selenium\webdriver\remote\webdriver.py", line 354, in execute
    self.error_handler.check_response(response)
  File "C:\Users\luist\AppData\Roaming\Python\Python310\site-packages\selenium\webdriver\remote\errorhandler.py", line 229, in check_response
    raise exception_class(message, screen, stacktrace)
selenium.common.exceptions.WebDriverException: Message: disconnected: not connected to DevTools
  (failed to check if window was closed: disconnected: not connected to DevTools)
  (Session info: chrome=130.0.6723.91)
Stacktrace:
	GetHandleVerifier [0x00007FF7784A3AF5+28005]
	(No symbol) [0x00007FF7784083F0]
	(No symbol) [0x00007FF7782A580A]
	(No symbol) [0x00007FF778290B06]
	(No symbol) [0x00007FF778291FCF]
	(No symbol) [0x00007FF7782A5E23]
	(No symbol) [0x00007FF77827F55D]
	(No symbol) [0x00007FF778329CE9]
	(No symbol) [0x00007FF77831BA00]
	(No symbol) [0x00007FF7782E75C8]
	(No symbol) [0x00007FF7782E8731]
	GetHandleVerifier [0x00007FF77879646D+3118813]
	GetHandleVerifier [0x00007FF7787E6CC0+3448624]
	GetHandleVerifier [0x00007FF7787DCF3D+3408301]
	GetHandleVerifier [0x00007FF77856A44B+841403]
	(No symbol) [0x00007FF77841344F]
	(No symbol) [0x00007FF77840F4C4]
	(No symbol) [0x00007FF77840F65D]
	(No symbol) [0x00007FF7783FEBB9]
	BaseThreadInitThunk [0x00007FF8AAC1257D+29]
	RtlUserThreadStart [0x00007FF8ABB0AF08+40]

]]></error>
		<system-out><![CDATA[El texto encontrado es  Mis Comprobantes
¡Elemento encontrado y clickeado 10 veces con éxito!
¡Elemento encontrado y clickeado 1 veces con éxito!
Tiempo de espera agotado. El texto por xpaht no está presente.
Tiempo de espera agotado. El elemento no está presente o no es clickeable.
Tiempo de espera agotado. El texto por xpaht no está presente.
Tiempo de espera agotado. El elemento no está presente o no es visible.
]]></system-out>
	</testcase>
</testsuite>
