<?xml version="1.0" encoding="UTF-8"?>
<testsuite name="reportPendFacturar-20240716153658" tests="2" file=".py" time="63.658" timestamp="2024-07-16T15:38:01" failures="0" errors="2" skipped="0">
	<testcase classname="reportPendFacturar" name="test_Report_PendFacturar" time="0.000" timestamp="0001-01-01T00:00:00" file="ReportCompPenFact.py" line="17">
		<error type="NoSuchWindowException" message="Message: no such window: target window already closed
from unknown error: web view not found
  (Session info: chrome=126.0.6478.127)
Stacktrace:
	GetHandleVerifier [0x00007FF6BE12EEA2+31554]
	(No symbol) [0x00007FF6BE0A7ED9]
	(No symbol) [0x00007FF6BDF6872A]
	(No symbol) [0x00007FF6BDF3D995]
	(No symbol) [0x00007FF6BDFE44D7]
	(No symbol) [0x00007FF6BDFFC051]
	(No symbol) [0x00007FF6BDFDCDD3]
	(No symbol) [0x00007FF6BDFAA33B]
	(No symbol) [0x00007FF6BDFAAED1]
	GetHandleVerifier [0x00007FF6BE438B1D+3217341]
	GetHandleVerifier [0x00007FF6BE485AE3+3532675]
	GetHandleVerifier [0x00007FF6BE47B0E0+3489152]
	GetHandleVerifier [0x00007FF6BE1DE776+750614]
	(No symbol) [0x00007FF6BE0B375F]
	(No symbol) [0x00007FF6BE0AEB14]
	(No symbol) [0x00007FF6BE0AECA2]
	(No symbol) [0x00007FF6BE09E16F]
	BaseThreadInitThunk [0x00007FFBD5F8257D+29]
	RtlUserThreadStart [0x00007FFBD704AF28+40]
"><![CDATA[Traceback (most recent call last):
  File "c:\Users\luist\repos\Automatizaciones-SILOHUB-\ReportCompPenFact.py", line 84, in test_Report_PendFacturar
    validate_text(self.driver,first_column,first_column_expected )
  File "c:\Users\luist\repos\Automatizaciones-SILOHUB-\Elements.py", line 1001, in validate_text
    elemento = WebDriverWait(driver, 10).until(
  File "C:\Users\luist\AppData\Roaming\Python\Python310\site-packages\selenium\webdriver\support\wait.py", line 96, in until
    value = method(self._driver)
  File "C:\Users\luist\AppData\Roaming\Python\Python310\site-packages\selenium\webdriver\support\expected_conditions.py", line 84, in _predicate
    return driver.find_element(*locator)
  File "C:\Users\luist\AppData\Roaming\Python\Python310\site-packages\selenium\webdriver\remote\webdriver.py", line 748, in find_element
    return self.execute(Command.FIND_ELEMENT, {"using": by, "value": value})["value"]
  File "C:\Users\luist\AppData\Roaming\Python\Python310\site-packages\selenium\webdriver\remote\webdriver.py", line 354, in execute
    self.error_handler.check_response(response)
  File "C:\Users\luist\AppData\Roaming\Python\Python310\site-packages\selenium\webdriver\remote\errorhandler.py", line 229, in check_response
    raise exception_class(message, screen, stacktrace)
selenium.common.exceptions.NoSuchWindowException: Message: no such window: target window already closed
from unknown error: web view not found
  (Session info: chrome=126.0.6478.127)
Stacktrace:
	GetHandleVerifier [0x00007FF6BE12EEA2+31554]
	(No symbol) [0x00007FF6BE0A7ED9]
	(No symbol) [0x00007FF6BDF6872A]
	(No symbol) [0x00007FF6BDF3D995]
	(No symbol) [0x00007FF6BDFE44D7]
	(No symbol) [0x00007FF6BDFFC051]
	(No symbol) [0x00007FF6BDFDCDD3]
	(No symbol) [0x00007FF6BDFAA33B]
	(No symbol) [0x00007FF6BDFAAED1]
	GetHandleVerifier [0x00007FF6BE438B1D+3217341]
	GetHandleVerifier [0x00007FF6BE485AE3+3532675]
	GetHandleVerifier [0x00007FF6BE47B0E0+3489152]
	GetHandleVerifier [0x00007FF6BE1DE776+750614]
	(No symbol) [0x00007FF6BE0B375F]
	(No symbol) [0x00007FF6BE0AEB14]
	(No symbol) [0x00007FF6BE0AECA2]
	(No symbol) [0x00007FF6BE09E16F]
	BaseThreadInitThunk [0x00007FFBD5F8257D+29]
	RtlUserThreadStart [0x00007FFBD704AF28+40]

]]></error>
		<system-out><![CDATA[¡Elemento encontrado y clickeado 6 veces con éxito!
¡Elemento encontrado y clickeado 6 veces con éxito!
Tiempo de espera agotado. El texto por xpaht no está presente.
]]></system-out>
	</testcase>
	<testcase classname="reportPendFacturar" name="test_Report_PendFacturar" time="63.658" timestamp="2024-07-16T15:38:01" file="ReportCompPenFact.py" line="17">
		<error type="WebDriverException" message="Message: disconnected: not connected to DevTools
  (failed to check if window was closed: disconnected: not connected to DevTools)
  (Session info: chrome=126.0.6478.127)
Stacktrace:
	GetHandleVerifier [0x00007FF6BE12EEA2+31554]
	(No symbol) [0x00007FF6BE0A7ED9]
	(No symbol) [0x00007FF6BDF6872A]
	(No symbol) [0x00007FF6BDF4E90F]
	(No symbol) [0x00007FF6BDF4F47F]
	(No symbol) [0x00007FF6BDF68D53]
	(No symbol) [0x00007FF6BDF3D47C]
	(No symbol) [0x00007FF6BDFEB614]
	(No symbol) [0x00007FF6BDFDCFF0]
	(No symbol) [0x00007FF6BDFAA33B]
	(No symbol) [0x00007FF6BDFAAED1]
	GetHandleVerifier [0x00007FF6BE438B1D+3217341]
	GetHandleVerifier [0x00007FF6BE485AE3+3532675]
	GetHandleVerifier [0x00007FF6BE47B0E0+3489152]
	GetHandleVerifier [0x00007FF6BE1DE776+750614]
	(No symbol) [0x00007FF6BE0B375F]
	(No symbol) [0x00007FF6BE0AEB14]
	(No symbol) [0x00007FF6BE0AECA2]
	(No symbol) [0x00007FF6BE09E16F]
	BaseThreadInitThunk [0x00007FFBD5F8257D+29]
	RtlUserThreadStart [0x00007FFBD704AF28+40]
"><![CDATA[Traceback (most recent call last):
  File "c:\Users\luist\repos\Automatizaciones-SILOHUB-\ReportCompPenFact.py", line 213, in tearDown
    self.driver.close()
  File "C:\Users\luist\AppData\Roaming\Python\Python310\site-packages\selenium\webdriver\remote\webdriver.py", line 465, in close
    self.execute(Command.CLOSE)
  File "C:\Users\luist\AppData\Roaming\Python\Python310\site-packages\selenium\webdriver\remote\webdriver.py", line 354, in execute
    self.error_handler.check_response(response)
  File "C:\Users\luist\AppData\Roaming\Python\Python310\site-packages\selenium\webdriver\remote\errorhandler.py", line 229, in check_response
    raise exception_class(message, screen, stacktrace)
selenium.common.exceptions.WebDriverException: Message: disconnected: not connected to DevTools
  (failed to check if window was closed: disconnected: not connected to DevTools)
  (Session info: chrome=126.0.6478.127)
Stacktrace:
	GetHandleVerifier [0x00007FF6BE12EEA2+31554]
	(No symbol) [0x00007FF6BE0A7ED9]
	(No symbol) [0x00007FF6BDF6872A]
	(No symbol) [0x00007FF6BDF4E90F]
	(No symbol) [0x00007FF6BDF4F47F]
	(No symbol) [0x00007FF6BDF68D53]
	(No symbol) [0x00007FF6BDF3D47C]
	(No symbol) [0x00007FF6BDFEB614]
	(No symbol) [0x00007FF6BDFDCFF0]
	(No symbol) [0x00007FF6BDFAA33B]
	(No symbol) [0x00007FF6BDFAAED1]
	GetHandleVerifier [0x00007FF6BE438B1D+3217341]
	GetHandleVerifier [0x00007FF6BE485AE3+3532675]
	GetHandleVerifier [0x00007FF6BE47B0E0+3489152]
	GetHandleVerifier [0x00007FF6BE1DE776+750614]
	(No symbol) [0x00007FF6BE0B375F]
	(No symbol) [0x00007FF6BE0AEB14]
	(No symbol) [0x00007FF6BE0AECA2]
	(No symbol) [0x00007FF6BE09E16F]
	BaseThreadInitThunk [0x00007FFBD5F8257D+29]
	RtlUserThreadStart [0x00007FFBD704AF28+40]

]]></error>
		<system-out><![CDATA[¡Elemento encontrado y clickeado 6 veces con éxito!
¡Elemento encontrado y clickeado 6 veces con éxito!
Tiempo de espera agotado. El texto por xpaht no está presente.
]]></system-out>
	</testcase>
</testsuite>
