<?xml version="1.0" encoding="UTF-8"?>
<testsuite name="reportPendFacturar-20240524094002" tests="1" file=".py" time="65.729" timestamp="2024-05-24T09:41:08" failures="0" errors="1" skipped="0">
	<testcase classname="reportPendFacturar" name="test_Report_PendFacturar" time="65.729" timestamp="2024-05-24T09:41:08" file="ReportCompPenFact.py" line="17">
		<error type="NoSuchElementException" message="Message: no such element: Unable to locate element: {&quot;method&quot;:&quot;xpath&quot;,&quot;selector&quot;:&quot;/html/body/app-root/app-layout/app-vertical/div/div/div/div/app-pendient/app-responsive-table/div/div/table/tbody/tr[1]/td[1]/span/span&quot;}
  (Session info: chrome=125.0.6422.112); For documentation on this error, please visit: https://www.selenium.dev/documentation/webdriver/troubleshooting/errors#no-such-element-exception
Stacktrace:
	GetHandleVerifier [0x00007FF6E8871F22+60322]
	(No symbol) [0x00007FF6E87ECE99]
	(No symbol) [0x00007FF6E86A7EBA]
	(No symbol) [0x00007FF6E86F7676]
	(No symbol) [0x00007FF6E86F773C]
	(No symbol) [0x00007FF6E873E967]
	(No symbol) [0x00007FF6E871C25F]
	(No symbol) [0x00007FF6E873BC80]
	(No symbol) [0x00007FF6E871BFC3]
	(No symbol) [0x00007FF6E86E9617]
	(No symbol) [0x00007FF6E86EA211]
	GetHandleVerifier [0x00007FF6E8B8946D+3301613]
	GetHandleVerifier [0x00007FF6E8BD3693+3605267]
	GetHandleVerifier [0x00007FF6E8BC9410+3563664]
	GetHandleVerifier [0x00007FF6E89242F6+790390]
	(No symbol) [0x00007FF6E87F74DF]
	(No symbol) [0x00007FF6E87F33D4]
	(No symbol) [0x00007FF6E87F3562]
	(No symbol) [0x00007FF6E87E2F6F]
	BaseThreadInitThunk [0x00007FFFE64E257D+29]
	RtlUserThreadStart [0x00007FFFE792AA48+40]
"><![CDATA[Traceback (most recent call last):
  File "c:\Users\luist\repos\Automatizaciones-SILOHUB-\ReportCompPenFact.py", line 112, in test_Report_PendFacturar
    validate_character_numeric_element(self.driver,number_voucher)
  File "c:\Users\luist\repos\Automatizaciones-SILOHUB-\Elements.py", line 1118, in validate_character_numeric_element
    elemento = driver.find_element(By.XPATH, xpath)
  File "C:\Users\luist\AppData\Roaming\Python\Python310\site-packages\selenium\webdriver\remote\webdriver.py", line 742, in find_element
    return self.execute(Command.FIND_ELEMENT, {"using": by, "value": value})["value"]
  File "C:\Users\luist\AppData\Roaming\Python\Python310\site-packages\selenium\webdriver\remote\webdriver.py", line 348, in execute
    self.error_handler.check_response(response)
  File "C:\Users\luist\AppData\Roaming\Python\Python310\site-packages\selenium\webdriver\remote\errorhandler.py", line 229, in check_response
    raise exception_class(message, screen, stacktrace)
selenium.common.exceptions.NoSuchElementException: Message: no such element: Unable to locate element: {"method":"xpath","selector":"/html/body/app-root/app-layout/app-vertical/div/div/div/div/app-pendient/app-responsive-table/div/div/table/tbody/tr[1]/td[1]/span/span"}
  (Session info: chrome=125.0.6422.112); For documentation on this error, please visit: https://www.selenium.dev/documentation/webdriver/troubleshooting/errors#no-such-element-exception
Stacktrace:
	GetHandleVerifier [0x00007FF6E8871F22+60322]
	(No symbol) [0x00007FF6E87ECE99]
	(No symbol) [0x00007FF6E86A7EBA]
	(No symbol) [0x00007FF6E86F7676]
	(No symbol) [0x00007FF6E86F773C]
	(No symbol) [0x00007FF6E873E967]
	(No symbol) [0x00007FF6E871C25F]
	(No symbol) [0x00007FF6E873BC80]
	(No symbol) [0x00007FF6E871BFC3]
	(No symbol) [0x00007FF6E86E9617]
	(No symbol) [0x00007FF6E86EA211]
	GetHandleVerifier [0x00007FF6E8B8946D+3301613]
	GetHandleVerifier [0x00007FF6E8BD3693+3605267]
	GetHandleVerifier [0x00007FF6E8BC9410+3563664]
	GetHandleVerifier [0x00007FF6E89242F6+790390]
	(No symbol) [0x00007FF6E87F74DF]
	(No symbol) [0x00007FF6E87F33D4]
	(No symbol) [0x00007FF6E87F3562]
	(No symbol) [0x00007FF6E87E2F6F]
	BaseThreadInitThunk [0x00007FFFE64E257D+29]
	RtlUserThreadStart [0x00007FFFE792AA48+40]

]]></error>
		<system-out><![CDATA[¡Elemento encontrado y clickeado 6 veces con éxito!
¡Elemento encontrado y clickeado 6 veces con éxito!
El texto encontrado es  Comprobantes Pendientes de Facturar
El texto encontrado es  Comprobante
El texto encontrado es  Artículo
El texto no fue encontrado Pendiente
El texto no fue encontrado Precio Unit.
El texto encontrado es  Moneda
El texto no fue encontrado Total
]]></system-out>
	</testcase>
</testsuite>
