<?xml version="1.0" encoding="UTF-8"?>
<testsuite name="Perfil_Usuario-20240320163619" tests="1" file=".py" time="56.271" timestamp="2024-03-20T16:37:15" failures="0" errors="1" skipped="0">
	<testcase classname="Perfil_Usuario" name="test_Profile_User" time="56.271" timestamp="2024-03-20T16:37:15" file="Profile_User.py" line="21">
		<error type="ElementNotInteractableException" message="Message: element not interactable
  (Session info: chrome=123.0.6312.58)
Stacktrace:
	GetHandleVerifier [0x00007FF630577062+63090]
	(No symbol) [0x00007FF6304E2CB2]
	(No symbol) [0x00007FF63037EB1D]
	(No symbol) [0x00007FF6303C5D56]
	(No symbol) [0x00007FF6303BA708]
	(No symbol) [0x00007FF6303E6FDA]
	(No symbol) [0x00007FF6303BA00A]
	(No symbol) [0x00007FF6303E71F0]
	(No symbol) [0x00007FF630403412]
	(No symbol) [0x00007FF6303E6D83]
	(No symbol) [0x00007FF6303B83A8]
	(No symbol) [0x00007FF6303B9441]
	GetHandleVerifier [0x00007FF6309725CD+4238301]
	GetHandleVerifier [0x00007FF6309AF72D+4488509]
	GetHandleVerifier [0x00007FF6309A7A0F+4456479]
	GetHandleVerifier [0x00007FF6306505A6+953270]
	(No symbol) [0x00007FF6304EE57F]
	(No symbol) [0x00007FF6304E9254]
	(No symbol) [0x00007FF6304E938B]
	(No symbol) [0x00007FF6304D9BC4]
	BaseThreadInitThunk [0x00007FFFC94E257D+29]
	RtlUserThreadStart [0x00007FFFCA1AAA58+40]
"><![CDATA[Traceback (most recent call last):
  File "c:\Users\luist\repos\Automatizaciones-SILOHUB-\Profile_User.py", line 80, in test_Profile_User
    find_and_click_element_selector(self.driver, select_arrow_, clicks)
  File "c:\Users\luist\repos\Automatizaciones-SILOHUB-\Elements.py", line 358, in find_and_click_element_selector
    element.click()
  File "C:\Users\luist\AppData\Roaming\Python\Python310\site-packages\selenium\webdriver\remote\webelement.py", line 94, in click
    self._execute(Command.CLICK_ELEMENT)
  File "C:\Users\luist\AppData\Roaming\Python\Python310\site-packages\selenium\webdriver\remote\webelement.py", line 395, in _execute
    return self._parent.execute(command, params)
  File "C:\Users\luist\AppData\Roaming\Python\Python310\site-packages\selenium\webdriver\remote\webdriver.py", line 348, in execute
    self.error_handler.check_response(response)
  File "C:\Users\luist\AppData\Roaming\Python\Python310\site-packages\selenium\webdriver\remote\errorhandler.py", line 229, in check_response
    raise exception_class(message, screen, stacktrace)
selenium.common.exceptions.ElementNotInteractableException: Message: element not interactable
  (Session info: chrome=123.0.6312.58)
Stacktrace:
	GetHandleVerifier [0x00007FF630577062+63090]
	(No symbol) [0x00007FF6304E2CB2]
	(No symbol) [0x00007FF63037EB1D]
	(No symbol) [0x00007FF6303C5D56]
	(No symbol) [0x00007FF6303BA708]
	(No symbol) [0x00007FF6303E6FDA]
	(No symbol) [0x00007FF6303BA00A]
	(No symbol) [0x00007FF6303E71F0]
	(No symbol) [0x00007FF630403412]
	(No symbol) [0x00007FF6303E6D83]
	(No symbol) [0x00007FF6303B83A8]
	(No symbol) [0x00007FF6303B9441]
	GetHandleVerifier [0x00007FF6309725CD+4238301]
	GetHandleVerifier [0x00007FF6309AF72D+4488509]
	GetHandleVerifier [0x00007FF6309A7A0F+4456479]
	GetHandleVerifier [0x00007FF6306505A6+953270]
	(No symbol) [0x00007FF6304EE57F]
	(No symbol) [0x00007FF6304E9254]
	(No symbol) [0x00007FF6304E938B]
	(No symbol) [0x00007FF6304D9BC4]
	BaseThreadInitThunk [0x00007FFFC94E257D+29]
	RtlUserThreadStart [0x00007FFFCA1AAA58+40]

]]></error>
		<system-out><![CDATA[¡Elemento encontrado y clickeado con éxito!
¡Elemento encontrado y clickeado con éxito!
El texto encontrado es  MIS DATOS
El texto encontrado es  Datos personales
¡Input encontrado y enviado con éxito!
¡Input encontrado y enviado con éxito!
La opcion fue seleccionada en el dropdown con exito  
¡Elemento encontrado y clickeado con éxito!
¡Elemento encontrado y clickeado con éxito!
]]></system-out>
	</testcase>
</testsuite>
