<?xml version="1.0" encoding="UTF-8"?>
<testsuite name="Perfil_Usuario-20240320172910" tests="1" file=".py" time="38.920" timestamp="2024-03-20T17:29:49" failures="0" errors="1" skipped="0">
	<testcase classname="Perfil_Usuario" name="test_Profile_User" time="38.920" timestamp="2024-03-20T17:29:49" file="Profile_User.py" line="21">
		<error type="JavascriptException" message="Message: javascript error: {&quot;status&quot;:32,&quot;value&quot;:&quot;Unable to locate an element with the xpath expression #layout-wrapper &gt; div &gt; div &gt; div &gt; app-my-profile &gt; div &gt; div.bg-white.rounded.border.pb-2.container-card &gt; div &gt; app-form-profile-right-side &gt; form &gt; app-address-section &gt; form &gt; app-location-selector &gt; div &gt; div.col-9.col-sm-10 &gt; select because of the following error:\nSyntaxError: Failed to execute 'evaluate' on 'Document': The string '#layout-wrapper &gt; div &gt; div &gt; div &gt; app-my-profile &gt; div &gt; div.bg-white.rounded.border.pb-2.container-card &gt; div &gt; app-form-profile-right-side &gt; form &gt; app-address-section &gt; form &gt; app-location-selector &gt; div &gt; div.col-9.col-sm-10 &gt; select' is not a valid XPath expression.&quot;}
  (Session info: chrome=123.0.6312.58)
Stacktrace:
	GetHandleVerifier [0x00007FF6F25D7062+63090]
	(No symbol) [0x00007FF6F2542CB2]
	(No symbol) [0x00007FF6F23DEC65]
	(No symbol) [0x00007FF6F23E3D21]
	(No symbol) [0x00007FF6F23E6159]
	(No symbol) [0x00007FF6F23E6200]
	(No symbol) [0x00007FF6F242460C]
	(No symbol) [0x00007FF6F2424ADC]
	(No symbol) [0x00007FF6F2465B37]
	(No symbol) [0x00007FF6F244701F]
	(No symbol) [0x00007FF6F2463412]
	(No symbol) [0x00007FF6F2446D83]
	(No symbol) [0x00007FF6F24183A8]
	(No symbol) [0x00007FF6F2419441]
	GetHandleVerifier [0x00007FF6F29D25CD+4238301]
	GetHandleVerifier [0x00007FF6F2A0F72D+4488509]
	GetHandleVerifier [0x00007FF6F2A07A0F+4456479]
	GetHandleVerifier [0x00007FF6F26B05A6+953270]
	(No symbol) [0x00007FF6F254E57F]
	(No symbol) [0x00007FF6F2549254]
	(No symbol) [0x00007FF6F254938B]
	(No symbol) [0x00007FF6F2539BC4]
	BaseThreadInitThunk [0x00007FFFC94E257D+29]
	RtlUserThreadStart [0x00007FFFCA1AAA58+40]
"><![CDATA[Traceback (most recent call last):
  File "c:\Users\luist\repos\Automatizaciones-SILOHUB-\Profile_User.py", line 107, in test_Profile_User
    select_option_click(self.driver, select_locate, option_locate)
  File "c:\Users\luist\repos\Automatizaciones-SILOHUB-\Elements.py", line 976, in select_option_click
    xpath_chevron = WebDriverWait(driver, 10).until(
  File "C:\Users\luist\AppData\Roaming\Python\Python310\site-packages\selenium\webdriver\support\wait.py", line 96, in until
    value = method(self._driver)
  File "C:\Users\luist\AppData\Roaming\Python\Python310\site-packages\selenium\webdriver\support\expected_conditions.py", line 363, in _predicate
    target = driver.find_element(*target)  # grab element at locator
  File "C:\Users\luist\AppData\Roaming\Python\Python310\site-packages\selenium\webdriver\remote\webdriver.py", line 742, in find_element
    return self.execute(Command.FIND_ELEMENT, {"using": by, "value": value})["value"]
  File "C:\Users\luist\AppData\Roaming\Python\Python310\site-packages\selenium\webdriver\remote\webdriver.py", line 348, in execute
    self.error_handler.check_response(response)
  File "C:\Users\luist\AppData\Roaming\Python\Python310\site-packages\selenium\webdriver\remote\errorhandler.py", line 229, in check_response
    raise exception_class(message, screen, stacktrace)
selenium.common.exceptions.JavascriptException: Message: javascript error: {"status":32,"value":"Unable to locate an element with the xpath expression #layout-wrapper > div > div > div > app-my-profile > div > div.bg-white.rounded.border.pb-2.container-card > div > app-form-profile-right-side > form > app-address-section > form > app-location-selector > div > div.col-9.col-sm-10 > select because of the following error:\nSyntaxError: Failed to execute 'evaluate' on 'Document': The string '#layout-wrapper > div > div > div > app-my-profile > div > div.bg-white.rounded.border.pb-2.container-card > div > app-form-profile-right-side > form > app-address-section > form > app-location-selector > div > div.col-9.col-sm-10 > select' is not a valid XPath expression."}
  (Session info: chrome=123.0.6312.58)
Stacktrace:
	GetHandleVerifier [0x00007FF6F25D7062+63090]
	(No symbol) [0x00007FF6F2542CB2]
	(No symbol) [0x00007FF6F23DEC65]
	(No symbol) [0x00007FF6F23E3D21]
	(No symbol) [0x00007FF6F23E6159]
	(No symbol) [0x00007FF6F23E6200]
	(No symbol) [0x00007FF6F242460C]
	(No symbol) [0x00007FF6F2424ADC]
	(No symbol) [0x00007FF6F2465B37]
	(No symbol) [0x00007FF6F244701F]
	(No symbol) [0x00007FF6F2463412]
	(No symbol) [0x00007FF6F2446D83]
	(No symbol) [0x00007FF6F24183A8]
	(No symbol) [0x00007FF6F2419441]
	GetHandleVerifier [0x00007FF6F29D25CD+4238301]
	GetHandleVerifier [0x00007FF6F2A0F72D+4488509]
	GetHandleVerifier [0x00007FF6F2A07A0F+4456479]
	GetHandleVerifier [0x00007FF6F26B05A6+953270]
	(No symbol) [0x00007FF6F254E57F]
	(No symbol) [0x00007FF6F2549254]
	(No symbol) [0x00007FF6F254938B]
	(No symbol) [0x00007FF6F2539BC4]
	BaseThreadInitThunk [0x00007FFFC94E257D+29]
	RtlUserThreadStart [0x00007FFFCA1AAA58+40]

]]></error>
		<system-out><![CDATA[¡Elemento encontrado y clickeado con éxito!
¡Elemento encontrado y clickeado con éxito!
El texto encontrado es  MIS DATOS
El texto encontrado es  Datos personales
¡Input encontrado y enviado con éxito!
¡Input encontrado y enviado con éxito!
La opcion fue seleccionada en el dropdown con exito  
¡Elemento encontrado y clickeado con éxito!
¡Elemento encontrado y clickeado con éxito!
¡Input encontrado y enviado con éxito!
¡Input encontrado y enviado con éxito!
¡Input encontrado y enviado con éxito!
La opcion fue seleccionada en el dropdown con exito  
La opcion fue seleccionada en el dropdown con exito  
]]></system-out>
	</testcase>
</testsuite>
