<?xml version="1.0" encoding="UTF-8"?>
<testsuite name="Perfil_Usuario-20240320175402" tests="1" file=".py" time="62.524" timestamp="2024-03-20T17:55:04" failures="0" errors="1" skipped="0">
	<testcase classname="Perfil_Usuario" name="test_Profile_User" time="62.524" timestamp="2024-03-20T17:55:04" file="Profile_User.py" line="21">
		<error type="ElementClickInterceptedException" message="Message: element click intercepted: Element is not clickable at point (573, 769)
  (Session info: chrome=123.0.6312.58)
Stacktrace:
	GetHandleVerifier [0x00007FF6A52C7062+63090]
	(No symbol) [0x00007FF6A5232CB2]
	(No symbol) [0x00007FF6A50CEC65]
	(No symbol) [0x00007FF6A511BB34]
	(No symbol) [0x00007FF6A5119954]
	(No symbol) [0x00007FF6A5117164]
	(No symbol) [0x00007FF6A5115EF9]
	(No symbol) [0x00007FF6A510A708]
	(No symbol) [0x00007FF6A5136FDA]
	(No symbol) [0x00007FF6A510A00A]
	(No symbol) [0x00007FF6A51371F0]
	(No symbol) [0x00007FF6A5153412]
	(No symbol) [0x00007FF6A5136D83]
	(No symbol) [0x00007FF6A51083A8]
	(No symbol) [0x00007FF6A5109441]
	GetHandleVerifier [0x00007FF6A56C25CD+4238301]
	GetHandleVerifier [0x00007FF6A56FF72D+4488509]
	GetHandleVerifier [0x00007FF6A56F7A0F+4456479]
	GetHandleVerifier [0x00007FF6A53A05A6+953270]
	(No symbol) [0x00007FF6A523E57F]
	(No symbol) [0x00007FF6A5239254]
	(No symbol) [0x00007FF6A523938B]
	(No symbol) [0x00007FF6A5229BC4]
	BaseThreadInitThunk [0x00007FFFC94E257D+29]
	RtlUserThreadStart [0x00007FFFCA1AAA58+40]
"><![CDATA[Traceback (most recent call last):
  File "c:\Users\luist\repos\Automatizaciones-SILOHUB-\Profile_User.py", line 136, in test_Profile_User
    find_elements(self.driver, select_button)
  File "c:\Users\luist\repos\Automatizaciones-SILOHUB-\Elements.py", line 21, in find_elements
    select_nex_button.click()
  File "C:\Users\luist\AppData\Roaming\Python\Python310\site-packages\selenium\webdriver\remote\webelement.py", line 94, in click
    self._execute(Command.CLICK_ELEMENT)
  File "C:\Users\luist\AppData\Roaming\Python\Python310\site-packages\selenium\webdriver\remote\webelement.py", line 395, in _execute
    return self._parent.execute(command, params)
  File "C:\Users\luist\AppData\Roaming\Python\Python310\site-packages\selenium\webdriver\remote\webdriver.py", line 348, in execute
    self.error_handler.check_response(response)
  File "C:\Users\luist\AppData\Roaming\Python\Python310\site-packages\selenium\webdriver\remote\errorhandler.py", line 229, in check_response
    raise exception_class(message, screen, stacktrace)
selenium.common.exceptions.ElementClickInterceptedException: Message: element click intercepted: Element is not clickable at point (573, 769)
  (Session info: chrome=123.0.6312.58)
Stacktrace:
	GetHandleVerifier [0x00007FF6A52C7062+63090]
	(No symbol) [0x00007FF6A5232CB2]
	(No symbol) [0x00007FF6A50CEC65]
	(No symbol) [0x00007FF6A511BB34]
	(No symbol) [0x00007FF6A5119954]
	(No symbol) [0x00007FF6A5117164]
	(No symbol) [0x00007FF6A5115EF9]
	(No symbol) [0x00007FF6A510A708]
	(No symbol) [0x00007FF6A5136FDA]
	(No symbol) [0x00007FF6A510A00A]
	(No symbol) [0x00007FF6A51371F0]
	(No symbol) [0x00007FF6A5153412]
	(No symbol) [0x00007FF6A5136D83]
	(No symbol) [0x00007FF6A51083A8]
	(No symbol) [0x00007FF6A5109441]
	GetHandleVerifier [0x00007FF6A56C25CD+4238301]
	GetHandleVerifier [0x00007FF6A56FF72D+4488509]
	GetHandleVerifier [0x00007FF6A56F7A0F+4456479]
	GetHandleVerifier [0x00007FF6A53A05A6+953270]
	(No symbol) [0x00007FF6A523E57F]
	(No symbol) [0x00007FF6A5239254]
	(No symbol) [0x00007FF6A523938B]
	(No symbol) [0x00007FF6A5229BC4]
	BaseThreadInitThunk [0x00007FFFC94E257D+29]
	RtlUserThreadStart [0x00007FFFCA1AAA58+40]

]]></error>
		<system-out><![CDATA[¡Elemento encontrado y clickeado con éxito!
¡Elemento encontrado y clickeado con éxito!
El texto encontrado es  MIS DATOS
El texto encontrado es  Datos personales
¡Input encontrado y enviado con éxito!
¡Input encontrado y enviado con éxito!
La opcion fue seleccionada en el dropdown con exito  
¡Elemento encontrado y clickeado con éxito!
¡Elemento encontrado y clickeado con éxito!
¡Input encontrado y enviado con éxito!
¡Input encontrado y enviado con éxito!
¡Input encontrado y enviado con éxito!
La opcion fue seleccionada en el dropdown con exito  
La opcion fue seleccionada en el dropdown con exito  
La opcion fue seleccionada en el dropdown con exito  
La opcion fue seleccionada en el dropdown con exito  
¡Input encontrado y enviado con éxito!
La opcion fue seleccionada en el dropdown con exito  
El clic en el chevron fue interceptado por otro elemento en la página.
¡Input encontrado y enviado con éxito!
]]></system-out>
	</testcase>
</testsuite>
