<?xml version="1.0" encoding="UTF-8"?>
<testsuite name="cuenta_pend_retirarV2-20241030113500" tests="2" file=".py" time="47.283" timestamp="2024-10-30T11:35:47" failures="0" errors="2" skipped="0">
	<testcase classname="cuenta_pend_retirarV2" name="test_pend_retirarV2" time="0.000" timestamp="0001-01-01T00:00:00" file="ReportPendRetiV2.py" line="20">
		<error type="AttributeError" message="'NoneType' object has no attribute 'is_displayed'"><![CDATA[Traceback (most recent call last):
  File "c:\Users\luist\repos\Automatizaciones_M-dulos-\ReportPendRetiV2.py", line 48, in test_pend_retirarV2
    calendar_todate_retro_selector(self.driver, select_calendar, popup_xpath, select_chevron, popup_xpath2, clicks=click_chevron)
  File "c:\Users\luist\repos\Automatizaciones_M-dulos-\Elements2.py", line 55, in calendar_todate_retro_selector
    input_fecha = WebDriverWait(driver, 10).until(
  File "C:\Users\luist\AppData\Roaming\Python\Python310\site-packages\selenium\webdriver\support\wait.py", line 96, in until
    value = method(self._driver)
  File "C:\Users\luist\AppData\Roaming\Python\Python310\site-packages\selenium\webdriver\support\expected_conditions.py", line 364, in _predicate
    element = visibility_of(target)(driver)
  File "C:\Users\luist\AppData\Roaming\Python\Python310\site-packages\selenium\webdriver\support\expected_conditions.py", line 173, in _predicate
    return _element_if_visible(element)
  File "C:\Users\luist\AppData\Roaming\Python\Python310\site-packages\selenium\webdriver\support\expected_conditions.py", line 179, in _element_if_visible
    return element if element.is_displayed() == visibility else False
AttributeError: 'NoneType' object has no attribute 'is_displayed'
]]></error>
	</testcase>
	<testcase classname="cuenta_pend_retirarV2" name="test_pend_retirarV2" time="47.283" timestamp="2024-10-30T11:35:47" file="ReportPendRetiV2.py" line="20">
		<error type="NoSuchWindowException" message="Message: no such window: target window already closed
from unknown error: web view not found
  (Session info: chrome=130.0.6723.91)
Stacktrace:
	GetHandleVerifier [0x00007FF772273AF5+28005]
	(No symbol) [0x00007FF7721D83F0]
	(No symbol) [0x00007FF77207580A]
	(No symbol) [0x00007FF77204FA85]
	(No symbol) [0x00007FF7720F2AD7]
	(No symbol) [0x00007FF7720F9D48]
	(No symbol) [0x00007FF7720EBA00]
	(No symbol) [0x00007FF7720B75C8]
	(No symbol) [0x00007FF7720B8731]
	GetHandleVerifier [0x00007FF77256646D+3118813]
	GetHandleVerifier [0x00007FF7725B6CC0+3448624]
	GetHandleVerifier [0x00007FF7725ACF3D+3408301]
	GetHandleVerifier [0x00007FF77233A44B+841403]
	(No symbol) [0x00007FF7721E344F]
	(No symbol) [0x00007FF7721DF4C4]
	(No symbol) [0x00007FF7721DF65D]
	(No symbol) [0x00007FF7721CEBB9]
	BaseThreadInitThunk [0x00007FF8AAC1257D+29]
	RtlUserThreadStart [0x00007FF8ABB0AF08+40]
"><![CDATA[Traceback (most recent call last):
  File "c:\Users\luist\repos\Automatizaciones_M-dulos-\ReportPendRetiV2.py", line 201, in tearDown
    self.driver.close()
  File "C:\Users\luist\AppData\Roaming\Python\Python310\site-packages\selenium\webdriver\remote\webdriver.py", line 465, in close
    self.execute(Command.CLOSE)
  File "C:\Users\luist\AppData\Roaming\Python\Python310\site-packages\selenium\webdriver\remote\webdriver.py", line 354, in execute
    self.error_handler.check_response(response)
  File "C:\Users\luist\AppData\Roaming\Python\Python310\site-packages\selenium\webdriver\remote\errorhandler.py", line 229, in check_response
    raise exception_class(message, screen, stacktrace)
selenium.common.exceptions.NoSuchWindowException: Message: no such window: target window already closed
from unknown error: web view not found
  (Session info: chrome=130.0.6723.91)
Stacktrace:
	GetHandleVerifier [0x00007FF772273AF5+28005]
	(No symbol) [0x00007FF7721D83F0]
	(No symbol) [0x00007FF77207580A]
	(No symbol) [0x00007FF77204FA85]
	(No symbol) [0x00007FF7720F2AD7]
	(No symbol) [0x00007FF7720F9D48]
	(No symbol) [0x00007FF7720EBA00]
	(No symbol) [0x00007FF7720B75C8]
	(No symbol) [0x00007FF7720B8731]
	GetHandleVerifier [0x00007FF77256646D+3118813]
	GetHandleVerifier [0x00007FF7725B6CC0+3448624]
	GetHandleVerifier [0x00007FF7725ACF3D+3408301]
	GetHandleVerifier [0x00007FF77233A44B+841403]
	(No symbol) [0x00007FF7721E344F]
	(No symbol) [0x00007FF7721DF4C4]
	(No symbol) [0x00007FF7721DF65D]
	(No symbol) [0x00007FF7721CEBB9]
	BaseThreadInitThunk [0x00007FF8AAC1257D+29]
	RtlUserThreadStart [0x00007FF8ABB0AF08+40]

]]></error>
	</testcase>
</testsuite>
