<?xml version="1.0" encoding="UTF-8"?>
<testsuite name="cuenta_pend_retirarV2-20241029171641" tests="2" file=".py" time="63.737" timestamp="2024-10-29T17:17:45" failures="0" errors="2" skipped="0">
	<testcase classname="cuenta_pend_retirarV2" name="test_pend_retirarV2" time="0.000" timestamp="0001-01-01T00:00:00" file="ReportPendRetiV2.py" line="20">
		<error type="NoSuchWindowException" message="Message: no such window: target window already closed
from unknown error: web view not found
  (Session info: chrome=130.0.6723.70)
Stacktrace:
	GetHandleVerifier [0x00007FF6987F3AF5+28005]
	(No symbol) [0x00007FF6987583F0]
	(No symbol) [0x00007FF6985F580A]
	(No symbol) [0x00007FF6985CFA85]
	(No symbol) [0x00007FF698672AD7]
	(No symbol) [0x00007FF69868B1B1]
	(No symbol) [0x00007FF69866B7E3]
	(No symbol) [0x00007FF6986375C8]
	(No symbol) [0x00007FF698638731]
	GetHandleVerifier [0x00007FF698AE646D+3118813]
	GetHandleVerifier [0x00007FF698B36CC0+3448624]
	GetHandleVerifier [0x00007FF698B2CF3D+3408301]
	GetHandleVerifier [0x00007FF6988BA44B+841403]
	(No symbol) [0x00007FF69876344F]
	(No symbol) [0x00007FF69875F4C4]
	(No symbol) [0x00007FF69875F65D]
	(No symbol) [0x00007FF69874EBB9]
	BaseThreadInitThunk [0x00007FF8AAC1257D+29]
	RtlUserThreadStart [0x00007FF8ABB0AF08+40]
"><![CDATA[Traceback (most recent call last):
  File "c:\Users\luist\repos\Automatizaciones_M-dulos-\ReportPendRetiV2.py", line 55, in test_pend_retirarV2
    calendar_todate_retro(self.driver, select_calendar, popup_xpath, select_chevron, popup_xpath2, clicks=click_chevron)
  File "c:\Users\luist\repos\Automatizaciones_M-dulos-\Elements.py", line 1491, in calendar_todate_retro
    popup_calendario = WebDriverWait(driver, 10).until(
  File "C:\Users\luist\AppData\Roaming\Python\Python310\site-packages\selenium\webdriver\support\wait.py", line 96, in until
    value = method(self._driver)
  File "C:\Users\luist\AppData\Roaming\Python\Python310\site-packages\selenium\webdriver\support\expected_conditions.py", line 156, in _predicate
    return _element_if_visible(driver.find_element(*locator))
  File "C:\Users\luist\AppData\Roaming\Python\Python310\site-packages\selenium\webdriver\remote\webdriver.py", line 748, in find_element
    return self.execute(Command.FIND_ELEMENT, {"using": by, "value": value})["value"]
  File "C:\Users\luist\AppData\Roaming\Python\Python310\site-packages\selenium\webdriver\remote\webdriver.py", line 354, in execute
    self.error_handler.check_response(response)
  File "C:\Users\luist\AppData\Roaming\Python\Python310\site-packages\selenium\webdriver\remote\errorhandler.py", line 229, in check_response
    raise exception_class(message, screen, stacktrace)
selenium.common.exceptions.NoSuchWindowException: Message: no such window: target window already closed
from unknown error: web view not found
  (Session info: chrome=130.0.6723.70)
Stacktrace:
	GetHandleVerifier [0x00007FF6987F3AF5+28005]
	(No symbol) [0x00007FF6987583F0]
	(No symbol) [0x00007FF6985F580A]
	(No symbol) [0x00007FF6985CFA85]
	(No symbol) [0x00007FF698672AD7]
	(No symbol) [0x00007FF69868B1B1]
	(No symbol) [0x00007FF69866B7E3]
	(No symbol) [0x00007FF6986375C8]
	(No symbol) [0x00007FF698638731]
	GetHandleVerifier [0x00007FF698AE646D+3118813]
	GetHandleVerifier [0x00007FF698B36CC0+3448624]
	GetHandleVerifier [0x00007FF698B2CF3D+3408301]
	GetHandleVerifier [0x00007FF6988BA44B+841403]
	(No symbol) [0x00007FF69876344F]
	(No symbol) [0x00007FF69875F4C4]
	(No symbol) [0x00007FF69875F65D]
	(No symbol) [0x00007FF69874EBB9]
	BaseThreadInitThunk [0x00007FF8AAC1257D+29]
	RtlUserThreadStart [0x00007FF8ABB0AF08+40]

]]></error>
		<system-out><![CDATA[Tiempo de espera agotado. El texto por xpaht no está presente.
]]></system-out>
	</testcase>
	<testcase classname="cuenta_pend_retirarV2" name="test_pend_retirarV2" time="63.737" timestamp="2024-10-29T17:17:45" file="ReportPendRetiV2.py" line="20">
		<error type="WebDriverException" message="Message: disconnected: not connected to DevTools
  (failed to check if window was closed: disconnected: not connected to DevTools)
  (Session info: chrome=130.0.6723.70)
Stacktrace:
	GetHandleVerifier [0x00007FF6987F3AF5+28005]
	(No symbol) [0x00007FF6987583F0]
	(No symbol) [0x00007FF6985F580A]
	(No symbol) [0x00007FF6985E0B06]
	(No symbol) [0x00007FF6985E1FCF]
	(No symbol) [0x00007FF6985F5E23]
	(No symbol) [0x00007FF6985CF55D]
	(No symbol) [0x00007FF698679CE9]
	(No symbol) [0x00007FF69866BA00]
	(No symbol) [0x00007FF6986375C8]
	(No symbol) [0x00007FF698638731]
	GetHandleVerifier [0x00007FF698AE646D+3118813]
	GetHandleVerifier [0x00007FF698B36CC0+3448624]
	GetHandleVerifier [0x00007FF698B2CF3D+3408301]
	GetHandleVerifier [0x00007FF6988BA44B+841403]
	(No symbol) [0x00007FF69876344F]
	(No symbol) [0x00007FF69875F4C4]
	(No symbol) [0x00007FF69875F65D]
	(No symbol) [0x00007FF69874EBB9]
	BaseThreadInitThunk [0x00007FF8AAC1257D+29]
	RtlUserThreadStart [0x00007FF8ABB0AF08+40]
"><![CDATA[Traceback (most recent call last):
  File "c:\Users\luist\repos\Automatizaciones_M-dulos-\ReportPendRetiV2.py", line 203, in tearDown
    self.driver.close()
  File "C:\Users\luist\AppData\Roaming\Python\Python310\site-packages\selenium\webdriver\remote\webdriver.py", line 465, in close
    self.execute(Command.CLOSE)
  File "C:\Users\luist\AppData\Roaming\Python\Python310\site-packages\selenium\webdriver\remote\webdriver.py", line 354, in execute
    self.error_handler.check_response(response)
  File "C:\Users\luist\AppData\Roaming\Python\Python310\site-packages\selenium\webdriver\remote\errorhandler.py", line 229, in check_response
    raise exception_class(message, screen, stacktrace)
selenium.common.exceptions.WebDriverException: Message: disconnected: not connected to DevTools
  (failed to check if window was closed: disconnected: not connected to DevTools)
  (Session info: chrome=130.0.6723.70)
Stacktrace:
	GetHandleVerifier [0x00007FF6987F3AF5+28005]
	(No symbol) [0x00007FF6987583F0]
	(No symbol) [0x00007FF6985F580A]
	(No symbol) [0x00007FF6985E0B06]
	(No symbol) [0x00007FF6985E1FCF]
	(No symbol) [0x00007FF6985F5E23]
	(No symbol) [0x00007FF6985CF55D]
	(No symbol) [0x00007FF698679CE9]
	(No symbol) [0x00007FF69866BA00]
	(No symbol) [0x00007FF6986375C8]
	(No symbol) [0x00007FF698638731]
	GetHandleVerifier [0x00007FF698AE646D+3118813]
	GetHandleVerifier [0x00007FF698B36CC0+3448624]
	GetHandleVerifier [0x00007FF698B2CF3D+3408301]
	GetHandleVerifier [0x00007FF6988BA44B+841403]
	(No symbol) [0x00007FF69876344F]
	(No symbol) [0x00007FF69875F4C4]
	(No symbol) [0x00007FF69875F65D]
	(No symbol) [0x00007FF69874EBB9]
	BaseThreadInitThunk [0x00007FF8AAC1257D+29]
	RtlUserThreadStart [0x00007FF8ABB0AF08+40]

]]></error>
		<system-out><![CDATA[Tiempo de espera agotado. El texto por xpaht no está presente.
]]></system-out>
	</testcase>
</testsuite>
