<?xml version="1.0" encoding="UTF-8"?>
<testsuite name="cuenta_pend_retirarV2-20241030115059" tests="2" file=".py" time="33.489" timestamp="2024-10-30T11:51:32" failures="0" errors="2" skipped="0">
	<testcase classname="cuenta_pend_retirarV2" name="test_pend_retirarV2" time="0.000" timestamp="0001-01-01T00:00:00" file="ReportPendRetiV2.py" line="20">
		<error type="NoSuchWindowException" message="Message: no such window: target window already closed
from unknown error: web view not found
  (Session info: chrome=130.0.6723.91)
Stacktrace:
	GetHandleVerifier [0x00007FF65FC83AF5+28005]
	(No symbol) [0x00007FF65FBE83F0]
	(No symbol) [0x00007FF65FA8580A]
	(No symbol) [0x00007FF65FA5FA85]
	(No symbol) [0x00007FF65FB02AD7]
	(No symbol) [0x00007FF65FB1B1B1]
	(No symbol) [0x00007FF65FAFB7E3]
	(No symbol) [0x00007FF65FAC75C8]
	(No symbol) [0x00007FF65FAC8731]
	GetHandleVerifier [0x00007FF65FF7646D+3118813]
	GetHandleVerifier [0x00007FF65FFC6CC0+3448624]
	GetHandleVerifier [0x00007FF65FFBCF3D+3408301]
	GetHandleVerifier [0x00007FF65FD4A44B+841403]
	(No symbol) [0x00007FF65FBF344F]
	(No symbol) [0x00007FF65FBEF4C4]
	(No symbol) [0x00007FF65FBEF65D]
	(No symbol) [0x00007FF65FBDEBB9]
	BaseThreadInitThunk [0x00007FF8AAC1257D+29]
	RtlUserThreadStart [0x00007FF8ABB0AF08+40]
"><![CDATA[Traceback (most recent call last):
  File "c:\Users\luist\repos\Automatizaciones_M-dulos-\ReportPendRetiV2.py", line 48, in test_pend_retirarV2
    find_elements(self.driver,  apply_button_filter)
  File "c:\Users\luist\repos\Automatizaciones_M-dulos-\Elements.py", line 19, in find_elements
    select_nex_button = WebDriverWait(driver, 10).until(
  File "C:\Users\luist\AppData\Roaming\Python\Python310\site-packages\selenium\webdriver\support\wait.py", line 96, in until
    value = method(self._driver)
  File "C:\Users\luist\AppData\Roaming\Python\Python310\site-packages\selenium\webdriver\support\expected_conditions.py", line 363, in _predicate
    target = driver.find_element(*target)  # grab element at locator
  File "C:\Users\luist\AppData\Roaming\Python\Python310\site-packages\selenium\webdriver\remote\webdriver.py", line 748, in find_element
    return self.execute(Command.FIND_ELEMENT, {"using": by, "value": value})["value"]
  File "C:\Users\luist\AppData\Roaming\Python\Python310\site-packages\selenium\webdriver\remote\webdriver.py", line 354, in execute
    self.error_handler.check_response(response)
  File "C:\Users\luist\AppData\Roaming\Python\Python310\site-packages\selenium\webdriver\remote\errorhandler.py", line 229, in check_response
    raise exception_class(message, screen, stacktrace)
selenium.common.exceptions.NoSuchWindowException: Message: no such window: target window already closed
from unknown error: web view not found
  (Session info: chrome=130.0.6723.91)
Stacktrace:
	GetHandleVerifier [0x00007FF65FC83AF5+28005]
	(No symbol) [0x00007FF65FBE83F0]
	(No symbol) [0x00007FF65FA8580A]
	(No symbol) [0x00007FF65FA5FA85]
	(No symbol) [0x00007FF65FB02AD7]
	(No symbol) [0x00007FF65FB1B1B1]
	(No symbol) [0x00007FF65FAFB7E3]
	(No symbol) [0x00007FF65FAC75C8]
	(No symbol) [0x00007FF65FAC8731]
	GetHandleVerifier [0x00007FF65FF7646D+3118813]
	GetHandleVerifier [0x00007FF65FFC6CC0+3448624]
	GetHandleVerifier [0x00007FF65FFBCF3D+3408301]
	GetHandleVerifier [0x00007FF65FD4A44B+841403]
	(No symbol) [0x00007FF65FBF344F]
	(No symbol) [0x00007FF65FBEF4C4]
	(No symbol) [0x00007FF65FBEF65D]
	(No symbol) [0x00007FF65FBDEBB9]
	BaseThreadInitThunk [0x00007FF8AAC1257D+29]
	RtlUserThreadStart [0x00007FF8ABB0AF08+40]

]]></error>
	</testcase>
	<testcase classname="cuenta_pend_retirarV2" name="test_pend_retirarV2" time="33.489" timestamp="2024-10-30T11:51:32" file="ReportPendRetiV2.py" line="20">
		<error type="WebDriverException" message="Message: disconnected: not connected to DevTools
  (failed to check if window was closed: disconnected: not connected to DevTools)
  (Session info: chrome=130.0.6723.91)
Stacktrace:
	GetHandleVerifier [0x00007FF65FC83AF5+28005]
	(No symbol) [0x00007FF65FBE83F0]
	(No symbol) [0x00007FF65FA8580A]
	(No symbol) [0x00007FF65FA70B06]
	(No symbol) [0x00007FF65FA71FCF]
	(No symbol) [0x00007FF65FA85E23]
	(No symbol) [0x00007FF65FA5F55D]
	(No symbol) [0x00007FF65FB09CE9]
	(No symbol) [0x00007FF65FAFBA00]
	(No symbol) [0x00007FF65FAC75C8]
	(No symbol) [0x00007FF65FAC8731]
	GetHandleVerifier [0x00007FF65FF7646D+3118813]
	GetHandleVerifier [0x00007FF65FFC6CC0+3448624]
	GetHandleVerifier [0x00007FF65FFBCF3D+3408301]
	GetHandleVerifier [0x00007FF65FD4A44B+841403]
	(No symbol) [0x00007FF65FBF344F]
	(No symbol) [0x00007FF65FBEF4C4]
	(No symbol) [0x00007FF65FBEF65D]
	(No symbol) [0x00007FF65FBDEBB9]
	BaseThreadInitThunk [0x00007FF8AAC1257D+29]
	RtlUserThreadStart [0x00007FF8ABB0AF08+40]
"><![CDATA[Traceback (most recent call last):
  File "c:\Users\luist\repos\Automatizaciones_M-dulos-\ReportPendRetiV2.py", line 196, in tearDown
    self.driver.close()
  File "C:\Users\luist\AppData\Roaming\Python\Python310\site-packages\selenium\webdriver\remote\webdriver.py", line 465, in close
    self.execute(Command.CLOSE)
  File "C:\Users\luist\AppData\Roaming\Python\Python310\site-packages\selenium\webdriver\remote\webdriver.py", line 354, in execute
    self.error_handler.check_response(response)
  File "C:\Users\luist\AppData\Roaming\Python\Python310\site-packages\selenium\webdriver\remote\errorhandler.py", line 229, in check_response
    raise exception_class(message, screen, stacktrace)
selenium.common.exceptions.WebDriverException: Message: disconnected: not connected to DevTools
  (failed to check if window was closed: disconnected: not connected to DevTools)
  (Session info: chrome=130.0.6723.91)
Stacktrace:
	GetHandleVerifier [0x00007FF65FC83AF5+28005]
	(No symbol) [0x00007FF65FBE83F0]
	(No symbol) [0x00007FF65FA8580A]
	(No symbol) [0x00007FF65FA70B06]
	(No symbol) [0x00007FF65FA71FCF]
	(No symbol) [0x00007FF65FA85E23]
	(No symbol) [0x00007FF65FA5F55D]
	(No symbol) [0x00007FF65FB09CE9]
	(No symbol) [0x00007FF65FAFBA00]
	(No symbol) [0x00007FF65FAC75C8]
	(No symbol) [0x00007FF65FAC8731]
	GetHandleVerifier [0x00007FF65FF7646D+3118813]
	GetHandleVerifier [0x00007FF65FFC6CC0+3448624]
	GetHandleVerifier [0x00007FF65FFBCF3D+3408301]
	GetHandleVerifier [0x00007FF65FD4A44B+841403]
	(No symbol) [0x00007FF65FBF344F]
	(No symbol) [0x00007FF65FBEF4C4]
	(No symbol) [0x00007FF65FBEF65D]
	(No symbol) [0x00007FF65FBDEBB9]
	BaseThreadInitThunk [0x00007FF8AAC1257D+29]
	RtlUserThreadStart [0x00007FF8ABB0AF08+40]

]]></error>
	</testcase>
</testsuite>
