<?xml version="1.0" encoding="UTF-8"?>
<testsuite name="ServFacturadoV2-20241021170401" tests="2" file=".py" time="9.299" timestamp="2024-10-21T17:04:10" failures="0" errors="2" skipped="0">
	<testcase classname="ServFacturadoV2" name="test_billed_services" time="0.000" timestamp="0001-01-01T00:00:00" file="TenenImposiV2.py" line="19">
		<error type="NoSuchWindowException" message="Message: no such window: target window already closed
from unknown error: web view not found
  (Session info: chrome=130.0.6723.58)
Stacktrace:
	GetHandleVerifier [0x00007FF7B0D0E1F5+2972373]
	(No symbol) [0x00007FF7B09A55F0]
	(No symbol) [0x00007FF7B08457FA]
	(No symbol) [0x00007FF7B081FA85]
	(No symbol) [0x00007FF7B08C2B17]
	(No symbol) [0x00007FF7B08DB1D1]
	(No symbol) [0x00007FF7B08BB823]
	(No symbol) [0x00007FF7B08875E8]
	(No symbol) [0x00007FF7B0888751]
	GetHandleVerifier [0x00007FF7B0D347BD+3129501]
	GetHandleVerifier [0x00007FF7B0D84D00+3458528]
	GetHandleVerifier [0x00007FF7B0D7B05D+3418429]
	GetHandleVerifier [0x00007FF7B0B0687B+844123]
	(No symbol) [0x00007FF7B09B0AFF]
	(No symbol) [0x00007FF7B09AC6D4]
	(No symbol) [0x00007FF7B09AC86D]
	(No symbol) [0x00007FF7B099BD79]
	BaseThreadInitThunk [0x00007FF92EF0257D+29]
	RtlUserThreadStart [0x00007FF93006AF08+40]
"><![CDATA[Traceback (most recent call last):
  File "c:\Users\luist\repos\Automatizaciones_M-dulos-\TenenImposiV2.py", line 22, in test_billed_services
    self.login_helper.select_tenant()
  File "c:\Users\luist\repos\Automatizaciones_M-dulos-\loginhelper.py", line 18, in select_tenant
    select_tenant = find_element_by_xpath(self.driver, "/html/body/app-root/app-layout/app-vertical/div/div/div/div/app-home-main/div/div[1]/app-tenant-main/app-tenant[8]/div/div/img")
  File "c:\Users\luist\repos\Automatizaciones_M-dulos-\findElements.py", line 14, in find_element_by_xpath
    return WebDriverWait(driver, 10).until(EC.presence_of_element_located((By.XPATH, xpath)))
  File "C:\Users\luist\AppData\Roaming\Python\Python310\site-packages\selenium\webdriver\support\wait.py", line 96, in until
    value = method(self._driver)
  File "C:\Users\luist\AppData\Roaming\Python\Python310\site-packages\selenium\webdriver\support\expected_conditions.py", line 84, in _predicate
    return driver.find_element(*locator)
  File "C:\Users\luist\AppData\Roaming\Python\Python310\site-packages\selenium\webdriver\remote\webdriver.py", line 748, in find_element
    return self.execute(Command.FIND_ELEMENT, {"using": by, "value": value})["value"]
  File "C:\Users\luist\AppData\Roaming\Python\Python310\site-packages\selenium\webdriver\remote\webdriver.py", line 354, in execute
    self.error_handler.check_response(response)
  File "C:\Users\luist\AppData\Roaming\Python\Python310\site-packages\selenium\webdriver\remote\errorhandler.py", line 229, in check_response
    raise exception_class(message, screen, stacktrace)
selenium.common.exceptions.NoSuchWindowException: Message: no such window: target window already closed
from unknown error: web view not found
  (Session info: chrome=130.0.6723.58)
Stacktrace:
	GetHandleVerifier [0x00007FF7B0D0E1F5+2972373]
	(No symbol) [0x00007FF7B09A55F0]
	(No symbol) [0x00007FF7B08457FA]
	(No symbol) [0x00007FF7B081FA85]
	(No symbol) [0x00007FF7B08C2B17]
	(No symbol) [0x00007FF7B08DB1D1]
	(No symbol) [0x00007FF7B08BB823]
	(No symbol) [0x00007FF7B08875E8]
	(No symbol) [0x00007FF7B0888751]
	GetHandleVerifier [0x00007FF7B0D347BD+3129501]
	GetHandleVerifier [0x00007FF7B0D84D00+3458528]
	GetHandleVerifier [0x00007FF7B0D7B05D+3418429]
	GetHandleVerifier [0x00007FF7B0B0687B+844123]
	(No symbol) [0x00007FF7B09B0AFF]
	(No symbol) [0x00007FF7B09AC6D4]
	(No symbol) [0x00007FF7B09AC86D]
	(No symbol) [0x00007FF7B099BD79]
	BaseThreadInitThunk [0x00007FF92EF0257D+29]
	RtlUserThreadStart [0x00007FF93006AF08+40]

]]></error>
	</testcase>
	<testcase classname="ServFacturadoV2" name="test_billed_services" time="9.299" timestamp="2024-10-21T17:04:10" file="TenenImposiV2.py" line="19">
		<error type="WebDriverException" message="Message: disconnected: not connected to DevTools
  (failed to check if window was closed: disconnected: not connected to DevTools)
  (Session info: chrome=130.0.6723.58)
Stacktrace:
	GetHandleVerifier [0x00007FF7B0D0E1F5+2972373]
	(No symbol) [0x00007FF7B09A55F0]
	(No symbol) [0x00007FF7B08457FA]
	(No symbol) [0x00007FF7B0830B06]
	(No symbol) [0x00007FF7B0831FCF]
	(No symbol) [0x00007FF7B0845E13]
	(No symbol) [0x00007FF7B081F55D]
	(No symbol) [0x00007FF7B08C9D19]
	(No symbol) [0x00007FF7B08BBA40]
	(No symbol) [0x00007FF7B08875E8]
	(No symbol) [0x00007FF7B0888751]
	GetHandleVerifier [0x00007FF7B0D347BD+3129501]
	GetHandleVerifier [0x00007FF7B0D84D00+3458528]
	GetHandleVerifier [0x00007FF7B0D7B05D+3418429]
	GetHandleVerifier [0x00007FF7B0B0687B+844123]
	(No symbol) [0x00007FF7B09B0AFF]
	(No symbol) [0x00007FF7B09AC6D4]
	(No symbol) [0x00007FF7B09AC86D]
	(No symbol) [0x00007FF7B099BD79]
	BaseThreadInitThunk [0x00007FF92EF0257D+29]
	RtlUserThreadStart [0x00007FF93006AF08+40]
"><![CDATA[Traceback (most recent call last):
  File "c:\Users\luist\repos\Automatizaciones_M-dulos-\TenenImposiV2.py", line 153, in tearDown
    self.driver.close()
  File "C:\Users\luist\AppData\Roaming\Python\Python310\site-packages\selenium\webdriver\remote\webdriver.py", line 465, in close
    self.execute(Command.CLOSE)
  File "C:\Users\luist\AppData\Roaming\Python\Python310\site-packages\selenium\webdriver\remote\webdriver.py", line 354, in execute
    self.error_handler.check_response(response)
  File "C:\Users\luist\AppData\Roaming\Python\Python310\site-packages\selenium\webdriver\remote\errorhandler.py", line 229, in check_response
    raise exception_class(message, screen, stacktrace)
selenium.common.exceptions.WebDriverException: Message: disconnected: not connected to DevTools
  (failed to check if window was closed: disconnected: not connected to DevTools)
  (Session info: chrome=130.0.6723.58)
Stacktrace:
	GetHandleVerifier [0x00007FF7B0D0E1F5+2972373]
	(No symbol) [0x00007FF7B09A55F0]
	(No symbol) [0x00007FF7B08457FA]
	(No symbol) [0x00007FF7B0830B06]
	(No symbol) [0x00007FF7B0831FCF]
	(No symbol) [0x00007FF7B0845E13]
	(No symbol) [0x00007FF7B081F55D]
	(No symbol) [0x00007FF7B08C9D19]
	(No symbol) [0x00007FF7B08BBA40]
	(No symbol) [0x00007FF7B08875E8]
	(No symbol) [0x00007FF7B0888751]
	GetHandleVerifier [0x00007FF7B0D347BD+3129501]
	GetHandleVerifier [0x00007FF7B0D84D00+3458528]
	GetHandleVerifier [0x00007FF7B0D7B05D+3418429]
	GetHandleVerifier [0x00007FF7B0B0687B+844123]
	(No symbol) [0x00007FF7B09B0AFF]
	(No symbol) [0x00007FF7B09AC6D4]
	(No symbol) [0x00007FF7B09AC86D]
	(No symbol) [0x00007FF7B099BD79]
	BaseThreadInitThunk [0x00007FF92EF0257D+29]
	RtlUserThreadStart [0x00007FF93006AF08+40]

]]></error>
	</testcase>
</testsuite>
