<?xml version="1.0" encoding="UTF-8"?>
<testsuite name="CtaContOperSecundaria.contrato_operSecundarias-20240517100901" tests="1" file="CtaContOperSecundaria.py" time="152.382" timestamp="2024-05-17T10:28:18" failures="0" errors="1" skipped="0">
	<testcase classname="CtaContOperSecundaria.contrato_operSecundarias" name="test_contratc_oparSecondary" time="152.382" timestamp="2024-05-17T10:28:18" file="CtaContOperSecundaria.py" line="22">
		<error type="NoSuchElementException" message="Message: no such element: Unable to locate element: {&quot;method&quot;:&quot;xpath&quot;,&quot;selector&quot;:&quot;/html/body/app-root/app-layout/app-vertical/div/div/div/div/app-detail-contract/div/div/div[1]/div/span&quot;}
  (Session info: chrome=125.0.6422.60); For documentation on this error, please visit: https://www.selenium.dev/documentation/webdriver/troubleshooting/errors#no-such-element-exception
Stacktrace:
	GetHandleVerifier [0x00007FF7F09F22C2+60002]
	(No symbol) [0x00007FF7F096CA59]
	(No symbol) [0x00007FF7F0827EDA]
	(No symbol) [0x00007FF7F08776E6]
	(No symbol) [0x00007FF7F08777AC]
	(No symbol) [0x00007FF7F08BE9D7]
	(No symbol) [0x00007FF7F089C2CF]
	(No symbol) [0x00007FF7F08BBCC7]
	(No symbol) [0x00007FF7F089C033]
	(No symbol) [0x00007FF7F0869657]
	(No symbol) [0x00007FF7F086A251]
	GetHandleVerifier [0x00007FF7F0D03E2D+3278285]
	GetHandleVerifier [0x00007FF7F0D50190+3590448]
	GetHandleVerifier [0x00007FF7F0D461D0+3549552]
	GetHandleVerifier [0x00007FF7F0AA1DE6+779654]
	(No symbol) [0x00007FF7F0977ACF]
	(No symbol) [0x00007FF7F0972EE4]
	(No symbol) [0x00007FF7F0973072]
	(No symbol) [0x00007FF7F0962C4F]
	BaseThreadInitThunk [0x00007FFAAEB4257D+29]
	RtlUserThreadStart [0x00007FFAAFA8AA48+40]
"><![CDATA[Traceback (most recent call last):
  File "c:\Users\luist\repos\Automatizaciones-SILOHUB-\CtaContOperSecundaria.py", line 100, in test_contratc_oparSecondary
    validate_text_visible(self.driver, element1, number_expected)
  File "c:\Users\luist\repos\Automatizaciones-SILOHUB-\Elements.py", line 1136, in validate_text_visible
    element = driver.find_element(By.XPATH, xpath)
  File "C:\Users\luist\AppData\Roaming\Python\Python310\site-packages\selenium\webdriver\remote\webdriver.py", line 742, in find_element
    return self.execute(Command.FIND_ELEMENT, {"using": by, "value": value})["value"]
  File "C:\Users\luist\AppData\Roaming\Python\Python310\site-packages\selenium\webdriver\remote\webdriver.py", line 348, in execute
    self.error_handler.check_response(response)
  File "C:\Users\luist\AppData\Roaming\Python\Python310\site-packages\selenium\webdriver\remote\errorhandler.py", line 229, in check_response
    raise exception_class(message, screen, stacktrace)
selenium.common.exceptions.NoSuchElementException: Message: no such element: Unable to locate element: {"method":"xpath","selector":"/html/body/app-root/app-layout/app-vertical/div/div/div/div/app-detail-contract/div/div/div[1]/div/span"}
  (Session info: chrome=125.0.6422.60); For documentation on this error, please visit: https://www.selenium.dev/documentation/webdriver/troubleshooting/errors#no-such-element-exception
Stacktrace:
	GetHandleVerifier [0x00007FF7F09F22C2+60002]
	(No symbol) [0x00007FF7F096CA59]
	(No symbol) [0x00007FF7F0827EDA]
	(No symbol) [0x00007FF7F08776E6]
	(No symbol) [0x00007FF7F08777AC]
	(No symbol) [0x00007FF7F08BE9D7]
	(No symbol) [0x00007FF7F089C2CF]
	(No symbol) [0x00007FF7F08BBCC7]
	(No symbol) [0x00007FF7F089C033]
	(No symbol) [0x00007FF7F0869657]
	(No symbol) [0x00007FF7F086A251]
	GetHandleVerifier [0x00007FF7F0D03E2D+3278285]
	GetHandleVerifier [0x00007FF7F0D50190+3590448]
	GetHandleVerifier [0x00007FF7F0D461D0+3549552]
	GetHandleVerifier [0x00007FF7F0AA1DE6+779654]
	(No symbol) [0x00007FF7F0977ACF]
	(No symbol) [0x00007FF7F0972EE4]
	(No symbol) [0x00007FF7F0973072]
	(No symbol) [0x00007FF7F0962C4F]
	BaseThreadInitThunk [0x00007FFAAEB4257D+29]
	RtlUserThreadStart [0x00007FFAAFA8AA48+40]

]]></error>
		<system-out><![CDATA[¡Elemento encontrado y clickeado 2 veces con éxito!
¡Elemento encontrado y clickeado 4 veces con éxito!
Tiempo de espera agotado. El texto por texto no está presente.
Tiempo de espera agotado. El elemento no está presente o no es clickeable.
]]></system-out>
	</testcase>
</testsuite>
