<?xml version="1.0" encoding="UTF-8"?>
<testsuite name="comproCtaCte.comprobanteCtacte-20240304092014" tests="2" file="comproCtaCte.py" time="64.828" timestamp="2024-03-04T09:33:27" failures="0" errors="2" skipped="0">
	<testcase classname="comproCtaCte.comprobanteCtacte" name="test_vouchers_ctacte" time="0.000" timestamp="0001-01-01T00:00:00" file="comproCtaCte.py" line="16">
		<error type="NoSuchWindowException" message="Message: no such window: target window already closed
from unknown error: web view not found
  (Session info: chrome=122.0.6261.95)
Stacktrace:
	GetHandleVerifier [0x00007FF78F91AD22+56930]
	(No symbol) [0x00007FF78F88F622]
	(No symbol) [0x00007FF78F7442E5]
	(No symbol) [0x00007FF78F721D4C]
	(No symbol) [0x00007FF78F7B23F7]
	(No symbol) [0x00007FF78F7C7891]
	(No symbol) [0x00007FF78F7ABA43]
	(No symbol) [0x00007FF78F77D438]
	(No symbol) [0x00007FF78F77E4D1]
	GetHandleVerifier [0x00007FF78FC96AAD+3709933]
	GetHandleVerifier [0x00007FF78FCEFFED+4075821]
	GetHandleVerifier [0x00007FF78FCE817F+4043455]
	GetHandleVerifier [0x00007FF78F9B9756+706710]
	(No symbol) [0x00007FF78F89B8FF]
	(No symbol) [0x00007FF78F896AE4]
	(No symbol) [0x00007FF78F896C3C]
	(No symbol) [0x00007FF78F8868F4]
	BaseThreadInitThunk [0x00007FFB7892257D+29]
	RtlUserThreadStart [0x00007FFB7A18AA58+40]
"><![CDATA[Traceback (most recent call last):
  File "c:\Users\luist\repos\Automatizaciones-SILOHUB-\comproCtaCte.py", line 83, in test_vouchers_ctacte
    find_elements_css_selector(self.driver, select_contract_list1)
  File "c:\Users\luist\repos\Automatizaciones-SILOHUB-\Elements.py", line 28, in find_elements_css_selector
    select_nex_button = WebDriverWait(driver, 10).until(
  File "C:\Users\luist\AppData\Roaming\Python\Python310\site-packages\selenium\webdriver\support\wait.py", line 96, in until
    value = method(self._driver)
  File "C:\Users\luist\AppData\Roaming\Python\Python310\site-packages\selenium\webdriver\support\expected_conditions.py", line 363, in _predicate
    target = driver.find_element(*target)  # grab element at locator
  File "C:\Users\luist\AppData\Roaming\Python\Python310\site-packages\selenium\webdriver\remote\webdriver.py", line 742, in find_element
    return self.execute(Command.FIND_ELEMENT, {"using": by, "value": value})["value"]
  File "C:\Users\luist\AppData\Roaming\Python\Python310\site-packages\selenium\webdriver\remote\webdriver.py", line 348, in execute
    self.error_handler.check_response(response)
  File "C:\Users\luist\AppData\Roaming\Python\Python310\site-packages\selenium\webdriver\remote\errorhandler.py", line 229, in check_response
    raise exception_class(message, screen, stacktrace)
selenium.common.exceptions.NoSuchWindowException: Message: no such window: target window already closed
from unknown error: web view not found
  (Session info: chrome=122.0.6261.95)
Stacktrace:
	GetHandleVerifier [0x00007FF78F91AD22+56930]
	(No symbol) [0x00007FF78F88F622]
	(No symbol) [0x00007FF78F7442E5]
	(No symbol) [0x00007FF78F721D4C]
	(No symbol) [0x00007FF78F7B23F7]
	(No symbol) [0x00007FF78F7C7891]
	(No symbol) [0x00007FF78F7ABA43]
	(No symbol) [0x00007FF78F77D438]
	(No symbol) [0x00007FF78F77E4D1]
	GetHandleVerifier [0x00007FF78FC96AAD+3709933]
	GetHandleVerifier [0x00007FF78FCEFFED+4075821]
	GetHandleVerifier [0x00007FF78FCE817F+4043455]
	GetHandleVerifier [0x00007FF78F9B9756+706710]
	(No symbol) [0x00007FF78F89B8FF]
	(No symbol) [0x00007FF78F896AE4]
	(No symbol) [0x00007FF78F896C3C]
	(No symbol) [0x00007FF78F8868F4]
	BaseThreadInitThunk [0x00007FFB7892257D+29]
	RtlUserThreadStart [0x00007FFB7A18AA58+40]

]]></error>
		<system-out><![CDATA[¡Elemento encontrado y clickeado con éxito!
¡Elemento encontrado y clickeado con éxito!
El texto encontrado es  COMPROBANTES
¡Elemento encontrado y clickeado con éxito!
¡Elemento encontrado y clickeado con éxito!
¡Elemento encontrado y clickeado 2 veces con éxito!
¡Elemento encontrado y clickeado con éxito!
¡Elemento encontrado y clickeado 1 veces con éxito!
¡Elemento encontrado y clickeado con éxito!
¡Elemento encontrado y clickeado con éxito!
Tiempo de espera agotado. El texto por xpaht no está presente.
]]></system-out>
	</testcase>
	<testcase classname="comproCtaCte.comprobanteCtacte" name="test_vouchers_ctacte" time="64.828" timestamp="2024-03-04T09:33:27" file="comproCtaCte.py" line="16">
		<error type="WebDriverException" message="Message: disconnected: not connected to DevTools
  (failed to check if window was closed: disconnected: not connected to DevTools)
  (Session info: chrome=122.0.6261.95)
Stacktrace:
	GetHandleVerifier [0x00007FF78F91AD22+56930]
	(No symbol) [0x00007FF78F88F622]
	(No symbol) [0x00007FF78F7442E5]
	(No symbol) [0x00007FF78F730879]
	(No symbol) [0x00007FF78F7310AF]
	(No symbol) [0x00007FF78F744845]
	(No symbol) [0x00007FF78F72192C]
	(No symbol) [0x00007FF78F7B88E4]
	(No symbol) [0x00007FF78F7ABC60]
	(No symbol) [0x00007FF78F77D438]
	(No symbol) [0x00007FF78F77E4D1]
	GetHandleVerifier [0x00007FF78FC96AAD+3709933]
	GetHandleVerifier [0x00007FF78FCEFFED+4075821]
	GetHandleVerifier [0x00007FF78FCE817F+4043455]
	GetHandleVerifier [0x00007FF78F9B9756+706710]
	(No symbol) [0x00007FF78F89B8FF]
	(No symbol) [0x00007FF78F896AE4]
	(No symbol) [0x00007FF78F896C3C]
	(No symbol) [0x00007FF78F8868F4]
	BaseThreadInitThunk [0x00007FFB7892257D+29]
	RtlUserThreadStart [0x00007FFB7A18AA58+40]
"><![CDATA[Traceback (most recent call last):
  File "c:\Users\luist\repos\Automatizaciones-SILOHUB-\comproCtaCte.py", line 130, in tearDown
    self.driver.close()
  File "C:\Users\luist\AppData\Roaming\Python\Python310\site-packages\selenium\webdriver\remote\webdriver.py", line 459, in close
    self.execute(Command.CLOSE)
  File "C:\Users\luist\AppData\Roaming\Python\Python310\site-packages\selenium\webdriver\remote\webdriver.py", line 348, in execute
    self.error_handler.check_response(response)
  File "C:\Users\luist\AppData\Roaming\Python\Python310\site-packages\selenium\webdriver\remote\errorhandler.py", line 229, in check_response
    raise exception_class(message, screen, stacktrace)
selenium.common.exceptions.WebDriverException: Message: disconnected: not connected to DevTools
  (failed to check if window was closed: disconnected: not connected to DevTools)
  (Session info: chrome=122.0.6261.95)
Stacktrace:
	GetHandleVerifier [0x00007FF78F91AD22+56930]
	(No symbol) [0x00007FF78F88F622]
	(No symbol) [0x00007FF78F7442E5]
	(No symbol) [0x00007FF78F730879]
	(No symbol) [0x00007FF78F7310AF]
	(No symbol) [0x00007FF78F744845]
	(No symbol) [0x00007FF78F72192C]
	(No symbol) [0x00007FF78F7B88E4]
	(No symbol) [0x00007FF78F7ABC60]
	(No symbol) [0x00007FF78F77D438]
	(No symbol) [0x00007FF78F77E4D1]
	GetHandleVerifier [0x00007FF78FC96AAD+3709933]
	GetHandleVerifier [0x00007FF78FCEFFED+4075821]
	GetHandleVerifier [0x00007FF78FCE817F+4043455]
	GetHandleVerifier [0x00007FF78F9B9756+706710]
	(No symbol) [0x00007FF78F89B8FF]
	(No symbol) [0x00007FF78F896AE4]
	(No symbol) [0x00007FF78F896C3C]
	(No symbol) [0x00007FF78F8868F4]
	BaseThreadInitThunk [0x00007FFB7892257D+29]
	RtlUserThreadStart [0x00007FFB7A18AA58+40]

]]></error>
		<system-out><![CDATA[¡Elemento encontrado y clickeado con éxito!
¡Elemento encontrado y clickeado con éxito!
El texto encontrado es  COMPROBANTES
¡Elemento encontrado y clickeado con éxito!
¡Elemento encontrado y clickeado con éxito!
¡Elemento encontrado y clickeado 2 veces con éxito!
¡Elemento encontrado y clickeado con éxito!
¡Elemento encontrado y clickeado 1 veces con éxito!
¡Elemento encontrado y clickeado con éxito!
¡Elemento encontrado y clickeado con éxito!
Tiempo de espera agotado. El texto por xpaht no está presente.
]]></system-out>
	</testcase>
</testsuite>
