<?xml version="1.0" encoding="UTF-8"?>
<testsuite name="Metricas-20240514172720" tests="1" file=".py" time="53.275" timestamp="2024-05-14T17:28:13" failures="0" errors="1" skipped="0">
	<testcase classname="Metricas" name="test_metricas" time="53.275" timestamp="2024-05-14T17:28:13" file="Metricas.py" line="18">
		<error type="NoSuchWindowException" message="Message: no such window: target window already closed
from unknown error: web view not found
  (Session info: chrome=124.0.6367.202)
Stacktrace:
	GetHandleVerifier [0x00007FF742C21522+60802]
	(No symbol) [0x00007FF742B9AC22]
	(No symbol) [0x00007FF742A57CE4]
	(No symbol) [0x00007FF742A2DFDF]
	(No symbol) [0x00007FF742AD1E57]
	(No symbol) [0x00007FF742AE98D1]
	(No symbol) [0x00007FF742ACA923]
	(No symbol) [0x00007FF742A98FEC]
	(No symbol) [0x00007FF742A99C21]
	GetHandleVerifier [0x00007FF742F241BD+3217949]
	GetHandleVerifier [0x00007FF742F66157+3488183]
	GetHandleVerifier [0x00007FF742F5F0DF+3459391]
	GetHandleVerifier [0x00007FF742CDB8E6+823622]
	(No symbol) [0x00007FF742BA5FBF]
	(No symbol) [0x00007FF742BA0EE4]
	(No symbol) [0x00007FF742BA1072]
	(No symbol) [0x00007FF742B918C4]
	BaseThreadInitThunk [0x00007FFCF149257D+29]
	RtlUserThreadStart [0x00007FFCF2C2AA48+40]
"><![CDATA[Traceback (most recent call last):
  File "c:\Users\luist\repos\Automatizaciones-SILOHUB-\Metricas.py", line 144, in test_metricas
    validate_character_numeric_element(self.driver, element10  )
  File "c:\Users\luist\repos\Automatizaciones-SILOHUB-\Elements.py", line 1087, in validate_character_numeric_element
    elemento = driver.find_element(By.XPATH, xpath)
  File "C:\Users\luist\AppData\Roaming\Python\Python310\site-packages\selenium\webdriver\remote\webdriver.py", line 742, in find_element
    return self.execute(Command.FIND_ELEMENT, {"using": by, "value": value})["value"]
  File "C:\Users\luist\AppData\Roaming\Python\Python310\site-packages\selenium\webdriver\remote\webdriver.py", line 348, in execute
    self.error_handler.check_response(response)
  File "C:\Users\luist\AppData\Roaming\Python\Python310\site-packages\selenium\webdriver\remote\errorhandler.py", line 229, in check_response
    raise exception_class(message, screen, stacktrace)
selenium.common.exceptions.NoSuchWindowException: Message: no such window: target window already closed
from unknown error: web view not found
  (Session info: chrome=124.0.6367.202)
Stacktrace:
	GetHandleVerifier [0x00007FF742C21522+60802]
	(No symbol) [0x00007FF742B9AC22]
	(No symbol) [0x00007FF742A57CE4]
	(No symbol) [0x00007FF742A2DFDF]
	(No symbol) [0x00007FF742AD1E57]
	(No symbol) [0x00007FF742AE98D1]
	(No symbol) [0x00007FF742ACA923]
	(No symbol) [0x00007FF742A98FEC]
	(No symbol) [0x00007FF742A99C21]
	GetHandleVerifier [0x00007FF742F241BD+3217949]
	GetHandleVerifier [0x00007FF742F66157+3488183]
	GetHandleVerifier [0x00007FF742F5F0DF+3459391]
	GetHandleVerifier [0x00007FF742CDB8E6+823622]
	(No symbol) [0x00007FF742BA5FBF]
	(No symbol) [0x00007FF742BA0EE4]
	(No symbol) [0x00007FF742BA1072]
	(No symbol) [0x00007FF742B918C4]
	BaseThreadInitThunk [0x00007FFCF149257D+29]
	RtlUserThreadStart [0x00007FFCF2C2AA48+40]

]]></error>
		<system-out><![CDATA[El texto no fue encontrado MÉTRICAS
¡Elemento encontrado y clickeado 2 veces con éxito!
¡Elemento encontrado y clickeado 2 veces con éxito!
El valor es un carácter numérico. Valor: 1.969
El texto encontrado es  Total Cuentas ERP
El valor es un carácter numérico. Valor: 1.553
El texto encontrado es  Total Cuentas Vinculadas
El valor es un carácter numérico. Valor: 416
El texto encontrado es  Cuentas Pend. de Vincular
El valor es un carácter numérico. Valor: 78,87%
El texto encontrado es  Porc. Vinculado
El valor es un carácter numérico. Valor: 0
El texto encontrado es  Productores Nuevos
El valor es un carácter numérico. Valor: 0
El texto encontrado es  Total Logins (Visitas)
El valor es un carácter numérico. Valor: 0
El texto encontrado es  Usuarios Logueados
El valor es un carácter numérico. Valor: 00:00:00
El texto encontrado es  Tiempo Prom. Sesión
El texto encontrado es  Pantallas Más Visitadas
El texto encontrado es  Inicio
El valor es un carácter numérico. Valor: 100,00% - 1
Tiempo de espera agotado. El texto por xpaht no está presente.
]]></system-out>
	</testcase>
</testsuite>
