<?xml version="1.0" encoding="UTF-8"?>
<testsuite name="Metricas-20240318184111" tests="1" file=".py" time="42.755" timestamp="2024-03-18T18:41:54" failures="0" errors="1" skipped="0">
	<testcase classname="Metricas" name="test_metricas" time="42.755" timestamp="2024-03-18T18:41:54" file="Metricas.py" line="18">
		<error type="TimeoutException" message="Message: 
Stacktrace:
	GetHandleVerifier [0x00007FF7E3E8AD02+56930]
	(No symbol) [0x00007FF7E3DFF602]
	(No symbol) [0x00007FF7E3CB42E5]
	(No symbol) [0x00007FF7E3CF98ED]
	(No symbol) [0x00007FF7E3CF9A2C]
	(No symbol) [0x00007FF7E3D3A967]
	(No symbol) [0x00007FF7E3D1BCDF]
	(No symbol) [0x00007FF7E3D381E2]
	(No symbol) [0x00007FF7E3D1BA43]
	(No symbol) [0x00007FF7E3CED438]
	(No symbol) [0x00007FF7E3CEE4D1]
	GetHandleVerifier [0x00007FF7E4206F8D+3711213]
	GetHandleVerifier [0x00007FF7E42604CD+4077101]
	GetHandleVerifier [0x00007FF7E425865F+4044735]
	GetHandleVerifier [0x00007FF7E3F29736+706710]
	(No symbol) [0x00007FF7E3E0B8DF]
	(No symbol) [0x00007FF7E3E06AC4]
	(No symbol) [0x00007FF7E3E06C1C]
	(No symbol) [0x00007FF7E3DF68D4]
	BaseThreadInitThunk [0x00007FFFC94E257D+29]
	RtlUserThreadStart [0x00007FFFCA1AAA58+40]
"><![CDATA[Traceback (most recent call last):
  File "c:\Users\luist\repos\Automatizaciones-SILOHUB-\Metricas.py", line 21, in test_metricas
    self.login_helper.select_tenant()
  File "c:\Users\luist\repos\Automatizaciones-SILOHUB-\loginhelper.py", line 19, in select_tenant
    select_tenant = find_element_by_xpath(self.driver, "/html/body/app-root/app-layout/app-vertical/div/div/div/div/app-home-main/div/div[1]/app-tenant-main/app-tenant[8]/div/div/img")
  File "c:\Users\luist\repos\Automatizaciones-SILOHUB-\FindElements.py", line 14, in find_element_by_xpath
    return WebDriverWait(driver, 10).until(EC.presence_of_element_located((By.XPATH, xpath)))
  File "C:\Users\luist\AppData\Roaming\Python\Python310\site-packages\selenium\webdriver\support\wait.py", line 105, in until
    raise TimeoutException(message, screen, stacktrace)
selenium.common.exceptions.TimeoutException: Message: 
Stacktrace:
	GetHandleVerifier [0x00007FF7E3E8AD02+56930]
	(No symbol) [0x00007FF7E3DFF602]
	(No symbol) [0x00007FF7E3CB42E5]
	(No symbol) [0x00007FF7E3CF98ED]
	(No symbol) [0x00007FF7E3CF9A2C]
	(No symbol) [0x00007FF7E3D3A967]
	(No symbol) [0x00007FF7E3D1BCDF]
	(No symbol) [0x00007FF7E3D381E2]
	(No symbol) [0x00007FF7E3D1BA43]
	(No symbol) [0x00007FF7E3CED438]
	(No symbol) [0x00007FF7E3CEE4D1]
	GetHandleVerifier [0x00007FF7E4206F8D+3711213]
	GetHandleVerifier [0x00007FF7E42604CD+4077101]
	GetHandleVerifier [0x00007FF7E425865F+4044735]
	GetHandleVerifier [0x00007FF7E3F29736+706710]
	(No symbol) [0x00007FF7E3E0B8DF]
	(No symbol) [0x00007FF7E3E06AC4]
	(No symbol) [0x00007FF7E3E06C1C]
	(No symbol) [0x00007FF7E3DF68D4]
	BaseThreadInitThunk [0x00007FFFC94E257D+29]
	RtlUserThreadStart [0x00007FFFCA1AAA58+40]

]]></error>
	</testcase>
</testsuite>
