<?xml version="1.0" encoding="UTF-8"?>
<testsuite name="cta_cte_apliAcobrar-20241007123108" tests="2" file=".py" time="60.007" timestamp="2024-10-07T12:32:08" failures="0" errors="2" skipped="0">
	<testcase classname="cta_cte_apliAcobrar" name="test_ctacte_aplicada" time="0.000" timestamp="0001-01-01T00:00:00" file="ctacte_apliAcobrar.py" line="17">
		<error type="NoSuchWindowException" message="Message: no such window: target window already closed
from unknown error: web view not found
  (Session info: chrome=129.0.6668.90)
Stacktrace:
	GetHandleVerifier [0x00007FF6CFC0B645+29573]
	(No symbol) [0x00007FF6CFB80470]
	(No symbol) [0x00007FF6CFA3B6EA]
	(No symbol) [0x00007FF6CFA0FCD5]
	(No symbol) [0x00007FF6CFABEF67]
	(No symbol) [0x00007FF6CFAD7FC1]
	(No symbol) [0x00007FF6CFAB70A3]
	(No symbol) [0x00007FF6CFA812DF]
	(No symbol) [0x00007FF6CFA82441]
	GetHandleVerifier [0x00007FF6CFF3C58D+3375821]
	GetHandleVerifier [0x00007FF6CFF87987+3684039]
	GetHandleVerifier [0x00007FF6CFF7CDAB+3640043]
	GetHandleVerifier [0x00007FF6CFCCB7C6+816390]
	(No symbol) [0x00007FF6CFB8B77F]
	(No symbol) [0x00007FF6CFB875A4]
	(No symbol) [0x00007FF6CFB87740]
	(No symbol) [0x00007FF6CFB7659F]
	BaseThreadInitThunk [0x00007FFA55AA257D+29]
	RtlUserThreadStart [0x00007FFA5662AF08+40]
"><![CDATA[Traceback (most recent call last):
  File "c:\Users\luist\repos\Automatizaciones_M-dulos-\ctacte_apliAcobrar.py", line 135, in test_ctacte_aplicada
    validate_text_by_strt(self.driver, number_movements )
  File "c:\Users\luist\repos\Automatizaciones_M-dulos-\Elements.py", line 1054, in validate_text_by_strt
    elemento = WebDriverWait(driver, 10).until(
  File "C:\Users\luist\AppData\Roaming\Python\Python310\site-packages\selenium\webdriver\support\wait.py", line 96, in until
    value = method(self._driver)
  File "C:\Users\luist\AppData\Roaming\Python\Python310\site-packages\selenium\webdriver\support\expected_conditions.py", line 84, in _predicate
    return driver.find_element(*locator)
  File "C:\Users\luist\AppData\Roaming\Python\Python310\site-packages\selenium\webdriver\remote\webdriver.py", line 748, in find_element
    return self.execute(Command.FIND_ELEMENT, {"using": by, "value": value})["value"]
  File "C:\Users\luist\AppData\Roaming\Python\Python310\site-packages\selenium\webdriver\remote\webdriver.py", line 354, in execute
    self.error_handler.check_response(response)
  File "C:\Users\luist\AppData\Roaming\Python\Python310\site-packages\selenium\webdriver\remote\errorhandler.py", line 229, in check_response
    raise exception_class(message, screen, stacktrace)
selenium.common.exceptions.NoSuchWindowException: Message: no such window: target window already closed
from unknown error: web view not found
  (Session info: chrome=129.0.6668.90)
Stacktrace:
	GetHandleVerifier [0x00007FF6CFC0B645+29573]
	(No symbol) [0x00007FF6CFB80470]
	(No symbol) [0x00007FF6CFA3B6EA]
	(No symbol) [0x00007FF6CFA0FCD5]
	(No symbol) [0x00007FF6CFABEF67]
	(No symbol) [0x00007FF6CFAD7FC1]
	(No symbol) [0x00007FF6CFAB70A3]
	(No symbol) [0x00007FF6CFA812DF]
	(No symbol) [0x00007FF6CFA82441]
	GetHandleVerifier [0x00007FF6CFF3C58D+3375821]
	GetHandleVerifier [0x00007FF6CFF87987+3684039]
	GetHandleVerifier [0x00007FF6CFF7CDAB+3640043]
	GetHandleVerifier [0x00007FF6CFCCB7C6+816390]
	(No symbol) [0x00007FF6CFB8B77F]
	(No symbol) [0x00007FF6CFB875A4]
	(No symbol) [0x00007FF6CFB87740]
	(No symbol) [0x00007FF6CFB7659F]
	BaseThreadInitThunk [0x00007FFA55AA257D+29]
	RtlUserThreadStart [0x00007FFA5662AF08+40]

]]></error>
		<system-out><![CDATA[El texto encontrado es  Cuenta Corriente Aplicada
El valor es un carácter numérico. Valor: -427.260.420,50
El valor es un carácter numérico. Valor: -427.260.420,50
El valor es un carácter numérico. Valor: 0,00
El texto encontrado es  CUENTA CORRIENTE
]]></system-out>
	</testcase>
	<testcase classname="cta_cte_apliAcobrar" name="test_ctacte_aplicada" time="60.007" timestamp="2024-10-07T12:32:08" file="ctacte_apliAcobrar.py" line="17">
		<error type="WebDriverException" message="Message: disconnected: not connected to DevTools
  (failed to check if window was closed: disconnected: not connected to DevTools)
  (Session info: chrome=129.0.6668.90)
Stacktrace:
	GetHandleVerifier [0x00007FF6CFC0B645+29573]
	(No symbol) [0x00007FF6CFB80470]
	(No symbol) [0x00007FF6CFA3B6EA]
	(No symbol) [0x00007FF6CFA21528]
	(No symbol) [0x00007FF6CFA225BF]
	(No symbol) [0x00007FF6CFA3BD03]
	(No symbol) [0x00007FF6CFA0F7BD]
	(No symbol) [0x00007FF6CFAC6499]
	(No symbol) [0x00007FF6CFAB72C0]
	(No symbol) [0x00007FF6CFA812DF]
	(No symbol) [0x00007FF6CFA82441]
	GetHandleVerifier [0x00007FF6CFF3C58D+3375821]
	GetHandleVerifier [0x00007FF6CFF87987+3684039]
	GetHandleVerifier [0x00007FF6CFF7CDAB+3640043]
	GetHandleVerifier [0x00007FF6CFCCB7C6+816390]
	(No symbol) [0x00007FF6CFB8B77F]
	(No symbol) [0x00007FF6CFB875A4]
	(No symbol) [0x00007FF6CFB87740]
	(No symbol) [0x00007FF6CFB7659F]
	BaseThreadInitThunk [0x00007FFA55AA257D+29]
	RtlUserThreadStart [0x00007FFA5662AF08+40]
"><![CDATA[Traceback (most recent call last):
  File "c:\Users\luist\repos\Automatizaciones_M-dulos-\ctacte_apliAcobrar.py", line 155, in tearDown
    self.driver.close()
  File "C:\Users\luist\AppData\Roaming\Python\Python310\site-packages\selenium\webdriver\remote\webdriver.py", line 465, in close
    self.execute(Command.CLOSE)
  File "C:\Users\luist\AppData\Roaming\Python\Python310\site-packages\selenium\webdriver\remote\webdriver.py", line 354, in execute
    self.error_handler.check_response(response)
  File "C:\Users\luist\AppData\Roaming\Python\Python310\site-packages\selenium\webdriver\remote\errorhandler.py", line 229, in check_response
    raise exception_class(message, screen, stacktrace)
selenium.common.exceptions.WebDriverException: Message: disconnected: not connected to DevTools
  (failed to check if window was closed: disconnected: not connected to DevTools)
  (Session info: chrome=129.0.6668.90)
Stacktrace:
	GetHandleVerifier [0x00007FF6CFC0B645+29573]
	(No symbol) [0x00007FF6CFB80470]
	(No symbol) [0x00007FF6CFA3B6EA]
	(No symbol) [0x00007FF6CFA21528]
	(No symbol) [0x00007FF6CFA225BF]
	(No symbol) [0x00007FF6CFA3BD03]
	(No symbol) [0x00007FF6CFA0F7BD]
	(No symbol) [0x00007FF6CFAC6499]
	(No symbol) [0x00007FF6CFAB72C0]
	(No symbol) [0x00007FF6CFA812DF]
	(No symbol) [0x00007FF6CFA82441]
	GetHandleVerifier [0x00007FF6CFF3C58D+3375821]
	GetHandleVerifier [0x00007FF6CFF87987+3684039]
	GetHandleVerifier [0x00007FF6CFF7CDAB+3640043]
	GetHandleVerifier [0x00007FF6CFCCB7C6+816390]
	(No symbol) [0x00007FF6CFB8B77F]
	(No symbol) [0x00007FF6CFB875A4]
	(No symbol) [0x00007FF6CFB87740]
	(No symbol) [0x00007FF6CFB7659F]
	BaseThreadInitThunk [0x00007FFA55AA257D+29]
	RtlUserThreadStart [0x00007FFA5662AF08+40]

]]></error>
		<system-out><![CDATA[El texto encontrado es  Cuenta Corriente Aplicada
El valor es un carácter numérico. Valor: -427.260.420,50
El valor es un carácter numérico. Valor: -427.260.420,50
El valor es un carácter numérico. Valor: 0,00
El texto encontrado es  CUENTA CORRIENTE
]]></system-out>
	</testcase>
</testsuite>
