<?xml version="1.0" encoding="UTF-8"?>
<testsuite name="HomeEntRecientesTenant-20240515115911" tests="1" file=".py" time="124.381" timestamp="2024-05-15T12:01:16" failures="0" errors="1" skipped="0">
	<testcase classname="HomeEntRecientesTenant" name="test_start_tenant" time="124.381" timestamp="2024-05-15T12:01:16" file="HomeEntRecientes.py" line="18">
		<error type="NoSuchWindowException" message="Message: no such window: target window already closed
from unknown error: web view not found
  (Session info: chrome=124.0.6367.202)
Stacktrace:
	GetHandleVerifier [0x00007FF7CC321522+60802]
	(No symbol) [0x00007FF7CC29AC22]
	(No symbol) [0x00007FF7CC157CE4]
	(No symbol) [0x00007FF7CC12DFDF]
	(No symbol) [0x00007FF7CC1D1E57]
	(No symbol) [0x00007FF7CC1E98D1]
	(No symbol) [0x00007FF7CC1CA923]
	(No symbol) [0x00007FF7CC198FEC]
	(No symbol) [0x00007FF7CC199C21]
	GetHandleVerifier [0x00007FF7CC6241BD+3217949]
	GetHandleVerifier [0x00007FF7CC666157+3488183]
	GetHandleVerifier [0x00007FF7CC65F0DF+3459391]
	GetHandleVerifier [0x00007FF7CC3DB8E6+823622]
	(No symbol) [0x00007FF7CC2A5FBF]
	(No symbol) [0x00007FF7CC2A0EE4]
	(No symbol) [0x00007FF7CC2A1072]
	(No symbol) [0x00007FF7CC2918C4]
	BaseThreadInitThunk [0x00007FFA24B4257D+29]
	RtlUserThreadStart [0x00007FFA2654AA48+40]
"><![CDATA[Traceback (most recent call last):
  File "c:\Users\luist\repos\Automatizaciones-SILOHUB-\HomeEntRecientes.py", line 36, in test_start_tenant
    validate_text(self.driver, element11, text_expected)
  File "c:\Users\luist\repos\Automatizaciones-SILOHUB-\Elements.py", line 453, in validate_text
    elemento = WebDriverWait(driver, 10).until(
  File "C:\Users\luist\AppData\Roaming\Python\Python310\site-packages\selenium\webdriver\support\wait.py", line 96, in until
    value = method(self._driver)
  File "C:\Users\luist\AppData\Roaming\Python\Python310\site-packages\selenium\webdriver\support\expected_conditions.py", line 84, in _predicate
    return driver.find_element(*locator)
  File "C:\Users\luist\AppData\Roaming\Python\Python310\site-packages\selenium\webdriver\remote\webdriver.py", line 742, in find_element
    return self.execute(Command.FIND_ELEMENT, {"using": by, "value": value})["value"]
  File "C:\Users\luist\AppData\Roaming\Python\Python310\site-packages\selenium\webdriver\remote\webdriver.py", line 348, in execute
    self.error_handler.check_response(response)
  File "C:\Users\luist\AppData\Roaming\Python\Python310\site-packages\selenium\webdriver\remote\errorhandler.py", line 229, in check_response
    raise exception_class(message, screen, stacktrace)
selenium.common.exceptions.NoSuchWindowException: Message: no such window: target window already closed
from unknown error: web view not found
  (Session info: chrome=124.0.6367.202)
Stacktrace:
	GetHandleVerifier [0x00007FF7CC321522+60802]
	(No symbol) [0x00007FF7CC29AC22]
	(No symbol) [0x00007FF7CC157CE4]
	(No symbol) [0x00007FF7CC12DFDF]
	(No symbol) [0x00007FF7CC1D1E57]
	(No symbol) [0x00007FF7CC1E98D1]
	(No symbol) [0x00007FF7CC1CA923]
	(No symbol) [0x00007FF7CC198FEC]
	(No symbol) [0x00007FF7CC199C21]
	GetHandleVerifier [0x00007FF7CC6241BD+3217949]
	GetHandleVerifier [0x00007FF7CC666157+3488183]
	GetHandleVerifier [0x00007FF7CC65F0DF+3459391]
	GetHandleVerifier [0x00007FF7CC3DB8E6+823622]
	(No symbol) [0x00007FF7CC2A5FBF]
	(No symbol) [0x00007FF7CC2A0EE4]
	(No symbol) [0x00007FF7CC2A1072]
	(No symbol) [0x00007FF7CC2918C4]
	BaseThreadInitThunk [0x00007FFA24B4257D+29]
	RtlUserThreadStart [0x00007FFA2654AA48+40]

]]></error>
		<system-out><![CDATA[Tiempo de espera agotado. El texto por xpaht no estÃ¡ presente.
]]></system-out>
	</testcase>
</testsuite>
