<?xml version="1.0" encoding="UTF-8"?>
<testsuite name="cuenta_ventas-20240610171741" tests="2" file=".py" time="92.367" timestamp="2024-06-10T17:19:13" failures="0" errors="2" skipped="0">
	<testcase classname="cuenta_ventas" name="test_cuenta_ventas" time="0.000" timestamp="0001-01-01T00:00:00" file="Ventas.py" line="22">
		<error type="AttributeError" message="'NoneType' object has no attribute 'is_displayed'"><![CDATA[Traceback (most recent call last):
  File "c:\Users\luist\repos\Automatizaciones-SILOHUB-\Ventas.py", line 100, in test_cuenta_ventas
    find_elements(self.driver, select_product_list_2 )
  File "c:\Users\luist\repos\Automatizaciones-SILOHUB-\Elements.py", line 19, in find_elements
    select_nex_button = WebDriverWait(driver, 10).until(
  File "C:\Users\luist\AppData\Roaming\Python\Python310\site-packages\selenium\webdriver\support\wait.py", line 96, in until
    value = method(self._driver)
  File "C:\Users\luist\AppData\Roaming\Python\Python310\site-packages\selenium\webdriver\support\expected_conditions.py", line 364, in _predicate
    element = visibility_of(target)(driver)
  File "C:\Users\luist\AppData\Roaming\Python\Python310\site-packages\selenium\webdriver\support\expected_conditions.py", line 173, in _predicate
    return _element_if_visible(element)
  File "C:\Users\luist\AppData\Roaming\Python\Python310\site-packages\selenium\webdriver\support\expected_conditions.py", line 179, in _element_if_visible
    return element if element.is_displayed() == visibility else False
AttributeError: 'NoneType' object has no attribute 'is_displayed'
]]></error>
		<system-out><![CDATA[El texto es visible para el usuario
El texto fue validado correctamente: Mis Ventas
¡Elemento encontrado y clickeado 12 veces con éxito!
¡Elemento encontrado y clickeado 1 veces con éxito!
Tiempo de espera agotado. El elemento no está presente o no es clickeable.
]]></system-out>
	</testcase>
	<testcase classname="cuenta_ventas" name="test_cuenta_ventas" time="92.367" timestamp="2024-06-10T17:19:13" file="Ventas.py" line="22">
		<error type="NoSuchWindowException" message="Message: no such window: target window already closed
from unknown error: web view not found
  (Session info: chrome=125.0.6422.142)
Stacktrace:
	GetHandleVerifier [0x00007FF777141F52+60322]
	(No symbol) [0x00007FF7770BCEC9]
	(No symbol) [0x00007FF776F77EBA]
	(No symbol) [0x00007FF776F4D5A5]
	(No symbol) [0x00007FF776FF36B7]
	(No symbol) [0x00007FF776FFA812]
	(No symbol) [0x00007FF776FEC1E0]
	(No symbol) [0x00007FF776FB9617]
	(No symbol) [0x00007FF776FBA211]
	GetHandleVerifier [0x00007FF7774594AD+3301629]
	GetHandleVerifier [0x00007FF7774A36D3+3605283]
	GetHandleVerifier [0x00007FF777499450+3563680]
	GetHandleVerifier [0x00007FF7771F4326+790390]
	(No symbol) [0x00007FF7770C750F]
	(No symbol) [0x00007FF7770C3404]
	(No symbol) [0x00007FF7770C3592]
	(No symbol) [0x00007FF7770B2F9F]
	BaseThreadInitThunk [0x00007FFBED37257D+29]
	RtlUserThreadStart [0x00007FFBEECEAA48+40]
"><![CDATA[Traceback (most recent call last):
  File "c:\Users\luist\repos\Automatizaciones-SILOHUB-\Ventas.py", line 186, in tearDown
    self.driver.close()
  File "C:\Users\luist\AppData\Roaming\Python\Python310\site-packages\selenium\webdriver\remote\webdriver.py", line 459, in close
    self.execute(Command.CLOSE)
  File "C:\Users\luist\AppData\Roaming\Python\Python310\site-packages\selenium\webdriver\remote\webdriver.py", line 348, in execute
    self.error_handler.check_response(response)
  File "C:\Users\luist\AppData\Roaming\Python\Python310\site-packages\selenium\webdriver\remote\errorhandler.py", line 229, in check_response
    raise exception_class(message, screen, stacktrace)
selenium.common.exceptions.NoSuchWindowException: Message: no such window: target window already closed
from unknown error: web view not found
  (Session info: chrome=125.0.6422.142)
Stacktrace:
	GetHandleVerifier [0x00007FF777141F52+60322]
	(No symbol) [0x00007FF7770BCEC9]
	(No symbol) [0x00007FF776F77EBA]
	(No symbol) [0x00007FF776F4D5A5]
	(No symbol) [0x00007FF776FF36B7]
	(No symbol) [0x00007FF776FFA812]
	(No symbol) [0x00007FF776FEC1E0]
	(No symbol) [0x00007FF776FB9617]
	(No symbol) [0x00007FF776FBA211]
	GetHandleVerifier [0x00007FF7774594AD+3301629]
	GetHandleVerifier [0x00007FF7774A36D3+3605283]
	GetHandleVerifier [0x00007FF777499450+3563680]
	GetHandleVerifier [0x00007FF7771F4326+790390]
	(No symbol) [0x00007FF7770C750F]
	(No symbol) [0x00007FF7770C3404]
	(No symbol) [0x00007FF7770C3592]
	(No symbol) [0x00007FF7770B2F9F]
	BaseThreadInitThunk [0x00007FFBED37257D+29]
	RtlUserThreadStart [0x00007FFBEECEAA48+40]

]]></error>
		<system-out><![CDATA[El texto es visible para el usuario
El texto fue validado correctamente: Mis Ventas
¡Elemento encontrado y clickeado 12 veces con éxito!
¡Elemento encontrado y clickeado 1 veces con éxito!
Tiempo de espera agotado. El elemento no está presente o no es clickeable.
]]></system-out>
	</testcase>
</testsuite>
