<?xml version="1.0" encoding="UTF-8"?>
<testsuite name="cuenta_ventas-20240610180011" tests="2" file=".py" time="29.465" timestamp="2024-06-10T18:00:41" failures="0" errors="2" skipped="0">
	<testcase classname="cuenta_ventas" name="test_cuenta_ventas" time="0.000" timestamp="0001-01-01T00:00:00" file="Ventas.py" line="22">
		<error type="TimeoutException" message="Message: 
"><![CDATA[Traceback (most recent call last):
  File "c:\Users\luist\repos\Automatizaciones-SILOHUB-\Ventas.py", line 26, in test_cuenta_ventas
    self.login_helper.search_and_select_account("1023")
  File "c:\Users\luist\repos\Automatizaciones-SILOHUB-\Loginhelper.py", line 24, in search_and_select_account
    input_element = find_element_by_id(self.driver, "search-options")
  File "c:\Users\luist\repos\Automatizaciones-SILOHUB-\FindElements.py", line 10, in find_element_by_id
    return WebDriverWait(driver, 10).until(EC.presence_of_element_located((By.ID, id)))
  File "C:\Users\luist\AppData\Roaming\Python\Python310\site-packages\selenium\webdriver\support\wait.py", line 105, in until
    raise TimeoutException(message, screen, stacktrace)
selenium.common.exceptions.TimeoutException: Message: 

]]></error>
	</testcase>
	<testcase classname="cuenta_ventas" name="test_cuenta_ventas" time="29.465" timestamp="2024-06-10T18:00:41" file="Ventas.py" line="22">
		<error type="WebDriverException" message="Message: disconnected: not connected to DevTools
  (failed to check if window was closed: disconnected: not connected to DevTools)
  (Session info: chrome=125.0.6422.142)
Stacktrace:
	GetHandleVerifier [0x00007FF66D8C1F52+60322]
	(No symbol) [0x00007FF66D83CEC9]
	(No symbol) [0x00007FF66D6F7EBA]
	(No symbol) [0x00007FF66D6DE03F]
	(No symbol) [0x00007FF66D6DEBAF]
	(No symbol) [0x00007FF66D6F84E3]
	(No symbol) [0x00007FF66D6CD08C]
	(No symbol) [0x00007FF66D77A7B4]
	(No symbol) [0x00007FF66D76C1E0]
	(No symbol) [0x00007FF66D739617]
	(No symbol) [0x00007FF66D73A211]
	GetHandleVerifier [0x00007FF66DBD94AD+3301629]
	GetHandleVerifier [0x00007FF66DC236D3+3605283]
	GetHandleVerifier [0x00007FF66DC19450+3563680]
	GetHandleVerifier [0x00007FF66D974326+790390]
	(No symbol) [0x00007FF66D84750F]
	(No symbol) [0x00007FF66D843404]
	(No symbol) [0x00007FF66D843592]
	(No symbol) [0x00007FF66D832F9F]
	BaseThreadInitThunk [0x00007FFBED37257D+29]
	RtlUserThreadStart [0x00007FFBEECEAA48+40]
"><![CDATA[Traceback (most recent call last):
  File "c:\Users\luist\repos\Automatizaciones-SILOHUB-\Ventas.py", line 197, in tearDown
    self.driver.close()
  File "C:\Users\luist\AppData\Roaming\Python\Python310\site-packages\selenium\webdriver\remote\webdriver.py", line 459, in close
    self.execute(Command.CLOSE)
  File "C:\Users\luist\AppData\Roaming\Python\Python310\site-packages\selenium\webdriver\remote\webdriver.py", line 348, in execute
    self.error_handler.check_response(response)
  File "C:\Users\luist\AppData\Roaming\Python\Python310\site-packages\selenium\webdriver\remote\errorhandler.py", line 229, in check_response
    raise exception_class(message, screen, stacktrace)
selenium.common.exceptions.WebDriverException: Message: disconnected: not connected to DevTools
  (failed to check if window was closed: disconnected: not connected to DevTools)
  (Session info: chrome=125.0.6422.142)
Stacktrace:
	GetHandleVerifier [0x00007FF66D8C1F52+60322]
	(No symbol) [0x00007FF66D83CEC9]
	(No symbol) [0x00007FF66D6F7EBA]
	(No symbol) [0x00007FF66D6DE03F]
	(No symbol) [0x00007FF66D6DEBAF]
	(No symbol) [0x00007FF66D6F84E3]
	(No symbol) [0x00007FF66D6CD08C]
	(No symbol) [0x00007FF66D77A7B4]
	(No symbol) [0x00007FF66D76C1E0]
	(No symbol) [0x00007FF66D739617]
	(No symbol) [0x00007FF66D73A211]
	GetHandleVerifier [0x00007FF66DBD94AD+3301629]
	GetHandleVerifier [0x00007FF66DC236D3+3605283]
	GetHandleVerifier [0x00007FF66DC19450+3563680]
	GetHandleVerifier [0x00007FF66D974326+790390]
	(No symbol) [0x00007FF66D84750F]
	(No symbol) [0x00007FF66D843404]
	(No symbol) [0x00007FF66D843592]
	(No symbol) [0x00007FF66D832F9F]
	BaseThreadInitThunk [0x00007FFBED37257D+29]
	RtlUserThreadStart [0x00007FFBEECEAA48+40]

]]></error>
	</testcase>
</testsuite>
