<?xml version="1.0" encoding="UTF-8"?>
<testsuite name="cuenta_ventas-20240404090126" tests="2" file=".py" time="7.592" timestamp="2024-04-04T09:01:34" failures="0" errors="2" skipped="0">
	<testcase classname="cuenta_ventas" name="test_cuenta_ventas" time="0.000" timestamp="0001-01-01T00:00:00" file="Ventas.py" line="22">
		<error type="NoSuchWindowException" message="Message: no such window: target window already closed
from unknown error: web view not found
  (Session info: chrome=123.0.6312.105)
Stacktrace:
	GetHandleVerifier [0x00007FF677CD70C2+63090]
	(No symbol) [0x00007FF677C42D12]
	(No symbol) [0x00007FF677ADEC65]
	(No symbol) [0x00007FF677ABCA7C]
	(No symbol) [0x00007FF677B4D687]
	(No symbol) [0x00007FF677B62AC1]
	(No symbol) [0x00007FF677B46D83]
	(No symbol) [0x00007FF677B183A8]
	(No symbol) [0x00007FF677B19441]
	GetHandleVerifier [0x00007FF6780D262D+4238301]
	GetHandleVerifier [0x00007FF67810F78D+4488509]
	GetHandleVerifier [0x00007FF678107A6F+4456479]
	GetHandleVerifier [0x00007FF677DB0606+953270]
	(No symbol) [0x00007FF677C4E5DF]
	(No symbol) [0x00007FF677C492B4]
	(No symbol) [0x00007FF677C493EB]
	(No symbol) [0x00007FF677C39C24]
	BaseThreadInitThunk [0x00007FF9A544257D+29]
	RtlUserThreadStart [0x00007FF9A6D0AA58+40]
"><![CDATA[Traceback (most recent call last):
  File "c:\Users\luist\repos\Automatizaciones-SILOHUB-\Ventas.py", line 25, in test_cuenta_ventas
    self.login_helper.select_tenant()
  File "c:\Users\luist\repos\Automatizaciones-SILOHUB-\Loginhelper.py", line 18, in select_tenant
    select_tenant = find_element_by_xpath(self.driver, "/html/body/app-root/app-layout/app-vertical/div/div/div/div/app-home-main/div/div[1]/app-tenant-main/app-tenant[8]/div/div/img")
  File "c:\Users\luist\repos\Automatizaciones-SILOHUB-\FindElements.py", line 14, in find_element_by_xpath
    return WebDriverWait(driver, 10).until(EC.presence_of_element_located((By.XPATH, xpath)))
  File "C:\Users\luist\AppData\Roaming\Python\Python310\site-packages\selenium\webdriver\support\wait.py", line 96, in until
    value = method(self._driver)
  File "C:\Users\luist\AppData\Roaming\Python\Python310\site-packages\selenium\webdriver\support\expected_conditions.py", line 84, in _predicate
    return driver.find_element(*locator)
  File "C:\Users\luist\AppData\Roaming\Python\Python310\site-packages\selenium\webdriver\remote\webdriver.py", line 742, in find_element
    return self.execute(Command.FIND_ELEMENT, {"using": by, "value": value})["value"]
  File "C:\Users\luist\AppData\Roaming\Python\Python310\site-packages\selenium\webdriver\remote\webdriver.py", line 348, in execute
    self.error_handler.check_response(response)
  File "C:\Users\luist\AppData\Roaming\Python\Python310\site-packages\selenium\webdriver\remote\errorhandler.py", line 229, in check_response
    raise exception_class(message, screen, stacktrace)
selenium.common.exceptions.NoSuchWindowException: Message: no such window: target window already closed
from unknown error: web view not found
  (Session info: chrome=123.0.6312.105)
Stacktrace:
	GetHandleVerifier [0x00007FF677CD70C2+63090]
	(No symbol) [0x00007FF677C42D12]
	(No symbol) [0x00007FF677ADEC65]
	(No symbol) [0x00007FF677ABCA7C]
	(No symbol) [0x00007FF677B4D687]
	(No symbol) [0x00007FF677B62AC1]
	(No symbol) [0x00007FF677B46D83]
	(No symbol) [0x00007FF677B183A8]
	(No symbol) [0x00007FF677B19441]
	GetHandleVerifier [0x00007FF6780D262D+4238301]
	GetHandleVerifier [0x00007FF67810F78D+4488509]
	GetHandleVerifier [0x00007FF678107A6F+4456479]
	GetHandleVerifier [0x00007FF677DB0606+953270]
	(No symbol) [0x00007FF677C4E5DF]
	(No symbol) [0x00007FF677C492B4]
	(No symbol) [0x00007FF677C493EB]
	(No symbol) [0x00007FF677C39C24]
	BaseThreadInitThunk [0x00007FF9A544257D+29]
	RtlUserThreadStart [0x00007FF9A6D0AA58+40]

]]></error>
	</testcase>
	<testcase classname="cuenta_ventas" name="test_cuenta_ventas" time="7.592" timestamp="2024-04-04T09:01:34" file="Ventas.py" line="22">
		<error type="WebDriverException" message="Message: disconnected: not connected to DevTools
  (failed to check if window was closed: disconnected: not connected to DevTools)
  (Session info: chrome=123.0.6312.105)
Stacktrace:
	GetHandleVerifier [0x00007FF677CD70C2+63090]
	(No symbol) [0x00007FF677C42D12]
	(No symbol) [0x00007FF677ADEC65]
	(No symbol) [0x00007FF677ACB1A5]
	(No symbol) [0x00007FF677ACBA8F]
	(No symbol) [0x00007FF677ADF1C5]
	(No symbol) [0x00007FF677ABC65C]
	(No symbol) [0x00007FF677B53C74]
	(No symbol) [0x00007FF677B46FA0]
	(No symbol) [0x00007FF677B183A8]
	(No symbol) [0x00007FF677B19441]
	GetHandleVerifier [0x00007FF6780D262D+4238301]
	GetHandleVerifier [0x00007FF67810F78D+4488509]
	GetHandleVerifier [0x00007FF678107A6F+4456479]
	GetHandleVerifier [0x00007FF677DB0606+953270]
	(No symbol) [0x00007FF677C4E5DF]
	(No symbol) [0x00007FF677C492B4]
	(No symbol) [0x00007FF677C493EB]
	(No symbol) [0x00007FF677C39C24]
	BaseThreadInitThunk [0x00007FF9A544257D+29]
	RtlUserThreadStart [0x00007FF9A6D0AA58+40]
"><![CDATA[Traceback (most recent call last):
  File "c:\Users\luist\repos\Automatizaciones-SILOHUB-\Ventas.py", line 186, in tearDown
    self.driver.close()
  File "C:\Users\luist\AppData\Roaming\Python\Python310\site-packages\selenium\webdriver\remote\webdriver.py", line 459, in close
    self.execute(Command.CLOSE)
  File "C:\Users\luist\AppData\Roaming\Python\Python310\site-packages\selenium\webdriver\remote\webdriver.py", line 348, in execute
    self.error_handler.check_response(response)
  File "C:\Users\luist\AppData\Roaming\Python\Python310\site-packages\selenium\webdriver\remote\errorhandler.py", line 229, in check_response
    raise exception_class(message, screen, stacktrace)
selenium.common.exceptions.WebDriverException: Message: disconnected: not connected to DevTools
  (failed to check if window was closed: disconnected: not connected to DevTools)
  (Session info: chrome=123.0.6312.105)
Stacktrace:
	GetHandleVerifier [0x00007FF677CD70C2+63090]
	(No symbol) [0x00007FF677C42D12]
	(No symbol) [0x00007FF677ADEC65]
	(No symbol) [0x00007FF677ACB1A5]
	(No symbol) [0x00007FF677ACBA8F]
	(No symbol) [0x00007FF677ADF1C5]
	(No symbol) [0x00007FF677ABC65C]
	(No symbol) [0x00007FF677B53C74]
	(No symbol) [0x00007FF677B46FA0]
	(No symbol) [0x00007FF677B183A8]
	(No symbol) [0x00007FF677B19441]
	GetHandleVerifier [0x00007FF6780D262D+4238301]
	GetHandleVerifier [0x00007FF67810F78D+4488509]
	GetHandleVerifier [0x00007FF678107A6F+4456479]
	GetHandleVerifier [0x00007FF677DB0606+953270]
	(No symbol) [0x00007FF677C4E5DF]
	(No symbol) [0x00007FF677C492B4]
	(No symbol) [0x00007FF677C493EB]
	(No symbol) [0x00007FF677C39C24]
	BaseThreadInitThunk [0x00007FF9A544257D+29]
	RtlUserThreadStart [0x00007FF9A6D0AA58+40]

]]></error>
	</testcase>
</testsuite>
