<?xml version="1.0" encoding="UTF-8"?>
<testsuite name="HomeResNegocioTenant-20241014170558" tests="1" file=".py" time="58.710" timestamp="2024-10-14T17:06:57" failures="0" errors="1" skipped="0">
	<testcase classname="HomeResNegocioTenant" name="test_start_tenant" time="58.710" timestamp="2024-10-14T17:06:57" file="HomeResNegocio.py" line="22">
		<error type="NoSuchElementException" message="Message: no such element: Unable to locate element: {&quot;method&quot;:&quot;css selector&quot;,&quot;selector&quot;:&quot;#swiper-wrapper-8e1f36105445f1f7c &gt; div.swiper-slide.swiper-slide-active &gt; div &gt; img&quot;}
  (Session info: chrome=129.0.6668.100); For documentation on this error, please visit: https://www.selenium.dev/documentation/webdriver/troubleshooting/errors#no-such-element-exception
Stacktrace:
	GetHandleVerifier [0x00007FF6C32CB095+29557]
	(No symbol) [0x00007FF6C323FA50]
	(No symbol) [0x00007FF6C30FB56A]
	(No symbol) [0x00007FF6C314F695]
	(No symbol) [0x00007FF6C314F8EC]
	(No symbol) [0x00007FF6C319B777]
	(No symbol) [0x00007FF6C31771CF]
	(No symbol) [0x00007FF6C319851C]
	(No symbol) [0x00007FF6C3176F33]
	(No symbol) [0x00007FF6C314116F]
	(No symbol) [0x00007FF6C31422D1]
	GetHandleVerifier [0x00007FF6C35FC96D+3378253]
	GetHandleVerifier [0x00007FF6C3648497+3688311]
	GetHandleVerifier [0x00007FF6C363D1CB+3642539]
	GetHandleVerifier [0x00007FF6C338A6B6+813462]
	(No symbol) [0x00007FF6C324AB5F]
	(No symbol) [0x00007FF6C3246B74]
	(No symbol) [0x00007FF6C3246D10]
	(No symbol) [0x00007FF6C3235C1F]
	BaseThreadInitThunk [0x00007FF92EF0257D+29]
	RtlUserThreadStart [0x00007FF93006AF08+40]
"><![CDATA[Traceback (most recent call last):
  File "c:\Users\luist\repos\Automatizaciones_M-dulos-\HomeResNegocio.py", line 70, in test_start_tenant
    validate_image_css_selector(self.driver, image_1, image_1_expected)
  File "c:\Users\luist\repos\Automatizaciones_M-dulos-\Elements.py", line 1150, in validate_image_css_selector
    imagen = driver.find_element(By.CSS_SELECTOR, css_selector)
  File "C:\Users\luist\AppData\Roaming\Python\Python310\site-packages\selenium\webdriver\remote\webdriver.py", line 748, in find_element
    return self.execute(Command.FIND_ELEMENT, {"using": by, "value": value})["value"]
  File "C:\Users\luist\AppData\Roaming\Python\Python310\site-packages\selenium\webdriver\remote\webdriver.py", line 354, in execute
    self.error_handler.check_response(response)
  File "C:\Users\luist\AppData\Roaming\Python\Python310\site-packages\selenium\webdriver\remote\errorhandler.py", line 229, in check_response
    raise exception_class(message, screen, stacktrace)
selenium.common.exceptions.NoSuchElementException: Message: no such element: Unable to locate element: {"method":"css selector","selector":"#swiper-wrapper-8e1f36105445f1f7c > div.swiper-slide.swiper-slide-active > div > img"}
  (Session info: chrome=129.0.6668.100); For documentation on this error, please visit: https://www.selenium.dev/documentation/webdriver/troubleshooting/errors#no-such-element-exception
Stacktrace:
	GetHandleVerifier [0x00007FF6C32CB095+29557]
	(No symbol) [0x00007FF6C323FA50]
	(No symbol) [0x00007FF6C30FB56A]
	(No symbol) [0x00007FF6C314F695]
	(No symbol) [0x00007FF6C314F8EC]
	(No symbol) [0x00007FF6C319B777]
	(No symbol) [0x00007FF6C31771CF]
	(No symbol) [0x00007FF6C319851C]
	(No symbol) [0x00007FF6C3176F33]
	(No symbol) [0x00007FF6C314116F]
	(No symbol) [0x00007FF6C31422D1]
	GetHandleVerifier [0x00007FF6C35FC96D+3378253]
	GetHandleVerifier [0x00007FF6C3648497+3688311]
	GetHandleVerifier [0x00007FF6C363D1CB+3642539]
	GetHandleVerifier [0x00007FF6C338A6B6+813462]
	(No symbol) [0x00007FF6C324AB5F]
	(No symbol) [0x00007FF6C3246B74]
	(No symbol) [0x00007FF6C3246D10]
	(No symbol) [0x00007FF6C3235C1F]
	BaseThreadInitThunk [0x00007FF92EF0257D+29]
	RtlUserThreadStart [0x00007FF93006AF08+40]

]]></error>
		<system-out><![CDATA[El texto encontrado es  Resumen de Mis Negocios de Granos
]]></system-out>
	</testcase>
</testsuite>
