<?xml version="1.0" encoding="UTF-8"?>
<testsuite name="detalle_ctro_entregaVentas-20240208160147" tests="1" file=".py" time="127.347" timestamp="2024-02-08T16:03:55" failures="0" errors="1" skipped="0">
	<testcase classname="detalle_ctro_entregaVentas" name="test_detail_deriverySales" time="127.347" timestamp="2024-02-08T16:03:55" file="CtaCtroDtlleEntVta.py" line="22">
		<error type="NoSuchElementException" message="Message: no such element: Unable to locate element: {&quot;method&quot;:&quot;xpath&quot;,&quot;selector&quot;:&quot;/html/body/app-root/app-layout/app-vertical/div/div/div/div/app-detail-contract/div/div[1]/div[1]/div/span&quot;}
  (Session info: chrome=121.0.6167.141); For documentation on this error, please visit: https://www.selenium.dev/documentation/webdriver/troubleshooting/errors#no-such-element-exception
Stacktrace:
	GetHandleVerifier [0x00007FF776D25E42+3538674]
	(No symbol) [0x00007FF776944C02]
	(No symbol) [0x00007FF7767F5AEB]
	(No symbol) [0x00007FF77683BF4E]
	(No symbol) [0x00007FF77683C0CC]
	(No symbol) [0x00007FF77687E477]
	(No symbol) [0x00007FF77685F0EF]
	(No symbol) [0x00007FF77687BDE3]
	(No symbol) [0x00007FF77685EE53]
	(No symbol) [0x00007FF77682F514]
	(No symbol) [0x00007FF776830631]
	GetHandleVerifier [0x00007FF776D56CAD+3738973]
	GetHandleVerifier [0x00007FF776DAC506+4089270]
	GetHandleVerifier [0x00007FF776DA4823+4057299]
	GetHandleVerifier [0x00007FF776A75C49+720121]
	(No symbol) [0x00007FF77695126F]
	(No symbol) [0x00007FF77694C304]
	(No symbol) [0x00007FF77694C432]
	(No symbol) [0x00007FF77693BD04]
	BaseThreadInitThunk [0x00007FFF6D01257D+29]
	RtlUserThreadStart [0x00007FFF6E86AA58+40]
"><![CDATA[Traceback (most recent call last):
  File "c:\Users\luist\repos\Automatizaciones-SILOHUB-\CtaCtroDtlleEntVta.py", line 104, in test_detail_deriverySales
    validate_text_visible(self.driver, element1, number_expected)
  File "c:\Users\luist\repos\Automatizaciones-SILOHUB-\Elements.py", line 968, in validate_text_visible
    element = driver.find_element(By.XPATH, xpath)
  File "C:\Users\luist\AppData\Roaming\Python\Python310\site-packages\selenium\webdriver\remote\webdriver.py", line 742, in find_element
    return self.execute(Command.FIND_ELEMENT, {"using": by, "value": value})["value"]
  File "C:\Users\luist\AppData\Roaming\Python\Python310\site-packages\selenium\webdriver\remote\webdriver.py", line 348, in execute
    self.error_handler.check_response(response)
  File "C:\Users\luist\AppData\Roaming\Python\Python310\site-packages\selenium\webdriver\remote\errorhandler.py", line 229, in check_response
    raise exception_class(message, screen, stacktrace)
selenium.common.exceptions.NoSuchElementException: Message: no such element: Unable to locate element: {"method":"xpath","selector":"/html/body/app-root/app-layout/app-vertical/div/div/div/div/app-detail-contract/div/div[1]/div[1]/div/span"}
  (Session info: chrome=121.0.6167.141); For documentation on this error, please visit: https://www.selenium.dev/documentation/webdriver/troubleshooting/errors#no-such-element-exception
Stacktrace:
	GetHandleVerifier [0x00007FF776D25E42+3538674]
	(No symbol) [0x00007FF776944C02]
	(No symbol) [0x00007FF7767F5AEB]
	(No symbol) [0x00007FF77683BF4E]
	(No symbol) [0x00007FF77683C0CC]
	(No symbol) [0x00007FF77687E477]
	(No symbol) [0x00007FF77685F0EF]
	(No symbol) [0x00007FF77687BDE3]
	(No symbol) [0x00007FF77685EE53]
	(No symbol) [0x00007FF77682F514]
	(No symbol) [0x00007FF776830631]
	GetHandleVerifier [0x00007FF776D56CAD+3738973]
	GetHandleVerifier [0x00007FF776DAC506+4089270]
	GetHandleVerifier [0x00007FF776DA4823+4057299]
	GetHandleVerifier [0x00007FF776A75C49+720121]
	(No symbol) [0x00007FF77695126F]
	(No symbol) [0x00007FF77694C304]
	(No symbol) [0x00007FF77694C432]
	(No symbol) [0x00007FF77693BD04]
	BaseThreadInitThunk [0x00007FFF6D01257D+29]
	RtlUserThreadStart [0x00007FFF6E86AA58+40]

]]></error>
		<system-out><![CDATA[¡Elemento encontrado y clickeado con éxito!
¡Elemento encontrado y clickeado con éxito!
¡Elemento encontrado y clickeado con éxito!
¡Elemento encontrado y clickeado con éxito!
¡Elemento encontrado y clickeado con éxito!
¡Elemento encontrado y clickeado con éxito!
¡Elemento encontrado y clickeado con éxito!
¡Elemento encontrado y clickeado con éxito!
Tiempo de espera agotado. El elemento no está presente o no es clickeable.
¡Elemento encontrado y clickeado 1 veces con éxito!
¡Elemento encontrado y clickeado con éxito!
¡Elemento encontrado y clickeado 2 veces con éxito!
¡Elemento encontrado y clickeado con éxito!
¡Elemento encontrado y clickeado con éxito!
El texto encontrado es  Estado De Mis Contratos
Tiempo de espera agotado. El elemento no está presente o no es clickeable.
]]></system-out>
	</testcase>
</testsuite>
