<?xml version="1.0" encoding="UTF-8"?>
<testsuite name="detalle_cto_certificados-20240715173030" tests="1" file=".py" time="51.737" timestamp="2024-07-15T17:31:22" failures="0" errors="1" skipped="0">
	<testcase classname="detalle_cto_certificados" name="test_detail_certificates" time="51.737" timestamp="2024-07-15T17:31:22" file="CtaCtoDtalCertificados.py" line="22">
		<error type="NoSuchWindowException" message="Message: no such window: target window already closed
from unknown error: web view not found
  (Session info: chrome=126.0.6478.127)
Stacktrace:
	GetHandleVerifier [0x00007FF7A3A5EEA2+31554]
	(No symbol) [0x00007FF7A39D7ED9]
	(No symbol) [0x00007FF7A389872A]
	(No symbol) [0x00007FF7A386D995]
	(No symbol) [0x00007FF7A39144D7]
	(No symbol) [0x00007FF7A392C051]
	(No symbol) [0x00007FF7A390CDD3]
	(No symbol) [0x00007FF7A38DA33B]
	(No symbol) [0x00007FF7A38DAED1]
	GetHandleVerifier [0x00007FF7A3D68B1D+3217341]
	GetHandleVerifier [0x00007FF7A3DB5AE3+3532675]
	GetHandleVerifier [0x00007FF7A3DAB0E0+3489152]
	GetHandleVerifier [0x00007FF7A3B0E776+750614]
	(No symbol) [0x00007FF7A39E375F]
	(No symbol) [0x00007FF7A39DEB14]
	(No symbol) [0x00007FF7A39DECA2]
	(No symbol) [0x00007FF7A39CE16F]
	BaseThreadInitThunk [0x00007FFBD5F8257D+29]
	RtlUserThreadStart [0x00007FFBD704AF28+40]
"><![CDATA[Traceback (most recent call last):
  File "c:\Users\luist\repos\Automatizaciones-SILOHUB-\CtaCtoDtalCertificados.py", line 78, in test_detail_certificates
    find_elements(self.driver, select_date1 )
  File "c:\Users\luist\repos\Automatizaciones-SILOHUB-\Elements.py", line 20, in find_elements
    select_nex_button = WebDriverWait(driver, 10).until(
  File "C:\Users\luist\AppData\Roaming\Python\Python310\site-packages\selenium\webdriver\support\wait.py", line 96, in until
    value = method(self._driver)
  File "C:\Users\luist\AppData\Roaming\Python\Python310\site-packages\selenium\webdriver\support\expected_conditions.py", line 363, in _predicate
    target = driver.find_element(*target)  # grab element at locator
  File "C:\Users\luist\AppData\Roaming\Python\Python310\site-packages\selenium\webdriver\remote\webdriver.py", line 742, in find_element
    return self.execute(Command.FIND_ELEMENT, {"using": by, "value": value})["value"]
  File "C:\Users\luist\AppData\Roaming\Python\Python310\site-packages\selenium\webdriver\remote\webdriver.py", line 348, in execute
    self.error_handler.check_response(response)
  File "C:\Users\luist\AppData\Roaming\Python\Python310\site-packages\selenium\webdriver\remote\errorhandler.py", line 229, in check_response
    raise exception_class(message, screen, stacktrace)
selenium.common.exceptions.NoSuchWindowException: Message: no such window: target window already closed
from unknown error: web view not found
  (Session info: chrome=126.0.6478.127)
Stacktrace:
	GetHandleVerifier [0x00007FF7A3A5EEA2+31554]
	(No symbol) [0x00007FF7A39D7ED9]
	(No symbol) [0x00007FF7A389872A]
	(No symbol) [0x00007FF7A386D995]
	(No symbol) [0x00007FF7A39144D7]
	(No symbol) [0x00007FF7A392C051]
	(No symbol) [0x00007FF7A390CDD3]
	(No symbol) [0x00007FF7A38DA33B]
	(No symbol) [0x00007FF7A38DAED1]
	GetHandleVerifier [0x00007FF7A3D68B1D+3217341]
	GetHandleVerifier [0x00007FF7A3DB5AE3+3532675]
	GetHandleVerifier [0x00007FF7A3DAB0E0+3489152]
	GetHandleVerifier [0x00007FF7A3B0E776+750614]
	(No symbol) [0x00007FF7A39E375F]
	(No symbol) [0x00007FF7A39DEB14]
	(No symbol) [0x00007FF7A39DECA2]
	(No symbol) [0x00007FF7A39CE16F]
	BaseThreadInitThunk [0x00007FFBD5F8257D+29]
	RtlUserThreadStart [0x00007FFBD704AF28+40]

]]></error>
		<system-out><![CDATA[¡Elemento encontrado y clickeado 3 veces con éxito!
¡Elemento encontrado y clickeado 5 veces con éxito!
]]></system-out>
	</testcase>
</testsuite>
