<?xml version="1.0" encoding="UTF-8"?>
<testsuite name="detalle_ctro_fijaciones-20240607172913" tests="1" file=".py" time="89.723" timestamp="2024-06-07T17:30:43" failures="0" errors="1" skipped="0">
	<testcase classname="detalle_ctro_fijaciones" name="test_detail_fixings" time="89.723" timestamp="2024-06-07T17:30:43" file="CtaCtoDtalFijaciones.py" line="22">
		<error type="NoSuchElementException" message="Message: no such element: Unable to locate element: {&quot;method&quot;:&quot;xpath&quot;,&quot;selector&quot;:&quot;/html/body/app-root/app-layout/app-vertical/div/div/div/div/app-detail-contract/app-contract-detail-tabs/div/div[2]/app-contract-sales/app-sales-shared/app-responsive-table/div/div/table/tbody/tr/td[1]/span/span&quot;}
  (Session info: chrome=125.0.6422.142); For documentation on this error, please visit: https://www.selenium.dev/documentation/webdriver/troubleshooting/errors#no-such-element-exception
Stacktrace:
	GetHandleVerifier [0x00007FF629B41F52+60322]
	(No symbol) [0x00007FF629ABCEC9]
	(No symbol) [0x00007FF629977EBA]
	(No symbol) [0x00007FF6299C7676]
	(No symbol) [0x00007FF6299C773C]
	(No symbol) [0x00007FF629A0E967]
	(No symbol) [0x00007FF6299EC25F]
	(No symbol) [0x00007FF629A0BC80]
	(No symbol) [0x00007FF6299EBFC3]
	(No symbol) [0x00007FF6299B9617]
	(No symbol) [0x00007FF6299BA211]
	GetHandleVerifier [0x00007FF629E594AD+3301629]
	GetHandleVerifier [0x00007FF629EA36D3+3605283]
	GetHandleVerifier [0x00007FF629E99450+3563680]
	GetHandleVerifier [0x00007FF629BF4326+790390]
	(No symbol) [0x00007FF629AC750F]
	(No symbol) [0x00007FF629AC3404]
	(No symbol) [0x00007FF629AC3592]
	(No symbol) [0x00007FF629AB2F9F]
	BaseThreadInitThunk [0x00007FFBED37257D+29]
	RtlUserThreadStart [0x00007FFBEECEAA48+40]
"><![CDATA[Traceback (most recent call last):
  File "c:\Users\luist\repos\Automatizaciones-SILOHUB-\CtaCtoDtalFijaciones.py", line 142, in test_detail_fixings
    validate_text_visible(self.driver, element5, text_expected)
  File "c:\Users\luist\repos\Automatizaciones-SILOHUB-\Elements.py", line 1136, in validate_text_visible
    element = driver.find_element(By.XPATH, xpath)
  File "C:\Users\luist\AppData\Roaming\Python\Python310\site-packages\selenium\webdriver\remote\webdriver.py", line 742, in find_element
    return self.execute(Command.FIND_ELEMENT, {"using": by, "value": value})["value"]
  File "C:\Users\luist\AppData\Roaming\Python\Python310\site-packages\selenium\webdriver\remote\webdriver.py", line 348, in execute
    self.error_handler.check_response(response)
  File "C:\Users\luist\AppData\Roaming\Python\Python310\site-packages\selenium\webdriver\remote\errorhandler.py", line 229, in check_response
    raise exception_class(message, screen, stacktrace)
selenium.common.exceptions.NoSuchElementException: Message: no such element: Unable to locate element: {"method":"xpath","selector":"/html/body/app-root/app-layout/app-vertical/div/div/div/div/app-detail-contract/app-contract-detail-tabs/div/div[2]/app-contract-sales/app-sales-shared/app-responsive-table/div/div/table/tbody/tr/td[1]/span/span"}
  (Session info: chrome=125.0.6422.142); For documentation on this error, please visit: https://www.selenium.dev/documentation/webdriver/troubleshooting/errors#no-such-element-exception
Stacktrace:
	GetHandleVerifier [0x00007FF629B41F52+60322]
	(No symbol) [0x00007FF629ABCEC9]
	(No symbol) [0x00007FF629977EBA]
	(No symbol) [0x00007FF6299C7676]
	(No symbol) [0x00007FF6299C773C]
	(No symbol) [0x00007FF629A0E967]
	(No symbol) [0x00007FF6299EC25F]
	(No symbol) [0x00007FF629A0BC80]
	(No symbol) [0x00007FF6299EBFC3]
	(No symbol) [0x00007FF6299B9617]
	(No symbol) [0x00007FF6299BA211]
	GetHandleVerifier [0x00007FF629E594AD+3301629]
	GetHandleVerifier [0x00007FF629EA36D3+3605283]
	GetHandleVerifier [0x00007FF629E99450+3563680]
	GetHandleVerifier [0x00007FF629BF4326+790390]
	(No symbol) [0x00007FF629AC750F]
	(No symbol) [0x00007FF629AC3404]
	(No symbol) [0x00007FF629AC3592]
	(No symbol) [0x00007FF629AB2F9F]
	BaseThreadInitThunk [0x00007FFBED37257D+29]
	RtlUserThreadStart [0x00007FFBEECEAA48+40]

]]></error>
		<system-out><![CDATA[¡Elemento encontrado y clickeado 3 veces con éxito!
¡Elemento encontrado y clickeado 4 veces con éxito!
¡Elemento encontrado y clickeado 3 veces con éxito!
El texto encontrado es  Estado De Mis Contratos
El texto es visible para el usuario
El texto fue validado correctamente: Contrato 107571
El texto es visible para el usuario
El texto fue validado correctamente: De Maiz
El texto no coincide con los valores esperados. Texto actual: 'De 1.000,00 Tn Pactados'
El texto es visible para el usuario
El texto fue validado correctamente: Mis Ventas
El texto es visible para el usuario
El texto fue validado correctamente: Producto
]]></system-out>
	</testcase>
</testsuite>
