<?xml version="1.0" encoding="UTF-8"?>
<testsuite name="cuenta_entregas-20240618121809" tests="2" file=".py" time="94.706" timestamp="2024-06-18T12:19:44" failures="0" errors="2" skipped="0">
	<testcase classname="cuenta_entregas" name="test_cuenta_entregas" time="0.000" timestamp="0001-01-01T00:00:00" file="Entregas.py" line="22">
		<error type="NoSuchWindowException" message="Message: no such window: target window already closed
from unknown error: web view not found
  (Session info: chrome=125.0.6422.176)
Stacktrace:
	GetHandleVerifier [0x00007FF664C41F52+60322]
	(No symbol) [0x00007FF664BBCEC9]
	(No symbol) [0x00007FF664A77EBA]
	(No symbol) [0x00007FF664A4D5A5]
	(No symbol) [0x00007FF664AF36B7]
	(No symbol) [0x00007FF664B0B331]
	(No symbol) [0x00007FF664AEBFC3]
	(No symbol) [0x00007FF664AB9617]
	(No symbol) [0x00007FF664ABA211]
	GetHandleVerifier [0x00007FF664F594AD+3301629]
	GetHandleVerifier [0x00007FF664FA36D3+3605283]
	GetHandleVerifier [0x00007FF664F99450+3563680]
	GetHandleVerifier [0x00007FF664CF4326+790390]
	(No symbol) [0x00007FF664BC750F]
	(No symbol) [0x00007FF664BC3404]
	(No symbol) [0x00007FF664BC3592]
	(No symbol) [0x00007FF664BB2F9F]
	BaseThreadInitThunk [0x00007FFBED37257D+29]
	RtlUserThreadStart [0x00007FFBEECEAA48+40]
"><![CDATA[Traceback (most recent call last):
  File "c:\Users\luist\repos\Automatizaciones-SILOHUB-\Entregas.py", line 134, in test_cuenta_entregas
    find_elements(self.driver, apply_download_excel )
  File "c:\Users\luist\repos\Automatizaciones-SILOHUB-\Elements.py", line 19, in find_elements
    select_nex_button = WebDriverWait(driver, 10).until(
  File "C:\Users\luist\AppData\Roaming\Python\Python310\site-packages\selenium\webdriver\support\wait.py", line 96, in until
    value = method(self._driver)
  File "C:\Users\luist\AppData\Roaming\Python\Python310\site-packages\selenium\webdriver\support\expected_conditions.py", line 363, in _predicate
    target = driver.find_element(*target)  # grab element at locator
  File "C:\Users\luist\AppData\Roaming\Python\Python310\site-packages\selenium\webdriver\remote\webdriver.py", line 742, in find_element
    return self.execute(Command.FIND_ELEMENT, {"using": by, "value": value})["value"]
  File "C:\Users\luist\AppData\Roaming\Python\Python310\site-packages\selenium\webdriver\remote\webdriver.py", line 348, in execute
    self.error_handler.check_response(response)
  File "C:\Users\luist\AppData\Roaming\Python\Python310\site-packages\selenium\webdriver\remote\errorhandler.py", line 229, in check_response
    raise exception_class(message, screen, stacktrace)
selenium.common.exceptions.NoSuchWindowException: Message: no such window: target window already closed
from unknown error: web view not found
  (Session info: chrome=125.0.6422.176)
Stacktrace:
	GetHandleVerifier [0x00007FF664C41F52+60322]
	(No symbol) [0x00007FF664BBCEC9]
	(No symbol) [0x00007FF664A77EBA]
	(No symbol) [0x00007FF664A4D5A5]
	(No symbol) [0x00007FF664AF36B7]
	(No symbol) [0x00007FF664B0B331]
	(No symbol) [0x00007FF664AEBFC3]
	(No symbol) [0x00007FF664AB9617]
	(No symbol) [0x00007FF664ABA211]
	GetHandleVerifier [0x00007FF664F594AD+3301629]
	GetHandleVerifier [0x00007FF664FA36D3+3605283]
	GetHandleVerifier [0x00007FF664F99450+3563680]
	GetHandleVerifier [0x00007FF664CF4326+790390]
	(No symbol) [0x00007FF664BC750F]
	(No symbol) [0x00007FF664BC3404]
	(No symbol) [0x00007FF664BC3592]
	(No symbol) [0x00007FF664BB2F9F]
	BaseThreadInitThunk [0x00007FFBED37257D+29]
	RtlUserThreadStart [0x00007FFBEECEAA48+40]

]]></error>
		<system-out><![CDATA[El texto encontrado es  MIS ENTREGAS
¡Elemento encontrado y clickeado 2 veces con éxito!
¡Elemento encontrado y clickeado 5 veces con éxito!
¡Elemento encontrado y clickeado 1 veces con éxito!
El texto es visible para el usuario: '992.210,00'
El texto es visible para el usuario: '982.676,00'
Tiempo de espera agotado. El elemento no está presente o no es clickeable.
]]></system-out>
	</testcase>
	<testcase classname="cuenta_entregas" name="test_cuenta_entregas" time="94.706" timestamp="2024-06-18T12:19:44" file="Entregas.py" line="22">
		<error type="WebDriverException" message="Message: disconnected: not connected to DevTools
  (failed to check if window was closed: disconnected: not connected to DevTools)
  (Session info: chrome=125.0.6422.176)
Stacktrace:
	GetHandleVerifier [0x00007FF664C41F52+60322]
	(No symbol) [0x00007FF664BBCEC9]
	(No symbol) [0x00007FF664A77EBA]
	(No symbol) [0x00007FF664A5E03F]
	(No symbol) [0x00007FF664A5EBAF]
	(No symbol) [0x00007FF664A784E3]
	(No symbol) [0x00007FF664A4D08C]
	(No symbol) [0x00007FF664AFA7B4]
	(No symbol) [0x00007FF664AEC1E0]
	(No symbol) [0x00007FF664AB9617]
	(No symbol) [0x00007FF664ABA211]
	GetHandleVerifier [0x00007FF664F594AD+3301629]
	GetHandleVerifier [0x00007FF664FA36D3+3605283]
	GetHandleVerifier [0x00007FF664F99450+3563680]
	GetHandleVerifier [0x00007FF664CF4326+790390]
	(No symbol) [0x00007FF664BC750F]
	(No symbol) [0x00007FF664BC3404]
	(No symbol) [0x00007FF664BC3592]
	(No symbol) [0x00007FF664BB2F9F]
	BaseThreadInitThunk [0x00007FFBED37257D+29]
	RtlUserThreadStart [0x00007FFBEECEAA48+40]
"><![CDATA[Traceback (most recent call last):
  File "c:\Users\luist\repos\Automatizaciones-SILOHUB-\Entregas.py", line 233, in tearDown
    self.driver.close()
  File "C:\Users\luist\AppData\Roaming\Python\Python310\site-packages\selenium\webdriver\remote\webdriver.py", line 459, in close
    self.execute(Command.CLOSE)
  File "C:\Users\luist\AppData\Roaming\Python\Python310\site-packages\selenium\webdriver\remote\webdriver.py", line 348, in execute
    self.error_handler.check_response(response)
  File "C:\Users\luist\AppData\Roaming\Python\Python310\site-packages\selenium\webdriver\remote\errorhandler.py", line 229, in check_response
    raise exception_class(message, screen, stacktrace)
selenium.common.exceptions.WebDriverException: Message: disconnected: not connected to DevTools
  (failed to check if window was closed: disconnected: not connected to DevTools)
  (Session info: chrome=125.0.6422.176)
Stacktrace:
	GetHandleVerifier [0x00007FF664C41F52+60322]
	(No symbol) [0x00007FF664BBCEC9]
	(No symbol) [0x00007FF664A77EBA]
	(No symbol) [0x00007FF664A5E03F]
	(No symbol) [0x00007FF664A5EBAF]
	(No symbol) [0x00007FF664A784E3]
	(No symbol) [0x00007FF664A4D08C]
	(No symbol) [0x00007FF664AFA7B4]
	(No symbol) [0x00007FF664AEC1E0]
	(No symbol) [0x00007FF664AB9617]
	(No symbol) [0x00007FF664ABA211]
	GetHandleVerifier [0x00007FF664F594AD+3301629]
	GetHandleVerifier [0x00007FF664FA36D3+3605283]
	GetHandleVerifier [0x00007FF664F99450+3563680]
	GetHandleVerifier [0x00007FF664CF4326+790390]
	(No symbol) [0x00007FF664BC750F]
	(No symbol) [0x00007FF664BC3404]
	(No symbol) [0x00007FF664BC3592]
	(No symbol) [0x00007FF664BB2F9F]
	BaseThreadInitThunk [0x00007FFBED37257D+29]
	RtlUserThreadStart [0x00007FFBEECEAA48+40]

]]></error>
		<system-out><![CDATA[El texto encontrado es  MIS ENTREGAS
¡Elemento encontrado y clickeado 2 veces con éxito!
¡Elemento encontrado y clickeado 5 veces con éxito!
¡Elemento encontrado y clickeado 1 veces con éxito!
El texto es visible para el usuario: '992.210,00'
El texto es visible para el usuario: '982.676,00'
Tiempo de espera agotado. El elemento no está presente o no es clickeable.
]]></system-out>
	</testcase>
</testsuite>
